<?xml version="1.0" encoding="UTF-8"?>
<testsuite xmlns:xsi="http://www.w3.org/2001/XMLSchema-instance" xsi:noNamespaceSchemaLocation="https://maven.apache.org/surefire/maven-failsafe-plugin/xsd/failsafe-test-report-3.0.xsd" version="3.0" name="runners.CucumberTestSuite" time="20.426" tests="2" errors="0" skipped="0" failures="1">
  <properties>
    <property name="sun.desktop" value="windows"/>
    <property name="awt.toolkit" value="sun.awt.windows.WToolkit"/>
    <property name="java.specification.version" value="11"/>
    <property name="webdriver.chrome.driver" value="C:\Users\MSI\.cache\selenium\chromedriver\win32\108.0.5359.71\chromedriver.exe"/>
    <property name="sun.cpu.isalist" value="amd64"/>
    <property name="sun.jnu.encoding" value="Cp1252"/>
    <property name="java.class.path" value="C:\Users\MSI\Downloads\serenityBDD-master\ProyectoSerenityBDD\target\test-classes;C:\Users\MSI\.m2\repository\net\serenity-bdd\serenity-core\3.3.4\serenity-core-3.3.4.jar;C:\Users\MSI\.m2\repository\net\serenity-bdd\serenity-model\3.3.4\serenity-model-3.3.4.jar;C:\Users\MSI\.m2\repository\org\apache\commons\commons-text\1.9\commons-text-1.9.jar;C:\Users\MSI\.m2\repository\commons-net\commons-net\3.8.0\commons-net-3.8.0.jar;C:\Users\MSI\.m2\repository\com\google\guava\guava\31.1-jre\guava-31.1-jre.jar;C:\Users\MSI\.m2\repository\com\google\guava\failureaccess\1.0.1\failureaccess-1.0.1.jar;C:\Users\MSI\.m2\repository\com\google\guava\listenablefuture\9999.0-empty-to-avoid-conflict-with-guava\listenablefuture-9999.0-empty-to-avoid-conflict-with-guava.jar;C:\Users\MSI\.m2\repository\com\google\code\findbugs\jsr305\3.0.2\jsr305-3.0.2.jar;C:\Users\MSI\.m2\repository\org\checkerframework\checker-qual\3.12.0\checker-qual-3.12.0.jar;C:\Users\MSI\.m2\repository\com\google\errorprone\error_prone_annotations\2.11.0\error_prone_annotations-2.11.0.jar;C:\Users\MSI\.m2\repository\com\google\j2objc\j2objc-annotations\1.3\j2objc-annotations-1.3.jar;C:\Users\MSI\.m2\repository\com\google\inject\guice\5.1.0\guice-5.1.0.jar;C:\Users\MSI\.m2\repository\javax\inject\javax.inject\1\javax.inject-1.jar;C:\Users\MSI\.m2\repository\aopalliance\aopalliance\1.0\aopalliance-1.0.jar;C:\Users\MSI\.m2\repository\org\jsoup\jsoup\1.14.3\jsoup-1.14.3.jar;C:\Users\MSI\.m2\repository\com\thoughtworks\xstream\xstream\1.4.19\xstream-1.4.19.jar;C:\Users\MSI\.m2\repository\io\github\x-stream\mxparser\1.2.2\mxparser-1.2.2.jar;C:\Users\MSI\.m2\repository\xmlpull\xmlpull\1.1.3.1\xmlpull-1.1.3.1.jar;C:\Users\MSI\.m2\repository\com\typesafe\config\1.4.2\config-1.4.2.jar;C:\Users\MSI\.m2\repository\org\imgscalr\imgscalr-lib\4.2\imgscalr-lib-4.2.jar;C:\Users\MSI\.m2\repository\org\awaitility\awaitility\4.2.0\awaitility-4.2.0.jar;C:\Users\MSI\.m2\repository\org\freemarker\freemarker\2.3.31\freemarker-2.3.31.jar;C:\Users\MSI\.m2\repository\io\github\classgraph\classgraph\4.8.138\classgraph-4.8.138.jar;C:\Users\MSI\.m2\repository\net\sourceforge\jexcelapi\jxl\2.6.12\jxl-2.6.12.jar;C:\Users\MSI\.m2\repository\net\bytebuddy\byte-buddy-agent\1.12.12\byte-buddy-agent-1.12.12.jar;C:\Users\MSI\.m2\repository\org\objenesis\objenesis\3.1\objenesis-3.1.jar;C:\Users\MSI\.m2\repository\net\serenity-bdd\serenity-reports\3.3.4\serenity-reports-3.3.4.jar;C:\Users\MSI\.m2\repository\net\serenity-bdd\serenity-stats\3.3.4\serenity-stats-3.3.4.jar;C:\Users\MSI\.m2\repository\net\serenity-bdd\serenity-reports-configuration\3.3.4\serenity-reports-configuration-3.3.4.jar;C:\Users\MSI\.m2\repository\com\vladsch\flexmark\flexmark-all\0.34.30\flexmark-all-0.34.30.jar;C:\Users\MSI\.m2\repository\com\vladsch\flexmark\flexmark\0.34.30\flexmark-0.34.30.jar;C:\Users\MSI\.m2\repository\com\vladsch\flexmark\flexmark-ext-abbreviation\0.34.30\flexmark-ext-abbreviation-0.34.30.jar;C:\Users\MSI\.m2\repository\com\vladsch\flexmark\flexmark-ext-admonition\0.34.30\flexmark-ext-admonition-0.34.30.jar;C:\Users\MSI\.m2\repository\com\vladsch\flexmark\flexmark-ext-anchorlink\0.34.30\flexmark-ext-anchorlink-0.34.30.jar;C:\Users\MSI\.m2\repository\com\vladsch\flexmark\flexmark-ext-aside\0.34.30\flexmark-ext-aside-0.34.30.jar;C:\Users\MSI\.m2\repository\com\vladsch\flexmark\flexmark-ext-attributes\0.34.30\flexmark-ext-attributes-0.34.30.jar;C:\Users\MSI\.m2\repository\com\vladsch\flexmark\flexmark-ext-autolink\0.34.30\flexmark-ext-autolink-0.34.30.jar;C:\Users\MSI\.m2\repository\org\nibor\autolink\autolink\0.6.0\autolink-0.6.0.jar;C:\Users\MSI\.m2\repository\com\vladsch\flexmark\flexmark-ext-definition\0.34.30\flexmark-ext-definition-0.34.30.jar;C:\Users\MSI\.m2\repository\com\vladsch\flexmark\flexmark-ext-emoji\0.34.30\flexmark-ext-emoji-0.34.30.jar;C:\Users\MSI\.m2\repository\com\vladsch\flexmark\flexmark-ext-enumerated-reference\0.34.30\flexmark-ext-enumerated-reference-0.34.30.jar;C:\Users\MSI\.m2\repository\com\vladsch\flexmark\flexmark-ext-escaped-character\0.34.30\flexmark-ext-escaped-character-0.34.30.jar;C:\Users\MSI\.m2\repository\com\vladsch\flexmark\flexmark-ext-footnotes\0.34.30\flexmark-ext-footnotes-0.34.30.jar;C:\Users\MSI\.m2\repository\com\vladsch\flexmark\flexmark-ext-gfm-issues\0.34.30\flexmark-ext-gfm-issues-0.34.30.jar;C:\Users\MSI\.m2\repository\com\vladsch\flexmark\flexmark-ext-gfm-strikethrough\0.34.30\flexmark-ext-gfm-strikethrough-0.34.30.jar;C:\Users\MSI\.m2\repository\com\vladsch\flexmark\flexmark-ext-gfm-tables\0.34.30\flexmark-ext-gfm-tables-0.34.30.jar;C:\Users\MSI\.m2\repository\com\vladsch\flexmark\flexmark-ext-gfm-tasklist\0.34.30\flexmark-ext-gfm-tasklist-0.34.30.jar;C:\Users\MSI\.m2\repository\com\vladsch\flexmark\flexmark-ext-gfm-users\0.34.30\flexmark-ext-gfm-users-0.34.30.jar;C:\Users\MSI\.m2\repository\com\vladsch\flexmark\flexmark-ext-gitlab\0.34.30\flexmark-ext-gitlab-0.34.30.jar;C:\Users\MSI\.m2\repository\com\vladsch\flexmark\flexmark-ext-jekyll-front-matter\0.34.30\flexmark-ext-jekyll-front-matter-0.34.30.jar;C:\Users\MSI\.m2\repository\com\vladsch\flexmark\flexmark-ext-jekyll-tag\0.34.30\flexmark-ext-jekyll-tag-0.34.30.jar;C:\Users\MSI\.m2\repository\com\vladsch\flexmark\flexmark-ext-media-tags\0.34.30\flexmark-ext-media-tags-0.34.30.jar;C:\Users\MSI\.m2\repository\com\vladsch\flexmark\flexmark-test-util\0.34.30\flexmark-test-util-0.34.30.jar;C:\Users\MSI\.m2\repository\com\vladsch\flexmark\flexmark-ext-ins\0.34.30\flexmark-ext-ins-0.34.30.jar;C:\Users\MSI\.m2\repository\com\vladsch\flexmark\flexmark-ext-xwiki-macros\0.34.30\flexmark-ext-xwiki-macros-0.34.30.jar;C:\Users\MSI\.m2\repository\com\vladsch\flexmark\flexmark-ext-superscript\0.34.30\flexmark-ext-superscript-0.34.30.jar;C:\Users\MSI\.m2\repository\com\vladsch\flexmark\flexmark-ext-tables\0.34.30\flexmark-ext-tables-0.34.30.jar;C:\Users\MSI\.m2\repository\com\vladsch\flexmark\flexmark-ext-toc\0.34.30\flexmark-ext-toc-0.34.30.jar;C:\Users\MSI\.m2\repository\com\vladsch\flexmark\flexmark-ext-typographic\0.34.30\flexmark-ext-typographic-0.34.30.jar;C:\Users\MSI\.m2\repository\com\vladsch\flexmark\flexmark-ext-wikilink\0.34.30\flexmark-ext-wikilink-0.34.30.jar;C:\Users\MSI\.m2\repository\com\vladsch\flexmark\flexmark-ext-yaml-front-matter\0.34.30\flexmark-ext-yaml-front-matter-0.34.30.jar;C:\Users\MSI\.m2\repository\com\vladsch\flexmark\flexmark-ext-youtube-embedded\0.34.30\flexmark-ext-youtube-embedded-0.34.30.jar;C:\Users\MSI\.m2\repository\com\vladsch\flexmark\flexmark-formatter\0.34.30\flexmark-formatter-0.34.30.jar;C:\Users\MSI\.m2\repository\com\vladsch\flexmark\flexmark-html-parser\0.34.30\flexmark-html-parser-0.34.30.jar;C:\Users\MSI\.m2\repository\com\vladsch\flexmark\flexmark-jira-converter\0.34.30\flexmark-jira-converter-0.34.30.jar;C:\Users\MSI\.m2\repository\com\vladsch\flexmark\flexmark-pdf-converter\0.34.30\flexmark-pdf-converter-0.34.30.jar;C:\Users\MSI\.m2\repository\com\openhtmltopdf\openhtmltopdf-core\0.0.1-RC13\openhtmltopdf-core-0.0.1-RC13.jar;C:\Users\MSI\.m2\repository\com\openhtmltopdf\openhtmltopdf-pdfbox\0.0.1-RC13\openhtmltopdf-pdfbox-0.0.1-RC13.jar;C:\Users\MSI\.m2\repository\org\apache\pdfbox\pdfbox\2.0.8\pdfbox-2.0.8.jar;C:\Users\MSI\.m2\repository\org\apache\pdfbox\fontbox\2.0.8\fontbox-2.0.8.jar;C:\Users\MSI\.m2\repository\org\apache\pdfbox\xmpbox\2.0.8\xmpbox-2.0.8.jar;C:\Users\MSI\.m2\repository\de\rototor\pdfbox\graphics2d\0.12\graphics2d-0.12.jar;C:\Users\MSI\.m2\repository\com\openhtmltopdf\openhtmltopdf-rtl-support\0.0.1-RC13\openhtmltopdf-rtl-support-0.0.1-RC13.jar;C:\Users\MSI\.m2\repository\com\ibm\icu\icu4j\59.1\icu4j-59.1.jar;C:\Users\MSI\.m2\repository\com\openhtmltopdf\openhtmltopdf-jsoup-dom-converter\0.0.1-RC13\openhtmltopdf-jsoup-dom-converter-0.0.1-RC13.jar;C:\Users\MSI\.m2\repository\com\vladsch\flexmark\flexmark-profile-pegdown\0.34.30\flexmark-profile-pegdown-0.34.30.jar;C:\Users\MSI\.m2\repository\com\vladsch\flexmark\flexmark-util\0.34.30\flexmark-util-0.34.30.jar;C:\Users\MSI\.m2\repository\com\vladsch\flexmark\flexmark-youtrack-converter\0.34.30\flexmark-youtrack-converter-0.34.30.jar;C:\Users\MSI\.m2\repository\es\nitaur\markdown\txtmark\0.16\txtmark-0.16.jar;C:\Users\MSI\.m2\repository\net\serenity-bdd\serenity-report-resources\3.3.4\serenity-report-resources-3.3.4.jar;C:\Users\MSI\.m2\repository\com\google\code\gson\gson\2.9.0\gson-2.9.0.jar;C:\Users\MSI\.m2\repository\com\fasterxml\jackson\core\jackson-core\2.13.3\jackson-core-2.13.3.jar;C:\Users\MSI\.m2\repository\com\fasterxml\jackson\core\jackson-databind\2.13.3\jackson-databind-2.13.3.jar;C:\Users\MSI\.m2\repository\com\fasterxml\jackson\core\jackson-annotations\2.13.3\jackson-annotations-2.13.3.jar;C:\Users\MSI\.m2\repository\commons-codec\commons-codec\1.15\commons-codec-1.15.jar;C:\Users\MSI\.m2\repository\commons-io\commons-io\2.11.0\commons-io-2.11.0.jar;C:\Users\MSI\.m2\repository\org\apache\httpcomponents\httpclient\4.5.13\httpclient-4.5.13.jar;C:\Users\MSI\.m2\repository\org\apache\httpcomponents\httpcore\4.4.13\httpcore-4.4.13.jar;C:\Users\MSI\.m2\repository\commons-logging\commons-logging\1.2\commons-logging-1.2.jar;C:\Users\MSI\.m2\repository\org\seleniumhq\selenium\selenium-java\4.4.0\selenium-java-4.4.0.jar;C:\Users\MSI\.m2\repository\org\seleniumhq\selenium\selenium-devtools-v102\4.4.0\selenium-devtools-v102-4.4.0.jar;C:\Users\MSI\.m2\repository\org\seleniumhq\selenium\selenium-devtools-v103\4.4.0\selenium-devtools-v103-4.4.0.jar;C:\Users\MSI\.m2\repository\org\seleniumhq\selenium\selenium-devtools-v104\4.4.0\selenium-devtools-v104-4.4.0.jar;C:\Users\MSI\.m2\repository\org\seleniumhq\selenium\selenium-devtools-v85\4.4.0\selenium-devtools-v85-4.4.0.jar;C:\Users\MSI\.m2\repository\org\seleniumhq\selenium\selenium-opera-driver\4.4.0\selenium-opera-driver-4.4.0.jar;C:\Users\MSI\.m2\repository\org\seleniumhq\selenium\selenium-remote-driver\4.4.0\selenium-remote-driver-4.4.0.jar;C:\Users\MSI\.m2\repository\com\beust\jcommander\1.82\jcommander-1.82.jar;C:\Users\MSI\.m2\repository\io\netty\netty-buffer\4.1.78.Final\netty-buffer-4.1.78.Final.jar;C:\Users\MSI\.m2\repository\io\netty\netty-codec-http\4.1.78.Final\netty-codec-http-4.1.78.Final.jar;C:\Users\MSI\.m2\repository\io\netty\netty-codec\4.1.78.Final\netty-codec-4.1.78.Final.jar;C:\Users\MSI\.m2\repository\io\netty\netty-handler\4.1.78.Final\netty-handler-4.1.78.Final.jar;C:\Users\MSI\.m2\repository\io\netty\netty-common\4.1.78.Final\netty-common-4.1.78.Final.jar;C:\Users\MSI\.m2\repository\io\netty\netty-transport-classes-epoll\4.1.78.Final\netty-transport-classes-epoll-4.1.78.Final.jar;C:\Users\MSI\.m2\repository\io\netty\netty-transport-classes-kqueue\4.1.78.Final\netty-transport-classes-kqueue-4.1.78.Final.jar;C:\Users\MSI\.m2\repository\io\netty\netty-transport-native-epoll\4.1.78.Final\netty-transport-native-epoll-4.1.78.Final.jar;C:\Users\MSI\.m2\repository\io\netty\netty-transport-native-kqueue\4.1.78.Final\netty-transport-native-kqueue-4.1.78.Final.jar;C:\Users\MSI\.m2\repository\io\netty\netty-transport-native-unix-common\4.1.78.Final\netty-transport-native-unix-common-4.1.78.Final.jar;C:\Users\MSI\.m2\repository\io\netty\netty-transport\4.1.78.Final\netty-transport-4.1.78.Final.jar;C:\Users\MSI\.m2\repository\io\netty\netty-resolver\4.1.78.Final\netty-resolver-4.1.78.Final.jar;C:\Users\MSI\.m2\repository\io\opentelemetry\opentelemetry-api\1.16.0\opentelemetry-api-1.16.0.jar;C:\Users\MSI\.m2\repository\io\opentelemetry\opentelemetry-context\1.16.0\opentelemetry-context-1.16.0.jar;C:\Users\MSI\.m2\repository\io\opentelemetry\opentelemetry-exporter-logging\1.16.0\opentelemetry-exporter-logging-1.16.0.jar;C:\Users\MSI\.m2\repository\io\opentelemetry\opentelemetry-sdk-metrics\1.16.0\opentelemetry-sdk-metrics-1.16.0.jar;C:\Users\MSI\.m2\repository\io\opentelemetry\opentelemetry-sdk-logs\1.16.0-alpha\opentelemetry-sdk-logs-1.16.0-alpha.jar;C:\Users\MSI\.m2\repository\io\opentelemetry\opentelemetry-sdk-common\1.16.0\opentelemetry-sdk-common-1.16.0.jar;C:\Users\MSI\.m2\repository\io\opentelemetry\opentelemetry-sdk-extension-autoconfigure-spi\1.16.0\opentelemetry-sdk-extension-autoconfigure-spi-1.16.0.jar;C:\Users\MSI\.m2\repository\io\opentelemetry\opentelemetry-sdk-extension-autoconfigure\1.16.0-alpha\opentelemetry-sdk-extension-autoconfigure-1.16.0-alpha.jar;C:\Users\MSI\.m2\repository\io\opentelemetry\opentelemetry-sdk-trace\1.16.0\opentelemetry-sdk-trace-1.16.0.jar;C:\Users\MSI\.m2\repository\io\opentelemetry\opentelemetry-sdk\1.16.0\opentelemetry-sdk-1.16.0.jar;C:\Users\MSI\.m2\repository\io\opentelemetry\opentelemetry-semconv\1.16.0-alpha\opentelemetry-semconv-1.16.0-alpha.jar;C:\Users\MSI\.m2\repository\io\ous\jtoml\2.0.0\jtoml-2.0.0.jar;C:\Users\MSI\.m2\repository\org\apache\commons\commons-exec\1.3\commons-exec-1.3.jar;C:\Users\MSI\.m2\repository\org\asynchttpclient\async-http-client\2.12.3\async-http-client-2.12.3.jar;C:\Users\MSI\.m2\repository\org\asynchttpclient\async-http-client-netty-utils\2.12.3\async-http-client-netty-utils-2.12.3.jar;C:\Users\MSI\.m2\repository\io\netty\netty-codec-socks\4.1.60.Final\netty-codec-socks-4.1.60.Final.jar;C:\Users\MSI\.m2\repository\io\netty\netty-handler-proxy\4.1.60.Final\netty-handler-proxy-4.1.60.Final.jar;C:\Users\MSI\.m2\repository\io\netty\netty-transport-native-epoll\4.1.60.Final\netty-transport-native-epoll-4.1.60.Final-linux-x86_64.jar;C:\Users\MSI\.m2\repository\io\netty\netty-transport-native-kqueue\4.1.60.Final\netty-transport-native-kqueue-4.1.60.Final-osx-x86_64.jar;C:\Users\MSI\.m2\repository\org\reactivestreams\reactive-streams\1.0.3\reactive-streams-1.0.3.jar;C:\Users\MSI\.m2\repository\com\typesafe\netty\netty-reactive-streams\2.0.4\netty-reactive-streams-2.0.4.jar;C:\Users\MSI\.m2\repository\org\seleniumhq\selenium\selenium-http\4.4.0\selenium-http-4.4.0.jar;C:\Users\MSI\.m2\repository\dev\failsafe\failsafe\3.2.4\failsafe-3.2.4.jar;C:\Users\MSI\.m2\repository\org\seleniumhq\selenium\selenium-safari-driver\4.4.0\selenium-safari-driver-4.4.0.jar;C:\Users\MSI\.m2\repository\org\seleniumhq\selenium\selenium-api\4.4.0\selenium-api-4.4.0.jar;C:\Users\MSI\.m2\repository\org\seleniumhq\selenium\selenium-support\4.4.0\selenium-support-4.4.0.jar;C:\Users\MSI\.m2\repository\com\google\auto\service\auto-service-annotations\1.0.1\auto-service-annotations-1.0.1.jar;C:\Users\MSI\.m2\repository\com\google\auto\service\auto-service\1.0.1\auto-service-1.0.1.jar;C:\Users\MSI\.m2\repository\com\google\auto\auto-common\1.2\auto-common-1.2.jar;C:\Users\MSI\.m2\repository\org\seleniumhq\selenium\selenium-json\4.4.0\selenium-json-4.4.0.jar;C:\Users\MSI\.m2\repository\org\seleniumhq\selenium\selenium-chrome-driver\4.4.0\selenium-chrome-driver-4.4.0.jar;C:\Users\MSI\.m2\repository\org\seleniumhq\selenium\selenium-chromium-driver\4.4.0\selenium-chromium-driver-4.4.0.jar;C:\Users\MSI\.m2\repository\org\seleniumhq\selenium\selenium-firefox-driver\4.4.0\selenium-firefox-driver-4.4.0.jar;C:\Users\MSI\.m2\repository\org\seleniumhq\selenium\selenium-edge-driver\4.4.0\selenium-edge-driver-4.4.0.jar;C:\Users\MSI\.m2\repository\org\seleniumhq\selenium\selenium-ie-driver\4.4.0\selenium-ie-driver-4.4.0.jar;C:\Users\MSI\.m2\repository\org\projectlombok\lombok\1.18.20\lombok-1.18.20.jar;C:\Users\MSI\.m2\repository\io\appium\java-client\8.1.1\java-client-8.1.1.jar;C:\Users\MSI\.m2\repository\commons-validator\commons-validator\1.7\commons-validator-1.7.jar;C:\Users\MSI\.m2\repository\commons-digester\commons-digester\2.1\commons-digester-2.1.jar;C:\Users\MSI\.m2\repository\org\apache\groovy\groovy\4.0.1\groovy-4.0.1.jar;C:\Users\MSI\.m2\repository\net\sf\opencsv\opencsv\2.0\opencsv-2.0.jar;C:\Users\MSI\.m2\repository\commons-beanutils\commons-beanutils\1.9.4\commons-beanutils-1.9.4.jar;C:\Users\MSI\.m2\repository\org\apache\commons\commons-lang3\3.12.0\commons-lang3-3.12.0.jar;C:\Users\MSI\.m2\repository\commons-collections\commons-collections\3.2.2\commons-collections-3.2.2.jar;C:\Users\MSI\.m2\repository\org\fluentlenium\fluentlenium-core\0.10.2\fluentlenium-core-0.10.2.jar;C:\Users\MSI\.m2\repository\io\github\bonigarcia\webdrivermanager\5.2.1\webdrivermanager-5.2.1.jar;C:\Users\MSI\.m2\repository\com\github\docker-java\docker-java\3.2.13\docker-java-3.2.13.jar;C:\Users\MSI\.m2\repository\com\github\docker-java\docker-java-core\3.2.13\docker-java-core-3.2.13.jar;C:\Users\MSI\.m2\repository\com\github\docker-java\docker-java-api\3.2.13\docker-java-api-3.2.13.jar;C:\Users\MSI\.m2\repository\org\apache\commons\commons-compress\1.21\commons-compress-1.21.jar;C:\Users\MSI\.m2\repository\org\bouncycastle\bcpkix-jdk15on\1.64\bcpkix-jdk15on-1.64.jar;C:\Users\MSI\.m2\repository\org\bouncycastle\bcprov-jdk15on\1.64\bcprov-jdk15on-1.64.jar;C:\Users\MSI\.m2\repository\org\slf4j\jcl-over-slf4j\1.7.30\jcl-over-slf4j-1.7.30.jar;C:\Users\MSI\.m2\repository\com\github\docker-java\docker-java-transport-httpclient5\3.2.13\docker-java-transport-httpclient5-3.2.13.jar;C:\Users\MSI\.m2\repository\com\github\docker-java\docker-java-transport\3.2.13\docker-java-transport-3.2.13.jar;C:\Users\MSI\.m2\repository\net\java\dev\jna\jna\5.8.0\jna-5.8.0.jar;C:\Users\MSI\.m2\repository\org\brotli\dec\0.1.2\dec-0.1.2.jar;C:\Users\MSI\.m2\repository\org\apache\httpcomponents\client5\httpclient5\5.1.3\httpclient5-5.1.3.jar;C:\Users\MSI\.m2\repository\org\apache\httpcomponents\core5\httpcore5\5.1.3\httpcore5-5.1.3.jar;C:\Users\MSI\.m2\repository\org\apache\httpcomponents\core5\httpcore5-h2\5.1.3\httpcore5-h2-5.1.3.jar;C:\Users\MSI\.m2\repository\com\jhlabs\filters\2.0.235\filters-2.0.235.jar;C:\Users\MSI\.m2\repository\com\paulhammant\ngwebdriver\1.1.6\ngwebdriver-1.1.6.jar;C:\Users\MSI\.m2\repository\joda-time\joda-time\2.8.2\joda-time-2.8.2.jar;C:\Users\MSI\.m2\repository\org\hamcrest\hamcrest\2.2\hamcrest-2.2.jar;C:\Users\MSI\.m2\repository\com\google\jimfs\jimfs\1.2\jimfs-1.2.jar;C:\Users\MSI\.m2\repository\org\mockito\mockito-core\3.3.3\mockito-core-3.3.3.jar;C:\Users\MSI\.m2\repository\javax\xml\bind\jaxb-api\2.3.1\jaxb-api-2.3.1.jar;C:\Users\MSI\.m2\repository\javax\activation\javax.activation-api\1.2.0\javax.activation-api-1.2.0.jar;C:\Users\MSI\.m2\repository\com\sun\xml\bind\jaxb-core\2.3.0.1\jaxb-core-2.3.0.1.jar;C:\Users\MSI\.m2\repository\com\sun\xml\bind\jaxb-impl\2.3.3\jaxb-impl-2.3.3.jar;C:\Users\MSI\.m2\repository\jakarta\xml\bind\jakarta.xml.bind-api\2.3.3\jakarta.xml.bind-api-2.3.3.jar;C:\Users\MSI\.m2\repository\com\sun\activation\jakarta.activation\1.2.2\jakarta.activation-1.2.2.jar;C:\Users\MSI\.m2\repository\javax\activation\activation\1.1.1\activation-1.1.1.jar;C:\Users\MSI\.m2\repository\net\serenity-bdd\serenity-cucumber\3.3.4\serenity-cucumber-3.3.4.jar;C:\Users\MSI\.m2\repository\io\cucumber\cucumber-core\7.4.1\cucumber-core-7.4.1.jar;C:\Users\MSI\.m2\repository\io\cucumber\cucumber-gherkin\7.4.1\cucumber-gherkin-7.4.1.jar;C:\Users\MSI\.m2\repository\io\cucumber\cucumber-gherkin-messages\7.4.1\cucumber-gherkin-messages-7.4.1.jar;C:\Users\MSI\.m2\repository\io\cucumber\gherkin\23.0.1\gherkin-23.0.1.jar;C:\Users\MSI\.m2\repository\io\cucumber\messages\18.0.0\messages-18.0.0.jar;C:\Users\MSI\.m2\repository\io\cucumber\tag-expressions\4.1.0\tag-expressions-4.1.0.jar;C:\Users\MSI\.m2\repository\io\cucumber\cucumber-expressions\16.0.0\cucumber-expressions-16.0.0.jar;C:\Users\MSI\.m2\repository\io\cucumber\datatable\7.4.1\datatable-7.4.1.jar;C:\Users\MSI\.m2\repository\io\cucumber\cucumber-plugin\7.4.1\cucumber-plugin-7.4.1.jar;C:\Users\MSI\.m2\repository\io\cucumber\docstring\7.4.1\docstring-7.4.1.jar;C:\Users\MSI\.m2\repository\io\cucumber\html-formatter\19.2.0\html-formatter-19.2.0.jar;C:\Users\MSI\.m2\repository\io\cucumber\ci-environment\9.0.4\ci-environment-9.0.4.jar;C:\Users\MSI\.m2\repository\io\cucumber\cucumber-java\7.4.1\cucumber-java-7.4.1.jar;C:\Users\MSI\.m2\repository\io\cucumber\cucumber-junit\7.4.1\cucumber-junit-7.4.1.jar;C:\Users\MSI\.m2\repository\org\apache\commons\commons-csv\1.5\commons-csv-1.5.jar;C:\Users\MSI\.m2\repository\net\serenity-bdd\serenity-screenplay\3.3.4\serenity-screenplay-3.3.4.jar;C:\Users\MSI\.m2\repository\net\serenity-bdd\serenity-screenplay-webdriver\3.3.4\serenity-screenplay-webdriver-3.3.4.jar;C:\Users\MSI\.m2\repository\net\serenity-bdd\serenity-ensure\3.3.4\serenity-ensure-3.3.4.jar;C:\Users\MSI\.m2\repository\net\serenity-bdd\serenity-junit\3.3.4\serenity-junit-3.3.4.jar;C:\Users\MSI\.m2\repository\org\jetbrains\kotlin\kotlin-stdlib\1.7.10\kotlin-stdlib-1.7.10.jar;C:\Users\MSI\.m2\repository\org\jetbrains\kotlin\kotlin-stdlib-common\1.7.10\kotlin-stdlib-common-1.7.10.jar;C:\Users\MSI\.m2\repository\org\jetbrains\annotations\13.0\annotations-13.0.jar;C:\Users\MSI\.m2\repository\org\junit\platform\junit-platform-launcher\1.8.2\junit-platform-launcher-1.8.2.jar;C:\Users\MSI\.m2\repository\org\junit\platform\junit-platform-engine\1.8.2\junit-platform-engine-1.8.2.jar;C:\Users\MSI\.m2\repository\org\opentest4j\opentest4j\1.2.0\opentest4j-1.2.0.jar;C:\Users\MSI\.m2\repository\org\junit\platform\junit-platform-commons\1.8.2\junit-platform-commons-1.8.2.jar;C:\Users\MSI\.m2\repository\org\apiguardian\apiguardian-api\1.1.2\apiguardian-api-1.1.2.jar;C:\Users\MSI\.m2\repository\org\junit\jupiter\junit-jupiter-engine\5.8.2\junit-jupiter-engine-5.8.2.jar;C:\Users\MSI\.m2\repository\org\junit\jupiter\junit-jupiter-api\5.8.2\junit-jupiter-api-5.8.2.jar;C:\Users\MSI\.m2\repository\org\junit\vintage\junit-vintage-engine\5.8.2\junit-vintage-engine-5.8.2.jar;C:\Users\MSI\.m2\repository\junit\junit\4.13.2\junit-4.13.2.jar;C:\Users\MSI\.m2\repository\org\hamcrest\hamcrest-core\1.3\hamcrest-core-1.3.jar;C:\Users\MSI\.m2\repository\ch\qos\logback\logback-classic\1.2.10\logback-classic-1.2.10.jar;C:\Users\MSI\.m2\repository\ch\qos\logback\logback-core\1.2.10\logback-core-1.2.10.jar;C:\Users\MSI\.m2\repository\org\slf4j\slf4j-api\1.7.32\slf4j-api-1.7.32.jar;C:\Users\MSI\.m2\repository\org\assertj\assertj-core\3.23.1\assertj-core-3.23.1.jar;C:\Users\MSI\.m2\repository\net\bytebuddy\byte-buddy\1.12.10\byte-buddy-1.12.10.jar;"/>
    <property name="java.vm.vendor" value="Oracle Corporation"/>
    <property name="sun.arch.data.model" value="64"/>
    <property name="user.variant" value=""/>
    <property name="java.vendor.url" value="https://openjdk.java.net/"/>
    <property name="user.timezone" value="America/Bogota"/>
    <property name="log4j2.formatMsgNoLookups" value="true"/>
    <property name="java.vm.specification.version" value="11"/>
    <property name="os.name" value="Windows 11"/>
    <property name="sun.java.launcher" value="SUN_STANDARD"/>
    <property name="user.country" value="PE"/>
    <property name="sun.boot.library.path" value="C:\Program Files\Java\jdk-11.0.15\bin"/>
    <property name="sun.java.command" value="org.apache.maven.surefire.booter.ForkedBooter C:\Users\MSI\AppData\Local\Temp\surefire6266076352237435601 2023-01-11T19-24-09_566-jvmRun1 surefire2715075310400229649tmp surefire_06607607957096657914tmp"/>
    <property name="jdk.debug" value="release"/>
    <property name="surefire.test.class.path" value="C:\Users\MSI\Downloads\serenityBDD-master\ProyectoSerenityBDD\target\test-classes;C:\Users\MSI\.m2\repository\net\serenity-bdd\serenity-core\3.3.4\serenity-core-3.3.4.jar;C:\Users\MSI\.m2\repository\net\serenity-bdd\serenity-model\3.3.4\serenity-model-3.3.4.jar;C:\Users\MSI\.m2\repository\org\apache\commons\commons-text\1.9\commons-text-1.9.jar;C:\Users\MSI\.m2\repository\commons-net\commons-net\3.8.0\commons-net-3.8.0.jar;C:\Users\MSI\.m2\repository\com\google\guava\guava\31.1-jre\guava-31.1-jre.jar;C:\Users\MSI\.m2\repository\com\google\guava\failureaccess\1.0.1\failureaccess-1.0.1.jar;C:\Users\MSI\.m2\repository\com\google\guava\listenablefuture\9999.0-empty-to-avoid-conflict-with-guava\listenablefuture-9999.0-empty-to-avoid-conflict-with-guava.jar;C:\Users\MSI\.m2\repository\com\google\code\findbugs\jsr305\3.0.2\jsr305-3.0.2.jar;C:\Users\MSI\.m2\repository\org\checkerframework\checker-qual\3.12.0\checker-qual-3.12.0.jar;C:\Users\MSI\.m2\repository\com\google\errorprone\error_prone_annotations\2.11.0\error_prone_annotations-2.11.0.jar;C:\Users\MSI\.m2\repository\com\google\j2objc\j2objc-annotations\1.3\j2objc-annotations-1.3.jar;C:\Users\MSI\.m2\repository\com\google\inject\guice\5.1.0\guice-5.1.0.jar;C:\Users\MSI\.m2\repository\javax\inject\javax.inject\1\javax.inject-1.jar;C:\Users\MSI\.m2\repository\aopalliance\aopalliance\1.0\aopalliance-1.0.jar;C:\Users\MSI\.m2\repository\org\jsoup\jsoup\1.14.3\jsoup-1.14.3.jar;C:\Users\MSI\.m2\repository\com\thoughtworks\xstream\xstream\1.4.19\xstream-1.4.19.jar;C:\Users\MSI\.m2\repository\io\github\x-stream\mxparser\1.2.2\mxparser-1.2.2.jar;C:\Users\MSI\.m2\repository\xmlpull\xmlpull\1.1.3.1\xmlpull-1.1.3.1.jar;C:\Users\MSI\.m2\repository\com\typesafe\config\1.4.2\config-1.4.2.jar;C:\Users\MSI\.m2\repository\org\imgscalr\imgscalr-lib\4.2\imgscalr-lib-4.2.jar;C:\Users\MSI\.m2\repository\org\awaitility\awaitility\4.2.0\awaitility-4.2.0.jar;C:\Users\MSI\.m2\repository\org\freemarker\freemarker\2.3.31\freemarker-2.3.31.jar;C:\Users\MSI\.m2\repository\io\github\classgraph\classgraph\4.8.138\classgraph-4.8.138.jar;C:\Users\MSI\.m2\repository\net\sourceforge\jexcelapi\jxl\2.6.12\jxl-2.6.12.jar;C:\Users\MSI\.m2\repository\net\bytebuddy\byte-buddy-agent\1.12.12\byte-buddy-agent-1.12.12.jar;C:\Users\MSI\.m2\repository\org\objenesis\objenesis\3.1\objenesis-3.1.jar;C:\Users\MSI\.m2\repository\net\serenity-bdd\serenity-reports\3.3.4\serenity-reports-3.3.4.jar;C:\Users\MSI\.m2\repository\net\serenity-bdd\serenity-stats\3.3.4\serenity-stats-3.3.4.jar;C:\Users\MSI\.m2\repository\net\serenity-bdd\serenity-reports-configuration\3.3.4\serenity-reports-configuration-3.3.4.jar;C:\Users\MSI\.m2\repository\com\vladsch\flexmark\flexmark-all\0.34.30\flexmark-all-0.34.30.jar;C:\Users\MSI\.m2\repository\com\vladsch\flexmark\flexmark\0.34.30\flexmark-0.34.30.jar;C:\Users\MSI\.m2\repository\com\vladsch\flexmark\flexmark-ext-abbreviation\0.34.30\flexmark-ext-abbreviation-0.34.30.jar;C:\Users\MSI\.m2\repository\com\vladsch\flexmark\flexmark-ext-admonition\0.34.30\flexmark-ext-admonition-0.34.30.jar;C:\Users\MSI\.m2\repository\com\vladsch\flexmark\flexmark-ext-anchorlink\0.34.30\flexmark-ext-anchorlink-0.34.30.jar;C:\Users\MSI\.m2\repository\com\vladsch\flexmark\flexmark-ext-aside\0.34.30\flexmark-ext-aside-0.34.30.jar;C:\Users\MSI\.m2\repository\com\vladsch\flexmark\flexmark-ext-attributes\0.34.30\flexmark-ext-attributes-0.34.30.jar;C:\Users\MSI\.m2\repository\com\vladsch\flexmark\flexmark-ext-autolink\0.34.30\flexmark-ext-autolink-0.34.30.jar;C:\Users\MSI\.m2\repository\org\nibor\autolink\autolink\0.6.0\autolink-0.6.0.jar;C:\Users\MSI\.m2\repository\com\vladsch\flexmark\flexmark-ext-definition\0.34.30\flexmark-ext-definition-0.34.30.jar;C:\Users\MSI\.m2\repository\com\vladsch\flexmark\flexmark-ext-emoji\0.34.30\flexmark-ext-emoji-0.34.30.jar;C:\Users\MSI\.m2\repository\com\vladsch\flexmark\flexmark-ext-enumerated-reference\0.34.30\flexmark-ext-enumerated-reference-0.34.30.jar;C:\Users\MSI\.m2\repository\com\vladsch\flexmark\flexmark-ext-escaped-character\0.34.30\flexmark-ext-escaped-character-0.34.30.jar;C:\Users\MSI\.m2\repository\com\vladsch\flexmark\flexmark-ext-footnotes\0.34.30\flexmark-ext-footnotes-0.34.30.jar;C:\Users\MSI\.m2\repository\com\vladsch\flexmark\flexmark-ext-gfm-issues\0.34.30\flexmark-ext-gfm-issues-0.34.30.jar;C:\Users\MSI\.m2\repository\com\vladsch\flexmark\flexmark-ext-gfm-strikethrough\0.34.30\flexmark-ext-gfm-strikethrough-0.34.30.jar;C:\Users\MSI\.m2\repository\com\vladsch\flexmark\flexmark-ext-gfm-tables\0.34.30\flexmark-ext-gfm-tables-0.34.30.jar;C:\Users\MSI\.m2\repository\com\vladsch\flexmark\flexmark-ext-gfm-tasklist\0.34.30\flexmark-ext-gfm-tasklist-0.34.30.jar;C:\Users\MSI\.m2\repository\com\vladsch\flexmark\flexmark-ext-gfm-users\0.34.30\flexmark-ext-gfm-users-0.34.30.jar;C:\Users\MSI\.m2\repository\com\vladsch\flexmark\flexmark-ext-gitlab\0.34.30\flexmark-ext-gitlab-0.34.30.jar;C:\Users\MSI\.m2\repository\com\vladsch\flexmark\flexmark-ext-jekyll-front-matter\0.34.30\flexmark-ext-jekyll-front-matter-0.34.30.jar;C:\Users\MSI\.m2\repository\com\vladsch\flexmark\flexmark-ext-jekyll-tag\0.34.30\flexmark-ext-jekyll-tag-0.34.30.jar;C:\Users\MSI\.m2\repository\com\vladsch\flexmark\flexmark-ext-media-tags\0.34.30\flexmark-ext-media-tags-0.34.30.jar;C:\Users\MSI\.m2\repository\com\vladsch\flexmark\flexmark-test-util\0.34.30\flexmark-test-util-0.34.30.jar;C:\Users\MSI\.m2\repository\com\vladsch\flexmark\flexmark-ext-ins\0.34.30\flexmark-ext-ins-0.34.30.jar;C:\Users\MSI\.m2\repository\com\vladsch\flexmark\flexmark-ext-xwiki-macros\0.34.30\flexmark-ext-xwiki-macros-0.34.30.jar;C:\Users\MSI\.m2\repository\com\vladsch\flexmark\flexmark-ext-superscript\0.34.30\flexmark-ext-superscript-0.34.30.jar;C:\Users\MSI\.m2\repository\com\vladsch\flexmark\flexmark-ext-tables\0.34.30\flexmark-ext-tables-0.34.30.jar;C:\Users\MSI\.m2\repository\com\vladsch\flexmark\flexmark-ext-toc\0.34.30\flexmark-ext-toc-0.34.30.jar;C:\Users\MSI\.m2\repository\com\vladsch\flexmark\flexmark-ext-typographic\0.34.30\flexmark-ext-typographic-0.34.30.jar;C:\Users\MSI\.m2\repository\com\vladsch\flexmark\flexmark-ext-wikilink\0.34.30\flexmark-ext-wikilink-0.34.30.jar;C:\Users\MSI\.m2\repository\com\vladsch\flexmark\flexmark-ext-yaml-front-matter\0.34.30\flexmark-ext-yaml-front-matter-0.34.30.jar;C:\Users\MSI\.m2\repository\com\vladsch\flexmark\flexmark-ext-youtube-embedded\0.34.30\flexmark-ext-youtube-embedded-0.34.30.jar;C:\Users\MSI\.m2\repository\com\vladsch\flexmark\flexmark-formatter\0.34.30\flexmark-formatter-0.34.30.jar;C:\Users\MSI\.m2\repository\com\vladsch\flexmark\flexmark-html-parser\0.34.30\flexmark-html-parser-0.34.30.jar;C:\Users\MSI\.m2\repository\com\vladsch\flexmark\flexmark-jira-converter\0.34.30\flexmark-jira-converter-0.34.30.jar;C:\Users\MSI\.m2\repository\com\vladsch\flexmark\flexmark-pdf-converter\0.34.30\flexmark-pdf-converter-0.34.30.jar;C:\Users\MSI\.m2\repository\com\openhtmltopdf\openhtmltopdf-core\0.0.1-RC13\openhtmltopdf-core-0.0.1-RC13.jar;C:\Users\MSI\.m2\repository\com\openhtmltopdf\openhtmltopdf-pdfbox\0.0.1-RC13\openhtmltopdf-pdfbox-0.0.1-RC13.jar;C:\Users\MSI\.m2\repository\org\apache\pdfbox\pdfbox\2.0.8\pdfbox-2.0.8.jar;C:\Users\MSI\.m2\repository\org\apache\pdfbox\fontbox\2.0.8\fontbox-2.0.8.jar;C:\Users\MSI\.m2\repository\org\apache\pdfbox\xmpbox\2.0.8\xmpbox-2.0.8.jar;C:\Users\MSI\.m2\repository\de\rototor\pdfbox\graphics2d\0.12\graphics2d-0.12.jar;C:\Users\MSI\.m2\repository\com\openhtmltopdf\openhtmltopdf-rtl-support\0.0.1-RC13\openhtmltopdf-rtl-support-0.0.1-RC13.jar;C:\Users\MSI\.m2\repository\com\ibm\icu\icu4j\59.1\icu4j-59.1.jar;C:\Users\MSI\.m2\repository\com\openhtmltopdf\openhtmltopdf-jsoup-dom-converter\0.0.1-RC13\openhtmltopdf-jsoup-dom-converter-0.0.1-RC13.jar;C:\Users\MSI\.m2\repository\com\vladsch\flexmark\flexmark-profile-pegdown\0.34.30\flexmark-profile-pegdown-0.34.30.jar;C:\Users\MSI\.m2\repository\com\vladsch\flexmark\flexmark-util\0.34.30\flexmark-util-0.34.30.jar;C:\Users\MSI\.m2\repository\com\vladsch\flexmark\flexmark-youtrack-converter\0.34.30\flexmark-youtrack-converter-0.34.30.jar;C:\Users\MSI\.m2\repository\es\nitaur\markdown\txtmark\0.16\txtmark-0.16.jar;C:\Users\MSI\.m2\repository\net\serenity-bdd\serenity-report-resources\3.3.4\serenity-report-resources-3.3.4.jar;C:\Users\MSI\.m2\repository\com\google\code\gson\gson\2.9.0\gson-2.9.0.jar;C:\Users\MSI\.m2\repository\com\fasterxml\jackson\core\jackson-core\2.13.3\jackson-core-2.13.3.jar;C:\Users\MSI\.m2\repository\com\fasterxml\jackson\core\jackson-databind\2.13.3\jackson-databind-2.13.3.jar;C:\Users\MSI\.m2\repository\com\fasterxml\jackson\core\jackson-annotations\2.13.3\jackson-annotations-2.13.3.jar;C:\Users\MSI\.m2\repository\commons-codec\commons-codec\1.15\commons-codec-1.15.jar;C:\Users\MSI\.m2\repository\commons-io\commons-io\2.11.0\commons-io-2.11.0.jar;C:\Users\MSI\.m2\repository\org\apache\httpcomponents\httpclient\4.5.13\httpclient-4.5.13.jar;C:\Users\MSI\.m2\repository\org\apache\httpcomponents\httpcore\4.4.13\httpcore-4.4.13.jar;C:\Users\MSI\.m2\repository\commons-logging\commons-logging\1.2\commons-logging-1.2.jar;C:\Users\MSI\.m2\repository\org\seleniumhq\selenium\selenium-java\4.4.0\selenium-java-4.4.0.jar;C:\Users\MSI\.m2\repository\org\seleniumhq\selenium\selenium-devtools-v102\4.4.0\selenium-devtools-v102-4.4.0.jar;C:\Users\MSI\.m2\repository\org\seleniumhq\selenium\selenium-devtools-v103\4.4.0\selenium-devtools-v103-4.4.0.jar;C:\Users\MSI\.m2\repository\org\seleniumhq\selenium\selenium-devtools-v104\4.4.0\selenium-devtools-v104-4.4.0.jar;C:\Users\MSI\.m2\repository\org\seleniumhq\selenium\selenium-devtools-v85\4.4.0\selenium-devtools-v85-4.4.0.jar;C:\Users\MSI\.m2\repository\org\seleniumhq\selenium\selenium-opera-driver\4.4.0\selenium-opera-driver-4.4.0.jar;C:\Users\MSI\.m2\repository\org\seleniumhq\selenium\selenium-remote-driver\4.4.0\selenium-remote-driver-4.4.0.jar;C:\Users\MSI\.m2\repository\com\beust\jcommander\1.82\jcommander-1.82.jar;C:\Users\MSI\.m2\repository\io\netty\netty-buffer\4.1.78.Final\netty-buffer-4.1.78.Final.jar;C:\Users\MSI\.m2\repository\io\netty\netty-codec-http\4.1.78.Final\netty-codec-http-4.1.78.Final.jar;C:\Users\MSI\.m2\repository\io\netty\netty-codec\4.1.78.Final\netty-codec-4.1.78.Final.jar;C:\Users\MSI\.m2\repository\io\netty\netty-handler\4.1.78.Final\netty-handler-4.1.78.Final.jar;C:\Users\MSI\.m2\repository\io\netty\netty-common\4.1.78.Final\netty-common-4.1.78.Final.jar;C:\Users\MSI\.m2\repository\io\netty\netty-transport-classes-epoll\4.1.78.Final\netty-transport-classes-epoll-4.1.78.Final.jar;C:\Users\MSI\.m2\repository\io\netty\netty-transport-classes-kqueue\4.1.78.Final\netty-transport-classes-kqueue-4.1.78.Final.jar;C:\Users\MSI\.m2\repository\io\netty\netty-transport-native-epoll\4.1.78.Final\netty-transport-native-epoll-4.1.78.Final.jar;C:\Users\MSI\.m2\repository\io\netty\netty-transport-native-kqueue\4.1.78.Final\netty-transport-native-kqueue-4.1.78.Final.jar;C:\Users\MSI\.m2\repository\io\netty\netty-transport-native-unix-common\4.1.78.Final\netty-transport-native-unix-common-4.1.78.Final.jar;C:\Users\MSI\.m2\repository\io\netty\netty-transport\4.1.78.Final\netty-transport-4.1.78.Final.jar;C:\Users\MSI\.m2\repository\io\netty\netty-resolver\4.1.78.Final\netty-resolver-4.1.78.Final.jar;C:\Users\MSI\.m2\repository\io\opentelemetry\opentelemetry-api\1.16.0\opentelemetry-api-1.16.0.jar;C:\Users\MSI\.m2\repository\io\opentelemetry\opentelemetry-context\1.16.0\opentelemetry-context-1.16.0.jar;C:\Users\MSI\.m2\repository\io\opentelemetry\opentelemetry-exporter-logging\1.16.0\opentelemetry-exporter-logging-1.16.0.jar;C:\Users\MSI\.m2\repository\io\opentelemetry\opentelemetry-sdk-metrics\1.16.0\opentelemetry-sdk-metrics-1.16.0.jar;C:\Users\MSI\.m2\repository\io\opentelemetry\opentelemetry-sdk-logs\1.16.0-alpha\opentelemetry-sdk-logs-1.16.0-alpha.jar;C:\Users\MSI\.m2\repository\io\opentelemetry\opentelemetry-sdk-common\1.16.0\opentelemetry-sdk-common-1.16.0.jar;C:\Users\MSI\.m2\repository\io\opentelemetry\opentelemetry-sdk-extension-autoconfigure-spi\1.16.0\opentelemetry-sdk-extension-autoconfigure-spi-1.16.0.jar;C:\Users\MSI\.m2\repository\io\opentelemetry\opentelemetry-sdk-extension-autoconfigure\1.16.0-alpha\opentelemetry-sdk-extension-autoconfigure-1.16.0-alpha.jar;C:\Users\MSI\.m2\repository\io\opentelemetry\opentelemetry-sdk-trace\1.16.0\opentelemetry-sdk-trace-1.16.0.jar;C:\Users\MSI\.m2\repository\io\opentelemetry\opentelemetry-sdk\1.16.0\opentelemetry-sdk-1.16.0.jar;C:\Users\MSI\.m2\repository\io\opentelemetry\opentelemetry-semconv\1.16.0-alpha\opentelemetry-semconv-1.16.0-alpha.jar;C:\Users\MSI\.m2\repository\io\ous\jtoml\2.0.0\jtoml-2.0.0.jar;C:\Users\MSI\.m2\repository\org\apache\commons\commons-exec\1.3\commons-exec-1.3.jar;C:\Users\MSI\.m2\repository\org\asynchttpclient\async-http-client\2.12.3\async-http-client-2.12.3.jar;C:\Users\MSI\.m2\repository\org\asynchttpclient\async-http-client-netty-utils\2.12.3\async-http-client-netty-utils-2.12.3.jar;C:\Users\MSI\.m2\repository\io\netty\netty-codec-socks\4.1.60.Final\netty-codec-socks-4.1.60.Final.jar;C:\Users\MSI\.m2\repository\io\netty\netty-handler-proxy\4.1.60.Final\netty-handler-proxy-4.1.60.Final.jar;C:\Users\MSI\.m2\repository\io\netty\netty-transport-native-epoll\4.1.60.Final\netty-transport-native-epoll-4.1.60.Final-linux-x86_64.jar;C:\Users\MSI\.m2\repository\io\netty\netty-transport-native-kqueue\4.1.60.Final\netty-transport-native-kqueue-4.1.60.Final-osx-x86_64.jar;C:\Users\MSI\.m2\repository\org\reactivestreams\reactive-streams\1.0.3\reactive-streams-1.0.3.jar;C:\Users\MSI\.m2\repository\com\typesafe\netty\netty-reactive-streams\2.0.4\netty-reactive-streams-2.0.4.jar;C:\Users\MSI\.m2\repository\org\seleniumhq\selenium\selenium-http\4.4.0\selenium-http-4.4.0.jar;C:\Users\MSI\.m2\repository\dev\failsafe\failsafe\3.2.4\failsafe-3.2.4.jar;C:\Users\MSI\.m2\repository\org\seleniumhq\selenium\selenium-safari-driver\4.4.0\selenium-safari-driver-4.4.0.jar;C:\Users\MSI\.m2\repository\org\seleniumhq\selenium\selenium-api\4.4.0\selenium-api-4.4.0.jar;C:\Users\MSI\.m2\repository\org\seleniumhq\selenium\selenium-support\4.4.0\selenium-support-4.4.0.jar;C:\Users\MSI\.m2\repository\com\google\auto\service\auto-service-annotations\1.0.1\auto-service-annotations-1.0.1.jar;C:\Users\MSI\.m2\repository\com\google\auto\service\auto-service\1.0.1\auto-service-1.0.1.jar;C:\Users\MSI\.m2\repository\com\google\auto\auto-common\1.2\auto-common-1.2.jar;C:\Users\MSI\.m2\repository\org\seleniumhq\selenium\selenium-json\4.4.0\selenium-json-4.4.0.jar;C:\Users\MSI\.m2\repository\org\seleniumhq\selenium\selenium-chrome-driver\4.4.0\selenium-chrome-driver-4.4.0.jar;C:\Users\MSI\.m2\repository\org\seleniumhq\selenium\selenium-chromium-driver\4.4.0\selenium-chromium-driver-4.4.0.jar;C:\Users\MSI\.m2\repository\org\seleniumhq\selenium\selenium-firefox-driver\4.4.0\selenium-firefox-driver-4.4.0.jar;C:\Users\MSI\.m2\repository\org\seleniumhq\selenium\selenium-edge-driver\4.4.0\selenium-edge-driver-4.4.0.jar;C:\Users\MSI\.m2\repository\org\seleniumhq\selenium\selenium-ie-driver\4.4.0\selenium-ie-driver-4.4.0.jar;C:\Users\MSI\.m2\repository\org\projectlombok\lombok\1.18.20\lombok-1.18.20.jar;C:\Users\MSI\.m2\repository\io\appium\java-client\8.1.1\java-client-8.1.1.jar;C:\Users\MSI\.m2\repository\commons-validator\commons-validator\1.7\commons-validator-1.7.jar;C:\Users\MSI\.m2\repository\commons-digester\commons-digester\2.1\commons-digester-2.1.jar;C:\Users\MSI\.m2\repository\org\apache\groovy\groovy\4.0.1\groovy-4.0.1.jar;C:\Users\MSI\.m2\repository\net\sf\opencsv\opencsv\2.0\opencsv-2.0.jar;C:\Users\MSI\.m2\repository\commons-beanutils\commons-beanutils\1.9.4\commons-beanutils-1.9.4.jar;C:\Users\MSI\.m2\repository\org\apache\commons\commons-lang3\3.12.0\commons-lang3-3.12.0.jar;C:\Users\MSI\.m2\repository\commons-collections\commons-collections\3.2.2\commons-collections-3.2.2.jar;C:\Users\MSI\.m2\repository\org\fluentlenium\fluentlenium-core\0.10.2\fluentlenium-core-0.10.2.jar;C:\Users\MSI\.m2\repository\io\github\bonigarcia\webdrivermanager\5.2.1\webdrivermanager-5.2.1.jar;C:\Users\MSI\.m2\repository\com\github\docker-java\docker-java\3.2.13\docker-java-3.2.13.jar;C:\Users\MSI\.m2\repository\com\github\docker-java\docker-java-core\3.2.13\docker-java-core-3.2.13.jar;C:\Users\MSI\.m2\repository\com\github\docker-java\docker-java-api\3.2.13\docker-java-api-3.2.13.jar;C:\Users\MSI\.m2\repository\org\apache\commons\commons-compress\1.21\commons-compress-1.21.jar;C:\Users\MSI\.m2\repository\org\bouncycastle\bcpkix-jdk15on\1.64\bcpkix-jdk15on-1.64.jar;C:\Users\MSI\.m2\repository\org\bouncycastle\bcprov-jdk15on\1.64\bcprov-jdk15on-1.64.jar;C:\Users\MSI\.m2\repository\org\slf4j\jcl-over-slf4j\1.7.30\jcl-over-slf4j-1.7.30.jar;C:\Users\MSI\.m2\repository\com\github\docker-java\docker-java-transport-httpclient5\3.2.13\docker-java-transport-httpclient5-3.2.13.jar;C:\Users\MSI\.m2\repository\com\github\docker-java\docker-java-transport\3.2.13\docker-java-transport-3.2.13.jar;C:\Users\MSI\.m2\repository\net\java\dev\jna\jna\5.8.0\jna-5.8.0.jar;C:\Users\MSI\.m2\repository\org\brotli\dec\0.1.2\dec-0.1.2.jar;C:\Users\MSI\.m2\repository\org\apache\httpcomponents\client5\httpclient5\5.1.3\httpclient5-5.1.3.jar;C:\Users\MSI\.m2\repository\org\apache\httpcomponents\core5\httpcore5\5.1.3\httpcore5-5.1.3.jar;C:\Users\MSI\.m2\repository\org\apache\httpcomponents\core5\httpcore5-h2\5.1.3\httpcore5-h2-5.1.3.jar;C:\Users\MSI\.m2\repository\com\jhlabs\filters\2.0.235\filters-2.0.235.jar;C:\Users\MSI\.m2\repository\com\paulhammant\ngwebdriver\1.1.6\ngwebdriver-1.1.6.jar;C:\Users\MSI\.m2\repository\joda-time\joda-time\2.8.2\joda-time-2.8.2.jar;C:\Users\MSI\.m2\repository\org\hamcrest\hamcrest\2.2\hamcrest-2.2.jar;C:\Users\MSI\.m2\repository\com\google\jimfs\jimfs\1.2\jimfs-1.2.jar;C:\Users\MSI\.m2\repository\org\mockito\mockito-core\3.3.3\mockito-core-3.3.3.jar;C:\Users\MSI\.m2\repository\javax\xml\bind\jaxb-api\2.3.1\jaxb-api-2.3.1.jar;C:\Users\MSI\.m2\repository\javax\activation\javax.activation-api\1.2.0\javax.activation-api-1.2.0.jar;C:\Users\MSI\.m2\repository\com\sun\xml\bind\jaxb-core\2.3.0.1\jaxb-core-2.3.0.1.jar;C:\Users\MSI\.m2\repository\com\sun\xml\bind\jaxb-impl\2.3.3\jaxb-impl-2.3.3.jar;C:\Users\MSI\.m2\repository\jakarta\xml\bind\jakarta.xml.bind-api\2.3.3\jakarta.xml.bind-api-2.3.3.jar;C:\Users\MSI\.m2\repository\com\sun\activation\jakarta.activation\1.2.2\jakarta.activation-1.2.2.jar;C:\Users\MSI\.m2\repository\javax\activation\activation\1.1.1\activation-1.1.1.jar;C:\Users\MSI\.m2\repository\net\serenity-bdd\serenity-cucumber\3.3.4\serenity-cucumber-3.3.4.jar;C:\Users\MSI\.m2\repository\io\cucumber\cucumber-core\7.4.1\cucumber-core-7.4.1.jar;C:\Users\MSI\.m2\repository\io\cucumber\cucumber-gherkin\7.4.1\cucumber-gherkin-7.4.1.jar;C:\Users\MSI\.m2\repository\io\cucumber\cucumber-gherkin-messages\7.4.1\cucumber-gherkin-messages-7.4.1.jar;C:\Users\MSI\.m2\repository\io\cucumber\gherkin\23.0.1\gherkin-23.0.1.jar;C:\Users\MSI\.m2\repository\io\cucumber\messages\18.0.0\messages-18.0.0.jar;C:\Users\MSI\.m2\repository\io\cucumber\tag-expressions\4.1.0\tag-expressions-4.1.0.jar;C:\Users\MSI\.m2\repository\io\cucumber\cucumber-expressions\16.0.0\cucumber-expressions-16.0.0.jar;C:\Users\MSI\.m2\repository\io\cucumber\datatable\7.4.1\datatable-7.4.1.jar;C:\Users\MSI\.m2\repository\io\cucumber\cucumber-plugin\7.4.1\cucumber-plugin-7.4.1.jar;C:\Users\MSI\.m2\repository\io\cucumber\docstring\7.4.1\docstring-7.4.1.jar;C:\Users\MSI\.m2\repository\io\cucumber\html-formatter\19.2.0\html-formatter-19.2.0.jar;C:\Users\MSI\.m2\repository\io\cucumber\ci-environment\9.0.4\ci-environment-9.0.4.jar;C:\Users\MSI\.m2\repository\io\cucumber\cucumber-java\7.4.1\cucumber-java-7.4.1.jar;C:\Users\MSI\.m2\repository\io\cucumber\cucumber-junit\7.4.1\cucumber-junit-7.4.1.jar;C:\Users\MSI\.m2\repository\org\apache\commons\commons-csv\1.5\commons-csv-1.5.jar;C:\Users\MSI\.m2\repository\net\serenity-bdd\serenity-screenplay\3.3.4\serenity-screenplay-3.3.4.jar;C:\Users\MSI\.m2\repository\net\serenity-bdd\serenity-screenplay-webdriver\3.3.4\serenity-screenplay-webdriver-3.3.4.jar;C:\Users\MSI\.m2\repository\net\serenity-bdd\serenity-ensure\3.3.4\serenity-ensure-3.3.4.jar;C:\Users\MSI\.m2\repository\net\serenity-bdd\serenity-junit\3.3.4\serenity-junit-3.3.4.jar;C:\Users\MSI\.m2\repository\org\jetbrains\kotlin\kotlin-stdlib\1.7.10\kotlin-stdlib-1.7.10.jar;C:\Users\MSI\.m2\repository\org\jetbrains\kotlin\kotlin-stdlib-common\1.7.10\kotlin-stdlib-common-1.7.10.jar;C:\Users\MSI\.m2\repository\org\jetbrains\annotations\13.0\annotations-13.0.jar;C:\Users\MSI\.m2\repository\org\junit\platform\junit-platform-launcher\1.8.2\junit-platform-launcher-1.8.2.jar;C:\Users\MSI\.m2\repository\org\junit\platform\junit-platform-engine\1.8.2\junit-platform-engine-1.8.2.jar;C:\Users\MSI\.m2\repository\org\opentest4j\opentest4j\1.2.0\opentest4j-1.2.0.jar;C:\Users\MSI\.m2\repository\org\junit\platform\junit-platform-commons\1.8.2\junit-platform-commons-1.8.2.jar;C:\Users\MSI\.m2\repository\org\apiguardian\apiguardian-api\1.1.2\apiguardian-api-1.1.2.jar;C:\Users\MSI\.m2\repository\org\junit\jupiter\junit-jupiter-engine\5.8.2\junit-jupiter-engine-5.8.2.jar;C:\Users\MSI\.m2\repository\org\junit\jupiter\junit-jupiter-api\5.8.2\junit-jupiter-api-5.8.2.jar;C:\Users\MSI\.m2\repository\org\junit\vintage\junit-vintage-engine\5.8.2\junit-vintage-engine-5.8.2.jar;C:\Users\MSI\.m2\repository\junit\junit\4.13.2\junit-4.13.2.jar;C:\Users\MSI\.m2\repository\org\hamcrest\hamcrest-core\1.3\hamcrest-core-1.3.jar;C:\Users\MSI\.m2\repository\ch\qos\logback\logback-classic\1.2.10\logback-classic-1.2.10.jar;C:\Users\MSI\.m2\repository\ch\qos\logback\logback-core\1.2.10\logback-core-1.2.10.jar;C:\Users\MSI\.m2\repository\org\slf4j\slf4j-api\1.7.32\slf4j-api-1.7.32.jar;C:\Users\MSI\.m2\repository\org\assertj\assertj-core\3.23.1\assertj-core-3.23.1.jar;C:\Users\MSI\.m2\repository\net\bytebuddy\byte-buddy\1.12.10\byte-buddy-1.12.10.jar;"/>
    <property name="sun.cpu.endian" value="little"/>
    <property name="user.home" value="C:\Users\MSI"/>
    <property name="user.language" value="es"/>
    <property name="java.specification.vendor" value="Oracle Corporation"/>
    <property name="jdk.module.path" value="C:\Users\MSI\Downloads\serenityBDD-master\ProyectoSerenityBDD\target\ProyectoSerintyBDD-1.0-SNAPSHOT.jar"/>
    <property name="java.version.date" value="2022-04-19"/>
    <property name="java.home" value="C:\Program Files\Java\jdk-11.0.15"/>
    <property name="file.separator" value="\"/>
    <property name="basedir" value="C:\Users\MSI\Downloads\serenityBDD-master\ProyectoSerenityBDD"/>
    <property name="java.vm.compressedOopsMode" value="Zero based"/>
    <property name="line.separator" value="&#10;"/>
    <property name="java.specification.name" value="Java Platform API Specification"/>
    <property name="java.vm.specification.vendor" value="Oracle Corporation"/>
    <property name="java.awt.graphicsenv" value="sun.awt.Win32GraphicsEnvironment"/>
    <property name="surefire.real.class.path" value="C:\Users\MSI\.m2\repository\org\apache\maven\surefire\surefire-booter\3.0.0-M5\surefire-booter-3.0.0-M5.jar;C:\Users\MSI\.m2\repository\org\apache\maven\surefire\surefire-api\3.0.0-M5\surefire-api-3.0.0-M5.jar;C:\Users\MSI\.m2\repository\org\apache\maven\surefire\surefire-logger-api\3.0.0-M5\surefire-logger-api-3.0.0-M5.jar;C:\Users\MSI\.m2\repository\org\apache\maven\surefire\surefire-shared-utils\3.0.0-M4\surefire-shared-utils-3.0.0-M4.jar;C:\Users\MSI\.m2\repository\org\apache\maven\surefire\surefire-extensions-spi\3.0.0-M5\surefire-extensions-spi-3.0.0-M5.jar;C:\Users\MSI\Downloads\serenityBDD-master\ProyectoSerenityBDD\target\test-classes;C:\Users\MSI\.m2\repository\net\serenity-bdd\serenity-core\3.3.4\serenity-core-3.3.4.jar;C:\Users\MSI\.m2\repository\net\serenity-bdd\serenity-model\3.3.4\serenity-model-3.3.4.jar;C:\Users\MSI\.m2\repository\org\apache\commons\commons-text\1.9\commons-text-1.9.jar;C:\Users\MSI\.m2\repository\commons-net\commons-net\3.8.0\commons-net-3.8.0.jar;C:\Users\MSI\.m2\repository\com\google\guava\guava\31.1-jre\guava-31.1-jre.jar;C:\Users\MSI\.m2\repository\com\google\guava\failureaccess\1.0.1\failureaccess-1.0.1.jar;C:\Users\MSI\.m2\repository\com\google\guava\listenablefuture\9999.0-empty-to-avoid-conflict-with-guava\listenablefuture-9999.0-empty-to-avoid-conflict-with-guava.jar;C:\Users\MSI\.m2\repository\com\google\code\findbugs\jsr305\3.0.2\jsr305-3.0.2.jar;C:\Users\MSI\.m2\repository\org\checkerframework\checker-qual\3.12.0\checker-qual-3.12.0.jar;C:\Users\MSI\.m2\repository\com\google\errorprone\error_prone_annotations\2.11.0\error_prone_annotations-2.11.0.jar;C:\Users\MSI\.m2\repository\com\google\j2objc\j2objc-annotations\1.3\j2objc-annotations-1.3.jar;C:\Users\MSI\.m2\repository\com\google\inject\guice\5.1.0\guice-5.1.0.jar;C:\Users\MSI\.m2\repository\javax\inject\javax.inject\1\javax.inject-1.jar;C:\Users\MSI\.m2\repository\aopalliance\aopalliance\1.0\aopalliance-1.0.jar;C:\Users\MSI\.m2\repository\org\jsoup\jsoup\1.14.3\jsoup-1.14.3.jar;C:\Users\MSI\.m2\repository\com\thoughtworks\xstream\xstream\1.4.19\xstream-1.4.19.jar;C:\Users\MSI\.m2\repository\io\github\x-stream\mxparser\1.2.2\mxparser-1.2.2.jar;C:\Users\MSI\.m2\repository\xmlpull\xmlpull\1.1.3.1\xmlpull-1.1.3.1.jar;C:\Users\MSI\.m2\repository\com\typesafe\config\1.4.2\config-1.4.2.jar;C:\Users\MSI\.m2\repository\org\imgscalr\imgscalr-lib\4.2\imgscalr-lib-4.2.jar;C:\Users\MSI\.m2\repository\org\awaitility\awaitility\4.2.0\awaitility-4.2.0.jar;C:\Users\MSI\.m2\repository\org\freemarker\freemarker\2.3.31\freemarker-2.3.31.jar;C:\Users\MSI\.m2\repository\io\github\classgraph\classgraph\4.8.138\classgraph-4.8.138.jar;C:\Users\MSI\.m2\repository\net\sourceforge\jexcelapi\jxl\2.6.12\jxl-2.6.12.jar;C:\Users\MSI\.m2\repository\net\bytebuddy\byte-buddy-agent\1.12.12\byte-buddy-agent-1.12.12.jar;C:\Users\MSI\.m2\repository\org\objenesis\objenesis\3.1\objenesis-3.1.jar;C:\Users\MSI\.m2\repository\net\serenity-bdd\serenity-reports\3.3.4\serenity-reports-3.3.4.jar;C:\Users\MSI\.m2\repository\net\serenity-bdd\serenity-stats\3.3.4\serenity-stats-3.3.4.jar;C:\Users\MSI\.m2\repository\net\serenity-bdd\serenity-reports-configuration\3.3.4\serenity-reports-configuration-3.3.4.jar;C:\Users\MSI\.m2\repository\com\vladsch\flexmark\flexmark-all\0.34.30\flexmark-all-0.34.30.jar;C:\Users\MSI\.m2\repository\com\vladsch\flexmark\flexmark\0.34.30\flexmark-0.34.30.jar;C:\Users\MSI\.m2\repository\com\vladsch\flexmark\flexmark-ext-abbreviation\0.34.30\flexmark-ext-abbreviation-0.34.30.jar;C:\Users\MSI\.m2\repository\com\vladsch\flexmark\flexmark-ext-admonition\0.34.30\flexmark-ext-admonition-0.34.30.jar;C:\Users\MSI\.m2\repository\com\vladsch\flexmark\flexmark-ext-anchorlink\0.34.30\flexmark-ext-anchorlink-0.34.30.jar;C:\Users\MSI\.m2\repository\com\vladsch\flexmark\flexmark-ext-aside\0.34.30\flexmark-ext-aside-0.34.30.jar;C:\Users\MSI\.m2\repository\com\vladsch\flexmark\flexmark-ext-attributes\0.34.30\flexmark-ext-attributes-0.34.30.jar;C:\Users\MSI\.m2\repository\com\vladsch\flexmark\flexmark-ext-autolink\0.34.30\flexmark-ext-autolink-0.34.30.jar;C:\Users\MSI\.m2\repository\org\nibor\autolink\autolink\0.6.0\autolink-0.6.0.jar;C:\Users\MSI\.m2\repository\com\vladsch\flexmark\flexmark-ext-definition\0.34.30\flexmark-ext-definition-0.34.30.jar;C:\Users\MSI\.m2\repository\com\vladsch\flexmark\flexmark-ext-emoji\0.34.30\flexmark-ext-emoji-0.34.30.jar;C:\Users\MSI\.m2\repository\com\vladsch\flexmark\flexmark-ext-enumerated-reference\0.34.30\flexmark-ext-enumerated-reference-0.34.30.jar;C:\Users\MSI\.m2\repository\com\vladsch\flexmark\flexmark-ext-escaped-character\0.34.30\flexmark-ext-escaped-character-0.34.30.jar;C:\Users\MSI\.m2\repository\com\vladsch\flexmark\flexmark-ext-footnotes\0.34.30\flexmark-ext-footnotes-0.34.30.jar;C:\Users\MSI\.m2\repository\com\vladsch\flexmark\flexmark-ext-gfm-issues\0.34.30\flexmark-ext-gfm-issues-0.34.30.jar;C:\Users\MSI\.m2\repository\com\vladsch\flexmark\flexmark-ext-gfm-strikethrough\0.34.30\flexmark-ext-gfm-strikethrough-0.34.30.jar;C:\Users\MSI\.m2\repository\com\vladsch\flexmark\flexmark-ext-gfm-tables\0.34.30\flexmark-ext-gfm-tables-0.34.30.jar;C:\Users\MSI\.m2\repository\com\vladsch\flexmark\flexmark-ext-gfm-tasklist\0.34.30\flexmark-ext-gfm-tasklist-0.34.30.jar;C:\Users\MSI\.m2\repository\com\vladsch\flexmark\flexmark-ext-gfm-users\0.34.30\flexmark-ext-gfm-users-0.34.30.jar;C:\Users\MSI\.m2\repository\com\vladsch\flexmark\flexmark-ext-gitlab\0.34.30\flexmark-ext-gitlab-0.34.30.jar;C:\Users\MSI\.m2\repository\com\vladsch\flexmark\flexmark-ext-jekyll-front-matter\0.34.30\flexmark-ext-jekyll-front-matter-0.34.30.jar;C:\Users\MSI\.m2\repository\com\vladsch\flexmark\flexmark-ext-jekyll-tag\0.34.30\flexmark-ext-jekyll-tag-0.34.30.jar;C:\Users\MSI\.m2\repository\com\vladsch\flexmark\flexmark-ext-media-tags\0.34.30\flexmark-ext-media-tags-0.34.30.jar;C:\Users\MSI\.m2\repository\com\vladsch\flexmark\flexmark-test-util\0.34.30\flexmark-test-util-0.34.30.jar;C:\Users\MSI\.m2\repository\com\vladsch\flexmark\flexmark-ext-ins\0.34.30\flexmark-ext-ins-0.34.30.jar;C:\Users\MSI\.m2\repository\com\vladsch\flexmark\flexmark-ext-xwiki-macros\0.34.30\flexmark-ext-xwiki-macros-0.34.30.jar;C:\Users\MSI\.m2\repository\com\vladsch\flexmark\flexmark-ext-superscript\0.34.30\flexmark-ext-superscript-0.34.30.jar;C:\Users\MSI\.m2\repository\com\vladsch\flexmark\flexmark-ext-tables\0.34.30\flexmark-ext-tables-0.34.30.jar;C:\Users\MSI\.m2\repository\com\vladsch\flexmark\flexmark-ext-toc\0.34.30\flexmark-ext-toc-0.34.30.jar;C:\Users\MSI\.m2\repository\com\vladsch\flexmark\flexmark-ext-typographic\0.34.30\flexmark-ext-typographic-0.34.30.jar;C:\Users\MSI\.m2\repository\com\vladsch\flexmark\flexmark-ext-wikilink\0.34.30\flexmark-ext-wikilink-0.34.30.jar;C:\Users\MSI\.m2\repository\com\vladsch\flexmark\flexmark-ext-yaml-front-matter\0.34.30\flexmark-ext-yaml-front-matter-0.34.30.jar;C:\Users\MSI\.m2\repository\com\vladsch\flexmark\flexmark-ext-youtube-embedded\0.34.30\flexmark-ext-youtube-embedded-0.34.30.jar;C:\Users\MSI\.m2\repository\com\vladsch\flexmark\flexmark-formatter\0.34.30\flexmark-formatter-0.34.30.jar;C:\Users\MSI\.m2\repository\com\vladsch\flexmark\flexmark-html-parser\0.34.30\flexmark-html-parser-0.34.30.jar;C:\Users\MSI\.m2\repository\com\vladsch\flexmark\flexmark-jira-converter\0.34.30\flexmark-jira-converter-0.34.30.jar;C:\Users\MSI\.m2\repository\com\vladsch\flexmark\flexmark-pdf-converter\0.34.30\flexmark-pdf-converter-0.34.30.jar;C:\Users\MSI\.m2\repository\com\openhtmltopdf\openhtmltopdf-core\0.0.1-RC13\openhtmltopdf-core-0.0.1-RC13.jar;C:\Users\MSI\.m2\repository\com\openhtmltopdf\openhtmltopdf-pdfbox\0.0.1-RC13\openhtmltopdf-pdfbox-0.0.1-RC13.jar;C:\Users\MSI\.m2\repository\org\apache\pdfbox\pdfbox\2.0.8\pdfbox-2.0.8.jar;C:\Users\MSI\.m2\repository\org\apache\pdfbox\fontbox\2.0.8\fontbox-2.0.8.jar;C:\Users\MSI\.m2\repository\org\apache\pdfbox\xmpbox\2.0.8\xmpbox-2.0.8.jar;C:\Users\MSI\.m2\repository\de\rototor\pdfbox\graphics2d\0.12\graphics2d-0.12.jar;C:\Users\MSI\.m2\repository\com\openhtmltopdf\openhtmltopdf-rtl-support\0.0.1-RC13\openhtmltopdf-rtl-support-0.0.1-RC13.jar;C:\Users\MSI\.m2\repository\com\ibm\icu\icu4j\59.1\icu4j-59.1.jar;C:\Users\MSI\.m2\repository\com\openhtmltopdf\openhtmltopdf-jsoup-dom-converter\0.0.1-RC13\openhtmltopdf-jsoup-dom-converter-0.0.1-RC13.jar;C:\Users\MSI\.m2\repository\com\vladsch\flexmark\flexmark-profile-pegdown\0.34.30\flexmark-profile-pegdown-0.34.30.jar;C:\Users\MSI\.m2\repository\com\vladsch\flexmark\flexmark-util\0.34.30\flexmark-util-0.34.30.jar;C:\Users\MSI\.m2\repository\com\vladsch\flexmark\flexmark-youtrack-converter\0.34.30\flexmark-youtrack-converter-0.34.30.jar;C:\Users\MSI\.m2\repository\es\nitaur\markdown\txtmark\0.16\txtmark-0.16.jar;C:\Users\MSI\.m2\repository\net\serenity-bdd\serenity-report-resources\3.3.4\serenity-report-resources-3.3.4.jar;C:\Users\MSI\.m2\repository\com\google\code\gson\gson\2.9.0\gson-2.9.0.jar;C:\Users\MSI\.m2\repository\com\fasterxml\jackson\core\jackson-core\2.13.3\jackson-core-2.13.3.jar;C:\Users\MSI\.m2\repository\com\fasterxml\jackson\core\jackson-databind\2.13.3\jackson-databind-2.13.3.jar;C:\Users\MSI\.m2\repository\com\fasterxml\jackson\core\jackson-annotations\2.13.3\jackson-annotations-2.13.3.jar;C:\Users\MSI\.m2\repository\commons-codec\commons-codec\1.15\commons-codec-1.15.jar;C:\Users\MSI\.m2\repository\commons-io\commons-io\2.11.0\commons-io-2.11.0.jar;C:\Users\MSI\.m2\repository\org\apache\httpcomponents\httpclient\4.5.13\httpclient-4.5.13.jar;C:\Users\MSI\.m2\repository\org\apache\httpcomponents\httpcore\4.4.13\httpcore-4.4.13.jar;C:\Users\MSI\.m2\repository\commons-logging\commons-logging\1.2\commons-logging-1.2.jar;C:\Users\MSI\.m2\repository\org\seleniumhq\selenium\selenium-java\4.4.0\selenium-java-4.4.0.jar;C:\Users\MSI\.m2\repository\org\seleniumhq\selenium\selenium-devtools-v102\4.4.0\selenium-devtools-v102-4.4.0.jar;C:\Users\MSI\.m2\repository\org\seleniumhq\selenium\selenium-devtools-v103\4.4.0\selenium-devtools-v103-4.4.0.jar;C:\Users\MSI\.m2\repository\org\seleniumhq\selenium\selenium-devtools-v104\4.4.0\selenium-devtools-v104-4.4.0.jar;C:\Users\MSI\.m2\repository\org\seleniumhq\selenium\selenium-devtools-v85\4.4.0\selenium-devtools-v85-4.4.0.jar;C:\Users\MSI\.m2\repository\org\seleniumhq\selenium\selenium-opera-driver\4.4.0\selenium-opera-driver-4.4.0.jar;C:\Users\MSI\.m2\repository\org\seleniumhq\selenium\selenium-remote-driver\4.4.0\selenium-remote-driver-4.4.0.jar;C:\Users\MSI\.m2\repository\com\beust\jcommander\1.82\jcommander-1.82.jar;C:\Users\MSI\.m2\repository\io\netty\netty-buffer\4.1.78.Final\netty-buffer-4.1.78.Final.jar;C:\Users\MSI\.m2\repository\io\netty\netty-codec-http\4.1.78.Final\netty-codec-http-4.1.78.Final.jar;C:\Users\MSI\.m2\repository\io\netty\netty-codec\4.1.78.Final\netty-codec-4.1.78.Final.jar;C:\Users\MSI\.m2\repository\io\netty\netty-handler\4.1.78.Final\netty-handler-4.1.78.Final.jar;C:\Users\MSI\.m2\repository\io\netty\netty-common\4.1.78.Final\netty-common-4.1.78.Final.jar;C:\Users\MSI\.m2\repository\io\netty\netty-transport-classes-epoll\4.1.78.Final\netty-transport-classes-epoll-4.1.78.Final.jar;C:\Users\MSI\.m2\repository\io\netty\netty-transport-classes-kqueue\4.1.78.Final\netty-transport-classes-kqueue-4.1.78.Final.jar;C:\Users\MSI\.m2\repository\io\netty\netty-transport-native-epoll\4.1.78.Final\netty-transport-native-epoll-4.1.78.Final.jar;C:\Users\MSI\.m2\repository\io\netty\netty-transport-native-kqueue\4.1.78.Final\netty-transport-native-kqueue-4.1.78.Final.jar;C:\Users\MSI\.m2\repository\io\netty\netty-transport-native-unix-common\4.1.78.Final\netty-transport-native-unix-common-4.1.78.Final.jar;C:\Users\MSI\.m2\repository\io\netty\netty-transport\4.1.78.Final\netty-transport-4.1.78.Final.jar;C:\Users\MSI\.m2\repository\io\netty\netty-resolver\4.1.78.Final\netty-resolver-4.1.78.Final.jar;C:\Users\MSI\.m2\repository\io\opentelemetry\opentelemetry-api\1.16.0\opentelemetry-api-1.16.0.jar;C:\Users\MSI\.m2\repository\io\opentelemetry\opentelemetry-context\1.16.0\opentelemetry-context-1.16.0.jar;C:\Users\MSI\.m2\repository\io\opentelemetry\opentelemetry-exporter-logging\1.16.0\opentelemetry-exporter-logging-1.16.0.jar;C:\Users\MSI\.m2\repository\io\opentelemetry\opentelemetry-sdk-metrics\1.16.0\opentelemetry-sdk-metrics-1.16.0.jar;C:\Users\MSI\.m2\repository\io\opentelemetry\opentelemetry-sdk-logs\1.16.0-alpha\opentelemetry-sdk-logs-1.16.0-alpha.jar;C:\Users\MSI\.m2\repository\io\opentelemetry\opentelemetry-sdk-common\1.16.0\opentelemetry-sdk-common-1.16.0.jar;C:\Users\MSI\.m2\repository\io\opentelemetry\opentelemetry-sdk-extension-autoconfigure-spi\1.16.0\opentelemetry-sdk-extension-autoconfigure-spi-1.16.0.jar;C:\Users\MSI\.m2\repository\io\opentelemetry\opentelemetry-sdk-extension-autoconfigure\1.16.0-alpha\opentelemetry-sdk-extension-autoconfigure-1.16.0-alpha.jar;C:\Users\MSI\.m2\repository\io\opentelemetry\opentelemetry-sdk-trace\1.16.0\opentelemetry-sdk-trace-1.16.0.jar;C:\Users\MSI\.m2\repository\io\opentelemetry\opentelemetry-sdk\1.16.0\opentelemetry-sdk-1.16.0.jar;C:\Users\MSI\.m2\repository\io\opentelemetry\opentelemetry-semconv\1.16.0-alpha\opentelemetry-semconv-1.16.0-alpha.jar;C:\Users\MSI\.m2\repository\io\ous\jtoml\2.0.0\jtoml-2.0.0.jar;C:\Users\MSI\.m2\repository\org\apache\commons\commons-exec\1.3\commons-exec-1.3.jar;C:\Users\MSI\.m2\repository\org\asynchttpclient\async-http-client\2.12.3\async-http-client-2.12.3.jar;C:\Users\MSI\.m2\repository\org\asynchttpclient\async-http-client-netty-utils\2.12.3\async-http-client-netty-utils-2.12.3.jar;C:\Users\MSI\.m2\repository\io\netty\netty-codec-socks\4.1.60.Final\netty-codec-socks-4.1.60.Final.jar;C:\Users\MSI\.m2\repository\io\netty\netty-handler-proxy\4.1.60.Final\netty-handler-proxy-4.1.60.Final.jar;C:\Users\MSI\.m2\repository\io\netty\netty-transport-native-epoll\4.1.60.Final\netty-transport-native-epoll-4.1.60.Final-linux-x86_64.jar;C:\Users\MSI\.m2\repository\io\netty\netty-transport-native-kqueue\4.1.60.Final\netty-transport-native-kqueue-4.1.60.Final-osx-x86_64.jar;C:\Users\MSI\.m2\repository\org\reactivestreams\reactive-streams\1.0.3\reactive-streams-1.0.3.jar;C:\Users\MSI\.m2\repository\com\typesafe\netty\netty-reactive-streams\2.0.4\netty-reactive-streams-2.0.4.jar;C:\Users\MSI\.m2\repository\org\seleniumhq\selenium\selenium-http\4.4.0\selenium-http-4.4.0.jar;C:\Users\MSI\.m2\repository\dev\failsafe\failsafe\3.2.4\failsafe-3.2.4.jar;C:\Users\MSI\.m2\repository\org\seleniumhq\selenium\selenium-safari-driver\4.4.0\selenium-safari-driver-4.4.0.jar;C:\Users\MSI\.m2\repository\org\seleniumhq\selenium\selenium-api\4.4.0\selenium-api-4.4.0.jar;C:\Users\MSI\.m2\repository\org\seleniumhq\selenium\selenium-support\4.4.0\selenium-support-4.4.0.jar;C:\Users\MSI\.m2\repository\com\google\auto\service\auto-service-annotations\1.0.1\auto-service-annotations-1.0.1.jar;C:\Users\MSI\.m2\repository\com\google\auto\service\auto-service\1.0.1\auto-service-1.0.1.jar;C:\Users\MSI\.m2\repository\com\google\auto\auto-common\1.2\auto-common-1.2.jar;C:\Users\MSI\.m2\repository\org\seleniumhq\selenium\selenium-json\4.4.0\selenium-json-4.4.0.jar;C:\Users\MSI\.m2\repository\org\seleniumhq\selenium\selenium-chrome-driver\4.4.0\selenium-chrome-driver-4.4.0.jar;C:\Users\MSI\.m2\repository\org\seleniumhq\selenium\selenium-chromium-driver\4.4.0\selenium-chromium-driver-4.4.0.jar;C:\Users\MSI\.m2\repository\org\seleniumhq\selenium\selenium-firefox-driver\4.4.0\selenium-firefox-driver-4.4.0.jar;C:\Users\MSI\.m2\repository\org\seleniumhq\selenium\selenium-edge-driver\4.4.0\selenium-edge-driver-4.4.0.jar;C:\Users\MSI\.m2\repository\org\seleniumhq\selenium\selenium-ie-driver\4.4.0\selenium-ie-driver-4.4.0.jar;C:\Users\MSI\.m2\repository\org\projectlombok\lombok\1.18.20\lombok-1.18.20.jar;C:\Users\MSI\.m2\repository\io\appium\java-client\8.1.1\java-client-8.1.1.jar;C:\Users\MSI\.m2\repository\commons-validator\commons-validator\1.7\commons-validator-1.7.jar;C:\Users\MSI\.m2\repository\commons-digester\commons-digester\2.1\commons-digester-2.1.jar;C:\Users\MSI\.m2\repository\org\apache\groovy\groovy\4.0.1\groovy-4.0.1.jar;C:\Users\MSI\.m2\repository\net\sf\opencsv\opencsv\2.0\opencsv-2.0.jar;C:\Users\MSI\.m2\repository\commons-beanutils\commons-beanutils\1.9.4\commons-beanutils-1.9.4.jar;C:\Users\MSI\.m2\repository\org\apache\commons\commons-lang3\3.12.0\commons-lang3-3.12.0.jar;C:\Users\MSI\.m2\repository\commons-collections\commons-collections\3.2.2\commons-collections-3.2.2.jar;C:\Users\MSI\.m2\repository\org\fluentlenium\fluentlenium-core\0.10.2\fluentlenium-core-0.10.2.jar;C:\Users\MSI\.m2\repository\io\github\bonigarcia\webdrivermanager\5.2.1\webdrivermanager-5.2.1.jar;C:\Users\MSI\.m2\repository\com\github\docker-java\docker-java\3.2.13\docker-java-3.2.13.jar;C:\Users\MSI\.m2\repository\com\github\docker-java\docker-java-core\3.2.13\docker-java-core-3.2.13.jar;C:\Users\MSI\.m2\repository\com\github\docker-java\docker-java-api\3.2.13\docker-java-api-3.2.13.jar;C:\Users\MSI\.m2\repository\org\apache\commons\commons-compress\1.21\commons-compress-1.21.jar;C:\Users\MSI\.m2\repository\org\bouncycastle\bcpkix-jdk15on\1.64\bcpkix-jdk15on-1.64.jar;C:\Users\MSI\.m2\repository\org\bouncycastle\bcprov-jdk15on\1.64\bcprov-jdk15on-1.64.jar;C:\Users\MSI\.m2\repository\org\slf4j\jcl-over-slf4j\1.7.30\jcl-over-slf4j-1.7.30.jar;C:\Users\MSI\.m2\repository\com\github\docker-java\docker-java-transport-httpclient5\3.2.13\docker-java-transport-httpclient5-3.2.13.jar;C:\Users\MSI\.m2\repository\com\github\docker-java\docker-java-transport\3.2.13\docker-java-transport-3.2.13.jar;C:\Users\MSI\.m2\repository\net\java\dev\jna\jna\5.8.0\jna-5.8.0.jar;C:\Users\MSI\.m2\repository\org\brotli\dec\0.1.2\dec-0.1.2.jar;C:\Users\MSI\.m2\repository\org\apache\httpcomponents\client5\httpclient5\5.1.3\httpclient5-5.1.3.jar;C:\Users\MSI\.m2\repository\org\apache\httpcomponents\core5\httpcore5\5.1.3\httpcore5-5.1.3.jar;C:\Users\MSI\.m2\repository\org\apache\httpcomponents\core5\httpcore5-h2\5.1.3\httpcore5-h2-5.1.3.jar;C:\Users\MSI\.m2\repository\com\jhlabs\filters\2.0.235\filters-2.0.235.jar;C:\Users\MSI\.m2\repository\com\paulhammant\ngwebdriver\1.1.6\ngwebdriver-1.1.6.jar;C:\Users\MSI\.m2\repository\joda-time\joda-time\2.8.2\joda-time-2.8.2.jar;C:\Users\MSI\.m2\repository\org\hamcrest\hamcrest\2.2\hamcrest-2.2.jar;C:\Users\MSI\.m2\repository\com\google\jimfs\jimfs\1.2\jimfs-1.2.jar;C:\Users\MSI\.m2\repository\org\mockito\mockito-core\3.3.3\mockito-core-3.3.3.jar;C:\Users\MSI\.m2\repository\javax\xml\bind\jaxb-api\2.3.1\jaxb-api-2.3.1.jar;C:\Users\MSI\.m2\repository\javax\activation\javax.activation-api\1.2.0\javax.activation-api-1.2.0.jar;C:\Users\MSI\.m2\repository\com\sun\xml\bind\jaxb-core\2.3.0.1\jaxb-core-2.3.0.1.jar;C:\Users\MSI\.m2\repository\com\sun\xml\bind\jaxb-impl\2.3.3\jaxb-impl-2.3.3.jar;C:\Users\MSI\.m2\repository\jakarta\xml\bind\jakarta.xml.bind-api\2.3.3\jakarta.xml.bind-api-2.3.3.jar;C:\Users\MSI\.m2\repository\com\sun\activation\jakarta.activation\1.2.2\jakarta.activation-1.2.2.jar;C:\Users\MSI\.m2\repository\javax\activation\activation\1.1.1\activation-1.1.1.jar;C:\Users\MSI\.m2\repository\net\serenity-bdd\serenity-cucumber\3.3.4\serenity-cucumber-3.3.4.jar;C:\Users\MSI\.m2\repository\io\cucumber\cucumber-core\7.4.1\cucumber-core-7.4.1.jar;C:\Users\MSI\.m2\repository\io\cucumber\cucumber-gherkin\7.4.1\cucumber-gherkin-7.4.1.jar;C:\Users\MSI\.m2\repository\io\cucumber\cucumber-gherkin-messages\7.4.1\cucumber-gherkin-messages-7.4.1.jar;C:\Users\MSI\.m2\repository\io\cucumber\gherkin\23.0.1\gherkin-23.0.1.jar;C:\Users\MSI\.m2\repository\io\cucumber\messages\18.0.0\messages-18.0.0.jar;C:\Users\MSI\.m2\repository\io\cucumber\tag-expressions\4.1.0\tag-expressions-4.1.0.jar;C:\Users\MSI\.m2\repository\io\cucumber\cucumber-expressions\16.0.0\cucumber-expressions-16.0.0.jar;C:\Users\MSI\.m2\repository\io\cucumber\datatable\7.4.1\datatable-7.4.1.jar;C:\Users\MSI\.m2\repository\io\cucumber\cucumber-plugin\7.4.1\cucumber-plugin-7.4.1.jar;C:\Users\MSI\.m2\repository\io\cucumber\docstring\7.4.1\docstring-7.4.1.jar;C:\Users\MSI\.m2\repository\io\cucumber\html-formatter\19.2.0\html-formatter-19.2.0.jar;C:\Users\MSI\.m2\repository\io\cucumber\ci-environment\9.0.4\ci-environment-9.0.4.jar;C:\Users\MSI\.m2\repository\io\cucumber\cucumber-java\7.4.1\cucumber-java-7.4.1.jar;C:\Users\MSI\.m2\repository\io\cucumber\cucumber-junit\7.4.1\cucumber-junit-7.4.1.jar;C:\Users\MSI\.m2\repository\org\apache\commons\commons-csv\1.5\commons-csv-1.5.jar;C:\Users\MSI\.m2\repository\net\serenity-bdd\serenity-screenplay\3.3.4\serenity-screenplay-3.3.4.jar;C:\Users\MSI\.m2\repository\net\serenity-bdd\serenity-screenplay-webdriver\3.3.4\serenity-screenplay-webdriver-3.3.4.jar;C:\Users\MSI\.m2\repository\net\serenity-bdd\serenity-ensure\3.3.4\serenity-ensure-3.3.4.jar;C:\Users\MSI\.m2\repository\net\serenity-bdd\serenity-junit\3.3.4\serenity-junit-3.3.4.jar;C:\Users\MSI\.m2\repository\org\jetbrains\kotlin\kotlin-stdlib\1.7.10\kotlin-stdlib-1.7.10.jar;C:\Users\MSI\.m2\repository\org\jetbrains\kotlin\kotlin-stdlib-common\1.7.10\kotlin-stdlib-common-1.7.10.jar;C:\Users\MSI\.m2\repository\org\jetbrains\annotations\13.0\annotations-13.0.jar;C:\Users\MSI\.m2\repository\org\junit\platform\junit-platform-launcher\1.8.2\junit-platform-launcher-1.8.2.jar;C:\Users\MSI\.m2\repository\org\junit\platform\junit-platform-engine\1.8.2\junit-platform-engine-1.8.2.jar;C:\Users\MSI\.m2\repository\org\opentest4j\opentest4j\1.2.0\opentest4j-1.2.0.jar;C:\Users\MSI\.m2\repository\org\junit\platform\junit-platform-commons\1.8.2\junit-platform-commons-1.8.2.jar;C:\Users\MSI\.m2\repository\org\apiguardian\apiguardian-api\1.1.2\apiguardian-api-1.1.2.jar;C:\Users\MSI\.m2\repository\org\junit\jupiter\junit-jupiter-engine\5.8.2\junit-jupiter-engine-5.8.2.jar;C:\Users\MSI\.m2\repository\org\junit\jupiter\junit-jupiter-api\5.8.2\junit-jupiter-api-5.8.2.jar;C:\Users\MSI\.m2\repository\org\junit\vintage\junit-vintage-engine\5.8.2\junit-vintage-engine-5.8.2.jar;C:\Users\MSI\.m2\repository\junit\junit\4.13.2\junit-4.13.2.jar;C:\Users\MSI\.m2\repository\org\hamcrest\hamcrest-core\1.3\hamcrest-core-1.3.jar;C:\Users\MSI\.m2\repository\ch\qos\logback\logback-classic\1.2.10\logback-classic-1.2.10.jar;C:\Users\MSI\.m2\repository\ch\qos\logback\logback-core\1.2.10\logback-core-1.2.10.jar;C:\Users\MSI\.m2\repository\org\slf4j\slf4j-api\1.7.32\slf4j-api-1.7.32.jar;C:\Users\MSI\.m2\repository\org\assertj\assertj-core\3.23.1\assertj-core-3.23.1.jar;C:\Users\MSI\.m2\repository\net\bytebuddy\byte-buddy\1.12.10\byte-buddy-1.12.10.jar;C:\Users\MSI\.m2\repository\org\apache\maven\surefire\surefire-junit-platform\3.0.0-M5\surefire-junit-platform-3.0.0-M5.jar;C:\Users\MSI\.m2\repository\org\apache\maven\surefire\common-java5\3.0.0-M5\common-java5-3.0.0-M5.jar"/>
    <property name="user.script" value=""/>
    <property name="java.protocol.handler.pkgs" value="com.google.common"/>
    <property name="sun.management.compiler" value="HotSpot 64-Bit Tiered Compilers"/>
    <property name="java.runtime.version" value="11.0.15+8-LTS-149"/>
    <property name="user.name" value="MSI"/>
    <property name="path.separator" value=";"/>
    <property name="os.version" value="10.0"/>
    <property name="java.runtime.name" value="Java(TM) SE Runtime Environment"/>
    <property name="file.encoding" value="Cp1252"/>
    <property name="webdriver.base.url" value=""/>
    <property name="java.vm.name" value="Java HotSpot(TM) 64-Bit Server VM"/>
    <property name="java.vendor.version" value="18.9"/>
    <property name="localRepository" value="C:\Users\MSI\.m2\repository"/>
    <property name="java.vendor.url.bug" value="https://bugreport.java.com/bugreport/"/>
    <property name="java.io.tmpdir" value="C:\Users\MSI\AppData\Local\Temp\"/>
    <property name="java.version" value="11.0.15"/>
    <property name="user.dir" value="C:\Users\MSI\Downloads\serenityBDD-master\ProyectoSerenityBDD"/>
    <property name="os.arch" value="amd64"/>
    <property name="java.vm.specification.name" value="Java Virtual Machine Specification"/>
    <property name="java.awt.printerjob" value="sun.awt.windows.WPrinterJob"/>
    <property name="sun.os.patch.level" value=""/>
    <property name="java.library.path" value="C:\Program Files\Java\jdk-11.0.15\bin;C:\WINDOWS\Sun\Java\bin;C:\WINDOWS\system32;C:\WINDOWS;C:\Program Files\Microsoft MPI\Bin\;C:\Program Files\Common Files\Oracle\Java\javapath;C:\Program Files (x86)\Common Files\Oracle\Java\javapath;C:\Windows\system32;C:\Windows;C:\Windows\System32\Wbem;C:\Windows\System32\WindowsPowerShell\v1.0\;C:\Windows\System32\OpenSSH\;C:\Program Files (x86)\NVIDIA Corporation\PhysX\Common;C:\Program Files\Git\cmd;C:\Program Files\Microsoft SQL Server\150\Tools\Binn\;C:\WINDOWS\system32;C:\WINDOWS;C:\WINDOWS\System32\Wbem;C:\WINDOWS\System32\WindowsPowerShell\v1.0\;C:\WINDOWS\System32\OpenSSH\;C:\Program Files\nodejs\;C:\Program Files\dotnet\;C:\Program Files\Microsoft SQL Server\130\Tools\Binn\;C:\Program Files\Microsoft SQL Server\Client SDK\ODBC\170\Tools\Binn\;C:\Program Files (x86)\Microsoft SQL Server\150\DTS\Binn\;C:\Program Files (x86)\Microsoft SQL Server\110\DTS\Binn\;C:\Program Files (x86)\Microsoft SQL Server\120\DTS\Binn\;C:\Program Files (x86)\Microsoft SQL Server\130\DTS\Binn\;C:\Program Files (x86)\Microsoft SQL Server\140\DTS\Binn\;C:\Program Files (x86)\Microsoft SQL Server\160\DTS\Binn\;C:\Program Files (x86)\Microsoft SQL Server\130\Tools\Binn\;C:\Program Files\Microsoft SQL Server\130\DTS\Binn\;C:\Program Files\Microsoft SQL Server\Client SDK\ODBC\130\Tools\Binn\;C:\xampp\php;C:\ProgramData\ComposerSetup\bin;C:\Users\MSI\AppData\Local\Microsoft\WindowsApps;C:\Program Files\MongoDB\Server\5.0\bin;C:\Users\MSI\AppData\Local\GitHubDesktop\bin;C:\Program Files\Java\jdk1.8.0_333;C:\Program Files\Java\jdk1.8.0_333\bin;C:\Program Files\Java\jre1.8.0_333;C:\Program Files\Java\jre1.8.0_333\bin;C:\gradle-7.4.1\bin;C:\Users\MSI\AppData\Roaming\npm;C:\apache-maven-3.8.7\bin;C:\Users\MSI\AppData\Local\Programs\Microsoft VS Code\bin;C:\Users\MSI\.dotnet\tools;C:\Users\MSI\AppData\Roaming\Composer\vendor\bin;."/>
    <property name="java.vendor" value="Oracle Corporation"/>
    <property name="java.vm.info" value="mixed mode"/>
    <property name="java.vm.version" value="11.0.15+8-LTS-149"/>
    <property name="sun.io.unicode.encoding" value="UnicodeLittle"/>
    <property name="java.class.version" value="55.0"/>
  </properties>
  <testcase name="Validar que make appointment fue exitosa #1" classname="Funcionalidad make appointment" time="11.426">
    <system-out><![CDATA[19:24:11.835 [main] DEBUG net.thucydides.core.guice.Injectors - Created injector for module net.thucydides.core.guice.ThucydidesModule
19:24:12.000 [main] INFO io.cucumber.core.plugin.SerenityReporter - Running feature from file:///C:/Users/MSI/Downloads/serenityBDD-master/ProyectoSerenityBDD/src/test/resources/features/loginkatalon.feature
19:24:12.126 [main] DEBUG net.thucydides.core.guice.Injectors - Created injector for module net.thucydides.core.guice.webdriver.WebDriverModule
19:24:12.144 [main] INFO  - 

-------------------------------------------------------------------------------------
     _______. _______ .______       _______ .__   __.  __  .___________.____    ____ 
    /       ||   ____||   _  \     |   ____||  \ |  | |  | |           |\   \  /   / 
   |   (----`|  |__   |  |_)  |    |  |__   |   \|  | |  | `---|  |----` \   \/   /  
    \   \    |   __|  |      /     |   __|  |  . `  | |  |     |  |       \_    _/   
.----)   |   |  |____ |  |\  \----.|  |____ |  |\   | |  |     |  |         |  |     
|_______/    |_______|| _| `._____||_______||__| \__| |__|     |__|         |__|    
                                                                                     
 News and tutorials at http://www.serenity-bdd.info                                  
 Documentation at https://wakaleo.gitbooks.io/the-serenity-book/content/             
 Join the Serenity Community on Gitter: https://gitter.im/serenity-bdd/serenity-core 
 Serenity BDD Support and Training at http://serenity-bdd.info/#/trainingandsupport  
-------------------------------------------------------------------------------------

19:24:12.146 [main] DEBUG net.thucydides.core.steps.StepEventBus - Test suite started for story net.thucydides.core.model.Story@f092bf87
19:24:12.147 [main] INFO  - Test Suite Started: Funcionalidad make appointment
19:24:12.156 [main] INFO io.cucumber.core.plugin.SerenityReporter - Running feature from file:///C:/Users/MSI/Downloads/serenityBDD-master/ProyectoSerenityBDD/src/test/resources/features/loginkatalon.feature
19:24:12.159 [main] DEBUG net.thucydides.core.steps.StepEventBus - Test suite started for story net.thucydides.core.model.Story@f092bf87
19:24:12.159 [main] INFO  - Test Suite Started: Funcionalidad make appointment
19:24:12.215 [main] INFO io.cucumber.core.plugin.SerenityReporter - Running feature from file:///C:/Users/MSI/Downloads/serenityBDD-master/ProyectoSerenityBDD/src/test/resources/features/loginkatalon.feature
19:24:12.312 [main] INFO  - 
  _____   ___   ___   _____     ___   _____     _     ___   _____   ___   ___  
 |_   _| | __| / __| |_   _|   / __| |_   _|   /_\   | _ \ |_   _| | __| |   \ 
   | |   | _|  \__ \   | |     \__ \   | |    / _ \  |   /   | |   | _|  | |) |
   |_|   |___| |___/   |_|     |___/   |_|   /_/ \_\ |_|_\   |_|   |___| |___/ 

Validar que make appointment fue exitosa(funcionalidad-make-appointment;validar-que-make-appointment-fue-exitosa)
--------------------------------------------------------------------------------
19:24:13.066 [main] INFO net.serenitybdd.core.webdriver.driverproviders.DriverProvider - Using WebDriverManager configuration for chrome
19:24:13.327 [main] DEBUG io.github.bonigarcia.wdm.cache.ResolutionCache - Resolution chrome=108 in cache (valid until 20:22:52 11/01/2023 COT)
19:24:13.328 [main] DEBUG io.github.bonigarcia.wdm.cache.ResolutionCache - Resolution chrome108=108.0.5359.71 in cache (valid until 10:17:15 12/01/2023 COT)
19:24:13.328 [main] INFO io.github.bonigarcia.wdm.WebDriverManager - Using chromedriver 108.0.5359.71 (resolved driver for Chrome 108)
19:24:13.339 [main] DEBUG io.github.bonigarcia.wdm.WebDriverManager - Driver chromedriver 108.0.5359.71 found in cache
19:24:13.340 [main] INFO io.github.bonigarcia.wdm.WebDriverManager - Exporting webdriver.chrome.driver as C:\Users\MSI\.cache\selenium\chromedriver\win32\108.0.5359.71\chromedriver.exe
19:24:13.409 [main] INFO net.serenitybdd.core.webdriver.driverproviders.ChromeDriverProvider - Starting Chrome driver instance with capabilities:
19:24:13.411 [main] INFO net.serenitybdd.core.webdriver.driverproviders.ChromeDriverProvider - Capabilities {acceptInsecureCerts: false, browserName: chrome, goog:chromeOptions: {args: [], extensions: []}}
19:24:13.460 [main] DEBUG io.netty.util.internal.logging.InternalLoggerFactory - Using SLF4J as the default logging framework
19:24:13.462 [main] DEBUG io.netty.util.ResourceLeakDetector - -Dio.netty.leakDetection.level: simple
19:24:13.462 [main] DEBUG io.netty.util.ResourceLeakDetector - -Dio.netty.leakDetection.targetRecords: 4
19:24:13.465 [main] DEBUG io.netty.util.ResourceLeakDetectorFactory - Loaded default ResourceLeakDetector: io.netty.util.ResourceLeakDetector@9f2376f
19:24:13.478 [main] DEBUG io.netty.util.internal.PlatformDependent0 - -Dio.netty.noUnsafe: false
19:24:13.478 [main] DEBUG io.netty.util.internal.PlatformDependent0 - Java version: 11
19:24:13.479 [main] DEBUG io.netty.util.internal.PlatformDependent0 - sun.misc.Unsafe.theUnsafe: available
19:24:13.480 [main] DEBUG io.netty.util.internal.PlatformDependent0 - sun.misc.Unsafe.copyMemory: available
19:24:13.480 [main] DEBUG io.netty.util.internal.PlatformDependent0 - sun.misc.Unsafe.storeFence: available
19:24:13.480 [main] DEBUG io.netty.util.internal.PlatformDependent0 - java.nio.Buffer.address: available
19:24:13.481 [main] DEBUG io.netty.util.internal.PlatformDependent0 - direct buffer constructor: unavailable: Reflective setAccessible(true) disabled
19:24:13.481 [main] DEBUG io.netty.util.internal.PlatformDependent0 - java.nio.Bits.unaligned: available, true
19:24:13.482 [main] DEBUG io.netty.util.internal.PlatformDependent0 - jdk.internal.misc.Unsafe.allocateUninitializedArray(int): unavailable: class io.netty.util.internal.PlatformDependent0$7 cannot access class jdk.internal.misc.Unsafe (in module java.base) because module java.base does not export jdk.internal.misc to unnamed module @5f577419
19:24:13.483 [main] DEBUG io.netty.util.internal.PlatformDependent0 - java.nio.DirectByteBuffer.<init>(long, int): unavailable
19:24:13.483 [main] DEBUG io.netty.util.internal.PlatformDependent - sun.misc.Unsafe: available
19:24:13.484 [main] DEBUG io.netty.util.internal.PlatformDependent - maxDirectMemory: 4248829952 bytes (maybe)
19:24:13.484 [main] DEBUG io.netty.util.internal.PlatformDependent - -Dio.netty.tmpdir: C:\Users\MSI\AppData\Local\Temp (java.io.tmpdir)
19:24:13.484 [main] DEBUG io.netty.util.internal.PlatformDependent - -Dio.netty.bitMode: 64 (sun.arch.data.model)
19:24:13.485 [main] DEBUG io.netty.util.internal.PlatformDependent - Platform: Windows
19:24:13.485 [main] DEBUG io.netty.util.internal.PlatformDependent - -Dio.netty.maxDirectMemory: -1 bytes
19:24:13.485 [main] DEBUG io.netty.util.internal.PlatformDependent - -Dio.netty.uninitializedArrayAllocationThreshold: -1
19:24:13.486 [main] DEBUG io.netty.util.internal.CleanerJava9 - java.nio.ByteBuffer.cleaner(): available
19:24:13.486 [main] DEBUG io.netty.util.internal.PlatformDependent - -Dio.netty.noPreferDirect: false
19:24:13.491 [main] DEBUG io.netty.util.internal.PlatformDependent - org.jctools-core.MpscChunkedArrayQueue: available
19:24:13.504 [main] DEBUG io.netty.util.internal.InternalThreadLocalMap - -Dio.netty.threadLocalMap.stringBuilder.initialSize: 1024
19:24:13.504 [main] DEBUG io.netty.util.internal.InternalThreadLocalMap - -Dio.netty.threadLocalMap.stringBuilder.maxSize: 4096
19:24:13.520 [main] DEBUG io.netty.handler.ssl.JdkSslContext - Default protocols (JDK): [TLSv1.3, TLSv1.2] 
19:24:13.520 [main] DEBUG io.netty.handler.ssl.JdkSslContext - Default cipher suites (JDK): [TLS_ECDHE_ECDSA_WITH_AES_256_GCM_SHA384, TLS_ECDHE_ECDSA_WITH_AES_128_GCM_SHA256, TLS_ECDHE_RSA_WITH_AES_128_GCM_SHA256, TLS_ECDHE_RSA_WITH_AES_256_GCM_SHA384, TLS_ECDHE_RSA_WITH_AES_128_CBC_SHA, TLS_ECDHE_RSA_WITH_AES_256_CBC_SHA, TLS_RSA_WITH_AES_128_GCM_SHA256, TLS_RSA_WITH_AES_128_CBC_SHA, TLS_RSA_WITH_AES_256_CBC_SHA, TLS_AES_128_GCM_SHA256, TLS_AES_256_GCM_SHA384]
19:24:13.538 [main] DEBUG io.netty.channel.MultithreadEventLoopGroup - -Dio.netty.eventLoopThreads: 24
19:24:13.544 [main] DEBUG io.netty.channel.nio.NioEventLoop - -Dio.netty.noKeySetOptimization: false
19:24:13.544 [main] DEBUG io.netty.channel.nio.NioEventLoop - -Dio.netty.selectorAutoRebuildThreshold: 512
19:24:13.575 [main] DEBUG io.netty.buffer.PooledByteBufAllocator - -Dio.netty.allocator.numHeapArenas: 24
19:24:13.575 [main] DEBUG io.netty.buffer.PooledByteBufAllocator - -Dio.netty.allocator.numDirectArenas: 24
19:24:13.575 [main] DEBUG io.netty.buffer.PooledByteBufAllocator - -Dio.netty.allocator.pageSize: 8192
19:24:13.575 [main] DEBUG io.netty.buffer.PooledByteBufAllocator - -Dio.netty.allocator.maxOrder: 9
19:24:13.575 [main] DEBUG io.netty.buffer.PooledByteBufAllocator - -Dio.netty.allocator.chunkSize: 4194304
19:24:13.575 [main] DEBUG io.netty.buffer.PooledByteBufAllocator - -Dio.netty.allocator.smallCacheSize: 256
19:24:13.575 [main] DEBUG io.netty.buffer.PooledByteBufAllocator - -Dio.netty.allocator.normalCacheSize: 64
19:24:13.575 [main] DEBUG io.netty.buffer.PooledByteBufAllocator - -Dio.netty.allocator.maxCachedBufferCapacity: 32768
19:24:13.576 [main] DEBUG io.netty.buffer.PooledByteBufAllocator - -Dio.netty.allocator.cacheTrimInterval: 8192
19:24:13.576 [main] DEBUG io.netty.buffer.PooledByteBufAllocator - -Dio.netty.allocator.cacheTrimIntervalMillis: 0
19:24:13.576 [main] DEBUG io.netty.buffer.PooledByteBufAllocator - -Dio.netty.allocator.useCacheForAllThreads: false
19:24:13.576 [main] DEBUG io.netty.buffer.PooledByteBufAllocator - -Dio.netty.allocator.maxCachedByteBuffersPerChunk: 1023
19:24:13.583 [main] DEBUG io.netty.buffer.ByteBufUtil - -Dio.netty.allocator.type: pooled
19:24:13.583 [main] DEBUG io.netty.buffer.ByteBufUtil - -Dio.netty.threadLocalDirectBufferSize: 0
19:24:13.583 [main] DEBUG io.netty.buffer.ByteBufUtil - -Dio.netty.maxThreadLocalCharBufferSize: 16384
19:24:14.273 [Forwarding newSession on session null to remote] DEBUG io.netty.channel.DefaultChannelId - -Dio.netty.processId: 23648 (auto-detected)
19:24:14.275 [Forwarding newSession on session null to remote] DEBUG io.netty.util.NetUtil - -Djava.net.preferIPv4Stack: false
19:24:14.275 [Forwarding newSession on session null to remote] DEBUG io.netty.util.NetUtil - -Djava.net.preferIPv6Addresses: false
19:24:14.359 [Forwarding newSession on session null to remote] DEBUG io.netty.util.NetUtilInitializations - Loopback interface: lo (Software Loopback Interface 1, 127.0.0.1)
19:24:14.360 [Forwarding newSession on session null to remote] DEBUG io.netty.util.NetUtil - Failed to get SOMAXCONN from sysctl and file \proc\sys\net\core\somaxconn. Default: 200
19:24:14.447 [Forwarding newSession on session null to remote] DEBUG io.netty.channel.DefaultChannelId - -Dio.netty.machineId: 34:c9:3d:ff:fe:a7:bc:d7 (auto-detected)
19:24:14.483 [AsyncHttpClient-1-2] DEBUG io.netty.buffer.AbstractByteBuf - -Dio.netty.buffer.checkAccessible: true
19:24:14.484 [AsyncHttpClient-1-2] DEBUG io.netty.buffer.AbstractByteBuf - -Dio.netty.buffer.checkBounds: true
19:24:14.484 [AsyncHttpClient-1-2] DEBUG io.netty.util.ResourceLeakDetectorFactory - Loaded default ResourceLeakDetector: io.netty.util.ResourceLeakDetector@7d17f8c2
19:24:14.494 [AsyncHttpClient-1-2] DEBUG org.asynchttpclient.netty.channel.NettyConnectListener - Using new Channel '[id: 0xcce9decb, L:/127.0.0.1:61759 - R:localhost/127.0.0.1:54663]' for 'POST' to '/session'
19:24:14.506 [AsyncHttpClient-1-2] DEBUG io.netty.util.Recycler - -Dio.netty.recycler.maxCapacityPerThread: 4096
19:24:14.506 [AsyncHttpClient-1-2] DEBUG io.netty.util.Recycler - -Dio.netty.recycler.ratio: 8
19:24:14.506 [AsyncHttpClient-1-2] DEBUG io.netty.util.Recycler - -Dio.netty.recycler.chunkSize: 32
19:24:14.506 [AsyncHttpClient-1-2] DEBUG io.netty.util.Recycler - -Dio.netty.recycler.blocking: false
19:24:14.988 [AsyncHttpClient-1-2] DEBUG io.netty.handler.codec.compression.Brotli - brotli4j not in the classpath; Brotli support will be unavailable.
19:24:14.988 [AsyncHttpClient-1-2] DEBUG org.asynchttpclient.netty.handler.HttpHandler - 

Request DefaultHttpRequest(decodeResult: success, version: HTTP/1.1)
POST /session HTTP/1.1
User-Agent: selenium/4.4.0 (java windows)
Content-Length: 437
Content-Type: application/json; charset=utf-8
host: localhost:54663
accept: */*

Response DefaultHttpResponse(decodeResult: success, version: HTTP/1.1)
HTTP/1.1 200 OK
Content-Type: application/json; charset=utf-8
cache-control: no-cache
content-length: 788

19:24:14.993 [AsyncHttpClient-1-2] DEBUG org.asynchttpclient.netty.channel.ChannelManager - Adding key: http://localhost:54663 for channel [id: 0xcce9decb, L:/127.0.0.1:61759 - R:localhost/127.0.0.1:54663]
19:24:15.049 [AsyncHttpClient-1-3] DEBUG org.asynchttpclient.netty.channel.NettyConnectListener - Using new Channel '[id: 0x5ad97065, L:/127.0.0.1:61766 - R:localhost/127.0.0.1:61760]' for 'GET' to '/json/version'
19:24:15.051 [AsyncHttpClient-1-3] DEBUG org.asynchttpclient.netty.handler.HttpHandler - 

Request DefaultFullHttpRequest(decodeResult: success, version: HTTP/1.1, content: EmptyByteBufBE)
GET /json/version HTTP/1.1
User-Agent: selenium/4.4.0 (java windows)
host: localhost:61760
accept: */*

Response DefaultHttpResponse(decodeResult: success, version: HTTP/1.1)
HTTP/1.1 200 OK
Content-Type: application/json; charset=UTF-8
content-length: 424

19:24:15.052 [AsyncHttpClient-1-3] DEBUG org.asynchttpclient.netty.channel.ChannelManager - Adding key: http://localhost:61760 for channel [id: 0x5ad97065, L:/127.0.0.1:61766 - R:localhost/127.0.0.1:61760]
19:24:15.058 [main] DEBUG io.netty.util.internal.ThreadLocalRandom - -Dio.netty.initialSeedUniquifier: 0x32f8f96a07d98566
19:24:15.061 [AsyncHttpClient-1-4] DEBUG org.asynchttpclient.netty.channel.NettyConnectListener - Using new Channel '[id: 0xc9e26314, L:/127.0.0.1:61767 - R:localhost/127.0.0.1:61760]' for 'GET' to '/devtools/browser/1f410209-d7ef-4144-a78e-0fc2a9598f3d'
19:24:15.063 [AsyncHttpClient-1-4] DEBUG org.asynchttpclient.netty.handler.WebSocketHandler - 

Request DefaultFullHttpRequest(decodeResult: success, version: HTTP/1.1, content: EmptyByteBufBE)
GET /devtools/browser/1f410209-d7ef-4144-a78e-0fc2a9598f3d HTTP/1.1
upgrade: websocket
connection: upgrade
sec-websocket-key: nHKbThm5ewLO7tB7ynQWAA==
sec-websocket-version: 13
origin: http://localhost:61760
host: localhost:61760
accept: */*
user-agent: AHC/2.1

Response DefaultHttpResponse(decodeResult: success, version: HTTP/1.1)
HTTP/1.1 101 WebSocket Protocol Handshake
Upgrade: WebSocket
Connection: Upgrade
Sec-WebSocket-Accept: bgRRzo2hYEg+QvT908tXzoDJZBA=

19:24:15.585 [main] DEBUG net.thucydides.core.reflection.ClassFinder - Could not load class .actions.SelectOptions
19:24:15.585 [main] DEBUG net.thucydides.core.reflection.ClassFinder - Could not load class .pageobject.Appointment
19:24:15.585 [main] DEBUG net.thucydides.core.reflection.ClassFinder - Could not load class .pageobject.Home
19:24:15.585 [main] DEBUG net.thucydides.core.reflection.ClassFinder - Could not load class .pageobject.Login
19:24:15.585 [main] DEBUG net.thucydides.core.reflection.ClassFinder - Could not load class .pageobject.MakeAppointment
19:24:15.585 [main] DEBUG net.thucydides.core.reflection.ClassFinder - Could not load class .runners.CucumberTestSuite
19:24:15.585 [main] DEBUG net.thucydides.core.reflection.ClassFinder - Could not load class .stepsdefinitions.AppointmentStepsDefinitions
19:24:15.586 [main] DEBUG net.thucydides.core.reflection.ClassFinder - Could not load class META-INF.versions.9.com.sun.istack.logging.StackHelper
19:24:15.586 [main] DEBUG net.thucydides.core.reflection.ClassFinder - Could not load class META-INF.versions.9.com.sun.xml.bind.v2.runtime.reflect.opt.AccessorInjector
19:24:15.587 [main] DEBUG net.thucydides.core.reflection.ClassFinder - Could not load class META-INF.versions.9.com.sun.xml.bind.v2.runtime.reflect.opt.Injector
19:24:15.587 [main] DEBUG net.thucydides.core.reflection.ClassFinder - Could not load class META-INF.versions.9.com.sun.xml.bind.v2.runtime.reflect.opt.OptimizedAccessorFactory
19:24:15.587 [main] DEBUG net.thucydides.core.reflection.ClassFinder - Could not load class META-INF.versions.9.com.sun.xml.bind.v2.runtime.reflect.opt.OptimizedTransducedAccessorFactory
19:24:15.587 [main] DEBUG net.thucydides.core.reflection.ClassFinder - Could not load class META-INF.versions.9.io.opentelemetry.sdk.internal.CurrentJavaVersionSpecific
19:24:15.588 [main] DEBUG net.thucydides.core.reflection.ClassFinder - Could not load class META-INF.versions.9.io.opentelemetry.sdk.internal.Java9VersionSpecific
19:24:15.588 [main] DEBUG net.thucydides.core.reflection.ClassFinder - Could not load class META-INF.versions.9.javax.xml.bind.ModuleUtil
19:24:15.588 [main] DEBUG net.thucydides.core.reflection.ClassFinder - Could not load class META-INF.versions.9.module-info
19:24:15.589 [main] DEBUG net.thucydides.core.reflection.ClassFinder - Could not load class META-INF.versions.9.org.junit.platform.commons.util.ModuleUtils
19:24:15.705 [AsyncHttpClient-1-1] DEBUG org.asynchttpclient.netty.channel.DefaultChannelPool - Entry count for : http://localhost:61760 : 1
19:24:15.705 [AsyncHttpClient-1-1] DEBUG org.asynchttpclient.netty.channel.DefaultChannelPool - Entry count for : http://localhost:54663 : 1
19:24:15.887 [main] DEBUG net.thucydides.core.reflection.ClassFinder - Could not load class com.google.gson.internal.
19:24:16.033 [main] DEBUG net.thucydides.core.reflection.ClassFinder - Could not load class com.sun.xml.bind.v2.runtime.output.FastInfosetStreamWriterOutput
19:24:16.369 [main] DEBUG net.thucydides.core.reflection.ClassFinder - Could not load class module-info
19:24:16.800 [AsyncHttpClient-1-1] DEBUG org.asynchttpclient.netty.channel.DefaultChannelPool - Entry count for : http://localhost:61760 : 1
19:24:16.800 [AsyncHttpClient-1-1] DEBUG org.asynchttpclient.netty.channel.DefaultChannelPool - Entry count for : http://localhost:54663 : 1
19:24:17.896 [AsyncHttpClient-1-1] DEBUG org.asynchttpclient.netty.channel.DefaultChannelPool - Entry count for : http://localhost:61760 : 1
19:24:17.896 [AsyncHttpClient-1-1] DEBUG org.asynchttpclient.netty.channel.DefaultChannelPool - Entry count for : http://localhost:54663 : 1
19:24:18.731 [Forwarding get on session f1159ae19cd38a284a7ec906ee09453e to remote] DEBUG org.asynchttpclient.netty.request.NettyRequestSender - Using pooled Channel '[id: 0xcce9decb, L:/127.0.0.1:61759 - R:localhost/127.0.0.1:54663]' for 'POST' to 'http://localhost:54663/session/f1159ae19cd38a284a7ec906ee09453e/url'
19:24:18.731 [Forwarding get on session f1159ae19cd38a284a7ec906ee09453e to remote] DEBUG org.asynchttpclient.netty.request.NettyRequestSender - Using open Channel [id: 0xcce9decb, L:/127.0.0.1:61759 - R:localhost/127.0.0.1:54663] for POST '/session/f1159ae19cd38a284a7ec906ee09453e/url'
19:24:18.996 [AsyncHttpClient-1-1] DEBUG org.asynchttpclient.netty.channel.DefaultChannelPool - Entry count for : http://localhost:61760 : 1
19:24:20.104 [AsyncHttpClient-1-1] DEBUG org.asynchttpclient.netty.channel.DefaultChannelPool - Entry count for : http://localhost:61760 : 1
19:24:20.143 [AsyncHttpClient-1-2] DEBUG org.asynchttpclient.netty.handler.HttpHandler - 

Request DefaultHttpRequest(decodeResult: success, version: HTTP/1.1)
POST /session/f1159ae19cd38a284a7ec906ee09453e/url HTTP/1.1
User-Agent: selenium/4.4.0 (java windows)
Content-Length: 70
Content-Type: application/json; charset=utf-8
host: localhost:54663
accept: */*

Response DefaultHttpResponse(decodeResult: success, version: HTTP/1.1)
HTTP/1.1 200 OK
Content-Type: application/json; charset=utf-8
cache-control: no-cache
content-length: 14

19:24:20.144 [AsyncHttpClient-1-2] DEBUG org.asynchttpclient.netty.channel.ChannelManager - Adding key: http://localhost:54663 for channel [id: 0xcce9decb, L:/127.0.0.1:61759 - R:localhost/127.0.0.1:54663]
19:24:20.147 [Forwarding setTimeout on session f1159ae19cd38a284a7ec906ee09453e to remote] DEBUG org.asynchttpclient.netty.request.NettyRequestSender - Using pooled Channel '[id: 0xcce9decb, L:/127.0.0.1:61759 - R:localhost/127.0.0.1:54663]' for 'POST' to 'http://localhost:54663/session/f1159ae19cd38a284a7ec906ee09453e/timeouts'
19:24:20.147 [Forwarding setTimeout on session f1159ae19cd38a284a7ec906ee09453e to remote] DEBUG org.asynchttpclient.netty.request.NettyRequestSender - Using open Channel [id: 0xcce9decb, L:/127.0.0.1:61759 - R:localhost/127.0.0.1:54663] for POST '/session/f1159ae19cd38a284a7ec906ee09453e/timeouts'
19:24:20.150 [AsyncHttpClient-1-2] DEBUG org.asynchttpclient.netty.handler.HttpHandler - 

Request DefaultHttpRequest(decodeResult: success, version: HTTP/1.1)
POST /session/f1159ae19cd38a284a7ec906ee09453e/timeouts HTTP/1.1
User-Agent: selenium/4.4.0 (java windows)
Content-Length: 22
Content-Type: application/json; charset=utf-8
host: localhost:54663
accept: */*

Response DefaultHttpResponse(decodeResult: success, version: HTTP/1.1)
HTTP/1.1 200 OK
Content-Type: application/json; charset=utf-8
cache-control: no-cache
content-length: 14

19:24:20.150 [AsyncHttpClient-1-2] DEBUG org.asynchttpclient.netty.channel.ChannelManager - Adding key: http://localhost:54663 for channel [id: 0xcce9decb, L:/127.0.0.1:61759 - R:localhost/127.0.0.1:54663]
19:24:20.154 [Forwarding getCurrentUrl on session f1159ae19cd38a284a7ec906ee09453e to remote] DEBUG org.asynchttpclient.netty.request.NettyRequestSender - Using pooled Channel '[id: 0xcce9decb, L:/127.0.0.1:61759 - R:localhost/127.0.0.1:54663]' for 'GET' to 'http://localhost:54663/session/f1159ae19cd38a284a7ec906ee09453e/url'
19:24:20.155 [Forwarding getCurrentUrl on session f1159ae19cd38a284a7ec906ee09453e to remote] DEBUG org.asynchttpclient.netty.request.NettyRequestSender - Using open Channel [id: 0xcce9decb, L:/127.0.0.1:61759 - R:localhost/127.0.0.1:54663] for GET '/session/f1159ae19cd38a284a7ec906ee09453e/url'
19:24:20.159 [AsyncHttpClient-1-2] DEBUG org.asynchttpclient.netty.handler.HttpHandler - 

Request DefaultFullHttpRequest(decodeResult: success, version: HTTP/1.1, content: EmptyByteBufBE)
GET /session/f1159ae19cd38a284a7ec906ee09453e/url HTTP/1.1
User-Agent: selenium/4.4.0 (java windows)
Cache-Control: no-cache
Content-Type: application/json; charset=utf-8
host: localhost:54663
accept: */*

Response DefaultHttpResponse(decodeResult: success, version: HTTP/1.1)
HTTP/1.1 200 OK
Content-Type: application/json; charset=utf-8
cache-control: no-cache
content-length: 52

19:24:20.160 [AsyncHttpClient-1-2] DEBUG org.asynchttpclient.netty.channel.ChannelManager - Adding key: http://localhost:54663 for channel [id: 0xcce9decb, L:/127.0.0.1:61759 - R:localhost/127.0.0.1:54663]
19:24:20.163 [Forwarding getCurrentUrl on session f1159ae19cd38a284a7ec906ee09453e to remote] DEBUG org.asynchttpclient.netty.request.NettyRequestSender - Using pooled Channel '[id: 0xcce9decb, L:/127.0.0.1:61759 - R:localhost/127.0.0.1:54663]' for 'GET' to 'http://localhost:54663/session/f1159ae19cd38a284a7ec906ee09453e/url'
19:24:20.163 [Forwarding getCurrentUrl on session f1159ae19cd38a284a7ec906ee09453e to remote] DEBUG org.asynchttpclient.netty.request.NettyRequestSender - Using open Channel [id: 0xcce9decb, L:/127.0.0.1:61759 - R:localhost/127.0.0.1:54663] for GET '/session/f1159ae19cd38a284a7ec906ee09453e/url'
19:24:20.166 [AsyncHttpClient-1-2] DEBUG org.asynchttpclient.netty.handler.HttpHandler - 

Request DefaultFullHttpRequest(decodeResult: success, version: HTTP/1.1, content: EmptyByteBufBE)
GET /session/f1159ae19cd38a284a7ec906ee09453e/url HTTP/1.1
User-Agent: selenium/4.4.0 (java windows)
Cache-Control: no-cache
Content-Type: application/json; charset=utf-8
host: localhost:54663
accept: */*

Response DefaultHttpResponse(decodeResult: success, version: HTTP/1.1)
HTTP/1.1 200 OK
Content-Type: application/json; charset=utf-8
cache-control: no-cache
content-length: 52

19:24:20.167 [AsyncHttpClient-1-2] DEBUG org.asynchttpclient.netty.channel.ChannelManager - Adding key: http://localhost:54663 for channel [id: 0xcce9decb, L:/127.0.0.1:61759 - R:localhost/127.0.0.1:54663]
19:24:20.216 [Forwarding findElement on session f1159ae19cd38a284a7ec906ee09453e to remote] DEBUG org.asynchttpclient.netty.request.NettyRequestSender - Using pooled Channel '[id: 0xcce9decb, L:/127.0.0.1:61759 - R:localhost/127.0.0.1:54663]' for 'POST' to 'http://localhost:54663/session/f1159ae19cd38a284a7ec906ee09453e/element'
19:24:20.216 [Forwarding findElement on session f1159ae19cd38a284a7ec906ee09453e to remote] DEBUG org.asynchttpclient.netty.request.NettyRequestSender - Using open Channel [id: 0xcce9decb, L:/127.0.0.1:61759 - R:localhost/127.0.0.1:54663] for POST '/session/f1159ae19cd38a284a7ec906ee09453e/element'
19:24:20.225 [AsyncHttpClient-1-2] DEBUG org.asynchttpclient.netty.handler.HttpHandler - 

Request DefaultHttpRequest(decodeResult: success, version: HTTP/1.1)
POST /session/f1159ae19cd38a284a7ec906ee09453e/element HTTP/1.1
User-Agent: selenium/4.4.0 (java windows)
Content-Length: 69
Content-Type: application/json; charset=utf-8
host: localhost:54663
accept: */*

Response DefaultHttpResponse(decodeResult: success, version: HTTP/1.1)
HTTP/1.1 200 OK
Content-Type: application/json; charset=utf-8
cache-control: no-cache
content-length: 88

19:24:20.225 [AsyncHttpClient-1-2] DEBUG org.asynchttpclient.netty.channel.ChannelManager - Adding key: http://localhost:54663 for channel [id: 0xcce9decb, L:/127.0.0.1:61759 - R:localhost/127.0.0.1:54663]
19:24:20.231 [Forwarding isElementDisplayed on session f1159ae19cd38a284a7ec906ee09453e to remote] DEBUG org.asynchttpclient.netty.request.NettyRequestSender - Using pooled Channel '[id: 0xcce9decb, L:/127.0.0.1:61759 - R:localhost/127.0.0.1:54663]' for 'POST' to 'http://localhost:54663/session/f1159ae19cd38a284a7ec906ee09453e/execute/sync'
19:24:20.231 [Forwarding isElementDisplayed on session f1159ae19cd38a284a7ec906ee09453e to remote] DEBUG org.asynchttpclient.netty.request.NettyRequestSender - Using open Channel [id: 0xcce9decb, L:/127.0.0.1:61759 - R:localhost/127.0.0.1:54663] for POST '/session/f1159ae19cd38a284a7ec906ee09453e/execute/sync'
19:24:20.250 [AsyncHttpClient-1-2] DEBUG org.asynchttpclient.netty.handler.HttpHandler - 

Request DefaultHttpRequest(decodeResult: success, version: HTTP/1.1)
POST /session/f1159ae19cd38a284a7ec906ee09453e/execute/sync HTTP/1.1
User-Agent: selenium/4.4.0 (java windows)
Content-Length: 48780
Content-Type: application/json; charset=utf-8
host: localhost:54663
accept: */*

Response DefaultHttpResponse(decodeResult: success, version: HTTP/1.1)
HTTP/1.1 200 OK
Content-Type: application/json; charset=utf-8
cache-control: no-cache
content-length: 14

19:24:20.250 [AsyncHttpClient-1-2] DEBUG org.asynchttpclient.netty.channel.ChannelManager - Adding key: http://localhost:54663 for channel [id: 0xcce9decb, L:/127.0.0.1:61759 - R:localhost/127.0.0.1:54663]
19:24:20.252 [Forwarding getElementTagName on session f1159ae19cd38a284a7ec906ee09453e to remote] DEBUG org.asynchttpclient.netty.request.NettyRequestSender - Using pooled Channel '[id: 0xcce9decb, L:/127.0.0.1:61759 - R:localhost/127.0.0.1:54663]' for 'GET' to 'http://localhost:54663/session/f1159ae19cd38a284a7ec906ee09453e/element/878b8a77-a6f3-4ba3-9866-af1acaa220fe/name'
19:24:20.252 [Forwarding getElementTagName on session f1159ae19cd38a284a7ec906ee09453e to remote] DEBUG org.asynchttpclient.netty.request.NettyRequestSender - Using open Channel [id: 0xcce9decb, L:/127.0.0.1:61759 - R:localhost/127.0.0.1:54663] for GET '/session/f1159ae19cd38a284a7ec906ee09453e/element/878b8a77-a6f3-4ba3-9866-af1acaa220fe/name'
19:24:20.255 [AsyncHttpClient-1-2] DEBUG org.asynchttpclient.netty.handler.HttpHandler - 

Request DefaultFullHttpRequest(decodeResult: success, version: HTTP/1.1, content: EmptyByteBufBE)
GET /session/f1159ae19cd38a284a7ec906ee09453e/element/878b8a77-a6f3-4ba3-9866-af1acaa220fe/name HTTP/1.1
User-Agent: selenium/4.4.0 (java windows)
Cache-Control: no-cache
Content-Type: application/json; charset=utf-8
host: localhost:54663
accept: */*

Response DefaultHttpResponse(decodeResult: success, version: HTTP/1.1)
HTTP/1.1 200 OK
Content-Type: application/json; charset=utf-8
cache-control: no-cache
content-length: 13

19:24:20.256 [AsyncHttpClient-1-2] DEBUG org.asynchttpclient.netty.channel.ChannelManager - Adding key: http://localhost:54663 for channel [id: 0xcce9decb, L:/127.0.0.1:61759 - R:localhost/127.0.0.1:54663]
19:24:20.258 [Forwarding getElementTagName on session f1159ae19cd38a284a7ec906ee09453e to remote] DEBUG org.asynchttpclient.netty.request.NettyRequestSender - Using pooled Channel '[id: 0xcce9decb, L:/127.0.0.1:61759 - R:localhost/127.0.0.1:54663]' for 'GET' to 'http://localhost:54663/session/f1159ae19cd38a284a7ec906ee09453e/element/878b8a77-a6f3-4ba3-9866-af1acaa220fe/name'
19:24:20.258 [Forwarding getElementTagName on session f1159ae19cd38a284a7ec906ee09453e to remote] DEBUG org.asynchttpclient.netty.request.NettyRequestSender - Using open Channel [id: 0xcce9decb, L:/127.0.0.1:61759 - R:localhost/127.0.0.1:54663] for GET '/session/f1159ae19cd38a284a7ec906ee09453e/element/878b8a77-a6f3-4ba3-9866-af1acaa220fe/name'
19:24:20.260 [AsyncHttpClient-1-2] DEBUG org.asynchttpclient.netty.handler.HttpHandler - 

Request DefaultFullHttpRequest(decodeResult: success, version: HTTP/1.1, content: EmptyByteBufBE)
GET /session/f1159ae19cd38a284a7ec906ee09453e/element/878b8a77-a6f3-4ba3-9866-af1acaa220fe/name HTTP/1.1
User-Agent: selenium/4.4.0 (java windows)
Cache-Control: no-cache
Content-Type: application/json; charset=utf-8
host: localhost:54663
accept: */*

Response DefaultHttpResponse(decodeResult: success, version: HTTP/1.1)
HTTP/1.1 200 OK
Content-Type: application/json; charset=utf-8
cache-control: no-cache
content-length: 13

19:24:20.260 [AsyncHttpClient-1-2] DEBUG org.asynchttpclient.netty.channel.ChannelManager - Adding key: http://localhost:54663 for channel [id: 0xcce9decb, L:/127.0.0.1:61759 - R:localhost/127.0.0.1:54663]
19:24:20.263 [Forwarding findElement on session f1159ae19cd38a284a7ec906ee09453e to remote] DEBUG org.asynchttpclient.netty.request.NettyRequestSender - Using pooled Channel '[id: 0xcce9decb, L:/127.0.0.1:61759 - R:localhost/127.0.0.1:54663]' for 'POST' to 'http://localhost:54663/session/f1159ae19cd38a284a7ec906ee09453e/element'
19:24:20.263 [Forwarding findElement on session f1159ae19cd38a284a7ec906ee09453e to remote] DEBUG org.asynchttpclient.netty.request.NettyRequestSender - Using open Channel [id: 0xcce9decb, L:/127.0.0.1:61759 - R:localhost/127.0.0.1:54663] for POST '/session/f1159ae19cd38a284a7ec906ee09453e/element'
19:24:20.269 [AsyncHttpClient-1-2] DEBUG org.asynchttpclient.netty.handler.HttpHandler - 

Request DefaultHttpRequest(decodeResult: success, version: HTTP/1.1)
POST /session/f1159ae19cd38a284a7ec906ee09453e/element HTTP/1.1
User-Agent: selenium/4.4.0 (java windows)
Content-Length: 69
Content-Type: application/json; charset=utf-8
host: localhost:54663
accept: */*

Response DefaultHttpResponse(decodeResult: success, version: HTTP/1.1)
HTTP/1.1 200 OK
Content-Type: application/json; charset=utf-8
cache-control: no-cache
content-length: 88

19:24:20.270 [AsyncHttpClient-1-2] DEBUG org.asynchttpclient.netty.channel.ChannelManager - Adding key: http://localhost:54663 for channel [id: 0xcce9decb, L:/127.0.0.1:61759 - R:localhost/127.0.0.1:54663]
19:24:20.275 [Forwarding isElementDisplayed on session f1159ae19cd38a284a7ec906ee09453e to remote] DEBUG org.asynchttpclient.netty.request.NettyRequestSender - Using pooled Channel '[id: 0xcce9decb, L:/127.0.0.1:61759 - R:localhost/127.0.0.1:54663]' for 'POST' to 'http://localhost:54663/session/f1159ae19cd38a284a7ec906ee09453e/execute/sync'
19:24:20.275 [Forwarding isElementDisplayed on session f1159ae19cd38a284a7ec906ee09453e to remote] DEBUG org.asynchttpclient.netty.request.NettyRequestSender - Using open Channel [id: 0xcce9decb, L:/127.0.0.1:61759 - R:localhost/127.0.0.1:54663] for POST '/session/f1159ae19cd38a284a7ec906ee09453e/execute/sync'
19:24:20.287 [AsyncHttpClient-1-2] DEBUG org.asynchttpclient.netty.handler.HttpHandler - 

Request DefaultHttpRequest(decodeResult: success, version: HTTP/1.1)
POST /session/f1159ae19cd38a284a7ec906ee09453e/execute/sync HTTP/1.1
User-Agent: selenium/4.4.0 (java windows)
Content-Length: 48780
Content-Type: application/json; charset=utf-8
host: localhost:54663
accept: */*

Response DefaultHttpResponse(decodeResult: success, version: HTTP/1.1)
HTTP/1.1 200 OK
Content-Type: application/json; charset=utf-8
cache-control: no-cache
content-length: 14

19:24:20.287 [AsyncHttpClient-1-2] DEBUG org.asynchttpclient.netty.channel.ChannelManager - Adding key: http://localhost:54663 for channel [id: 0xcce9decb, L:/127.0.0.1:61759 - R:localhost/127.0.0.1:54663]
19:24:20.289 [Forwarding clickElement on session f1159ae19cd38a284a7ec906ee09453e to remote] DEBUG org.asynchttpclient.netty.request.NettyRequestSender - Using pooled Channel '[id: 0xcce9decb, L:/127.0.0.1:61759 - R:localhost/127.0.0.1:54663]' for 'POST' to 'http://localhost:54663/session/f1159ae19cd38a284a7ec906ee09453e/element/878b8a77-a6f3-4ba3-9866-af1acaa220fe/click'
19:24:20.289 [Forwarding clickElement on session f1159ae19cd38a284a7ec906ee09453e to remote] DEBUG org.asynchttpclient.netty.request.NettyRequestSender - Using open Channel [id: 0xcce9decb, L:/127.0.0.1:61759 - R:localhost/127.0.0.1:54663] for POST '/session/f1159ae19cd38a284a7ec906ee09453e/element/878b8a77-a6f3-4ba3-9866-af1acaa220fe/click'
19:24:20.645 [AsyncHttpClient-1-2] DEBUG org.asynchttpclient.netty.handler.HttpHandler - 

Request DefaultHttpRequest(decodeResult: success, version: HTTP/1.1)
POST /session/f1159ae19cd38a284a7ec906ee09453e/element/878b8a77-a6f3-4ba3-9866-af1acaa220fe/click HTTP/1.1
User-Agent: selenium/4.4.0 (java windows)
Content-Length: 50
Content-Type: application/json; charset=utf-8
host: localhost:54663
accept: */*

Response DefaultHttpResponse(decodeResult: success, version: HTTP/1.1)
HTTP/1.1 200 OK
Content-Type: application/json; charset=utf-8
cache-control: no-cache
content-length: 14

19:24:20.645 [AsyncHttpClient-1-2] DEBUG org.asynchttpclient.netty.channel.ChannelManager - Adding key: http://localhost:54663 for channel [id: 0xcce9decb, L:/127.0.0.1:61759 - R:localhost/127.0.0.1:54663]
19:24:20.669 [main] DEBUG net.serenitybdd.core.photography.Darkroom - Opening darkroom
19:24:20.670 [Darkroom Processing Line] DEBUG net.serenitybdd.core.photography.DarkroomProcessingLine - Darkroom processing line starting up
19:24:20.671 [Forwarding getCurrentWindowHandle on session f1159ae19cd38a284a7ec906ee09453e to remote] DEBUG org.asynchttpclient.netty.request.NettyRequestSender - Using pooled Channel '[id: 0xcce9decb, L:/127.0.0.1:61759 - R:localhost/127.0.0.1:54663]' for 'GET' to 'http://localhost:54663/session/f1159ae19cd38a284a7ec906ee09453e/window'
19:24:20.671 [Forwarding getCurrentWindowHandle on session f1159ae19cd38a284a7ec906ee09453e to remote] DEBUG org.asynchttpclient.netty.request.NettyRequestSender - Using open Channel [id: 0xcce9decb, L:/127.0.0.1:61759 - R:localhost/127.0.0.1:54663] for GET '/session/f1159ae19cd38a284a7ec906ee09453e/window'
19:24:20.673 [AsyncHttpClient-1-2] DEBUG org.asynchttpclient.netty.handler.HttpHandler - 

Request DefaultFullHttpRequest(decodeResult: success, version: HTTP/1.1, content: EmptyByteBufBE)
GET /session/f1159ae19cd38a284a7ec906ee09453e/window HTTP/1.1
User-Agent: selenium/4.4.0 (java windows)
Cache-Control: no-cache
Content-Type: application/json; charset=utf-8
host: localhost:54663
accept: */*

Response DefaultHttpResponse(decodeResult: success, version: HTTP/1.1)
HTTP/1.1 200 OK
Content-Type: application/json; charset=utf-8
cache-control: no-cache
content-length: 53

19:24:20.673 [AsyncHttpClient-1-2] DEBUG org.asynchttpclient.netty.channel.ChannelManager - Adding key: http://localhost:54663 for channel [id: 0xcce9decb, L:/127.0.0.1:61759 - R:localhost/127.0.0.1:54663]
19:24:20.675 [Forwarding getAlertText on session f1159ae19cd38a284a7ec906ee09453e to remote] DEBUG org.asynchttpclient.netty.request.NettyRequestSender - Using pooled Channel '[id: 0xcce9decb, L:/127.0.0.1:61759 - R:localhost/127.0.0.1:54663]' for 'GET' to 'http://localhost:54663/session/f1159ae19cd38a284a7ec906ee09453e/alert/text'
19:24:20.675 [Forwarding getAlertText on session f1159ae19cd38a284a7ec906ee09453e to remote] DEBUG org.asynchttpclient.netty.request.NettyRequestSender - Using open Channel [id: 0xcce9decb, L:/127.0.0.1:61759 - R:localhost/127.0.0.1:54663] for GET '/session/f1159ae19cd38a284a7ec906ee09453e/alert/text'
19:24:20.681 [AsyncHttpClient-1-2] DEBUG org.asynchttpclient.netty.handler.HttpHandler - 

Request DefaultFullHttpRequest(decodeResult: success, version: HTTP/1.1, content: EmptyByteBufBE)
GET /session/f1159ae19cd38a284a7ec906ee09453e/alert/text HTTP/1.1
User-Agent: selenium/4.4.0 (java windows)
Cache-Control: no-cache
Content-Type: application/json; charset=utf-8
host: localhost:54663
accept: */*

Response DefaultHttpResponse(decodeResult: success, version: HTTP/1.1)
HTTP/1.1 404 Not Found
Content-Type: application/json; charset=utf-8
cache-control: no-cache
content-length: 815

19:24:20.682 [AsyncHttpClient-1-2] DEBUG org.asynchttpclient.netty.channel.ChannelManager - Adding key: http://localhost:54663 for channel [id: 0xcce9decb, L:/127.0.0.1:61759 - R:localhost/127.0.0.1:54663]
19:24:20.690 [Forwarding switchToWindow on session f1159ae19cd38a284a7ec906ee09453e to remote] DEBUG org.asynchttpclient.netty.request.NettyRequestSender - Using pooled Channel '[id: 0xcce9decb, L:/127.0.0.1:61759 - R:localhost/127.0.0.1:54663]' for 'POST' to 'http://localhost:54663/session/f1159ae19cd38a284a7ec906ee09453e/window'
19:24:20.691 [Forwarding switchToWindow on session f1159ae19cd38a284a7ec906ee09453e to remote] DEBUG org.asynchttpclient.netty.request.NettyRequestSender - Using open Channel [id: 0xcce9decb, L:/127.0.0.1:61759 - R:localhost/127.0.0.1:54663] for POST '/session/f1159ae19cd38a284a7ec906ee09453e/window'
19:24:20.695 [AsyncHttpClient-1-2] DEBUG org.asynchttpclient.netty.handler.HttpHandler - 

Request DefaultHttpRequest(decodeResult: success, version: HTTP/1.1)
POST /session/f1159ae19cd38a284a7ec906ee09453e/window HTTP/1.1
User-Agent: selenium/4.4.0 (java windows)
Content-Length: 59
Content-Type: application/json; charset=utf-8
host: localhost:54663
accept: */*

Response DefaultHttpResponse(decodeResult: success, version: HTTP/1.1)
HTTP/1.1 200 OK
Content-Type: application/json; charset=utf-8
cache-control: no-cache
content-length: 14

19:24:20.695 [AsyncHttpClient-1-2] DEBUG org.asynchttpclient.netty.channel.ChannelManager - Adding key: http://localhost:54663 for channel [id: 0xcce9decb, L:/127.0.0.1:61759 - R:localhost/127.0.0.1:54663]
19:24:20.696 [Forwarding getCurrentUrl on session f1159ae19cd38a284a7ec906ee09453e to remote] DEBUG org.asynchttpclient.netty.request.NettyRequestSender - Using pooled Channel '[id: 0xcce9decb, L:/127.0.0.1:61759 - R:localhost/127.0.0.1:54663]' for 'GET' to 'http://localhost:54663/session/f1159ae19cd38a284a7ec906ee09453e/url'
19:24:20.697 [Forwarding getCurrentUrl on session f1159ae19cd38a284a7ec906ee09453e to remote] DEBUG org.asynchttpclient.netty.request.NettyRequestSender - Using open Channel [id: 0xcce9decb, L:/127.0.0.1:61759 - R:localhost/127.0.0.1:54663] for GET '/session/f1159ae19cd38a284a7ec906ee09453e/url'
19:24:20.702 [AsyncHttpClient-1-2] DEBUG org.asynchttpclient.netty.handler.HttpHandler - 

Request DefaultFullHttpRequest(decodeResult: success, version: HTTP/1.1, content: EmptyByteBufBE)
GET /session/f1159ae19cd38a284a7ec906ee09453e/url HTTP/1.1
User-Agent: selenium/4.4.0 (java windows)
Cache-Control: no-cache
Content-Type: application/json; charset=utf-8
host: localhost:54663
accept: */*

Response DefaultHttpResponse(decodeResult: success, version: HTTP/1.1)
HTTP/1.1 200 OK
Content-Type: application/json; charset=utf-8
cache-control: no-cache
content-length: 69

19:24:20.703 [AsyncHttpClient-1-2] DEBUG org.asynchttpclient.netty.channel.ChannelManager - Adding key: http://localhost:54663 for channel [id: 0xcce9decb, L:/127.0.0.1:61759 - R:localhost/127.0.0.1:54663]
19:24:20.705 [Forwarding screenshot on session f1159ae19cd38a284a7ec906ee09453e to remote] DEBUG org.asynchttpclient.netty.request.NettyRequestSender - Using pooled Channel '[id: 0xcce9decb, L:/127.0.0.1:61759 - R:localhost/127.0.0.1:54663]' for 'GET' to 'http://localhost:54663/session/f1159ae19cd38a284a7ec906ee09453e/screenshot'
19:24:20.705 [Forwarding screenshot on session f1159ae19cd38a284a7ec906ee09453e to remote] DEBUG org.asynchttpclient.netty.request.NettyRequestSender - Using open Channel [id: 0xcce9decb, L:/127.0.0.1:61759 - R:localhost/127.0.0.1:54663] for GET '/session/f1159ae19cd38a284a7ec906ee09453e/screenshot'
19:24:20.786 [AsyncHttpClient-1-2] DEBUG org.asynchttpclient.netty.handler.HttpHandler - 

Request DefaultFullHttpRequest(decodeResult: success, version: HTTP/1.1, content: EmptyByteBufBE)
GET /session/f1159ae19cd38a284a7ec906ee09453e/screenshot HTTP/1.1
User-Agent: selenium/4.4.0 (java windows)
Cache-Control: no-cache
Content-Type: application/json; charset=utf-8
host: localhost:54663
accept: */*

Response DefaultHttpResponse(decodeResult: success, version: HTTP/1.1)
HTTP/1.1 200 OK
Content-Type: application/json; charset=utf-8
cache-control: no-cache
content-length: 18920

19:24:20.787 [AsyncHttpClient-1-2] DEBUG org.asynchttpclient.netty.channel.ChannelManager - Adding key: http://localhost:54663 for channel [id: 0xcce9decb, L:/127.0.0.1:61759 - R:localhost/127.0.0.1:54663]
19:24:20.839 [main] DEBUG net.serenitybdd.core.photography.Darkroom - Send negative for processing for target\site\serenity\7737936f643d01dbfb91f381917de47f5499b03a62c50c2f2c8a479c4f2229c3.png
19:24:20.839 [Darkroom Processing Line] DEBUG net.serenitybdd.core.photography.DarkroomProcessingLine - Processing screenshot image in /var/screenshots/screenshot-3093666732456829808
19:24:20.840 [Darkroom Processing Line] DEBUG net.serenitybdd.core.photography.DarkroomProcessingLine - Saving screenshot to target\site\serenity\7737936f643d01dbfb91f381917de47f5499b03a62c50c2f2c8a479c4f2229c3.png
19:24:20.852 [Forwarding getPageSource on session f1159ae19cd38a284a7ec906ee09453e to remote] DEBUG org.asynchttpclient.netty.request.NettyRequestSender - Using pooled Channel '[id: 0xcce9decb, L:/127.0.0.1:61759 - R:localhost/127.0.0.1:54663]' for 'POST' to 'http://localhost:54663/session/f1159ae19cd38a284a7ec906ee09453e/execute/sync'
19:24:20.852 [Forwarding getPageSource on session f1159ae19cd38a284a7ec906ee09453e to remote] DEBUG org.asynchttpclient.netty.request.NettyRequestSender - Using open Channel [id: 0xcce9decb, L:/127.0.0.1:61759 - R:localhost/127.0.0.1:54663] for POST '/session/f1159ae19cd38a284a7ec906ee09453e/execute/sync'
19:24:20.857 [AsyncHttpClient-1-2] DEBUG org.asynchttpclient.netty.handler.HttpHandler - 

Request DefaultHttpRequest(decodeResult: success, version: HTTP/1.1)
POST /session/f1159ae19cd38a284a7ec906ee09453e/execute/sync HTTP/1.1
User-Agent: selenium/4.4.0 (java windows)
Content-Length: 176
Content-Type: application/json; charset=utf-8
host: localhost:54663
accept: */*

Response DefaultHttpResponse(decodeResult: success, version: HTTP/1.1)
HTTP/1.1 200 OK
Content-Type: application/json; charset=utf-8
cache-control: no-cache
content-length: 8792

19:24:20.857 [AsyncHttpClient-1-2] DEBUG org.asynchttpclient.netty.channel.ChannelManager - Adding key: http://localhost:54663 for channel [id: 0xcce9decb, L:/127.0.0.1:61759 - R:localhost/127.0.0.1:54663]
19:24:20.911 [Forwarding getCurrentUrl on session f1159ae19cd38a284a7ec906ee09453e to remote] DEBUG org.asynchttpclient.netty.request.NettyRequestSender - Using pooled Channel '[id: 0xcce9decb, L:/127.0.0.1:61759 - R:localhost/127.0.0.1:54663]' for 'GET' to 'http://localhost:54663/session/f1159ae19cd38a284a7ec906ee09453e/url'
19:24:20.912 [Forwarding getCurrentUrl on session f1159ae19cd38a284a7ec906ee09453e to remote] DEBUG org.asynchttpclient.netty.request.NettyRequestSender - Using open Channel [id: 0xcce9decb, L:/127.0.0.1:61759 - R:localhost/127.0.0.1:54663] for GET '/session/f1159ae19cd38a284a7ec906ee09453e/url'
19:24:20.915 [AsyncHttpClient-1-2] DEBUG org.asynchttpclient.netty.handler.HttpHandler - 

Request DefaultFullHttpRequest(decodeResult: success, version: HTTP/1.1, content: EmptyByteBufBE)
GET /session/f1159ae19cd38a284a7ec906ee09453e/url HTTP/1.1
User-Agent: selenium/4.4.0 (java windows)
Cache-Control: no-cache
Content-Type: application/json; charset=utf-8
host: localhost:54663
accept: */*

Response DefaultHttpResponse(decodeResult: success, version: HTTP/1.1)
HTTP/1.1 200 OK
Content-Type: application/json; charset=utf-8
cache-control: no-cache
content-length: 69

19:24:20.915 [AsyncHttpClient-1-2] DEBUG org.asynchttpclient.netty.channel.ChannelManager - Adding key: http://localhost:54663 for channel [id: 0xcce9decb, L:/127.0.0.1:61759 - R:localhost/127.0.0.1:54663]
19:24:20.935 [Forwarding findElement on session f1159ae19cd38a284a7ec906ee09453e to remote] DEBUG org.asynchttpclient.netty.request.NettyRequestSender - Using pooled Channel '[id: 0xcce9decb, L:/127.0.0.1:61759 - R:localhost/127.0.0.1:54663]' for 'POST' to 'http://localhost:54663/session/f1159ae19cd38a284a7ec906ee09453e/element'
19:24:20.935 [Forwarding findElement on session f1159ae19cd38a284a7ec906ee09453e to remote] DEBUG org.asynchttpclient.netty.request.NettyRequestSender - Using open Channel [id: 0xcce9decb, L:/127.0.0.1:61759 - R:localhost/127.0.0.1:54663] for POST '/session/f1159ae19cd38a284a7ec906ee09453e/element'
19:24:20.943 [AsyncHttpClient-1-2] DEBUG org.asynchttpclient.netty.handler.HttpHandler - 

Request DefaultHttpRequest(decodeResult: success, version: HTTP/1.1)
POST /session/f1159ae19cd38a284a7ec906ee09453e/element HTTP/1.1
User-Agent: selenium/4.4.0 (java windows)
Content-Length: 59
Content-Type: application/json; charset=utf-8
host: localhost:54663
accept: */*

Response DefaultHttpResponse(decodeResult: success, version: HTTP/1.1)
HTTP/1.1 200 OK
Content-Type: application/json; charset=utf-8
cache-control: no-cache
content-length: 88

19:24:20.943 [AsyncHttpClient-1-2] DEBUG org.asynchttpclient.netty.channel.ChannelManager - Adding key: http://localhost:54663 for channel [id: 0xcce9decb, L:/127.0.0.1:61759 - R:localhost/127.0.0.1:54663]
19:24:20.946 [Forwarding isElementDisplayed on session f1159ae19cd38a284a7ec906ee09453e to remote] DEBUG org.asynchttpclient.netty.request.NettyRequestSender - Using pooled Channel '[id: 0xcce9decb, L:/127.0.0.1:61759 - R:localhost/127.0.0.1:54663]' for 'POST' to 'http://localhost:54663/session/f1159ae19cd38a284a7ec906ee09453e/execute/sync'
19:24:20.946 [Forwarding isElementDisplayed on session f1159ae19cd38a284a7ec906ee09453e to remote] DEBUG org.asynchttpclient.netty.request.NettyRequestSender - Using open Channel [id: 0xcce9decb, L:/127.0.0.1:61759 - R:localhost/127.0.0.1:54663] for POST '/session/f1159ae19cd38a284a7ec906ee09453e/execute/sync'
19:24:20.958 [AsyncHttpClient-1-2] DEBUG org.asynchttpclient.netty.handler.HttpHandler - 

Request DefaultHttpRequest(decodeResult: success, version: HTTP/1.1)
POST /session/f1159ae19cd38a284a7ec906ee09453e/execute/sync HTTP/1.1
User-Agent: selenium/4.4.0 (java windows)
Content-Length: 48780
Content-Type: application/json; charset=utf-8
host: localhost:54663
accept: */*

Response DefaultHttpResponse(decodeResult: success, version: HTTP/1.1)
HTTP/1.1 200 OK
Content-Type: application/json; charset=utf-8
cache-control: no-cache
content-length: 14

19:24:20.958 [AsyncHttpClient-1-2] DEBUG org.asynchttpclient.netty.channel.ChannelManager - Adding key: http://localhost:54663 for channel [id: 0xcce9decb, L:/127.0.0.1:61759 - R:localhost/127.0.0.1:54663]
19:24:20.959 [Forwarding clearElement on session f1159ae19cd38a284a7ec906ee09453e to remote] DEBUG org.asynchttpclient.netty.request.NettyRequestSender - Using pooled Channel '[id: 0xcce9decb, L:/127.0.0.1:61759 - R:localhost/127.0.0.1:54663]' for 'POST' to 'http://localhost:54663/session/f1159ae19cd38a284a7ec906ee09453e/element/7d90a964-b7fb-43c3-a375-c7fa1af75275/clear'
19:24:20.959 [Forwarding clearElement on session f1159ae19cd38a284a7ec906ee09453e to remote] DEBUG org.asynchttpclient.netty.request.NettyRequestSender - Using open Channel [id: 0xcce9decb, L:/127.0.0.1:61759 - R:localhost/127.0.0.1:54663] for POST '/session/f1159ae19cd38a284a7ec906ee09453e/element/7d90a964-b7fb-43c3-a375-c7fa1af75275/clear'
19:24:20.980 [AsyncHttpClient-1-2] DEBUG org.asynchttpclient.netty.handler.HttpHandler - 

Request DefaultHttpRequest(decodeResult: success, version: HTTP/1.1)
POST /session/f1159ae19cd38a284a7ec906ee09453e/element/7d90a964-b7fb-43c3-a375-c7fa1af75275/clear HTTP/1.1
User-Agent: selenium/4.4.0 (java windows)
Content-Length: 50
Content-Type: application/json; charset=utf-8
host: localhost:54663
accept: */*

Response DefaultHttpResponse(decodeResult: success, version: HTTP/1.1)
HTTP/1.1 200 OK
Content-Type: application/json; charset=utf-8
cache-control: no-cache
content-length: 14

19:24:20.980 [AsyncHttpClient-1-2] DEBUG org.asynchttpclient.netty.channel.ChannelManager - Adding key: http://localhost:54663 for channel [id: 0xcce9decb, L:/127.0.0.1:61759 - R:localhost/127.0.0.1:54663]
19:24:20.983 [Forwarding sendKeysToElement on session f1159ae19cd38a284a7ec906ee09453e to remote] DEBUG org.asynchttpclient.netty.request.NettyRequestSender - Using pooled Channel '[id: 0xcce9decb, L:/127.0.0.1:61759 - R:localhost/127.0.0.1:54663]' for 'POST' to 'http://localhost:54663/session/f1159ae19cd38a284a7ec906ee09453e/element/7d90a964-b7fb-43c3-a375-c7fa1af75275/value'
19:24:20.983 [Forwarding sendKeysToElement on session f1159ae19cd38a284a7ec906ee09453e to remote] DEBUG org.asynchttpclient.netty.request.NettyRequestSender - Using open Channel [id: 0xcce9decb, L:/127.0.0.1:61759 - R:localhost/127.0.0.1:54663] for POST '/session/f1159ae19cd38a284a7ec906ee09453e/element/7d90a964-b7fb-43c3-a375-c7fa1af75275/value'
19:24:21.017 [AsyncHttpClient-1-2] DEBUG org.asynchttpclient.netty.handler.HttpHandler - 

Request DefaultHttpRequest(decodeResult: success, version: HTTP/1.1)
POST /session/f1159ae19cd38a284a7ec906ee09453e/element/7d90a964-b7fb-43c3-a375-c7fa1af75275/value HTTP/1.1
User-Agent: selenium/4.4.0 (java windows)
Content-Length: 161
Content-Type: application/json; charset=utf-8
host: localhost:54663
accept: */*

Response DefaultHttpResponse(decodeResult: success, version: HTTP/1.1)
HTTP/1.1 200 OK
Content-Type: application/json; charset=utf-8
cache-control: no-cache
content-length: 14

19:24:21.018 [AsyncHttpClient-1-2] DEBUG org.asynchttpclient.netty.channel.ChannelManager - Adding key: http://localhost:54663 for channel [id: 0xcce9decb, L:/127.0.0.1:61759 - R:localhost/127.0.0.1:54663]
19:24:21.025 [Forwarding findElement on session f1159ae19cd38a284a7ec906ee09453e to remote] DEBUG org.asynchttpclient.netty.request.NettyRequestSender - Using pooled Channel '[id: 0xcce9decb, L:/127.0.0.1:61759 - R:localhost/127.0.0.1:54663]' for 'POST' to 'http://localhost:54663/session/f1159ae19cd38a284a7ec906ee09453e/element'
19:24:21.025 [Forwarding findElement on session f1159ae19cd38a284a7ec906ee09453e to remote] DEBUG org.asynchttpclient.netty.request.NettyRequestSender - Using open Channel [id: 0xcce9decb, L:/127.0.0.1:61759 - R:localhost/127.0.0.1:54663] for POST '/session/f1159ae19cd38a284a7ec906ee09453e/element'
19:24:21.034 [AsyncHttpClient-1-2] DEBUG org.asynchttpclient.netty.handler.HttpHandler - 

Request DefaultHttpRequest(decodeResult: success, version: HTTP/1.1)
POST /session/f1159ae19cd38a284a7ec906ee09453e/element HTTP/1.1
User-Agent: selenium/4.4.0 (java windows)
Content-Length: 59
Content-Type: application/json; charset=utf-8
host: localhost:54663
accept: */*

Response DefaultHttpResponse(decodeResult: success, version: HTTP/1.1)
HTTP/1.1 200 OK
Content-Type: application/json; charset=utf-8
cache-control: no-cache
content-length: 88

19:24:21.034 [AsyncHttpClient-1-2] DEBUG org.asynchttpclient.netty.channel.ChannelManager - Adding key: http://localhost:54663 for channel [id: 0xcce9decb, L:/127.0.0.1:61759 - R:localhost/127.0.0.1:54663]
19:24:21.037 [Forwarding isElementDisplayed on session f1159ae19cd38a284a7ec906ee09453e to remote] DEBUG org.asynchttpclient.netty.request.NettyRequestSender - Using pooled Channel '[id: 0xcce9decb, L:/127.0.0.1:61759 - R:localhost/127.0.0.1:54663]' for 'POST' to 'http://localhost:54663/session/f1159ae19cd38a284a7ec906ee09453e/execute/sync'
19:24:21.037 [Forwarding isElementDisplayed on session f1159ae19cd38a284a7ec906ee09453e to remote] DEBUG org.asynchttpclient.netty.request.NettyRequestSender - Using open Channel [id: 0xcce9decb, L:/127.0.0.1:61759 - R:localhost/127.0.0.1:54663] for POST '/session/f1159ae19cd38a284a7ec906ee09453e/execute/sync'
19:24:21.046 [AsyncHttpClient-1-2] DEBUG org.asynchttpclient.netty.handler.HttpHandler - 

Request DefaultHttpRequest(decodeResult: success, version: HTTP/1.1)
POST /session/f1159ae19cd38a284a7ec906ee09453e/execute/sync HTTP/1.1
User-Agent: selenium/4.4.0 (java windows)
Content-Length: 48780
Content-Type: application/json; charset=utf-8
host: localhost:54663
accept: */*

Response DefaultHttpResponse(decodeResult: success, version: HTTP/1.1)
HTTP/1.1 200 OK
Content-Type: application/json; charset=utf-8
cache-control: no-cache
content-length: 14

19:24:21.046 [AsyncHttpClient-1-2] DEBUG org.asynchttpclient.netty.channel.ChannelManager - Adding key: http://localhost:54663 for channel [id: 0xcce9decb, L:/127.0.0.1:61759 - R:localhost/127.0.0.1:54663]
19:24:21.048 [Forwarding clearElement on session f1159ae19cd38a284a7ec906ee09453e to remote] DEBUG org.asynchttpclient.netty.request.NettyRequestSender - Using pooled Channel '[id: 0xcce9decb, L:/127.0.0.1:61759 - R:localhost/127.0.0.1:54663]' for 'POST' to 'http://localhost:54663/session/f1159ae19cd38a284a7ec906ee09453e/element/336474ae-71d2-4a49-9184-215e39e66a67/clear'
19:24:21.048 [Forwarding clearElement on session f1159ae19cd38a284a7ec906ee09453e to remote] DEBUG org.asynchttpclient.netty.request.NettyRequestSender - Using open Channel [id: 0xcce9decb, L:/127.0.0.1:61759 - R:localhost/127.0.0.1:54663] for POST '/session/f1159ae19cd38a284a7ec906ee09453e/element/336474ae-71d2-4a49-9184-215e39e66a67/clear'
19:24:21.074 [AsyncHttpClient-1-2] DEBUG org.asynchttpclient.netty.handler.HttpHandler - 

Request DefaultHttpRequest(decodeResult: success, version: HTTP/1.1)
POST /session/f1159ae19cd38a284a7ec906ee09453e/element/336474ae-71d2-4a49-9184-215e39e66a67/clear HTTP/1.1
User-Agent: selenium/4.4.0 (java windows)
Content-Length: 50
Content-Type: application/json; charset=utf-8
host: localhost:54663
accept: */*

Response DefaultHttpResponse(decodeResult: success, version: HTTP/1.1)
HTTP/1.1 200 OK
Content-Type: application/json; charset=utf-8
cache-control: no-cache
content-length: 14

19:24:21.074 [AsyncHttpClient-1-2] DEBUG org.asynchttpclient.netty.channel.ChannelManager - Adding key: http://localhost:54663 for channel [id: 0xcce9decb, L:/127.0.0.1:61759 - R:localhost/127.0.0.1:54663]
19:24:21.077 [Forwarding sendKeysToElement on session f1159ae19cd38a284a7ec906ee09453e to remote] DEBUG org.asynchttpclient.netty.request.NettyRequestSender - Using pooled Channel '[id: 0xcce9decb, L:/127.0.0.1:61759 - R:localhost/127.0.0.1:54663]' for 'POST' to 'http://localhost:54663/session/f1159ae19cd38a284a7ec906ee09453e/element/336474ae-71d2-4a49-9184-215e39e66a67/value'
19:24:21.077 [Forwarding sendKeysToElement on session f1159ae19cd38a284a7ec906ee09453e to remote] DEBUG org.asynchttpclient.netty.request.NettyRequestSender - Using open Channel [id: 0xcce9decb, L:/127.0.0.1:61759 - R:localhost/127.0.0.1:54663] for POST '/session/f1159ae19cd38a284a7ec906ee09453e/element/336474ae-71d2-4a49-9184-215e39e66a67/value'
19:24:21.114 [AsyncHttpClient-1-2] DEBUG org.asynchttpclient.netty.handler.HttpHandler - 

Request DefaultHttpRequest(decodeResult: success, version: HTTP/1.1)
POST /session/f1159ae19cd38a284a7ec906ee09453e/element/336474ae-71d2-4a49-9184-215e39e66a67/value HTTP/1.1
User-Agent: selenium/4.4.0 (java windows)
Content-Length: 261
Content-Type: application/json; charset=utf-8
host: localhost:54663
accept: */*

Response DefaultHttpResponse(decodeResult: success, version: HTTP/1.1)
HTTP/1.1 200 OK
Content-Type: application/json; charset=utf-8
cache-control: no-cache
content-length: 14

19:24:21.114 [AsyncHttpClient-1-2] DEBUG org.asynchttpclient.netty.channel.ChannelManager - Adding key: http://localhost:54663 for channel [id: 0xcce9decb, L:/127.0.0.1:61759 - R:localhost/127.0.0.1:54663]
19:24:21.119 [Forwarding findElement on session f1159ae19cd38a284a7ec906ee09453e to remote] DEBUG org.asynchttpclient.netty.request.NettyRequestSender - Using pooled Channel '[id: 0xcce9decb, L:/127.0.0.1:61759 - R:localhost/127.0.0.1:54663]' for 'POST' to 'http://localhost:54663/session/f1159ae19cd38a284a7ec906ee09453e/element'
19:24:21.119 [Forwarding findElement on session f1159ae19cd38a284a7ec906ee09453e to remote] DEBUG org.asynchttpclient.netty.request.NettyRequestSender - Using open Channel [id: 0xcce9decb, L:/127.0.0.1:61759 - R:localhost/127.0.0.1:54663] for POST '/session/f1159ae19cd38a284a7ec906ee09453e/element'
19:24:21.126 [AsyncHttpClient-1-2] DEBUG org.asynchttpclient.netty.handler.HttpHandler - 

Request DefaultHttpRequest(decodeResult: success, version: HTTP/1.1)
POST /session/f1159ae19cd38a284a7ec906ee09453e/element HTTP/1.1
User-Agent: selenium/4.4.0 (java windows)
Content-Length: 56
Content-Type: application/json; charset=utf-8
host: localhost:54663
accept: */*

Response DefaultHttpResponse(decodeResult: success, version: HTTP/1.1)
HTTP/1.1 200 OK
Content-Type: application/json; charset=utf-8
cache-control: no-cache
content-length: 88

19:24:21.126 [AsyncHttpClient-1-2] DEBUG org.asynchttpclient.netty.channel.ChannelManager - Adding key: http://localhost:54663 for channel [id: 0xcce9decb, L:/127.0.0.1:61759 - R:localhost/127.0.0.1:54663]
19:24:21.129 [Forwarding isElementDisplayed on session f1159ae19cd38a284a7ec906ee09453e to remote] DEBUG org.asynchttpclient.netty.request.NettyRequestSender - Using pooled Channel '[id: 0xcce9decb, L:/127.0.0.1:61759 - R:localhost/127.0.0.1:54663]' for 'POST' to 'http://localhost:54663/session/f1159ae19cd38a284a7ec906ee09453e/execute/sync'
19:24:21.129 [Forwarding isElementDisplayed on session f1159ae19cd38a284a7ec906ee09453e to remote] DEBUG org.asynchttpclient.netty.request.NettyRequestSender - Using open Channel [id: 0xcce9decb, L:/127.0.0.1:61759 - R:localhost/127.0.0.1:54663] for POST '/session/f1159ae19cd38a284a7ec906ee09453e/execute/sync'
19:24:21.140 [AsyncHttpClient-1-2] DEBUG org.asynchttpclient.netty.handler.HttpHandler - 

Request DefaultHttpRequest(decodeResult: success, version: HTTP/1.1)
POST /session/f1159ae19cd38a284a7ec906ee09453e/execute/sync HTTP/1.1
User-Agent: selenium/4.4.0 (java windows)
Content-Length: 48780
Content-Type: application/json; charset=utf-8
host: localhost:54663
accept: */*

Response DefaultHttpResponse(decodeResult: success, version: HTTP/1.1)
HTTP/1.1 200 OK
Content-Type: application/json; charset=utf-8
cache-control: no-cache
content-length: 14

19:24:21.140 [AsyncHttpClient-1-2] DEBUG org.asynchttpclient.netty.channel.ChannelManager - Adding key: http://localhost:54663 for channel [id: 0xcce9decb, L:/127.0.0.1:61759 - R:localhost/127.0.0.1:54663]
19:24:21.142 [Forwarding getElementTagName on session f1159ae19cd38a284a7ec906ee09453e to remote] DEBUG org.asynchttpclient.netty.request.NettyRequestSender - Using pooled Channel '[id: 0xcce9decb, L:/127.0.0.1:61759 - R:localhost/127.0.0.1:54663]' for 'GET' to 'http://localhost:54663/session/f1159ae19cd38a284a7ec906ee09453e/element/f23e9cd8-757f-4b6d-b5b0-fce2e7147194/name'
19:24:21.142 [Forwarding getElementTagName on session f1159ae19cd38a284a7ec906ee09453e to remote] DEBUG org.asynchttpclient.netty.request.NettyRequestSender - Using open Channel [id: 0xcce9decb, L:/127.0.0.1:61759 - R:localhost/127.0.0.1:54663] for GET '/session/f1159ae19cd38a284a7ec906ee09453e/element/f23e9cd8-757f-4b6d-b5b0-fce2e7147194/name'
19:24:21.145 [AsyncHttpClient-1-2] DEBUG org.asynchttpclient.netty.handler.HttpHandler - 

Request DefaultFullHttpRequest(decodeResult: success, version: HTTP/1.1, content: EmptyByteBufBE)
GET /session/f1159ae19cd38a284a7ec906ee09453e/element/f23e9cd8-757f-4b6d-b5b0-fce2e7147194/name HTTP/1.1
User-Agent: selenium/4.4.0 (java windows)
Cache-Control: no-cache
Content-Type: application/json; charset=utf-8
host: localhost:54663
accept: */*

Response DefaultHttpResponse(decodeResult: success, version: HTTP/1.1)
HTTP/1.1 200 OK
Content-Type: application/json; charset=utf-8
cache-control: no-cache
content-length: 18

19:24:21.146 [AsyncHttpClient-1-2] DEBUG org.asynchttpclient.netty.channel.ChannelManager - Adding key: http://localhost:54663 for channel [id: 0xcce9decb, L:/127.0.0.1:61759 - R:localhost/127.0.0.1:54663]
19:24:21.147 [Forwarding getElementTagName on session f1159ae19cd38a284a7ec906ee09453e to remote] DEBUG org.asynchttpclient.netty.request.NettyRequestSender - Using pooled Channel '[id: 0xcce9decb, L:/127.0.0.1:61759 - R:localhost/127.0.0.1:54663]' for 'GET' to 'http://localhost:54663/session/f1159ae19cd38a284a7ec906ee09453e/element/f23e9cd8-757f-4b6d-b5b0-fce2e7147194/name'
19:24:21.147 [Forwarding getElementTagName on session f1159ae19cd38a284a7ec906ee09453e to remote] DEBUG org.asynchttpclient.netty.request.NettyRequestSender - Using open Channel [id: 0xcce9decb, L:/127.0.0.1:61759 - R:localhost/127.0.0.1:54663] for GET '/session/f1159ae19cd38a284a7ec906ee09453e/element/f23e9cd8-757f-4b6d-b5b0-fce2e7147194/name'
19:24:21.151 [AsyncHttpClient-1-2] DEBUG org.asynchttpclient.netty.handler.HttpHandler - 

Request DefaultFullHttpRequest(decodeResult: success, version: HTTP/1.1, content: EmptyByteBufBE)
GET /session/f1159ae19cd38a284a7ec906ee09453e/element/f23e9cd8-757f-4b6d-b5b0-fce2e7147194/name HTTP/1.1
User-Agent: selenium/4.4.0 (java windows)
Cache-Control: no-cache
Content-Type: application/json; charset=utf-8
host: localhost:54663
accept: */*

Response DefaultHttpResponse(decodeResult: success, version: HTTP/1.1)
HTTP/1.1 200 OK
Content-Type: application/json; charset=utf-8
cache-control: no-cache
content-length: 18

19:24:21.152 [AsyncHttpClient-1-2] DEBUG org.asynchttpclient.netty.channel.ChannelManager - Adding key: http://localhost:54663 for channel [id: 0xcce9decb, L:/127.0.0.1:61759 - R:localhost/127.0.0.1:54663]
19:24:21.154 [Forwarding isElementEnabled on session f1159ae19cd38a284a7ec906ee09453e to remote] DEBUG org.asynchttpclient.netty.request.NettyRequestSender - Using pooled Channel '[id: 0xcce9decb, L:/127.0.0.1:61759 - R:localhost/127.0.0.1:54663]' for 'GET' to 'http://localhost:54663/session/f1159ae19cd38a284a7ec906ee09453e/element/f23e9cd8-757f-4b6d-b5b0-fce2e7147194/enabled'
19:24:21.154 [Forwarding isElementEnabled on session f1159ae19cd38a284a7ec906ee09453e to remote] DEBUG org.asynchttpclient.netty.request.NettyRequestSender - Using open Channel [id: 0xcce9decb, L:/127.0.0.1:61759 - R:localhost/127.0.0.1:54663] for GET '/session/f1159ae19cd38a284a7ec906ee09453e/element/f23e9cd8-757f-4b6d-b5b0-fce2e7147194/enabled'
19:24:21.161 [AsyncHttpClient-1-2] DEBUG org.asynchttpclient.netty.handler.HttpHandler - 

Request DefaultFullHttpRequest(decodeResult: success, version: HTTP/1.1, content: EmptyByteBufBE)
GET /session/f1159ae19cd38a284a7ec906ee09453e/element/f23e9cd8-757f-4b6d-b5b0-fce2e7147194/enabled HTTP/1.1
User-Agent: selenium/4.4.0 (java windows)
Cache-Control: no-cache
Content-Type: application/json; charset=utf-8
host: localhost:54663
accept: */*

Response DefaultHttpResponse(decodeResult: success, version: HTTP/1.1)
HTTP/1.1 200 OK
Content-Type: application/json; charset=utf-8
cache-control: no-cache
content-length: 14

19:24:21.161 [AsyncHttpClient-1-2] DEBUG org.asynchttpclient.netty.channel.ChannelManager - Adding key: http://localhost:54663 for channel [id: 0xcce9decb, L:/127.0.0.1:61759 - R:localhost/127.0.0.1:54663]
19:24:21.163 [Forwarding isElementEnabled on session f1159ae19cd38a284a7ec906ee09453e to remote] DEBUG org.asynchttpclient.netty.request.NettyRequestSender - Using pooled Channel '[id: 0xcce9decb, L:/127.0.0.1:61759 - R:localhost/127.0.0.1:54663]' for 'GET' to 'http://localhost:54663/session/f1159ae19cd38a284a7ec906ee09453e/element/f23e9cd8-757f-4b6d-b5b0-fce2e7147194/enabled'
19:24:21.163 [Forwarding isElementEnabled on session f1159ae19cd38a284a7ec906ee09453e to remote] DEBUG org.asynchttpclient.netty.request.NettyRequestSender - Using open Channel [id: 0xcce9decb, L:/127.0.0.1:61759 - R:localhost/127.0.0.1:54663] for GET '/session/f1159ae19cd38a284a7ec906ee09453e/element/f23e9cd8-757f-4b6d-b5b0-fce2e7147194/enabled'
19:24:21.167 [AsyncHttpClient-1-2] DEBUG org.asynchttpclient.netty.handler.HttpHandler - 

Request DefaultFullHttpRequest(decodeResult: success, version: HTTP/1.1, content: EmptyByteBufBE)
GET /session/f1159ae19cd38a284a7ec906ee09453e/element/f23e9cd8-757f-4b6d-b5b0-fce2e7147194/enabled HTTP/1.1
User-Agent: selenium/4.4.0 (java windows)
Cache-Control: no-cache
Content-Type: application/json; charset=utf-8
host: localhost:54663
accept: */*

Response DefaultHttpResponse(decodeResult: success, version: HTTP/1.1)
HTTP/1.1 200 OK
Content-Type: application/json; charset=utf-8
cache-control: no-cache
content-length: 14

19:24:21.168 [AsyncHttpClient-1-2] DEBUG org.asynchttpclient.netty.channel.ChannelManager - Adding key: http://localhost:54663 for channel [id: 0xcce9decb, L:/127.0.0.1:61759 - R:localhost/127.0.0.1:54663]
19:24:21.171 [Forwarding findElement on session f1159ae19cd38a284a7ec906ee09453e to remote] DEBUG org.asynchttpclient.netty.request.NettyRequestSender - Using pooled Channel '[id: 0xcce9decb, L:/127.0.0.1:61759 - R:localhost/127.0.0.1:54663]' for 'POST' to 'http://localhost:54663/session/f1159ae19cd38a284a7ec906ee09453e/element'
19:24:21.171 [Forwarding findElement on session f1159ae19cd38a284a7ec906ee09453e to remote] DEBUG org.asynchttpclient.netty.request.NettyRequestSender - Using open Channel [id: 0xcce9decb, L:/127.0.0.1:61759 - R:localhost/127.0.0.1:54663] for POST '/session/f1159ae19cd38a284a7ec906ee09453e/element'
19:24:21.175 [AsyncHttpClient-1-2] DEBUG org.asynchttpclient.netty.handler.HttpHandler - 

Request DefaultHttpRequest(decodeResult: success, version: HTTP/1.1)
POST /session/f1159ae19cd38a284a7ec906ee09453e/element HTTP/1.1
User-Agent: selenium/4.4.0 (java windows)
Content-Length: 56
Content-Type: application/json; charset=utf-8
host: localhost:54663
accept: */*

Response DefaultHttpResponse(decodeResult: success, version: HTTP/1.1)
HTTP/1.1 200 OK
Content-Type: application/json; charset=utf-8
cache-control: no-cache
content-length: 88

19:24:21.175 [AsyncHttpClient-1-2] DEBUG org.asynchttpclient.netty.channel.ChannelManager - Adding key: http://localhost:54663 for channel [id: 0xcce9decb, L:/127.0.0.1:61759 - R:localhost/127.0.0.1:54663]
19:24:21.178 [Forwarding isElementDisplayed on session f1159ae19cd38a284a7ec906ee09453e to remote] DEBUG org.asynchttpclient.netty.request.NettyRequestSender - Using pooled Channel '[id: 0xcce9decb, L:/127.0.0.1:61759 - R:localhost/127.0.0.1:54663]' for 'POST' to 'http://localhost:54663/session/f1159ae19cd38a284a7ec906ee09453e/execute/sync'
19:24:21.179 [Forwarding isElementDisplayed on session f1159ae19cd38a284a7ec906ee09453e to remote] DEBUG org.asynchttpclient.netty.request.NettyRequestSender - Using open Channel [id: 0xcce9decb, L:/127.0.0.1:61759 - R:localhost/127.0.0.1:54663] for POST '/session/f1159ae19cd38a284a7ec906ee09453e/execute/sync'
19:24:21.186 [AsyncHttpClient-1-2] DEBUG org.asynchttpclient.netty.handler.HttpHandler - 

Request DefaultHttpRequest(decodeResult: success, version: HTTP/1.1)
POST /session/f1159ae19cd38a284a7ec906ee09453e/execute/sync HTTP/1.1
User-Agent: selenium/4.4.0 (java windows)
Content-Length: 48780
Content-Type: application/json; charset=utf-8
host: localhost:54663
accept: */*

Response DefaultHttpResponse(decodeResult: success, version: HTTP/1.1)
HTTP/1.1 200 OK
Content-Type: application/json; charset=utf-8
cache-control: no-cache
content-length: 14

19:24:21.186 [AsyncHttpClient-1-2] DEBUG org.asynchttpclient.netty.channel.ChannelManager - Adding key: http://localhost:54663 for channel [id: 0xcce9decb, L:/127.0.0.1:61759 - R:localhost/127.0.0.1:54663]
19:24:21.187 [Forwarding clickElement on session f1159ae19cd38a284a7ec906ee09453e to remote] DEBUG org.asynchttpclient.netty.request.NettyRequestSender - Using pooled Channel '[id: 0xcce9decb, L:/127.0.0.1:61759 - R:localhost/127.0.0.1:54663]' for 'POST' to 'http://localhost:54663/session/f1159ae19cd38a284a7ec906ee09453e/element/f23e9cd8-757f-4b6d-b5b0-fce2e7147194/click'
19:24:21.187 [Forwarding clickElement on session f1159ae19cd38a284a7ec906ee09453e to remote] DEBUG org.asynchttpclient.netty.request.NettyRequestSender - Using open Channel [id: 0xcce9decb, L:/127.0.0.1:61759 - R:localhost/127.0.0.1:54663] for POST '/session/f1159ae19cd38a284a7ec906ee09453e/element/f23e9cd8-757f-4b6d-b5b0-fce2e7147194/click'
19:24:21.196 [AsyncHttpClient-1-1] DEBUG org.asynchttpclient.netty.channel.DefaultChannelPool - Entry count for : http://localhost:61760 : 1
19:24:21.541 [AsyncHttpClient-1-2] DEBUG org.asynchttpclient.netty.handler.HttpHandler - 

Request DefaultHttpRequest(decodeResult: success, version: HTTP/1.1)
POST /session/f1159ae19cd38a284a7ec906ee09453e/element/f23e9cd8-757f-4b6d-b5b0-fce2e7147194/click HTTP/1.1
User-Agent: selenium/4.4.0 (java windows)
Content-Length: 50
Content-Type: application/json; charset=utf-8
host: localhost:54663
accept: */*

Response DefaultHttpResponse(decodeResult: success, version: HTTP/1.1)
HTTP/1.1 200 OK
Content-Type: application/json; charset=utf-8
cache-control: no-cache
content-length: 14

19:24:21.541 [AsyncHttpClient-1-2] DEBUG org.asynchttpclient.netty.channel.ChannelManager - Adding key: http://localhost:54663 for channel [id: 0xcce9decb, L:/127.0.0.1:61759 - R:localhost/127.0.0.1:54663]
19:24:21.549 [Forwarding getCurrentWindowHandle on session f1159ae19cd38a284a7ec906ee09453e to remote] DEBUG org.asynchttpclient.netty.request.NettyRequestSender - Using pooled Channel '[id: 0xcce9decb, L:/127.0.0.1:61759 - R:localhost/127.0.0.1:54663]' for 'GET' to 'http://localhost:54663/session/f1159ae19cd38a284a7ec906ee09453e/window'
19:24:21.549 [Forwarding getCurrentWindowHandle on session f1159ae19cd38a284a7ec906ee09453e to remote] DEBUG org.asynchttpclient.netty.request.NettyRequestSender - Using open Channel [id: 0xcce9decb, L:/127.0.0.1:61759 - R:localhost/127.0.0.1:54663] for GET '/session/f1159ae19cd38a284a7ec906ee09453e/window'
19:24:21.550 [AsyncHttpClient-1-2] DEBUG org.asynchttpclient.netty.handler.HttpHandler - 

Request DefaultFullHttpRequest(decodeResult: success, version: HTTP/1.1, content: EmptyByteBufBE)
GET /session/f1159ae19cd38a284a7ec906ee09453e/window HTTP/1.1
User-Agent: selenium/4.4.0 (java windows)
Cache-Control: no-cache
Content-Type: application/json; charset=utf-8
host: localhost:54663
accept: */*

Response DefaultHttpResponse(decodeResult: success, version: HTTP/1.1)
HTTP/1.1 200 OK
Content-Type: application/json; charset=utf-8
cache-control: no-cache
content-length: 53

19:24:21.550 [AsyncHttpClient-1-2] DEBUG org.asynchttpclient.netty.channel.ChannelManager - Adding key: http://localhost:54663 for channel [id: 0xcce9decb, L:/127.0.0.1:61759 - R:localhost/127.0.0.1:54663]
19:24:21.551 [Forwarding getAlertText on session f1159ae19cd38a284a7ec906ee09453e to remote] DEBUG org.asynchttpclient.netty.request.NettyRequestSender - Using pooled Channel '[id: 0xcce9decb, L:/127.0.0.1:61759 - R:localhost/127.0.0.1:54663]' for 'GET' to 'http://localhost:54663/session/f1159ae19cd38a284a7ec906ee09453e/alert/text'
19:24:21.551 [Forwarding getAlertText on session f1159ae19cd38a284a7ec906ee09453e to remote] DEBUG org.asynchttpclient.netty.request.NettyRequestSender - Using open Channel [id: 0xcce9decb, L:/127.0.0.1:61759 - R:localhost/127.0.0.1:54663] for GET '/session/f1159ae19cd38a284a7ec906ee09453e/alert/text'
19:24:21.575 [AsyncHttpClient-1-2] DEBUG org.asynchttpclient.netty.handler.HttpHandler - 

Request DefaultFullHttpRequest(decodeResult: success, version: HTTP/1.1, content: EmptyByteBufBE)
GET /session/f1159ae19cd38a284a7ec906ee09453e/alert/text HTTP/1.1
User-Agent: selenium/4.4.0 (java windows)
Cache-Control: no-cache
Content-Type: application/json; charset=utf-8
host: localhost:54663
accept: */*

Response DefaultHttpResponse(decodeResult: success, version: HTTP/1.1)
HTTP/1.1 404 Not Found
Content-Type: application/json; charset=utf-8
cache-control: no-cache
content-length: 815

19:24:21.575 [AsyncHttpClient-1-2] DEBUG org.asynchttpclient.netty.channel.ChannelManager - Adding key: http://localhost:54663 for channel [id: 0xcce9decb, L:/127.0.0.1:61759 - R:localhost/127.0.0.1:54663]
19:24:21.577 [Forwarding switchToWindow on session f1159ae19cd38a284a7ec906ee09453e to remote] DEBUG org.asynchttpclient.netty.request.NettyRequestSender - Using pooled Channel '[id: 0xcce9decb, L:/127.0.0.1:61759 - R:localhost/127.0.0.1:54663]' for 'POST' to 'http://localhost:54663/session/f1159ae19cd38a284a7ec906ee09453e/window'
19:24:21.577 [Forwarding switchToWindow on session f1159ae19cd38a284a7ec906ee09453e to remote] DEBUG org.asynchttpclient.netty.request.NettyRequestSender - Using open Channel [id: 0xcce9decb, L:/127.0.0.1:61759 - R:localhost/127.0.0.1:54663] for POST '/session/f1159ae19cd38a284a7ec906ee09453e/window'
19:24:21.579 [AsyncHttpClient-1-2] DEBUG org.asynchttpclient.netty.handler.HttpHandler - 

Request DefaultHttpRequest(decodeResult: success, version: HTTP/1.1)
POST /session/f1159ae19cd38a284a7ec906ee09453e/window HTTP/1.1
User-Agent: selenium/4.4.0 (java windows)
Content-Length: 59
Content-Type: application/json; charset=utf-8
host: localhost:54663
accept: */*

Response DefaultHttpResponse(decodeResult: success, version: HTTP/1.1)
HTTP/1.1 200 OK
Content-Type: application/json; charset=utf-8
cache-control: no-cache
content-length: 14

19:24:21.580 [AsyncHttpClient-1-2] DEBUG org.asynchttpclient.netty.channel.ChannelManager - Adding key: http://localhost:54663 for channel [id: 0xcce9decb, L:/127.0.0.1:61759 - R:localhost/127.0.0.1:54663]
19:24:21.581 [Forwarding getCurrentUrl on session f1159ae19cd38a284a7ec906ee09453e to remote] DEBUG org.asynchttpclient.netty.request.NettyRequestSender - Using pooled Channel '[id: 0xcce9decb, L:/127.0.0.1:61759 - R:localhost/127.0.0.1:54663]' for 'GET' to 'http://localhost:54663/session/f1159ae19cd38a284a7ec906ee09453e/url'
19:24:21.581 [Forwarding getCurrentUrl on session f1159ae19cd38a284a7ec906ee09453e to remote] DEBUG org.asynchttpclient.netty.request.NettyRequestSender - Using open Channel [id: 0xcce9decb, L:/127.0.0.1:61759 - R:localhost/127.0.0.1:54663] for GET '/session/f1159ae19cd38a284a7ec906ee09453e/url'
19:24:21.585 [AsyncHttpClient-1-2] DEBUG org.asynchttpclient.netty.handler.HttpHandler - 

Request DefaultFullHttpRequest(decodeResult: success, version: HTTP/1.1, content: EmptyByteBufBE)
GET /session/f1159ae19cd38a284a7ec906ee09453e/url HTTP/1.1
User-Agent: selenium/4.4.0 (java windows)
Cache-Control: no-cache
Content-Type: application/json; charset=utf-8
host: localhost:54663
accept: */*

Response DefaultHttpResponse(decodeResult: success, version: HTTP/1.1)
HTTP/1.1 200 OK
Content-Type: application/json; charset=utf-8
cache-control: no-cache
content-length: 64

19:24:21.585 [AsyncHttpClient-1-2] DEBUG org.asynchttpclient.netty.channel.ChannelManager - Adding key: http://localhost:54663 for channel [id: 0xcce9decb, L:/127.0.0.1:61759 - R:localhost/127.0.0.1:54663]
19:24:21.587 [Forwarding screenshot on session f1159ae19cd38a284a7ec906ee09453e to remote] DEBUG org.asynchttpclient.netty.request.NettyRequestSender - Using pooled Channel '[id: 0xcce9decb, L:/127.0.0.1:61759 - R:localhost/127.0.0.1:54663]' for 'GET' to 'http://localhost:54663/session/f1159ae19cd38a284a7ec906ee09453e/screenshot'
19:24:21.587 [Forwarding screenshot on session f1159ae19cd38a284a7ec906ee09453e to remote] DEBUG org.asynchttpclient.netty.request.NettyRequestSender - Using open Channel [id: 0xcce9decb, L:/127.0.0.1:61759 - R:localhost/127.0.0.1:54663] for GET '/session/f1159ae19cd38a284a7ec906ee09453e/screenshot'
19:24:21.846 [AsyncHttpClient-1-2] DEBUG org.asynchttpclient.netty.handler.HttpHandler - 

Request DefaultFullHttpRequest(decodeResult: success, version: HTTP/1.1, content: EmptyByteBufBE)
GET /session/f1159ae19cd38a284a7ec906ee09453e/screenshot HTTP/1.1
User-Agent: selenium/4.4.0 (java windows)
Cache-Control: no-cache
Content-Type: application/json; charset=utf-8
host: localhost:54663
accept: */*

Response DefaultHttpResponse(decodeResult: success, version: HTTP/1.1)
HTTP/1.1 200 OK
Content-Type: application/json; charset=utf-8
cache-control: no-cache
content-length: 19916

19:24:21.846 [AsyncHttpClient-1-2] DEBUG org.asynchttpclient.netty.channel.ChannelManager - Adding key: http://localhost:54663 for channel [id: 0xcce9decb, L:/127.0.0.1:61759 - R:localhost/127.0.0.1:54663]
19:24:21.848 [main] DEBUG net.serenitybdd.core.photography.Darkroom - Send negative for processing for target\site\serenity\da2119d1ba7c8d2ee0a0d3f58d9f6d5698532d7faddb81715d798777f7a5beb8.png
19:24:21.849 [Darkroom Processing Line] DEBUG net.serenitybdd.core.photography.DarkroomProcessingLine - Processing screenshot image in /var/screenshots/screenshot-12655508435454710382
19:24:21.849 [Darkroom Processing Line] DEBUG net.serenitybdd.core.photography.DarkroomProcessingLine - Saving screenshot to target\site\serenity\da2119d1ba7c8d2ee0a0d3f58d9f6d5698532d7faddb81715d798777f7a5beb8.png
19:24:21.854 [Forwarding getPageSource on session f1159ae19cd38a284a7ec906ee09453e to remote] DEBUG org.asynchttpclient.netty.request.NettyRequestSender - Using pooled Channel '[id: 0xcce9decb, L:/127.0.0.1:61759 - R:localhost/127.0.0.1:54663]' for 'POST' to 'http://localhost:54663/session/f1159ae19cd38a284a7ec906ee09453e/execute/sync'
19:24:21.854 [Forwarding getPageSource on session f1159ae19cd38a284a7ec906ee09453e to remote] DEBUG org.asynchttpclient.netty.request.NettyRequestSender - Using open Channel [id: 0xcce9decb, L:/127.0.0.1:61759 - R:localhost/127.0.0.1:54663] for POST '/session/f1159ae19cd38a284a7ec906ee09453e/execute/sync'
19:24:21.858 [AsyncHttpClient-1-2] DEBUG org.asynchttpclient.netty.handler.HttpHandler - 

Request DefaultHttpRequest(decodeResult: success, version: HTTP/1.1)
POST /session/f1159ae19cd38a284a7ec906ee09453e/execute/sync HTTP/1.1
User-Agent: selenium/4.4.0 (java windows)
Content-Length: 176
Content-Type: application/json; charset=utf-8
host: localhost:54663
accept: */*

Response DefaultHttpResponse(decodeResult: success, version: HTTP/1.1)
HTTP/1.1 200 OK
Content-Type: application/json; charset=utf-8
cache-control: no-cache
content-length: 9968

19:24:21.858 [AsyncHttpClient-1-2] DEBUG org.asynchttpclient.netty.channel.ChannelManager - Adding key: http://localhost:54663 for channel [id: 0xcce9decb, L:/127.0.0.1:61759 - R:localhost/127.0.0.1:54663]
19:24:21.864 [Forwarding getCurrentUrl on session f1159ae19cd38a284a7ec906ee09453e to remote] DEBUG org.asynchttpclient.netty.request.NettyRequestSender - Using pooled Channel '[id: 0xcce9decb, L:/127.0.0.1:61759 - R:localhost/127.0.0.1:54663]' for 'GET' to 'http://localhost:54663/session/f1159ae19cd38a284a7ec906ee09453e/url'
19:24:21.864 [Forwarding getCurrentUrl on session f1159ae19cd38a284a7ec906ee09453e to remote] DEBUG org.asynchttpclient.netty.request.NettyRequestSender - Using open Channel [id: 0xcce9decb, L:/127.0.0.1:61759 - R:localhost/127.0.0.1:54663] for GET '/session/f1159ae19cd38a284a7ec906ee09453e/url'
19:24:21.866 [AsyncHttpClient-1-2] DEBUG org.asynchttpclient.netty.handler.HttpHandler - 

Request DefaultFullHttpRequest(decodeResult: success, version: HTTP/1.1, content: EmptyByteBufBE)
GET /session/f1159ae19cd38a284a7ec906ee09453e/url HTTP/1.1
User-Agent: selenium/4.4.0 (java windows)
Cache-Control: no-cache
Content-Type: application/json; charset=utf-8
host: localhost:54663
accept: */*

Response DefaultHttpResponse(decodeResult: success, version: HTTP/1.1)
HTTP/1.1 200 OK
Content-Type: application/json; charset=utf-8
cache-control: no-cache
content-length: 64

19:24:21.866 [AsyncHttpClient-1-2] DEBUG org.asynchttpclient.netty.channel.ChannelManager - Adding key: http://localhost:54663 for channel [id: 0xcce9decb, L:/127.0.0.1:61759 - R:localhost/127.0.0.1:54663]
19:24:21.873 [Forwarding setTimeout on session f1159ae19cd38a284a7ec906ee09453e to remote] DEBUG org.asynchttpclient.netty.request.NettyRequestSender - Using pooled Channel '[id: 0xcce9decb, L:/127.0.0.1:61759 - R:localhost/127.0.0.1:54663]' for 'POST' to 'http://localhost:54663/session/f1159ae19cd38a284a7ec906ee09453e/timeouts'
19:24:21.873 [Forwarding setTimeout on session f1159ae19cd38a284a7ec906ee09453e to remote] DEBUG org.asynchttpclient.netty.request.NettyRequestSender - Using open Channel [id: 0xcce9decb, L:/127.0.0.1:61759 - R:localhost/127.0.0.1:54663] for POST '/session/f1159ae19cd38a284a7ec906ee09453e/timeouts'
19:24:21.874 [AsyncHttpClient-1-2] DEBUG org.asynchttpclient.netty.handler.HttpHandler - 

Request DefaultHttpRequest(decodeResult: success, version: HTTP/1.1)
POST /session/f1159ae19cd38a284a7ec906ee09453e/timeouts HTTP/1.1
User-Agent: selenium/4.4.0 (java windows)
Content-Length: 19
Content-Type: application/json; charset=utf-8
host: localhost:54663
accept: */*

Response DefaultHttpResponse(decodeResult: success, version: HTTP/1.1)
HTTP/1.1 200 OK
Content-Type: application/json; charset=utf-8
cache-control: no-cache
content-length: 14

19:24:21.874 [AsyncHttpClient-1-2] DEBUG org.asynchttpclient.netty.channel.ChannelManager - Adding key: http://localhost:54663 for channel [id: 0xcce9decb, L:/127.0.0.1:61759 - R:localhost/127.0.0.1:54663]
19:24:21.875 [Forwarding findElement on session f1159ae19cd38a284a7ec906ee09453e to remote] DEBUG org.asynchttpclient.netty.request.NettyRequestSender - Using pooled Channel '[id: 0xcce9decb, L:/127.0.0.1:61759 - R:localhost/127.0.0.1:54663]' for 'POST' to 'http://localhost:54663/session/f1159ae19cd38a284a7ec906ee09453e/element'
19:24:21.875 [Forwarding findElement on session f1159ae19cd38a284a7ec906ee09453e to remote] DEBUG org.asynchttpclient.netty.request.NettyRequestSender - Using open Channel [id: 0xcce9decb, L:/127.0.0.1:61759 - R:localhost/127.0.0.1:54663] for POST '/session/f1159ae19cd38a284a7ec906ee09453e/element'
19:24:21.884 [AsyncHttpClient-1-2] DEBUG org.asynchttpclient.netty.handler.HttpHandler - 

Request DefaultHttpRequest(decodeResult: success, version: HTTP/1.1)
POST /session/f1159ae19cd38a284a7ec906ee09453e/element HTTP/1.1
User-Agent: selenium/4.4.0 (java windows)
Content-Length: 69
Content-Type: application/json; charset=utf-8
host: localhost:54663
accept: */*

Response DefaultHttpResponse(decodeResult: success, version: HTTP/1.1)
HTTP/1.1 200 OK
Content-Type: application/json; charset=utf-8
cache-control: no-cache
content-length: 88

19:24:21.885 [AsyncHttpClient-1-2] DEBUG org.asynchttpclient.netty.channel.ChannelManager - Adding key: http://localhost:54663 for channel [id: 0xcce9decb, L:/127.0.0.1:61759 - R:localhost/127.0.0.1:54663]
19:24:21.886 [Forwarding setTimeout on session f1159ae19cd38a284a7ec906ee09453e to remote] DEBUG org.asynchttpclient.netty.request.NettyRequestSender - Using pooled Channel '[id: 0xcce9decb, L:/127.0.0.1:61759 - R:localhost/127.0.0.1:54663]' for 'POST' to 'http://localhost:54663/session/f1159ae19cd38a284a7ec906ee09453e/timeouts'
19:24:21.886 [Forwarding setTimeout on session f1159ae19cd38a284a7ec906ee09453e to remote] DEBUG org.asynchttpclient.netty.request.NettyRequestSender - Using open Channel [id: 0xcce9decb, L:/127.0.0.1:61759 - R:localhost/127.0.0.1:54663] for POST '/session/f1159ae19cd38a284a7ec906ee09453e/timeouts'
19:24:21.887 [AsyncHttpClient-1-2] DEBUG org.asynchttpclient.netty.handler.HttpHandler - 

Request DefaultHttpRequest(decodeResult: success, version: HTTP/1.1)
POST /session/f1159ae19cd38a284a7ec906ee09453e/timeouts HTTP/1.1
User-Agent: selenium/4.4.0 (java windows)
Content-Length: 22
Content-Type: application/json; charset=utf-8
host: localhost:54663
accept: */*

Response DefaultHttpResponse(decodeResult: success, version: HTTP/1.1)
HTTP/1.1 200 OK
Content-Type: application/json; charset=utf-8
cache-control: no-cache
content-length: 14

19:24:21.887 [AsyncHttpClient-1-2] DEBUG org.asynchttpclient.netty.channel.ChannelManager - Adding key: http://localhost:54663 for channel [id: 0xcce9decb, L:/127.0.0.1:61759 - R:localhost/127.0.0.1:54663]
19:24:21.890 [Forwarding isElementDisplayed on session f1159ae19cd38a284a7ec906ee09453e to remote] DEBUG org.asynchttpclient.netty.request.NettyRequestSender - Using pooled Channel '[id: 0xcce9decb, L:/127.0.0.1:61759 - R:localhost/127.0.0.1:54663]' for 'POST' to 'http://localhost:54663/session/f1159ae19cd38a284a7ec906ee09453e/execute/sync'
19:24:21.890 [Forwarding isElementDisplayed on session f1159ae19cd38a284a7ec906ee09453e to remote] DEBUG org.asynchttpclient.netty.request.NettyRequestSender - Using open Channel [id: 0xcce9decb, L:/127.0.0.1:61759 - R:localhost/127.0.0.1:54663] for POST '/session/f1159ae19cd38a284a7ec906ee09453e/execute/sync'
19:24:21.899 [AsyncHttpClient-1-2] DEBUG org.asynchttpclient.netty.handler.HttpHandler - 

Request DefaultHttpRequest(decodeResult: success, version: HTTP/1.1)
POST /session/f1159ae19cd38a284a7ec906ee09453e/execute/sync HTTP/1.1
User-Agent: selenium/4.4.0 (java windows)
Content-Length: 48780
Content-Type: application/json; charset=utf-8
host: localhost:54663
accept: */*

Response DefaultHttpResponse(decodeResult: success, version: HTTP/1.1)
HTTP/1.1 200 OK
Content-Type: application/json; charset=utf-8
cache-control: no-cache
content-length: 14

19:24:21.899 [AsyncHttpClient-1-2] DEBUG org.asynchttpclient.netty.channel.ChannelManager - Adding key: http://localhost:54663 for channel [id: 0xcce9decb, L:/127.0.0.1:61759 - R:localhost/127.0.0.1:54663]
19:24:21.902 [Forwarding setTimeout on session f1159ae19cd38a284a7ec906ee09453e to remote] DEBUG org.asynchttpclient.netty.request.NettyRequestSender - Using pooled Channel '[id: 0xcce9decb, L:/127.0.0.1:61759 - R:localhost/127.0.0.1:54663]' for 'POST' to 'http://localhost:54663/session/f1159ae19cd38a284a7ec906ee09453e/timeouts'
19:24:21.902 [Forwarding setTimeout on session f1159ae19cd38a284a7ec906ee09453e to remote] DEBUG org.asynchttpclient.netty.request.NettyRequestSender - Using open Channel [id: 0xcce9decb, L:/127.0.0.1:61759 - R:localhost/127.0.0.1:54663] for POST '/session/f1159ae19cd38a284a7ec906ee09453e/timeouts'
19:24:21.903 [AsyncHttpClient-1-2] DEBUG org.asynchttpclient.netty.handler.HttpHandler - 

Request DefaultHttpRequest(decodeResult: success, version: HTTP/1.1)
POST /session/f1159ae19cd38a284a7ec906ee09453e/timeouts HTTP/1.1
User-Agent: selenium/4.4.0 (java windows)
Content-Length: 19
Content-Type: application/json; charset=utf-8
host: localhost:54663
accept: */*

Response DefaultHttpResponse(decodeResult: success, version: HTTP/1.1)
HTTP/1.1 200 OK
Content-Type: application/json; charset=utf-8
cache-control: no-cache
content-length: 14

19:24:21.903 [AsyncHttpClient-1-2] DEBUG org.asynchttpclient.netty.channel.ChannelManager - Adding key: http://localhost:54663 for channel [id: 0xcce9decb, L:/127.0.0.1:61759 - R:localhost/127.0.0.1:54663]
19:24:21.905 [Forwarding findElement on session f1159ae19cd38a284a7ec906ee09453e to remote] DEBUG org.asynchttpclient.netty.request.NettyRequestSender - Using pooled Channel '[id: 0xcce9decb, L:/127.0.0.1:61759 - R:localhost/127.0.0.1:54663]' for 'POST' to 'http://localhost:54663/session/f1159ae19cd38a284a7ec906ee09453e/element'
19:24:21.905 [Forwarding findElement on session f1159ae19cd38a284a7ec906ee09453e to remote] DEBUG org.asynchttpclient.netty.request.NettyRequestSender - Using open Channel [id: 0xcce9decb, L:/127.0.0.1:61759 - R:localhost/127.0.0.1:54663] for POST '/session/f1159ae19cd38a284a7ec906ee09453e/element'
19:24:21.913 [AsyncHttpClient-1-2] DEBUG org.asynchttpclient.netty.handler.HttpHandler - 

Request DefaultHttpRequest(decodeResult: success, version: HTTP/1.1)
POST /session/f1159ae19cd38a284a7ec906ee09453e/element HTTP/1.1
User-Agent: selenium/4.4.0 (java windows)
Content-Length: 59
Content-Type: application/json; charset=utf-8
host: localhost:54663
accept: */*

Response DefaultHttpResponse(decodeResult: success, version: HTTP/1.1)
HTTP/1.1 200 OK
Content-Type: application/json; charset=utf-8
cache-control: no-cache
content-length: 88

19:24:21.914 [AsyncHttpClient-1-2] DEBUG org.asynchttpclient.netty.channel.ChannelManager - Adding key: http://localhost:54663 for channel [id: 0xcce9decb, L:/127.0.0.1:61759 - R:localhost/127.0.0.1:54663]
19:24:21.915 [Forwarding setTimeout on session f1159ae19cd38a284a7ec906ee09453e to remote] DEBUG org.asynchttpclient.netty.request.NettyRequestSender - Using pooled Channel '[id: 0xcce9decb, L:/127.0.0.1:61759 - R:localhost/127.0.0.1:54663]' for 'POST' to 'http://localhost:54663/session/f1159ae19cd38a284a7ec906ee09453e/timeouts'
19:24:21.915 [Forwarding setTimeout on session f1159ae19cd38a284a7ec906ee09453e to remote] DEBUG org.asynchttpclient.netty.request.NettyRequestSender - Using open Channel [id: 0xcce9decb, L:/127.0.0.1:61759 - R:localhost/127.0.0.1:54663] for POST '/session/f1159ae19cd38a284a7ec906ee09453e/timeouts'
19:24:21.916 [AsyncHttpClient-1-2] DEBUG org.asynchttpclient.netty.handler.HttpHandler - 

Request DefaultHttpRequest(decodeResult: success, version: HTTP/1.1)
POST /session/f1159ae19cd38a284a7ec906ee09453e/timeouts HTTP/1.1
User-Agent: selenium/4.4.0 (java windows)
Content-Length: 22
Content-Type: application/json; charset=utf-8
host: localhost:54663
accept: */*

Response DefaultHttpResponse(decodeResult: success, version: HTTP/1.1)
HTTP/1.1 200 OK
Content-Type: application/json; charset=utf-8
cache-control: no-cache
content-length: 14

19:24:21.916 [AsyncHttpClient-1-2] DEBUG org.asynchttpclient.netty.channel.ChannelManager - Adding key: http://localhost:54663 for channel [id: 0xcce9decb, L:/127.0.0.1:61759 - R:localhost/127.0.0.1:54663]
19:24:21.917 [Forwarding getElementTagName on session f1159ae19cd38a284a7ec906ee09453e to remote] DEBUG org.asynchttpclient.netty.request.NettyRequestSender - Using pooled Channel '[id: 0xcce9decb, L:/127.0.0.1:61759 - R:localhost/127.0.0.1:54663]' for 'GET' to 'http://localhost:54663/session/f1159ae19cd38a284a7ec906ee09453e/element/97618fca-cd93-4eb2-a489-e978ea1c83c9/name'
19:24:21.917 [Forwarding getElementTagName on session f1159ae19cd38a284a7ec906ee09453e to remote] DEBUG org.asynchttpclient.netty.request.NettyRequestSender - Using open Channel [id: 0xcce9decb, L:/127.0.0.1:61759 - R:localhost/127.0.0.1:54663] for GET '/session/f1159ae19cd38a284a7ec906ee09453e/element/97618fca-cd93-4eb2-a489-e978ea1c83c9/name'
19:24:21.921 [AsyncHttpClient-1-2] DEBUG org.asynchttpclient.netty.handler.HttpHandler - 

Request DefaultFullHttpRequest(decodeResult: success, version: HTTP/1.1, content: EmptyByteBufBE)
GET /session/f1159ae19cd38a284a7ec906ee09453e/element/97618fca-cd93-4eb2-a489-e978ea1c83c9/name HTTP/1.1
User-Agent: selenium/4.4.0 (java windows)
Cache-Control: no-cache
Content-Type: application/json; charset=utf-8
host: localhost:54663
accept: */*

Response DefaultHttpResponse(decodeResult: success, version: HTTP/1.1)
HTTP/1.1 200 OK
Content-Type: application/json; charset=utf-8
cache-control: no-cache
content-length: 18

19:24:21.921 [AsyncHttpClient-1-2] DEBUG org.asynchttpclient.netty.channel.ChannelManager - Adding key: http://localhost:54663 for channel [id: 0xcce9decb, L:/127.0.0.1:61759 - R:localhost/127.0.0.1:54663]
19:24:21.924 [Forwarding setTimeout on session f1159ae19cd38a284a7ec906ee09453e to remote] DEBUG org.asynchttpclient.netty.request.NettyRequestSender - Using pooled Channel '[id: 0xcce9decb, L:/127.0.0.1:61759 - R:localhost/127.0.0.1:54663]' for 'POST' to 'http://localhost:54663/session/f1159ae19cd38a284a7ec906ee09453e/timeouts'
19:24:21.924 [Forwarding setTimeout on session f1159ae19cd38a284a7ec906ee09453e to remote] DEBUG org.asynchttpclient.netty.request.NettyRequestSender - Using open Channel [id: 0xcce9decb, L:/127.0.0.1:61759 - R:localhost/127.0.0.1:54663] for POST '/session/f1159ae19cd38a284a7ec906ee09453e/timeouts'
19:24:21.925 [AsyncHttpClient-1-2] DEBUG org.asynchttpclient.netty.handler.HttpHandler - 

Request DefaultHttpRequest(decodeResult: success, version: HTTP/1.1)
POST /session/f1159ae19cd38a284a7ec906ee09453e/timeouts HTTP/1.1
User-Agent: selenium/4.4.0 (java windows)
Content-Length: 19
Content-Type: application/json; charset=utf-8
host: localhost:54663
accept: */*

Response DefaultHttpResponse(decodeResult: success, version: HTTP/1.1)
HTTP/1.1 200 OK
Content-Type: application/json; charset=utf-8
cache-control: no-cache
content-length: 14

19:24:21.925 [AsyncHttpClient-1-2] DEBUG org.asynchttpclient.netty.channel.ChannelManager - Adding key: http://localhost:54663 for channel [id: 0xcce9decb, L:/127.0.0.1:61759 - R:localhost/127.0.0.1:54663]
19:24:21.926 [Forwarding findElement on session f1159ae19cd38a284a7ec906ee09453e to remote] DEBUG org.asynchttpclient.netty.request.NettyRequestSender - Using pooled Channel '[id: 0xcce9decb, L:/127.0.0.1:61759 - R:localhost/127.0.0.1:54663]' for 'POST' to 'http://localhost:54663/session/f1159ae19cd38a284a7ec906ee09453e/element'
19:24:21.926 [Forwarding findElement on session f1159ae19cd38a284a7ec906ee09453e to remote] DEBUG org.asynchttpclient.netty.request.NettyRequestSender - Using open Channel [id: 0xcce9decb, L:/127.0.0.1:61759 - R:localhost/127.0.0.1:54663] for POST '/session/f1159ae19cd38a284a7ec906ee09453e/element'
19:24:21.930 [AsyncHttpClient-1-2] DEBUG org.asynchttpclient.netty.handler.HttpHandler - 

Request DefaultHttpRequest(decodeResult: success, version: HTTP/1.1)
POST /session/f1159ae19cd38a284a7ec906ee09453e/element HTTP/1.1
User-Agent: selenium/4.4.0 (java windows)
Content-Length: 59
Content-Type: application/json; charset=utf-8
host: localhost:54663
accept: */*

Response DefaultHttpResponse(decodeResult: success, version: HTTP/1.1)
HTTP/1.1 200 OK
Content-Type: application/json; charset=utf-8
cache-control: no-cache
content-length: 88

19:24:21.930 [AsyncHttpClient-1-2] DEBUG org.asynchttpclient.netty.channel.ChannelManager - Adding key: http://localhost:54663 for channel [id: 0xcce9decb, L:/127.0.0.1:61759 - R:localhost/127.0.0.1:54663]
19:24:21.932 [Forwarding setTimeout on session f1159ae19cd38a284a7ec906ee09453e to remote] DEBUG org.asynchttpclient.netty.request.NettyRequestSender - Using pooled Channel '[id: 0xcce9decb, L:/127.0.0.1:61759 - R:localhost/127.0.0.1:54663]' for 'POST' to 'http://localhost:54663/session/f1159ae19cd38a284a7ec906ee09453e/timeouts'
19:24:21.932 [Forwarding setTimeout on session f1159ae19cd38a284a7ec906ee09453e to remote] DEBUG org.asynchttpclient.netty.request.NettyRequestSender - Using open Channel [id: 0xcce9decb, L:/127.0.0.1:61759 - R:localhost/127.0.0.1:54663] for POST '/session/f1159ae19cd38a284a7ec906ee09453e/timeouts'
19:24:21.933 [AsyncHttpClient-1-2] DEBUG org.asynchttpclient.netty.handler.HttpHandler - 

Request DefaultHttpRequest(decodeResult: success, version: HTTP/1.1)
POST /session/f1159ae19cd38a284a7ec906ee09453e/timeouts HTTP/1.1
User-Agent: selenium/4.4.0 (java windows)
Content-Length: 22
Content-Type: application/json; charset=utf-8
host: localhost:54663
accept: */*

Response DefaultHttpResponse(decodeResult: success, version: HTTP/1.1)
HTTP/1.1 200 OK
Content-Type: application/json; charset=utf-8
cache-control: no-cache
content-length: 14

19:24:21.933 [AsyncHttpClient-1-2] DEBUG org.asynchttpclient.netty.channel.ChannelManager - Adding key: http://localhost:54663 for channel [id: 0xcce9decb, L:/127.0.0.1:61759 - R:localhost/127.0.0.1:54663]
19:24:21.934 [Forwarding getElementDomAttribute on session f1159ae19cd38a284a7ec906ee09453e to remote] DEBUG org.asynchttpclient.netty.request.NettyRequestSender - Using pooled Channel '[id: 0xcce9decb, L:/127.0.0.1:61759 - R:localhost/127.0.0.1:54663]' for 'GET' to 'http://localhost:54663/session/f1159ae19cd38a284a7ec906ee09453e/element/97618fca-cd93-4eb2-a489-e978ea1c83c9/attribute/multiple'
19:24:21.934 [Forwarding getElementDomAttribute on session f1159ae19cd38a284a7ec906ee09453e to remote] DEBUG org.asynchttpclient.netty.request.NettyRequestSender - Using open Channel [id: 0xcce9decb, L:/127.0.0.1:61759 - R:localhost/127.0.0.1:54663] for GET '/session/f1159ae19cd38a284a7ec906ee09453e/element/97618fca-cd93-4eb2-a489-e978ea1c83c9/attribute/multiple'
19:24:21.938 [AsyncHttpClient-1-2] DEBUG org.asynchttpclient.netty.handler.HttpHandler - 

Request DefaultFullHttpRequest(decodeResult: success, version: HTTP/1.1, content: EmptyByteBufBE)
GET /session/f1159ae19cd38a284a7ec906ee09453e/element/97618fca-cd93-4eb2-a489-e978ea1c83c9/attribute/multiple HTTP/1.1
User-Agent: selenium/4.4.0 (java windows)
Cache-Control: no-cache
Content-Type: application/json; charset=utf-8
host: localhost:54663
accept: */*

Response DefaultHttpResponse(decodeResult: success, version: HTTP/1.1)
HTTP/1.1 200 OK
Content-Type: application/json; charset=utf-8
cache-control: no-cache
content-length: 14

19:24:21.938 [AsyncHttpClient-1-2] DEBUG org.asynchttpclient.netty.channel.ChannelManager - Adding key: http://localhost:54663 for channel [id: 0xcce9decb, L:/127.0.0.1:61759 - R:localhost/127.0.0.1:54663]
19:24:21.941 [Forwarding setTimeout on session f1159ae19cd38a284a7ec906ee09453e to remote] DEBUG org.asynchttpclient.netty.request.NettyRequestSender - Using pooled Channel '[id: 0xcce9decb, L:/127.0.0.1:61759 - R:localhost/127.0.0.1:54663]' for 'POST' to 'http://localhost:54663/session/f1159ae19cd38a284a7ec906ee09453e/timeouts'
19:24:21.941 [Forwarding setTimeout on session f1159ae19cd38a284a7ec906ee09453e to remote] DEBUG org.asynchttpclient.netty.request.NettyRequestSender - Using open Channel [id: 0xcce9decb, L:/127.0.0.1:61759 - R:localhost/127.0.0.1:54663] for POST '/session/f1159ae19cd38a284a7ec906ee09453e/timeouts'
19:24:21.942 [AsyncHttpClient-1-2] DEBUG org.asynchttpclient.netty.handler.HttpHandler - 

Request DefaultHttpRequest(decodeResult: success, version: HTTP/1.1)
POST /session/f1159ae19cd38a284a7ec906ee09453e/timeouts HTTP/1.1
User-Agent: selenium/4.4.0 (java windows)
Content-Length: 19
Content-Type: application/json; charset=utf-8
host: localhost:54663
accept: */*

Response DefaultHttpResponse(decodeResult: success, version: HTTP/1.1)
HTTP/1.1 200 OK
Content-Type: application/json; charset=utf-8
cache-control: no-cache
content-length: 14

19:24:21.942 [AsyncHttpClient-1-2] DEBUG org.asynchttpclient.netty.channel.ChannelManager - Adding key: http://localhost:54663 for channel [id: 0xcce9decb, L:/127.0.0.1:61759 - R:localhost/127.0.0.1:54663]
19:24:21.943 [Forwarding findElement on session f1159ae19cd38a284a7ec906ee09453e to remote] DEBUG org.asynchttpclient.netty.request.NettyRequestSender - Using pooled Channel '[id: 0xcce9decb, L:/127.0.0.1:61759 - R:localhost/127.0.0.1:54663]' for 'POST' to 'http://localhost:54663/session/f1159ae19cd38a284a7ec906ee09453e/element'
19:24:21.943 [Forwarding findElement on session f1159ae19cd38a284a7ec906ee09453e to remote] DEBUG org.asynchttpclient.netty.request.NettyRequestSender - Using open Channel [id: 0xcce9decb, L:/127.0.0.1:61759 - R:localhost/127.0.0.1:54663] for POST '/session/f1159ae19cd38a284a7ec906ee09453e/element'
19:24:21.948 [AsyncHttpClient-1-2] DEBUG org.asynchttpclient.netty.handler.HttpHandler - 

Request DefaultHttpRequest(decodeResult: success, version: HTTP/1.1)
POST /session/f1159ae19cd38a284a7ec906ee09453e/element HTTP/1.1
User-Agent: selenium/4.4.0 (java windows)
Content-Length: 59
Content-Type: application/json; charset=utf-8
host: localhost:54663
accept: */*

Response DefaultHttpResponse(decodeResult: success, version: HTTP/1.1)
HTTP/1.1 200 OK
Content-Type: application/json; charset=utf-8
cache-control: no-cache
content-length: 88

19:24:21.948 [AsyncHttpClient-1-2] DEBUG org.asynchttpclient.netty.channel.ChannelManager - Adding key: http://localhost:54663 for channel [id: 0xcce9decb, L:/127.0.0.1:61759 - R:localhost/127.0.0.1:54663]
19:24:21.949 [Forwarding setTimeout on session f1159ae19cd38a284a7ec906ee09453e to remote] DEBUG org.asynchttpclient.netty.request.NettyRequestSender - Using pooled Channel '[id: 0xcce9decb, L:/127.0.0.1:61759 - R:localhost/127.0.0.1:54663]' for 'POST' to 'http://localhost:54663/session/f1159ae19cd38a284a7ec906ee09453e/timeouts'
19:24:21.949 [Forwarding setTimeout on session f1159ae19cd38a284a7ec906ee09453e to remote] DEBUG org.asynchttpclient.netty.request.NettyRequestSender - Using open Channel [id: 0xcce9decb, L:/127.0.0.1:61759 - R:localhost/127.0.0.1:54663] for POST '/session/f1159ae19cd38a284a7ec906ee09453e/timeouts'
19:24:21.950 [AsyncHttpClient-1-2] DEBUG org.asynchttpclient.netty.handler.HttpHandler - 

Request DefaultHttpRequest(decodeResult: success, version: HTTP/1.1)
POST /session/f1159ae19cd38a284a7ec906ee09453e/timeouts HTTP/1.1
User-Agent: selenium/4.4.0 (java windows)
Content-Length: 22
Content-Type: application/json; charset=utf-8
host: localhost:54663
accept: */*

Response DefaultHttpResponse(decodeResult: success, version: HTTP/1.1)
HTTP/1.1 200 OK
Content-Type: application/json; charset=utf-8
cache-control: no-cache
content-length: 14

19:24:21.950 [AsyncHttpClient-1-2] DEBUG org.asynchttpclient.netty.channel.ChannelManager - Adding key: http://localhost:54663 for channel [id: 0xcce9decb, L:/127.0.0.1:61759 - R:localhost/127.0.0.1:54663]
19:24:21.951 [Forwarding findChildElements on session f1159ae19cd38a284a7ec906ee09453e to remote] DEBUG org.asynchttpclient.netty.request.NettyRequestSender - Using pooled Channel '[id: 0xcce9decb, L:/127.0.0.1:61759 - R:localhost/127.0.0.1:54663]' for 'POST' to 'http://localhost:54663/session/f1159ae19cd38a284a7ec906ee09453e/element/97618fca-cd93-4eb2-a489-e978ea1c83c9/elements'
19:24:21.951 [Forwarding findChildElements on session f1159ae19cd38a284a7ec906ee09453e to remote] DEBUG org.asynchttpclient.netty.request.NettyRequestSender - Using open Channel [id: 0xcce9decb, L:/127.0.0.1:61759 - R:localhost/127.0.0.1:54663] for POST '/session/f1159ae19cd38a284a7ec906ee09453e/element/97618fca-cd93-4eb2-a489-e978ea1c83c9/elements'
19:24:21.959 [AsyncHttpClient-1-2] DEBUG org.asynchttpclient.netty.handler.HttpHandler - 

Request DefaultHttpRequest(decodeResult: success, version: HTTP/1.1)
POST /session/f1159ae19cd38a284a7ec906ee09453e/element/97618fca-cd93-4eb2-a489-e978ea1c83c9/elements HTTP/1.1
User-Agent: selenium/4.4.0 (java windows)
Content-Length: 159
Content-Type: application/json; charset=utf-8
host: localhost:54663
accept: */*

Response DefaultHttpResponse(decodeResult: success, version: HTTP/1.1)
HTTP/1.1 200 OK
Content-Type: application/json; charset=utf-8
cache-control: no-cache
content-length: 90

19:24:21.959 [AsyncHttpClient-1-2] DEBUG org.asynchttpclient.netty.channel.ChannelManager - Adding key: http://localhost:54663 for channel [id: 0xcce9decb, L:/127.0.0.1:61759 - R:localhost/127.0.0.1:54663]
19:24:21.961 [Forwarding isElementSelected on session f1159ae19cd38a284a7ec906ee09453e to remote] DEBUG org.asynchttpclient.netty.request.NettyRequestSender - Using pooled Channel '[id: 0xcce9decb, L:/127.0.0.1:61759 - R:localhost/127.0.0.1:54663]' for 'GET' to 'http://localhost:54663/session/f1159ae19cd38a284a7ec906ee09453e/element/ee546ace-0e83-40a8-83ce-0209b333d993/selected'
19:24:21.961 [Forwarding isElementSelected on session f1159ae19cd38a284a7ec906ee09453e to remote] DEBUG org.asynchttpclient.netty.request.NettyRequestSender - Using open Channel [id: 0xcce9decb, L:/127.0.0.1:61759 - R:localhost/127.0.0.1:54663] for GET '/session/f1159ae19cd38a284a7ec906ee09453e/element/ee546ace-0e83-40a8-83ce-0209b333d993/selected'
19:24:21.967 [AsyncHttpClient-1-2] DEBUG org.asynchttpclient.netty.handler.HttpHandler - 

Request DefaultFullHttpRequest(decodeResult: success, version: HTTP/1.1, content: EmptyByteBufBE)
GET /session/f1159ae19cd38a284a7ec906ee09453e/element/ee546ace-0e83-40a8-83ce-0209b333d993/selected HTTP/1.1
User-Agent: selenium/4.4.0 (java windows)
Cache-Control: no-cache
Content-Type: application/json; charset=utf-8
host: localhost:54663
accept: */*

Response DefaultHttpResponse(decodeResult: success, version: HTTP/1.1)
HTTP/1.1 200 OK
Content-Type: application/json; charset=utf-8
cache-control: no-cache
content-length: 15

19:24:21.967 [AsyncHttpClient-1-2] DEBUG org.asynchttpclient.netty.channel.ChannelManager - Adding key: http://localhost:54663 for channel [id: 0xcce9decb, L:/127.0.0.1:61759 - R:localhost/127.0.0.1:54663]
19:24:21.968 [Forwarding clickElement on session f1159ae19cd38a284a7ec906ee09453e to remote] DEBUG org.asynchttpclient.netty.request.NettyRequestSender - Using pooled Channel '[id: 0xcce9decb, L:/127.0.0.1:61759 - R:localhost/127.0.0.1:54663]' for 'POST' to 'http://localhost:54663/session/f1159ae19cd38a284a7ec906ee09453e/element/ee546ace-0e83-40a8-83ce-0209b333d993/click'
19:24:21.968 [Forwarding clickElement on session f1159ae19cd38a284a7ec906ee09453e to remote] DEBUG org.asynchttpclient.netty.request.NettyRequestSender - Using open Channel [id: 0xcce9decb, L:/127.0.0.1:61759 - R:localhost/127.0.0.1:54663] for POST '/session/f1159ae19cd38a284a7ec906ee09453e/element/ee546ace-0e83-40a8-83ce-0209b333d993/click'
19:24:21.984 [AsyncHttpClient-1-2] DEBUG org.asynchttpclient.netty.handler.HttpHandler - 

Request DefaultHttpRequest(decodeResult: success, version: HTTP/1.1)
POST /session/f1159ae19cd38a284a7ec906ee09453e/element/ee546ace-0e83-40a8-83ce-0209b333d993/click HTTP/1.1
User-Agent: selenium/4.4.0 (java windows)
Content-Length: 50
Content-Type: application/json; charset=utf-8
host: localhost:54663
accept: */*

Response DefaultHttpResponse(decodeResult: success, version: HTTP/1.1)
HTTP/1.1 200 OK
Content-Type: application/json; charset=utf-8
cache-control: no-cache
content-length: 14

19:24:21.984 [AsyncHttpClient-1-2] DEBUG org.asynchttpclient.netty.channel.ChannelManager - Adding key: http://localhost:54663 for channel [id: 0xcce9decb, L:/127.0.0.1:61759 - R:localhost/127.0.0.1:54663]
19:24:21.990 [Forwarding findElements on session f1159ae19cd38a284a7ec906ee09453e to remote] DEBUG org.asynchttpclient.netty.request.NettyRequestSender - Using pooled Channel '[id: 0xcce9decb, L:/127.0.0.1:61759 - R:localhost/127.0.0.1:54663]' for 'POST' to 'http://localhost:54663/session/f1159ae19cd38a284a7ec906ee09453e/elements'
19:24:21.990 [Forwarding findElements on session f1159ae19cd38a284a7ec906ee09453e to remote] DEBUG org.asynchttpclient.netty.request.NettyRequestSender - Using open Channel [id: 0xcce9decb, L:/127.0.0.1:61759 - R:localhost/127.0.0.1:54663] for POST '/session/f1159ae19cd38a284a7ec906ee09453e/elements'
19:24:22.001 [AsyncHttpClient-1-2] DEBUG org.asynchttpclient.netty.handler.HttpHandler - 

Request DefaultHttpRequest(decodeResult: success, version: HTTP/1.1)
POST /session/f1159ae19cd38a284a7ec906ee09453e/elements HTTP/1.1
User-Agent: selenium/4.4.0 (java windows)
Content-Length: 77
Content-Type: application/json; charset=utf-8
host: localhost:54663
accept: */*

Response DefaultHttpResponse(decodeResult: success, version: HTTP/1.1)
HTTP/1.1 200 OK
Content-Type: application/json; charset=utf-8
cache-control: no-cache
content-length: 248

19:24:22.001 [AsyncHttpClient-1-2] DEBUG org.asynchttpclient.netty.channel.ChannelManager - Adding key: http://localhost:54663 for channel [id: 0xcce9decb, L:/127.0.0.1:61759 - R:localhost/127.0.0.1:54663]
19:24:22.005 [Forwarding getElementText on session f1159ae19cd38a284a7ec906ee09453e to remote] DEBUG org.asynchttpclient.netty.request.NettyRequestSender - Using pooled Channel '[id: 0xcce9decb, L:/127.0.0.1:61759 - R:localhost/127.0.0.1:54663]' for 'GET' to 'http://localhost:54663/session/f1159ae19cd38a284a7ec906ee09453e/element/b49d330b-c695-43de-aa30-164089080786/text'
19:24:22.006 [Forwarding getElementText on session f1159ae19cd38a284a7ec906ee09453e to remote] DEBUG org.asynchttpclient.netty.request.NettyRequestSender - Using open Channel [id: 0xcce9decb, L:/127.0.0.1:61759 - R:localhost/127.0.0.1:54663] for GET '/session/f1159ae19cd38a284a7ec906ee09453e/element/b49d330b-c695-43de-aa30-164089080786/text'
19:24:22.018 [AsyncHttpClient-1-2] DEBUG org.asynchttpclient.netty.handler.HttpHandler - 

Request DefaultFullHttpRequest(decodeResult: success, version: HTTP/1.1, content: EmptyByteBufBE)
GET /session/f1159ae19cd38a284a7ec906ee09453e/element/b49d330b-c695-43de-aa30-164089080786/text HTTP/1.1
User-Agent: selenium/4.4.0 (java windows)
Cache-Control: no-cache
Content-Type: application/json; charset=utf-8
host: localhost:54663
accept: */*

Response DefaultHttpResponse(decodeResult: success, version: HTTP/1.1)
HTTP/1.1 200 OK
Content-Type: application/json; charset=utf-8
cache-control: no-cache
content-length: 20

19:24:22.018 [AsyncHttpClient-1-2] DEBUG org.asynchttpclient.netty.channel.ChannelManager - Adding key: http://localhost:54663 for channel [id: 0xcce9decb, L:/127.0.0.1:61759 - R:localhost/127.0.0.1:54663]
19:24:22.019 [Forwarding executeScript on session f1159ae19cd38a284a7ec906ee09453e to remote] DEBUG org.asynchttpclient.netty.request.NettyRequestSender - Using pooled Channel '[id: 0xcce9decb, L:/127.0.0.1:61759 - R:localhost/127.0.0.1:54663]' for 'POST' to 'http://localhost:54663/session/f1159ae19cd38a284a7ec906ee09453e/execute/sync'
19:24:22.019 [Forwarding executeScript on session f1159ae19cd38a284a7ec906ee09453e to remote] DEBUG org.asynchttpclient.netty.request.NettyRequestSender - Using open Channel [id: 0xcce9decb, L:/127.0.0.1:61759 - R:localhost/127.0.0.1:54663] for POST '/session/f1159ae19cd38a284a7ec906ee09453e/execute/sync'
19:24:22.026 [AsyncHttpClient-1-2] DEBUG org.asynchttpclient.netty.handler.HttpHandler - 

Request DefaultHttpRequest(decodeResult: success, version: HTTP/1.1)
POST /session/f1159ae19cd38a284a7ec906ee09453e/execute/sync HTTP/1.1
User-Agent: selenium/4.4.0 (java windows)
Content-Length: 209
Content-Type: application/json; charset=utf-8
host: localhost:54663
accept: */*

Response DefaultHttpResponse(decodeResult: success, version: HTTP/1.1)
HTTP/1.1 200 OK
Content-Type: application/json; charset=utf-8
cache-control: no-cache
content-length: 14

19:24:22.026 [AsyncHttpClient-1-2] DEBUG org.asynchttpclient.netty.channel.ChannelManager - Adding key: http://localhost:54663 for channel [id: 0xcce9decb, L:/127.0.0.1:61759 - R:localhost/127.0.0.1:54663]
19:24:22.030 [Forwarding findElement on session f1159ae19cd38a284a7ec906ee09453e to remote] DEBUG org.asynchttpclient.netty.request.NettyRequestSender - Using pooled Channel '[id: 0xcce9decb, L:/127.0.0.1:61759 - R:localhost/127.0.0.1:54663]' for 'POST' to 'http://localhost:54663/session/f1159ae19cd38a284a7ec906ee09453e/element'
19:24:22.030 [Forwarding findElement on session f1159ae19cd38a284a7ec906ee09453e to remote] DEBUG org.asynchttpclient.netty.request.NettyRequestSender - Using open Channel [id: 0xcce9decb, L:/127.0.0.1:61759 - R:localhost/127.0.0.1:54663] for POST '/session/f1159ae19cd38a284a7ec906ee09453e/element'
19:24:22.038 [AsyncHttpClient-1-2] DEBUG org.asynchttpclient.netty.handler.HttpHandler - 

Request DefaultHttpRequest(decodeResult: success, version: HTTP/1.1)
POST /session/f1159ae19cd38a284a7ec906ee09453e/element HTTP/1.1
User-Agent: selenium/4.4.0 (java windows)
Content-Length: 59
Content-Type: application/json; charset=utf-8
host: localhost:54663
accept: */*

Response DefaultHttpResponse(decodeResult: success, version: HTTP/1.1)
HTTP/1.1 200 OK
Content-Type: application/json; charset=utf-8
cache-control: no-cache
content-length: 88

19:24:22.038 [AsyncHttpClient-1-2] DEBUG org.asynchttpclient.netty.channel.ChannelManager - Adding key: http://localhost:54663 for channel [id: 0xcce9decb, L:/127.0.0.1:61759 - R:localhost/127.0.0.1:54663]
19:24:22.041 [Forwarding isElementDisplayed on session f1159ae19cd38a284a7ec906ee09453e to remote] DEBUG org.asynchttpclient.netty.request.NettyRequestSender - Using pooled Channel '[id: 0xcce9decb, L:/127.0.0.1:61759 - R:localhost/127.0.0.1:54663]' for 'POST' to 'http://localhost:54663/session/f1159ae19cd38a284a7ec906ee09453e/execute/sync'
19:24:22.041 [Forwarding isElementDisplayed on session f1159ae19cd38a284a7ec906ee09453e to remote] DEBUG org.asynchttpclient.netty.request.NettyRequestSender - Using open Channel [id: 0xcce9decb, L:/127.0.0.1:61759 - R:localhost/127.0.0.1:54663] for POST '/session/f1159ae19cd38a284a7ec906ee09453e/execute/sync'
19:24:22.050 [AsyncHttpClient-1-2] DEBUG org.asynchttpclient.netty.handler.HttpHandler - 

Request DefaultHttpRequest(decodeResult: success, version: HTTP/1.1)
POST /session/f1159ae19cd38a284a7ec906ee09453e/execute/sync HTTP/1.1
User-Agent: selenium/4.4.0 (java windows)
Content-Length: 48780
Content-Type: application/json; charset=utf-8
host: localhost:54663
accept: */*

Response DefaultHttpResponse(decodeResult: success, version: HTTP/1.1)
HTTP/1.1 200 OK
Content-Type: application/json; charset=utf-8
cache-control: no-cache
content-length: 14

19:24:22.051 [AsyncHttpClient-1-2] DEBUG org.asynchttpclient.netty.channel.ChannelManager - Adding key: http://localhost:54663 for channel [id: 0xcce9decb, L:/127.0.0.1:61759 - R:localhost/127.0.0.1:54663]
19:24:22.052 [Forwarding clearElement on session f1159ae19cd38a284a7ec906ee09453e to remote] DEBUG org.asynchttpclient.netty.request.NettyRequestSender - Using pooled Channel '[id: 0xcce9decb, L:/127.0.0.1:61759 - R:localhost/127.0.0.1:54663]' for 'POST' to 'http://localhost:54663/session/f1159ae19cd38a284a7ec906ee09453e/element/1308096d-2799-4e10-b7ad-92b62df5b1f3/clear'
19:24:22.052 [Forwarding clearElement on session f1159ae19cd38a284a7ec906ee09453e to remote] DEBUG org.asynchttpclient.netty.request.NettyRequestSender - Using open Channel [id: 0xcce9decb, L:/127.0.0.1:61759 - R:localhost/127.0.0.1:54663] for POST '/session/f1159ae19cd38a284a7ec906ee09453e/element/1308096d-2799-4e10-b7ad-92b62df5b1f3/clear'
19:24:22.076 [AsyncHttpClient-1-2] DEBUG org.asynchttpclient.netty.handler.HttpHandler - 

Request DefaultHttpRequest(decodeResult: success, version: HTTP/1.1)
POST /session/f1159ae19cd38a284a7ec906ee09453e/element/1308096d-2799-4e10-b7ad-92b62df5b1f3/clear HTTP/1.1
User-Agent: selenium/4.4.0 (java windows)
Content-Length: 50
Content-Type: application/json; charset=utf-8
host: localhost:54663
accept: */*

Response DefaultHttpResponse(decodeResult: success, version: HTTP/1.1)
HTTP/1.1 200 OK
Content-Type: application/json; charset=utf-8
cache-control: no-cache
content-length: 14

19:24:22.076 [AsyncHttpClient-1-2] DEBUG org.asynchttpclient.netty.channel.ChannelManager - Adding key: http://localhost:54663 for channel [id: 0xcce9decb, L:/127.0.0.1:61759 - R:localhost/127.0.0.1:54663]
19:24:22.078 [Forwarding sendKeysToElement on session f1159ae19cd38a284a7ec906ee09453e to remote] DEBUG org.asynchttpclient.netty.request.NettyRequestSender - Using pooled Channel '[id: 0xcce9decb, L:/127.0.0.1:61759 - R:localhost/127.0.0.1:54663]' for 'POST' to 'http://localhost:54663/session/f1159ae19cd38a284a7ec906ee09453e/element/1308096d-2799-4e10-b7ad-92b62df5b1f3/value'
19:24:22.078 [Forwarding sendKeysToElement on session f1159ae19cd38a284a7ec906ee09453e to remote] DEBUG org.asynchttpclient.netty.request.NettyRequestSender - Using open Channel [id: 0xcce9decb, L:/127.0.0.1:61759 - R:localhost/127.0.0.1:54663] for POST '/session/f1159ae19cd38a284a7ec906ee09453e/element/1308096d-2799-4e10-b7ad-92b62df5b1f3/value'
19:24:22.160 [AsyncHttpClient-1-2] DEBUG org.asynchttpclient.netty.handler.HttpHandler - 

Request DefaultHttpRequest(decodeResult: success, version: HTTP/1.1)
POST /session/f1159ae19cd38a284a7ec906ee09453e/element/1308096d-2799-4e10-b7ad-92b62df5b1f3/value HTTP/1.1
User-Agent: selenium/4.4.0 (java windows)
Content-Length: 201
Content-Type: application/json; charset=utf-8
host: localhost:54663
accept: */*

Response DefaultHttpResponse(decodeResult: success, version: HTTP/1.1)
HTTP/1.1 200 OK
Content-Type: application/json; charset=utf-8
cache-control: no-cache
content-length: 14

19:24:22.160 [AsyncHttpClient-1-2] DEBUG org.asynchttpclient.netty.channel.ChannelManager - Adding key: http://localhost:54663 for channel [id: 0xcce9decb, L:/127.0.0.1:61759 - R:localhost/127.0.0.1:54663]
19:24:22.164 [Forwarding findElement on session f1159ae19cd38a284a7ec906ee09453e to remote] DEBUG org.asynchttpclient.netty.request.NettyRequestSender - Using pooled Channel '[id: 0xcce9decb, L:/127.0.0.1:61759 - R:localhost/127.0.0.1:54663]' for 'POST' to 'http://localhost:54663/session/f1159ae19cd38a284a7ec906ee09453e/element'
19:24:22.165 [Forwarding findElement on session f1159ae19cd38a284a7ec906ee09453e to remote] DEBUG org.asynchttpclient.netty.request.NettyRequestSender - Using open Channel [id: 0xcce9decb, L:/127.0.0.1:61759 - R:localhost/127.0.0.1:54663] for POST '/session/f1159ae19cd38a284a7ec906ee09453e/element'
19:24:22.176 [AsyncHttpClient-1-2] DEBUG org.asynchttpclient.netty.handler.HttpHandler - 

Request DefaultHttpRequest(decodeResult: success, version: HTTP/1.1)
POST /session/f1159ae19cd38a284a7ec906ee09453e/element HTTP/1.1
User-Agent: selenium/4.4.0 (java windows)
Content-Length: 56
Content-Type: application/json; charset=utf-8
host: localhost:54663
accept: */*

Response DefaultHttpResponse(decodeResult: success, version: HTTP/1.1)
HTTP/1.1 200 OK
Content-Type: application/json; charset=utf-8
cache-control: no-cache
content-length: 88

19:24:22.177 [AsyncHttpClient-1-2] DEBUG org.asynchttpclient.netty.channel.ChannelManager - Adding key: http://localhost:54663 for channel [id: 0xcce9decb, L:/127.0.0.1:61759 - R:localhost/127.0.0.1:54663]
19:24:22.179 [Forwarding isElementDisplayed on session f1159ae19cd38a284a7ec906ee09453e to remote] DEBUG org.asynchttpclient.netty.request.NettyRequestSender - Using pooled Channel '[id: 0xcce9decb, L:/127.0.0.1:61759 - R:localhost/127.0.0.1:54663]' for 'POST' to 'http://localhost:54663/session/f1159ae19cd38a284a7ec906ee09453e/execute/sync'
19:24:22.180 [Forwarding isElementDisplayed on session f1159ae19cd38a284a7ec906ee09453e to remote] DEBUG org.asynchttpclient.netty.request.NettyRequestSender - Using open Channel [id: 0xcce9decb, L:/127.0.0.1:61759 - R:localhost/127.0.0.1:54663] for POST '/session/f1159ae19cd38a284a7ec906ee09453e/execute/sync'
19:24:22.189 [AsyncHttpClient-1-2] DEBUG org.asynchttpclient.netty.handler.HttpHandler - 

Request DefaultHttpRequest(decodeResult: success, version: HTTP/1.1)
POST /session/f1159ae19cd38a284a7ec906ee09453e/execute/sync HTTP/1.1
User-Agent: selenium/4.4.0 (java windows)
Content-Length: 48780
Content-Type: application/json; charset=utf-8
host: localhost:54663
accept: */*

Response DefaultHttpResponse(decodeResult: success, version: HTTP/1.1)
HTTP/1.1 200 OK
Content-Type: application/json; charset=utf-8
cache-control: no-cache
content-length: 14

19:24:22.189 [AsyncHttpClient-1-2] DEBUG org.asynchttpclient.netty.channel.ChannelManager - Adding key: http://localhost:54663 for channel [id: 0xcce9decb, L:/127.0.0.1:61759 - R:localhost/127.0.0.1:54663]
19:24:22.192 [Forwarding clearElement on session f1159ae19cd38a284a7ec906ee09453e to remote] DEBUG org.asynchttpclient.netty.request.NettyRequestSender - Using pooled Channel '[id: 0xcce9decb, L:/127.0.0.1:61759 - R:localhost/127.0.0.1:54663]' for 'POST' to 'http://localhost:54663/session/f1159ae19cd38a284a7ec906ee09453e/element/fcd7fdd4-b617-4c26-aba0-80aff89eb4ce/clear'
19:24:22.192 [Forwarding clearElement on session f1159ae19cd38a284a7ec906ee09453e to remote] DEBUG org.asynchttpclient.netty.request.NettyRequestSender - Using open Channel [id: 0xcce9decb, L:/127.0.0.1:61759 - R:localhost/127.0.0.1:54663] for POST '/session/f1159ae19cd38a284a7ec906ee09453e/element/fcd7fdd4-b617-4c26-aba0-80aff89eb4ce/clear'
19:24:22.217 [AsyncHttpClient-1-2] DEBUG org.asynchttpclient.netty.handler.HttpHandler - 

Request DefaultHttpRequest(decodeResult: success, version: HTTP/1.1)
POST /session/f1159ae19cd38a284a7ec906ee09453e/element/fcd7fdd4-b617-4c26-aba0-80aff89eb4ce/clear HTTP/1.1
User-Agent: selenium/4.4.0 (java windows)
Content-Length: 50
Content-Type: application/json; charset=utf-8
host: localhost:54663
accept: */*

Response DefaultHttpResponse(decodeResult: success, version: HTTP/1.1)
HTTP/1.1 200 OK
Content-Type: application/json; charset=utf-8
cache-control: no-cache
content-length: 14

19:24:22.217 [AsyncHttpClient-1-2] DEBUG org.asynchttpclient.netty.channel.ChannelManager - Adding key: http://localhost:54663 for channel [id: 0xcce9decb, L:/127.0.0.1:61759 - R:localhost/127.0.0.1:54663]
19:24:22.220 [Forwarding sendKeysToElement on session f1159ae19cd38a284a7ec906ee09453e to remote] DEBUG org.asynchttpclient.netty.request.NettyRequestSender - Using pooled Channel '[id: 0xcce9decb, L:/127.0.0.1:61759 - R:localhost/127.0.0.1:54663]' for 'POST' to 'http://localhost:54663/session/f1159ae19cd38a284a7ec906ee09453e/element/fcd7fdd4-b617-4c26-aba0-80aff89eb4ce/value'
19:24:22.220 [Forwarding sendKeysToElement on session f1159ae19cd38a284a7ec906ee09453e to remote] DEBUG org.asynchttpclient.netty.request.NettyRequestSender - Using open Channel [id: 0xcce9decb, L:/127.0.0.1:61759 - R:localhost/127.0.0.1:54663] for POST '/session/f1159ae19cd38a284a7ec906ee09453e/element/fcd7fdd4-b617-4c26-aba0-80aff89eb4ce/value'
19:24:22.263 [AsyncHttpClient-1-2] DEBUG org.asynchttpclient.netty.handler.HttpHandler - 

Request DefaultHttpRequest(decodeResult: success, version: HTTP/1.1)
POST /session/f1159ae19cd38a284a7ec906ee09453e/element/fcd7fdd4-b617-4c26-aba0-80aff89eb4ce/value HTTP/1.1
User-Agent: selenium/4.4.0 (java windows)
Content-Length: 161
Content-Type: application/json; charset=utf-8
host: localhost:54663
accept: */*

Response DefaultHttpResponse(decodeResult: success, version: HTTP/1.1)
HTTP/1.1 200 OK
Content-Type: application/json; charset=utf-8
cache-control: no-cache
content-length: 14

19:24:22.263 [AsyncHttpClient-1-2] DEBUG org.asynchttpclient.netty.channel.ChannelManager - Adding key: http://localhost:54663 for channel [id: 0xcce9decb, L:/127.0.0.1:61759 - R:localhost/127.0.0.1:54663]
19:24:22.267 [Forwarding findElement on session f1159ae19cd38a284a7ec906ee09453e to remote] DEBUG org.asynchttpclient.netty.request.NettyRequestSender - Using pooled Channel '[id: 0xcce9decb, L:/127.0.0.1:61759 - R:localhost/127.0.0.1:54663]' for 'POST' to 'http://localhost:54663/session/f1159ae19cd38a284a7ec906ee09453e/element'
19:24:22.267 [Forwarding findElement on session f1159ae19cd38a284a7ec906ee09453e to remote] DEBUG org.asynchttpclient.netty.request.NettyRequestSender - Using open Channel [id: 0xcce9decb, L:/127.0.0.1:61759 - R:localhost/127.0.0.1:54663] for POST '/session/f1159ae19cd38a284a7ec906ee09453e/element'
19:24:22.276 [AsyncHttpClient-1-2] DEBUG org.asynchttpclient.netty.handler.HttpHandler - 

Request DefaultHttpRequest(decodeResult: success, version: HTTP/1.1)
POST /session/f1159ae19cd38a284a7ec906ee09453e/element HTTP/1.1
User-Agent: selenium/4.4.0 (java windows)
Content-Length: 69
Content-Type: application/json; charset=utf-8
host: localhost:54663
accept: */*

Response DefaultHttpResponse(decodeResult: success, version: HTTP/1.1)
HTTP/1.1 200 OK
Content-Type: application/json; charset=utf-8
cache-control: no-cache
content-length: 88

19:24:22.276 [AsyncHttpClient-1-2] DEBUG org.asynchttpclient.netty.channel.ChannelManager - Adding key: http://localhost:54663 for channel [id: 0xcce9decb, L:/127.0.0.1:61759 - R:localhost/127.0.0.1:54663]
19:24:22.280 [Forwarding isElementDisplayed on session f1159ae19cd38a284a7ec906ee09453e to remote] DEBUG org.asynchttpclient.netty.request.NettyRequestSender - Using pooled Channel '[id: 0xcce9decb, L:/127.0.0.1:61759 - R:localhost/127.0.0.1:54663]' for 'POST' to 'http://localhost:54663/session/f1159ae19cd38a284a7ec906ee09453e/execute/sync'
19:24:22.280 [Forwarding isElementDisplayed on session f1159ae19cd38a284a7ec906ee09453e to remote] DEBUG org.asynchttpclient.netty.request.NettyRequestSender - Using open Channel [id: 0xcce9decb, L:/127.0.0.1:61759 - R:localhost/127.0.0.1:54663] for POST '/session/f1159ae19cd38a284a7ec906ee09453e/execute/sync'
19:24:22.288 [AsyncHttpClient-1-2] DEBUG org.asynchttpclient.netty.handler.HttpHandler - 

Request DefaultHttpRequest(decodeResult: success, version: HTTP/1.1)
POST /session/f1159ae19cd38a284a7ec906ee09453e/execute/sync HTTP/1.1
User-Agent: selenium/4.4.0 (java windows)
Content-Length: 48780
Content-Type: application/json; charset=utf-8
host: localhost:54663
accept: */*

Response DefaultHttpResponse(decodeResult: success, version: HTTP/1.1)
HTTP/1.1 200 OK
Content-Type: application/json; charset=utf-8
cache-control: no-cache
content-length: 14

19:24:22.289 [AsyncHttpClient-1-2] DEBUG org.asynchttpclient.netty.channel.ChannelManager - Adding key: http://localhost:54663 for channel [id: 0xcce9decb, L:/127.0.0.1:61759 - R:localhost/127.0.0.1:54663]
19:24:22.290 [Forwarding getElementTagName on session f1159ae19cd38a284a7ec906ee09453e to remote] DEBUG org.asynchttpclient.netty.request.NettyRequestSender - Using pooled Channel '[id: 0xcce9decb, L:/127.0.0.1:61759 - R:localhost/127.0.0.1:54663]' for 'GET' to 'http://localhost:54663/session/f1159ae19cd38a284a7ec906ee09453e/element/b1e2b8fd-2700-4f49-ba0d-1acf6f7a24b3/name'
19:24:22.290 [Forwarding getElementTagName on session f1159ae19cd38a284a7ec906ee09453e to remote] DEBUG org.asynchttpclient.netty.request.NettyRequestSender - Using open Channel [id: 0xcce9decb, L:/127.0.0.1:61759 - R:localhost/127.0.0.1:54663] for GET '/session/f1159ae19cd38a284a7ec906ee09453e/element/b1e2b8fd-2700-4f49-ba0d-1acf6f7a24b3/name'
19:24:22.294 [AsyncHttpClient-1-2] DEBUG org.asynchttpclient.netty.handler.HttpHandler - 

Request DefaultFullHttpRequest(decodeResult: success, version: HTTP/1.1, content: EmptyByteBufBE)
GET /session/f1159ae19cd38a284a7ec906ee09453e/element/b1e2b8fd-2700-4f49-ba0d-1acf6f7a24b3/name HTTP/1.1
User-Agent: selenium/4.4.0 (java windows)
Cache-Control: no-cache
Content-Type: application/json; charset=utf-8
host: localhost:54663
accept: */*

Response DefaultHttpResponse(decodeResult: success, version: HTTP/1.1)
HTTP/1.1 200 OK
Content-Type: application/json; charset=utf-8
cache-control: no-cache
content-length: 18

19:24:22.294 [AsyncHttpClient-1-2] DEBUG org.asynchttpclient.netty.channel.ChannelManager - Adding key: http://localhost:54663 for channel [id: 0xcce9decb, L:/127.0.0.1:61759 - R:localhost/127.0.0.1:54663]
19:24:22.295 [Forwarding getElementTagName on session f1159ae19cd38a284a7ec906ee09453e to remote] DEBUG org.asynchttpclient.netty.request.NettyRequestSender - Using pooled Channel '[id: 0xcce9decb, L:/127.0.0.1:61759 - R:localhost/127.0.0.1:54663]' for 'GET' to 'http://localhost:54663/session/f1159ae19cd38a284a7ec906ee09453e/element/b1e2b8fd-2700-4f49-ba0d-1acf6f7a24b3/name'
19:24:22.295 [Forwarding getElementTagName on session f1159ae19cd38a284a7ec906ee09453e to remote] DEBUG org.asynchttpclient.netty.request.NettyRequestSender - Using open Channel [id: 0xcce9decb, L:/127.0.0.1:61759 - R:localhost/127.0.0.1:54663] for GET '/session/f1159ae19cd38a284a7ec906ee09453e/element/b1e2b8fd-2700-4f49-ba0d-1acf6f7a24b3/name'
19:24:22.297 [AsyncHttpClient-1-2] DEBUG org.asynchttpclient.netty.handler.HttpHandler - 

Request DefaultFullHttpRequest(decodeResult: success, version: HTTP/1.1, content: EmptyByteBufBE)
GET /session/f1159ae19cd38a284a7ec906ee09453e/element/b1e2b8fd-2700-4f49-ba0d-1acf6f7a24b3/name HTTP/1.1
User-Agent: selenium/4.4.0 (java windows)
Cache-Control: no-cache
Content-Type: application/json; charset=utf-8
host: localhost:54663
accept: */*

Response DefaultHttpResponse(decodeResult: success, version: HTTP/1.1)
HTTP/1.1 200 OK
Content-Type: application/json; charset=utf-8
cache-control: no-cache
content-length: 18

19:24:22.298 [AsyncHttpClient-1-2] DEBUG org.asynchttpclient.netty.channel.ChannelManager - Adding key: http://localhost:54663 for channel [id: 0xcce9decb, L:/127.0.0.1:61759 - R:localhost/127.0.0.1:54663]
19:24:22.300 [Forwarding isElementEnabled on session f1159ae19cd38a284a7ec906ee09453e to remote] DEBUG org.asynchttpclient.netty.request.NettyRequestSender - Using pooled Channel '[id: 0xcce9decb, L:/127.0.0.1:61759 - R:localhost/127.0.0.1:54663]' for 'GET' to 'http://localhost:54663/session/f1159ae19cd38a284a7ec906ee09453e/element/b1e2b8fd-2700-4f49-ba0d-1acf6f7a24b3/enabled'
19:24:22.300 [AsyncHttpClient-1-1] DEBUG org.asynchttpclient.netty.channel.DefaultChannelPool - Entry count for : http://localhost:61760 : 1
19:24:22.300 [Forwarding isElementEnabled on session f1159ae19cd38a284a7ec906ee09453e to remote] DEBUG org.asynchttpclient.netty.request.NettyRequestSender - Using open Channel [id: 0xcce9decb, L:/127.0.0.1:61759 - R:localhost/127.0.0.1:54663] for GET '/session/f1159ae19cd38a284a7ec906ee09453e/element/b1e2b8fd-2700-4f49-ba0d-1acf6f7a24b3/enabled'
19:24:22.306 [AsyncHttpClient-1-2] DEBUG org.asynchttpclient.netty.handler.HttpHandler - 

Request DefaultFullHttpRequest(decodeResult: success, version: HTTP/1.1, content: EmptyByteBufBE)
GET /session/f1159ae19cd38a284a7ec906ee09453e/element/b1e2b8fd-2700-4f49-ba0d-1acf6f7a24b3/enabled HTTP/1.1
User-Agent: selenium/4.4.0 (java windows)
Cache-Control: no-cache
Content-Type: application/json; charset=utf-8
host: localhost:54663
accept: */*

Response DefaultHttpResponse(decodeResult: success, version: HTTP/1.1)
HTTP/1.1 200 OK
Content-Type: application/json; charset=utf-8
cache-control: no-cache
content-length: 14

19:24:22.306 [AsyncHttpClient-1-2] DEBUG org.asynchttpclient.netty.channel.ChannelManager - Adding key: http://localhost:54663 for channel [id: 0xcce9decb, L:/127.0.0.1:61759 - R:localhost/127.0.0.1:54663]
19:24:22.308 [Forwarding isElementEnabled on session f1159ae19cd38a284a7ec906ee09453e to remote] DEBUG org.asynchttpclient.netty.request.NettyRequestSender - Using pooled Channel '[id: 0xcce9decb, L:/127.0.0.1:61759 - R:localhost/127.0.0.1:54663]' for 'GET' to 'http://localhost:54663/session/f1159ae19cd38a284a7ec906ee09453e/element/b1e2b8fd-2700-4f49-ba0d-1acf6f7a24b3/enabled'
19:24:22.308 [Forwarding isElementEnabled on session f1159ae19cd38a284a7ec906ee09453e to remote] DEBUG org.asynchttpclient.netty.request.NettyRequestSender - Using open Channel [id: 0xcce9decb, L:/127.0.0.1:61759 - R:localhost/127.0.0.1:54663] for GET '/session/f1159ae19cd38a284a7ec906ee09453e/element/b1e2b8fd-2700-4f49-ba0d-1acf6f7a24b3/enabled'
19:24:22.312 [AsyncHttpClient-1-2] DEBUG org.asynchttpclient.netty.handler.HttpHandler - 

Request DefaultFullHttpRequest(decodeResult: success, version: HTTP/1.1, content: EmptyByteBufBE)
GET /session/f1159ae19cd38a284a7ec906ee09453e/element/b1e2b8fd-2700-4f49-ba0d-1acf6f7a24b3/enabled HTTP/1.1
User-Agent: selenium/4.4.0 (java windows)
Cache-Control: no-cache
Content-Type: application/json; charset=utf-8
host: localhost:54663
accept: */*

Response DefaultHttpResponse(decodeResult: success, version: HTTP/1.1)
HTTP/1.1 200 OK
Content-Type: application/json; charset=utf-8
cache-control: no-cache
content-length: 14

19:24:22.312 [AsyncHttpClient-1-2] DEBUG org.asynchttpclient.netty.channel.ChannelManager - Adding key: http://localhost:54663 for channel [id: 0xcce9decb, L:/127.0.0.1:61759 - R:localhost/127.0.0.1:54663]
19:24:22.315 [Forwarding findElement on session f1159ae19cd38a284a7ec906ee09453e to remote] DEBUG org.asynchttpclient.netty.request.NettyRequestSender - Using pooled Channel '[id: 0xcce9decb, L:/127.0.0.1:61759 - R:localhost/127.0.0.1:54663]' for 'POST' to 'http://localhost:54663/session/f1159ae19cd38a284a7ec906ee09453e/element'
19:24:22.315 [Forwarding findElement on session f1159ae19cd38a284a7ec906ee09453e to remote] DEBUG org.asynchttpclient.netty.request.NettyRequestSender - Using open Channel [id: 0xcce9decb, L:/127.0.0.1:61759 - R:localhost/127.0.0.1:54663] for POST '/session/f1159ae19cd38a284a7ec906ee09453e/element'
19:24:22.322 [AsyncHttpClient-1-2] DEBUG org.asynchttpclient.netty.handler.HttpHandler - 

Request DefaultHttpRequest(decodeResult: success, version: HTTP/1.1)
POST /session/f1159ae19cd38a284a7ec906ee09453e/element HTTP/1.1
User-Agent: selenium/4.4.0 (java windows)
Content-Length: 69
Content-Type: application/json; charset=utf-8
host: localhost:54663
accept: */*

Response DefaultHttpResponse(decodeResult: success, version: HTTP/1.1)
HTTP/1.1 200 OK
Content-Type: application/json; charset=utf-8
cache-control: no-cache
content-length: 88

19:24:22.323 [AsyncHttpClient-1-2] DEBUG org.asynchttpclient.netty.channel.ChannelManager - Adding key: http://localhost:54663 for channel [id: 0xcce9decb, L:/127.0.0.1:61759 - R:localhost/127.0.0.1:54663]
19:24:22.325 [Forwarding isElementDisplayed on session f1159ae19cd38a284a7ec906ee09453e to remote] DEBUG org.asynchttpclient.netty.request.NettyRequestSender - Using pooled Channel '[id: 0xcce9decb, L:/127.0.0.1:61759 - R:localhost/127.0.0.1:54663]' for 'POST' to 'http://localhost:54663/session/f1159ae19cd38a284a7ec906ee09453e/execute/sync'
19:24:22.325 [Forwarding isElementDisplayed on session f1159ae19cd38a284a7ec906ee09453e to remote] DEBUG org.asynchttpclient.netty.request.NettyRequestSender - Using open Channel [id: 0xcce9decb, L:/127.0.0.1:61759 - R:localhost/127.0.0.1:54663] for POST '/session/f1159ae19cd38a284a7ec906ee09453e/execute/sync'
19:24:22.334 [AsyncHttpClient-1-2] DEBUG org.asynchttpclient.netty.handler.HttpHandler - 

Request DefaultHttpRequest(decodeResult: success, version: HTTP/1.1)
POST /session/f1159ae19cd38a284a7ec906ee09453e/execute/sync HTTP/1.1
User-Agent: selenium/4.4.0 (java windows)
Content-Length: 48780
Content-Type: application/json; charset=utf-8
host: localhost:54663
accept: */*

Response DefaultHttpResponse(decodeResult: success, version: HTTP/1.1)
HTTP/1.1 200 OK
Content-Type: application/json; charset=utf-8
cache-control: no-cache
content-length: 14

19:24:22.334 [AsyncHttpClient-1-2] DEBUG org.asynchttpclient.netty.channel.ChannelManager - Adding key: http://localhost:54663 for channel [id: 0xcce9decb, L:/127.0.0.1:61759 - R:localhost/127.0.0.1:54663]
19:24:22.335 [Forwarding clickElement on session f1159ae19cd38a284a7ec906ee09453e to remote] DEBUG org.asynchttpclient.netty.request.NettyRequestSender - Using pooled Channel '[id: 0xcce9decb, L:/127.0.0.1:61759 - R:localhost/127.0.0.1:54663]' for 'POST' to 'http://localhost:54663/session/f1159ae19cd38a284a7ec906ee09453e/element/b1e2b8fd-2700-4f49-ba0d-1acf6f7a24b3/click'
19:24:22.335 [Forwarding clickElement on session f1159ae19cd38a284a7ec906ee09453e to remote] DEBUG org.asynchttpclient.netty.request.NettyRequestSender - Using open Channel [id: 0xcce9decb, L:/127.0.0.1:61759 - R:localhost/127.0.0.1:54663] for POST '/session/f1159ae19cd38a284a7ec906ee09453e/element/b1e2b8fd-2700-4f49-ba0d-1acf6f7a24b3/click'
19:24:22.528 [AsyncHttpClient-1-2] DEBUG org.asynchttpclient.netty.handler.HttpHandler - 

Request DefaultHttpRequest(decodeResult: success, version: HTTP/1.1)
POST /session/f1159ae19cd38a284a7ec906ee09453e/element/b1e2b8fd-2700-4f49-ba0d-1acf6f7a24b3/click HTTP/1.1
User-Agent: selenium/4.4.0 (java windows)
Content-Length: 50
Content-Type: application/json; charset=utf-8
host: localhost:54663
accept: */*

Response DefaultHttpResponse(decodeResult: success, version: HTTP/1.1)
HTTP/1.1 200 OK
Content-Type: application/json; charset=utf-8
cache-control: no-cache
content-length: 14

19:24:22.529 [AsyncHttpClient-1-2] DEBUG org.asynchttpclient.netty.channel.ChannelManager - Adding key: http://localhost:54663 for channel [id: 0xcce9decb, L:/127.0.0.1:61759 - R:localhost/127.0.0.1:54663]
19:24:22.538 [Forwarding getCurrentWindowHandle on session f1159ae19cd38a284a7ec906ee09453e to remote] DEBUG org.asynchttpclient.netty.request.NettyRequestSender - Using pooled Channel '[id: 0xcce9decb, L:/127.0.0.1:61759 - R:localhost/127.0.0.1:54663]' for 'GET' to 'http://localhost:54663/session/f1159ae19cd38a284a7ec906ee09453e/window'
19:24:22.538 [Forwarding getCurrentWindowHandle on session f1159ae19cd38a284a7ec906ee09453e to remote] DEBUG org.asynchttpclient.netty.request.NettyRequestSender - Using open Channel [id: 0xcce9decb, L:/127.0.0.1:61759 - R:localhost/127.0.0.1:54663] for GET '/session/f1159ae19cd38a284a7ec906ee09453e/window'
19:24:22.539 [AsyncHttpClient-1-2] DEBUG org.asynchttpclient.netty.handler.HttpHandler - 

Request DefaultFullHttpRequest(decodeResult: success, version: HTTP/1.1, content: EmptyByteBufBE)
GET /session/f1159ae19cd38a284a7ec906ee09453e/window HTTP/1.1
User-Agent: selenium/4.4.0 (java windows)
Cache-Control: no-cache
Content-Type: application/json; charset=utf-8
host: localhost:54663
accept: */*

Response DefaultHttpResponse(decodeResult: success, version: HTTP/1.1)
HTTP/1.1 200 OK
Content-Type: application/json; charset=utf-8
cache-control: no-cache
content-length: 53

19:24:22.539 [AsyncHttpClient-1-2] DEBUG org.asynchttpclient.netty.channel.ChannelManager - Adding key: http://localhost:54663 for channel [id: 0xcce9decb, L:/127.0.0.1:61759 - R:localhost/127.0.0.1:54663]
19:24:22.540 [Forwarding getAlertText on session f1159ae19cd38a284a7ec906ee09453e to remote] DEBUG org.asynchttpclient.netty.request.NettyRequestSender - Using pooled Channel '[id: 0xcce9decb, L:/127.0.0.1:61759 - R:localhost/127.0.0.1:54663]' for 'GET' to 'http://localhost:54663/session/f1159ae19cd38a284a7ec906ee09453e/alert/text'
19:24:22.540 [Forwarding getAlertText on session f1159ae19cd38a284a7ec906ee09453e to remote] DEBUG org.asynchttpclient.netty.request.NettyRequestSender - Using open Channel [id: 0xcce9decb, L:/127.0.0.1:61759 - R:localhost/127.0.0.1:54663] for GET '/session/f1159ae19cd38a284a7ec906ee09453e/alert/text'
19:24:22.541 [AsyncHttpClient-1-2] DEBUG org.asynchttpclient.netty.handler.HttpHandler - 

Request DefaultFullHttpRequest(decodeResult: success, version: HTTP/1.1, content: EmptyByteBufBE)
GET /session/f1159ae19cd38a284a7ec906ee09453e/alert/text HTTP/1.1
User-Agent: selenium/4.4.0 (java windows)
Cache-Control: no-cache
Content-Type: application/json; charset=utf-8
host: localhost:54663
accept: */*

Response DefaultHttpResponse(decodeResult: success, version: HTTP/1.1)
HTTP/1.1 404 Not Found
Content-Type: application/json; charset=utf-8
cache-control: no-cache
content-length: 815

19:24:22.542 [AsyncHttpClient-1-2] DEBUG org.asynchttpclient.netty.channel.ChannelManager - Adding key: http://localhost:54663 for channel [id: 0xcce9decb, L:/127.0.0.1:61759 - R:localhost/127.0.0.1:54663]
19:24:22.543 [Forwarding switchToWindow on session f1159ae19cd38a284a7ec906ee09453e to remote] DEBUG org.asynchttpclient.netty.request.NettyRequestSender - Using pooled Channel '[id: 0xcce9decb, L:/127.0.0.1:61759 - R:localhost/127.0.0.1:54663]' for 'POST' to 'http://localhost:54663/session/f1159ae19cd38a284a7ec906ee09453e/window'
19:24:22.543 [Forwarding switchToWindow on session f1159ae19cd38a284a7ec906ee09453e to remote] DEBUG org.asynchttpclient.netty.request.NettyRequestSender - Using open Channel [id: 0xcce9decb, L:/127.0.0.1:61759 - R:localhost/127.0.0.1:54663] for POST '/session/f1159ae19cd38a284a7ec906ee09453e/window'
19:24:22.545 [AsyncHttpClient-1-2] DEBUG org.asynchttpclient.netty.handler.HttpHandler - 

Request DefaultHttpRequest(decodeResult: success, version: HTTP/1.1)
POST /session/f1159ae19cd38a284a7ec906ee09453e/window HTTP/1.1
User-Agent: selenium/4.4.0 (java windows)
Content-Length: 59
Content-Type: application/json; charset=utf-8
host: localhost:54663
accept: */*

Response DefaultHttpResponse(decodeResult: success, version: HTTP/1.1)
HTTP/1.1 200 OK
Content-Type: application/json; charset=utf-8
cache-control: no-cache
content-length: 14

19:24:22.545 [AsyncHttpClient-1-2] DEBUG org.asynchttpclient.netty.channel.ChannelManager - Adding key: http://localhost:54663 for channel [id: 0xcce9decb, L:/127.0.0.1:61759 - R:localhost/127.0.0.1:54663]
19:24:22.546 [Forwarding getCurrentUrl on session f1159ae19cd38a284a7ec906ee09453e to remote] DEBUG org.asynchttpclient.netty.request.NettyRequestSender - Using pooled Channel '[id: 0xcce9decb, L:/127.0.0.1:61759 - R:localhost/127.0.0.1:54663]' for 'GET' to 'http://localhost:54663/session/f1159ae19cd38a284a7ec906ee09453e/url'
19:24:22.546 [Forwarding getCurrentUrl on session f1159ae19cd38a284a7ec906ee09453e to remote] DEBUG org.asynchttpclient.netty.request.NettyRequestSender - Using open Channel [id: 0xcce9decb, L:/127.0.0.1:61759 - R:localhost/127.0.0.1:54663] for GET '/session/f1159ae19cd38a284a7ec906ee09453e/url'
19:24:22.565 [AsyncHttpClient-1-2] DEBUG org.asynchttpclient.netty.handler.HttpHandler - 

Request DefaultFullHttpRequest(decodeResult: success, version: HTTP/1.1, content: EmptyByteBufBE)
GET /session/f1159ae19cd38a284a7ec906ee09453e/url HTTP/1.1
User-Agent: selenium/4.4.0 (java windows)
Cache-Control: no-cache
Content-Type: application/json; charset=utf-8
host: localhost:54663
accept: */*

Response DefaultHttpResponse(decodeResult: success, version: HTTP/1.1)
HTTP/1.1 200 OK
Content-Type: application/json; charset=utf-8
cache-control: no-cache
content-length: 75

19:24:22.565 [AsyncHttpClient-1-2] DEBUG org.asynchttpclient.netty.channel.ChannelManager - Adding key: http://localhost:54663 for channel [id: 0xcce9decb, L:/127.0.0.1:61759 - R:localhost/127.0.0.1:54663]
19:24:22.567 [Forwarding screenshot on session f1159ae19cd38a284a7ec906ee09453e to remote] DEBUG org.asynchttpclient.netty.request.NettyRequestSender - Using pooled Channel '[id: 0xcce9decb, L:/127.0.0.1:61759 - R:localhost/127.0.0.1:54663]' for 'GET' to 'http://localhost:54663/session/f1159ae19cd38a284a7ec906ee09453e/screenshot'
19:24:22.567 [Forwarding screenshot on session f1159ae19cd38a284a7ec906ee09453e to remote] DEBUG org.asynchttpclient.netty.request.NettyRequestSender - Using open Channel [id: 0xcce9decb, L:/127.0.0.1:61759 - R:localhost/127.0.0.1:54663] for GET '/session/f1159ae19cd38a284a7ec906ee09453e/screenshot'
19:24:22.650 [AsyncHttpClient-1-2] DEBUG org.asynchttpclient.netty.handler.HttpHandler - 

Request DefaultFullHttpRequest(decodeResult: success, version: HTTP/1.1, content: EmptyByteBufBE)
GET /session/f1159ae19cd38a284a7ec906ee09453e/screenshot HTTP/1.1
User-Agent: selenium/4.4.0 (java windows)
Cache-Control: no-cache
Content-Type: application/json; charset=utf-8
host: localhost:54663
accept: */*

Response DefaultHttpResponse(decodeResult: success, version: HTTP/1.1)
HTTP/1.1 200 OK
Content-Type: application/json; charset=utf-8
cache-control: no-cache
content-length: 20756

19:24:22.650 [AsyncHttpClient-1-2] DEBUG org.asynchttpclient.netty.channel.ChannelManager - Adding key: http://localhost:54663 for channel [id: 0xcce9decb, L:/127.0.0.1:61759 - R:localhost/127.0.0.1:54663]
19:24:22.652 [main] DEBUG net.serenitybdd.core.photography.Darkroom - Send negative for processing for target\site\serenity\8e1df8d94d790b7950cd7a45feac5520677e19e5ac97e1db4a5c780f59654675.png
19:24:22.652 [Darkroom Processing Line] DEBUG net.serenitybdd.core.photography.DarkroomProcessingLine - Processing screenshot image in /var/screenshots/screenshot-8992509343546036988
19:24:22.652 [Darkroom Processing Line] DEBUG net.serenitybdd.core.photography.DarkroomProcessingLine - Saving screenshot to target\site\serenity\8e1df8d94d790b7950cd7a45feac5520677e19e5ac97e1db4a5c780f59654675.png
19:24:22.657 [Forwarding getPageSource on session f1159ae19cd38a284a7ec906ee09453e to remote] DEBUG org.asynchttpclient.netty.request.NettyRequestSender - Using pooled Channel '[id: 0xcce9decb, L:/127.0.0.1:61759 - R:localhost/127.0.0.1:54663]' for 'POST' to 'http://localhost:54663/session/f1159ae19cd38a284a7ec906ee09453e/execute/sync'
19:24:22.657 [Forwarding getPageSource on session f1159ae19cd38a284a7ec906ee09453e to remote] DEBUG org.asynchttpclient.netty.request.NettyRequestSender - Using open Channel [id: 0xcce9decb, L:/127.0.0.1:61759 - R:localhost/127.0.0.1:54663] for POST '/session/f1159ae19cd38a284a7ec906ee09453e/execute/sync'
19:24:22.660 [AsyncHttpClient-1-2] DEBUG org.asynchttpclient.netty.handler.HttpHandler - 

Request DefaultHttpRequest(decodeResult: success, version: HTTP/1.1)
POST /session/f1159ae19cd38a284a7ec906ee09453e/execute/sync HTTP/1.1
User-Agent: selenium/4.4.0 (java windows)
Content-Length: 176
Content-Type: application/json; charset=utf-8
host: localhost:54663
accept: */*

Response DefaultHttpResponse(decodeResult: success, version: HTTP/1.1)
HTTP/1.1 200 OK
Content-Type: application/json; charset=utf-8
cache-control: no-cache
content-length: 8215

19:24:22.661 [AsyncHttpClient-1-2] DEBUG org.asynchttpclient.netty.channel.ChannelManager - Adding key: http://localhost:54663 for channel [id: 0xcce9decb, L:/127.0.0.1:61759 - R:localhost/127.0.0.1:54663]
19:24:22.665 [Forwarding getCurrentUrl on session f1159ae19cd38a284a7ec906ee09453e to remote] DEBUG org.asynchttpclient.netty.request.NettyRequestSender - Using pooled Channel '[id: 0xcce9decb, L:/127.0.0.1:61759 - R:localhost/127.0.0.1:54663]' for 'GET' to 'http://localhost:54663/session/f1159ae19cd38a284a7ec906ee09453e/url'
19:24:22.665 [Forwarding getCurrentUrl on session f1159ae19cd38a284a7ec906ee09453e to remote] DEBUG org.asynchttpclient.netty.request.NettyRequestSender - Using open Channel [id: 0xcce9decb, L:/127.0.0.1:61759 - R:localhost/127.0.0.1:54663] for GET '/session/f1159ae19cd38a284a7ec906ee09453e/url'
19:24:22.667 [AsyncHttpClient-1-2] DEBUG org.asynchttpclient.netty.handler.HttpHandler - 

Request DefaultFullHttpRequest(decodeResult: success, version: HTTP/1.1, content: EmptyByteBufBE)
GET /session/f1159ae19cd38a284a7ec906ee09453e/url HTTP/1.1
User-Agent: selenium/4.4.0 (java windows)
Cache-Control: no-cache
Content-Type: application/json; charset=utf-8
host: localhost:54663
accept: */*

Response DefaultHttpResponse(decodeResult: success, version: HTTP/1.1)
HTTP/1.1 200 OK
Content-Type: application/json; charset=utf-8
cache-control: no-cache
content-length: 75

19:24:22.667 [AsyncHttpClient-1-2] DEBUG org.asynchttpclient.netty.channel.ChannelManager - Adding key: http://localhost:54663 for channel [id: 0xcce9decb, L:/127.0.0.1:61759 - R:localhost/127.0.0.1:54663]
19:24:22.672 [Forwarding setTimeout on session f1159ae19cd38a284a7ec906ee09453e to remote] DEBUG org.asynchttpclient.netty.request.NettyRequestSender - Using pooled Channel '[id: 0xcce9decb, L:/127.0.0.1:61759 - R:localhost/127.0.0.1:54663]' for 'POST' to 'http://localhost:54663/session/f1159ae19cd38a284a7ec906ee09453e/timeouts'
19:24:22.672 [Forwarding setTimeout on session f1159ae19cd38a284a7ec906ee09453e to remote] DEBUG org.asynchttpclient.netty.request.NettyRequestSender - Using open Channel [id: 0xcce9decb, L:/127.0.0.1:61759 - R:localhost/127.0.0.1:54663] for POST '/session/f1159ae19cd38a284a7ec906ee09453e/timeouts'
19:24:22.673 [AsyncHttpClient-1-2] DEBUG org.asynchttpclient.netty.handler.HttpHandler - 

Request DefaultHttpRequest(decodeResult: success, version: HTTP/1.1)
POST /session/f1159ae19cd38a284a7ec906ee09453e/timeouts HTTP/1.1
User-Agent: selenium/4.4.0 (java windows)
Content-Length: 19
Content-Type: application/json; charset=utf-8
host: localhost:54663
accept: */*

Response DefaultHttpResponse(decodeResult: success, version: HTTP/1.1)
HTTP/1.1 200 OK
Content-Type: application/json; charset=utf-8
cache-control: no-cache
content-length: 14

19:24:22.673 [AsyncHttpClient-1-2] DEBUG org.asynchttpclient.netty.channel.ChannelManager - Adding key: http://localhost:54663 for channel [id: 0xcce9decb, L:/127.0.0.1:61759 - R:localhost/127.0.0.1:54663]
19:24:22.675 [Forwarding findElement on session f1159ae19cd38a284a7ec906ee09453e to remote] DEBUG org.asynchttpclient.netty.request.NettyRequestSender - Using pooled Channel '[id: 0xcce9decb, L:/127.0.0.1:61759 - R:localhost/127.0.0.1:54663]' for 'POST' to 'http://localhost:54663/session/f1159ae19cd38a284a7ec906ee09453e/element'
19:24:22.675 [Forwarding findElement on session f1159ae19cd38a284a7ec906ee09453e to remote] DEBUG org.asynchttpclient.netty.request.NettyRequestSender - Using open Channel [id: 0xcce9decb, L:/127.0.0.1:61759 - R:localhost/127.0.0.1:54663] for POST '/session/f1159ae19cd38a284a7ec906ee09453e/element'
19:24:22.683 [AsyncHttpClient-1-2] DEBUG org.asynchttpclient.netty.handler.HttpHandler - 

Request DefaultHttpRequest(decodeResult: success, version: HTTP/1.1)
POST /session/f1159ae19cd38a284a7ec906ee09453e/element HTTP/1.1
User-Agent: selenium/4.4.0 (java windows)
Content-Length: 53
Content-Type: application/json; charset=utf-8
host: localhost:54663
accept: */*

Response DefaultHttpResponse(decodeResult: success, version: HTTP/1.1)
HTTP/1.1 200 OK
Content-Type: application/json; charset=utf-8
cache-control: no-cache
content-length: 88

19:24:22.683 [AsyncHttpClient-1-2] DEBUG org.asynchttpclient.netty.channel.ChannelManager - Adding key: http://localhost:54663 for channel [id: 0xcce9decb, L:/127.0.0.1:61759 - R:localhost/127.0.0.1:54663]
19:24:22.684 [Forwarding setTimeout on session f1159ae19cd38a284a7ec906ee09453e to remote] DEBUG org.asynchttpclient.netty.request.NettyRequestSender - Using pooled Channel '[id: 0xcce9decb, L:/127.0.0.1:61759 - R:localhost/127.0.0.1:54663]' for 'POST' to 'http://localhost:54663/session/f1159ae19cd38a284a7ec906ee09453e/timeouts'
19:24:22.684 [Forwarding setTimeout on session f1159ae19cd38a284a7ec906ee09453e to remote] DEBUG org.asynchttpclient.netty.request.NettyRequestSender - Using open Channel [id: 0xcce9decb, L:/127.0.0.1:61759 - R:localhost/127.0.0.1:54663] for POST '/session/f1159ae19cd38a284a7ec906ee09453e/timeouts'
19:24:22.685 [AsyncHttpClient-1-2] DEBUG org.asynchttpclient.netty.handler.HttpHandler - 

Request DefaultHttpRequest(decodeResult: success, version: HTTP/1.1)
POST /session/f1159ae19cd38a284a7ec906ee09453e/timeouts HTTP/1.1
User-Agent: selenium/4.4.0 (java windows)
Content-Length: 22
Content-Type: application/json; charset=utf-8
host: localhost:54663
accept: */*

Response DefaultHttpResponse(decodeResult: success, version: HTTP/1.1)
HTTP/1.1 200 OK
Content-Type: application/json; charset=utf-8
cache-control: no-cache
content-length: 14

19:24:22.685 [AsyncHttpClient-1-2] DEBUG org.asynchttpclient.netty.channel.ChannelManager - Adding key: http://localhost:54663 for channel [id: 0xcce9decb, L:/127.0.0.1:61759 - R:localhost/127.0.0.1:54663]
19:24:22.688 [Forwarding isElementDisplayed on session f1159ae19cd38a284a7ec906ee09453e to remote] DEBUG org.asynchttpclient.netty.request.NettyRequestSender - Using pooled Channel '[id: 0xcce9decb, L:/127.0.0.1:61759 - R:localhost/127.0.0.1:54663]' for 'POST' to 'http://localhost:54663/session/f1159ae19cd38a284a7ec906ee09453e/execute/sync'
19:24:22.688 [Forwarding isElementDisplayed on session f1159ae19cd38a284a7ec906ee09453e to remote] DEBUG org.asynchttpclient.netty.request.NettyRequestSender - Using open Channel [id: 0xcce9decb, L:/127.0.0.1:61759 - R:localhost/127.0.0.1:54663] for POST '/session/f1159ae19cd38a284a7ec906ee09453e/execute/sync'
19:24:22.697 [AsyncHttpClient-1-2] DEBUG org.asynchttpclient.netty.handler.HttpHandler - 

Request DefaultHttpRequest(decodeResult: success, version: HTTP/1.1)
POST /session/f1159ae19cd38a284a7ec906ee09453e/execute/sync HTTP/1.1
User-Agent: selenium/4.4.0 (java windows)
Content-Length: 48780
Content-Type: application/json; charset=utf-8
host: localhost:54663
accept: */*

Response DefaultHttpResponse(decodeResult: success, version: HTTP/1.1)
HTTP/1.1 200 OK
Content-Type: application/json; charset=utf-8
cache-control: no-cache
content-length: 14

19:24:22.697 [AsyncHttpClient-1-2] DEBUG org.asynchttpclient.netty.channel.ChannelManager - Adding key: http://localhost:54663 for channel [id: 0xcce9decb, L:/127.0.0.1:61759 - R:localhost/127.0.0.1:54663]
19:24:22.700 [Forwarding findElement on session f1159ae19cd38a284a7ec906ee09453e to remote] DEBUG org.asynchttpclient.netty.request.NettyRequestSender - Using pooled Channel '[id: 0xcce9decb, L:/127.0.0.1:61759 - R:localhost/127.0.0.1:54663]' for 'POST' to 'http://localhost:54663/session/f1159ae19cd38a284a7ec906ee09453e/element'
19:24:22.700 [Forwarding findElement on session f1159ae19cd38a284a7ec906ee09453e to remote] DEBUG org.asynchttpclient.netty.request.NettyRequestSender - Using open Channel [id: 0xcce9decb, L:/127.0.0.1:61759 - R:localhost/127.0.0.1:54663] for POST '/session/f1159ae19cd38a284a7ec906ee09453e/element'
19:24:22.704 [AsyncHttpClient-1-2] DEBUG org.asynchttpclient.netty.handler.HttpHandler - 

Request DefaultHttpRequest(decodeResult: success, version: HTTP/1.1)
POST /session/f1159ae19cd38a284a7ec906ee09453e/element HTTP/1.1
User-Agent: selenium/4.4.0 (java windows)
Content-Length: 53
Content-Type: application/json; charset=utf-8
host: localhost:54663
accept: */*

Response DefaultHttpResponse(decodeResult: success, version: HTTP/1.1)
HTTP/1.1 200 OK
Content-Type: application/json; charset=utf-8
cache-control: no-cache
content-length: 88

19:24:22.704 [AsyncHttpClient-1-2] DEBUG org.asynchttpclient.netty.channel.ChannelManager - Adding key: http://localhost:54663 for channel [id: 0xcce9decb, L:/127.0.0.1:61759 - R:localhost/127.0.0.1:54663]
19:24:22.707 [Forwarding isElementDisplayed on session f1159ae19cd38a284a7ec906ee09453e to remote] DEBUG org.asynchttpclient.netty.request.NettyRequestSender - Using pooled Channel '[id: 0xcce9decb, L:/127.0.0.1:61759 - R:localhost/127.0.0.1:54663]' for 'POST' to 'http://localhost:54663/session/f1159ae19cd38a284a7ec906ee09453e/execute/sync'
19:24:22.707 [Forwarding isElementDisplayed on session f1159ae19cd38a284a7ec906ee09453e to remote] DEBUG org.asynchttpclient.netty.request.NettyRequestSender - Using open Channel [id: 0xcce9decb, L:/127.0.0.1:61759 - R:localhost/127.0.0.1:54663] for POST '/session/f1159ae19cd38a284a7ec906ee09453e/execute/sync'
19:24:22.713 [AsyncHttpClient-1-2] DEBUG org.asynchttpclient.netty.handler.HttpHandler - 

Request DefaultHttpRequest(decodeResult: success, version: HTTP/1.1)
POST /session/f1159ae19cd38a284a7ec906ee09453e/execute/sync HTTP/1.1
User-Agent: selenium/4.4.0 (java windows)
Content-Length: 48780
Content-Type: application/json; charset=utf-8
host: localhost:54663
accept: */*

Response DefaultHttpResponse(decodeResult: success, version: HTTP/1.1)
HTTP/1.1 200 OK
Content-Type: application/json; charset=utf-8
cache-control: no-cache
content-length: 14

19:24:22.713 [AsyncHttpClient-1-2] DEBUG org.asynchttpclient.netty.channel.ChannelManager - Adding key: http://localhost:54663 for channel [id: 0xcce9decb, L:/127.0.0.1:61759 - R:localhost/127.0.0.1:54663]
19:24:22.714 [Forwarding getElementText on session f1159ae19cd38a284a7ec906ee09453e to remote] DEBUG org.asynchttpclient.netty.request.NettyRequestSender - Using pooled Channel '[id: 0xcce9decb, L:/127.0.0.1:61759 - R:localhost/127.0.0.1:54663]' for 'GET' to 'http://localhost:54663/session/f1159ae19cd38a284a7ec906ee09453e/element/489780b2-4b6a-4d96-9e40-7a3c47bc66c7/text'
19:24:22.714 [Forwarding getElementText on session f1159ae19cd38a284a7ec906ee09453e to remote] DEBUG org.asynchttpclient.netty.request.NettyRequestSender - Using open Channel [id: 0xcce9decb, L:/127.0.0.1:61759 - R:localhost/127.0.0.1:54663] for GET '/session/f1159ae19cd38a284a7ec906ee09453e/element/489780b2-4b6a-4d96-9e40-7a3c47bc66c7/text'
19:24:22.723 [AsyncHttpClient-1-2] DEBUG org.asynchttpclient.netty.handler.HttpHandler - 

Request DefaultFullHttpRequest(decodeResult: success, version: HTTP/1.1, content: EmptyByteBufBE)
GET /session/f1159ae19cd38a284a7ec906ee09453e/element/489780b2-4b6a-4d96-9e40-7a3c47bc66c7/text HTTP/1.1
User-Agent: selenium/4.4.0 (java windows)
Cache-Control: no-cache
Content-Type: application/json; charset=utf-8
host: localhost:54663
accept: */*

Response DefaultHttpResponse(decodeResult: success, version: HTTP/1.1)
HTTP/1.1 200 OK
Content-Type: application/json; charset=utf-8
cache-control: no-cache
content-length: 40

19:24:22.723 [AsyncHttpClient-1-2] DEBUG org.asynchttpclient.netty.channel.ChannelManager - Adding key: http://localhost:54663 for channel [id: 0xcce9decb, L:/127.0.0.1:61759 - R:localhost/127.0.0.1:54663]
19:24:22.726 [Forwarding findElement on session f1159ae19cd38a284a7ec906ee09453e to remote] DEBUG org.asynchttpclient.netty.request.NettyRequestSender - Using pooled Channel '[id: 0xcce9decb, L:/127.0.0.1:61759 - R:localhost/127.0.0.1:54663]' for 'POST' to 'http://localhost:54663/session/f1159ae19cd38a284a7ec906ee09453e/element'
19:24:22.726 [Forwarding findElement on session f1159ae19cd38a284a7ec906ee09453e to remote] DEBUG org.asynchttpclient.netty.request.NettyRequestSender - Using open Channel [id: 0xcce9decb, L:/127.0.0.1:61759 - R:localhost/127.0.0.1:54663] for POST '/session/f1159ae19cd38a284a7ec906ee09453e/element'
19:24:22.734 [AsyncHttpClient-1-2] DEBUG org.asynchttpclient.netty.handler.HttpHandler - 

Request DefaultHttpRequest(decodeResult: success, version: HTTP/1.1)
POST /session/f1159ae19cd38a284a7ec906ee09453e/element HTTP/1.1
User-Agent: selenium/4.4.0 (java windows)
Content-Length: 65
Content-Type: application/json; charset=utf-8
host: localhost:54663
accept: */*

Response DefaultHttpResponse(decodeResult: success, version: HTTP/1.1)
HTTP/1.1 200 OK
Content-Type: application/json; charset=utf-8
cache-control: no-cache
content-length: 88

19:24:22.734 [AsyncHttpClient-1-2] DEBUG org.asynchttpclient.netty.channel.ChannelManager - Adding key: http://localhost:54663 for channel [id: 0xcce9decb, L:/127.0.0.1:61759 - R:localhost/127.0.0.1:54663]
19:24:22.737 [Forwarding isElementDisplayed on session f1159ae19cd38a284a7ec906ee09453e to remote] DEBUG org.asynchttpclient.netty.request.NettyRequestSender - Using pooled Channel '[id: 0xcce9decb, L:/127.0.0.1:61759 - R:localhost/127.0.0.1:54663]' for 'POST' to 'http://localhost:54663/session/f1159ae19cd38a284a7ec906ee09453e/execute/sync'
19:24:22.737 [Forwarding isElementDisplayed on session f1159ae19cd38a284a7ec906ee09453e to remote] DEBUG org.asynchttpclient.netty.request.NettyRequestSender - Using open Channel [id: 0xcce9decb, L:/127.0.0.1:61759 - R:localhost/127.0.0.1:54663] for POST '/session/f1159ae19cd38a284a7ec906ee09453e/execute/sync'
19:24:22.745 [AsyncHttpClient-1-2] DEBUG org.asynchttpclient.netty.handler.HttpHandler - 

Request DefaultHttpRequest(decodeResult: success, version: HTTP/1.1)
POST /session/f1159ae19cd38a284a7ec906ee09453e/execute/sync HTTP/1.1
User-Agent: selenium/4.4.0 (java windows)
Content-Length: 48780
Content-Type: application/json; charset=utf-8
host: localhost:54663
accept: */*

Response DefaultHttpResponse(decodeResult: success, version: HTTP/1.1)
HTTP/1.1 200 OK
Content-Type: application/json; charset=utf-8
cache-control: no-cache
content-length: 14

19:24:22.745 [AsyncHttpClient-1-2] DEBUG org.asynchttpclient.netty.channel.ChannelManager - Adding key: http://localhost:54663 for channel [id: 0xcce9decb, L:/127.0.0.1:61759 - R:localhost/127.0.0.1:54663]
19:24:22.746 [Forwarding getElementText on session f1159ae19cd38a284a7ec906ee09453e to remote] DEBUG org.asynchttpclient.netty.request.NettyRequestSender - Using pooled Channel '[id: 0xcce9decb, L:/127.0.0.1:61759 - R:localhost/127.0.0.1:54663]' for 'GET' to 'http://localhost:54663/session/f1159ae19cd38a284a7ec906ee09453e/element/847e5161-e3c2-442b-9a10-2af9f18f5439/text'
19:24:22.746 [Forwarding getElementText on session f1159ae19cd38a284a7ec906ee09453e to remote] DEBUG org.asynchttpclient.netty.request.NettyRequestSender - Using open Channel [id: 0xcce9decb, L:/127.0.0.1:61759 - R:localhost/127.0.0.1:54663] for GET '/session/f1159ae19cd38a284a7ec906ee09453e/element/847e5161-e3c2-442b-9a10-2af9f18f5439/text'
19:24:22.755 [AsyncHttpClient-1-2] DEBUG org.asynchttpclient.netty.handler.HttpHandler - 

Request DefaultFullHttpRequest(decodeResult: success, version: HTTP/1.1, content: EmptyByteBufBE)
GET /session/f1159ae19cd38a284a7ec906ee09453e/element/847e5161-e3c2-442b-9a10-2af9f18f5439/text HTTP/1.1
User-Agent: selenium/4.4.0 (java windows)
Cache-Control: no-cache
Content-Type: application/json; charset=utf-8
host: localhost:54663
accept: */*

Response DefaultHttpResponse(decodeResult: success, version: HTTP/1.1)
HTTP/1.1 200 OK
Content-Type: application/json; charset=utf-8
cache-control: no-cache
content-length: 14

19:24:22.756 [AsyncHttpClient-1-2] DEBUG org.asynchttpclient.netty.channel.ChannelManager - Adding key: http://localhost:54663 for channel [id: 0xcce9decb, L:/127.0.0.1:61759 - R:localhost/127.0.0.1:54663]
19:24:22.760 [Forwarding findElement on session f1159ae19cd38a284a7ec906ee09453e to remote] DEBUG org.asynchttpclient.netty.request.NettyRequestSender - Using pooled Channel '[id: 0xcce9decb, L:/127.0.0.1:61759 - R:localhost/127.0.0.1:54663]' for 'POST' to 'http://localhost:54663/session/f1159ae19cd38a284a7ec906ee09453e/element'
19:24:22.760 [Forwarding findElement on session f1159ae19cd38a284a7ec906ee09453e to remote] DEBUG org.asynchttpclient.netty.request.NettyRequestSender - Using open Channel [id: 0xcce9decb, L:/127.0.0.1:61759 - R:localhost/127.0.0.1:54663] for POST '/session/f1159ae19cd38a284a7ec906ee09453e/element'
19:24:22.767 [AsyncHttpClient-1-2] DEBUG org.asynchttpclient.netty.handler.HttpHandler - 

Request DefaultHttpRequest(decodeResult: success, version: HTTP/1.1)
POST /session/f1159ae19cd38a284a7ec906ee09453e/element HTTP/1.1
User-Agent: selenium/4.4.0 (java windows)
Content-Length: 52
Content-Type: application/json; charset=utf-8
host: localhost:54663
accept: */*

Response DefaultHttpResponse(decodeResult: success, version: HTTP/1.1)
HTTP/1.1 200 OK
Content-Type: application/json; charset=utf-8
cache-control: no-cache
content-length: 88

19:24:22.768 [AsyncHttpClient-1-2] DEBUG org.asynchttpclient.netty.channel.ChannelManager - Adding key: http://localhost:54663 for channel [id: 0xcce9decb, L:/127.0.0.1:61759 - R:localhost/127.0.0.1:54663]
19:24:22.770 [Forwarding isElementDisplayed on session f1159ae19cd38a284a7ec906ee09453e to remote] DEBUG org.asynchttpclient.netty.request.NettyRequestSender - Using pooled Channel '[id: 0xcce9decb, L:/127.0.0.1:61759 - R:localhost/127.0.0.1:54663]' for 'POST' to 'http://localhost:54663/session/f1159ae19cd38a284a7ec906ee09453e/execute/sync'
19:24:22.770 [Forwarding isElementDisplayed on session f1159ae19cd38a284a7ec906ee09453e to remote] DEBUG org.asynchttpclient.netty.request.NettyRequestSender - Using open Channel [id: 0xcce9decb, L:/127.0.0.1:61759 - R:localhost/127.0.0.1:54663] for POST '/session/f1159ae19cd38a284a7ec906ee09453e/execute/sync'
19:24:22.779 [AsyncHttpClient-1-2] DEBUG org.asynchttpclient.netty.handler.HttpHandler - 

Request DefaultHttpRequest(decodeResult: success, version: HTTP/1.1)
POST /session/f1159ae19cd38a284a7ec906ee09453e/execute/sync HTTP/1.1
User-Agent: selenium/4.4.0 (java windows)
Content-Length: 48780
Content-Type: application/json; charset=utf-8
host: localhost:54663
accept: */*

Response DefaultHttpResponse(decodeResult: success, version: HTTP/1.1)
HTTP/1.1 200 OK
Content-Type: application/json; charset=utf-8
cache-control: no-cache
content-length: 14

19:24:22.779 [AsyncHttpClient-1-2] DEBUG org.asynchttpclient.netty.channel.ChannelManager - Adding key: http://localhost:54663 for channel [id: 0xcce9decb, L:/127.0.0.1:61759 - R:localhost/127.0.0.1:54663]
19:24:22.780 [Forwarding getElementText on session f1159ae19cd38a284a7ec906ee09453e to remote] DEBUG org.asynchttpclient.netty.request.NettyRequestSender - Using pooled Channel '[id: 0xcce9decb, L:/127.0.0.1:61759 - R:localhost/127.0.0.1:54663]' for 'GET' to 'http://localhost:54663/session/f1159ae19cd38a284a7ec906ee09453e/element/eb8f3194-9faf-49fe-bd32-889060dd73b1/text'
19:24:22.780 [Forwarding getElementText on session f1159ae19cd38a284a7ec906ee09453e to remote] DEBUG org.asynchttpclient.netty.request.NettyRequestSender - Using open Channel [id: 0xcce9decb, L:/127.0.0.1:61759 - R:localhost/127.0.0.1:54663] for GET '/session/f1159ae19cd38a284a7ec906ee09453e/element/eb8f3194-9faf-49fe-bd32-889060dd73b1/text'
19:24:22.789 [AsyncHttpClient-1-2] DEBUG org.asynchttpclient.netty.handler.HttpHandler - 

Request DefaultFullHttpRequest(decodeResult: success, version: HTTP/1.1, content: EmptyByteBufBE)
GET /session/f1159ae19cd38a284a7ec906ee09453e/element/eb8f3194-9faf-49fe-bd32-889060dd73b1/text HTTP/1.1
User-Agent: selenium/4.4.0 (java windows)
Cache-Control: no-cache
Content-Type: application/json; charset=utf-8
host: localhost:54663
accept: */*

Response DefaultHttpResponse(decodeResult: success, version: HTTP/1.1)
HTTP/1.1 200 OK
Content-Type: application/json; charset=utf-8
cache-control: no-cache
content-length: 20

19:24:22.790 [AsyncHttpClient-1-2] DEBUG org.asynchttpclient.netty.channel.ChannelManager - Adding key: http://localhost:54663 for channel [id: 0xcce9decb, L:/127.0.0.1:61759 - R:localhost/127.0.0.1:54663]
19:24:22.794 [Forwarding findElement on session f1159ae19cd38a284a7ec906ee09453e to remote] DEBUG org.asynchttpclient.netty.request.NettyRequestSender - Using pooled Channel '[id: 0xcce9decb, L:/127.0.0.1:61759 - R:localhost/127.0.0.1:54663]' for 'POST' to 'http://localhost:54663/session/f1159ae19cd38a284a7ec906ee09453e/element'
19:24:22.794 [Forwarding findElement on session f1159ae19cd38a284a7ec906ee09453e to remote] DEBUG org.asynchttpclient.netty.request.NettyRequestSender - Using open Channel [id: 0xcce9decb, L:/127.0.0.1:61759 - R:localhost/127.0.0.1:54663] for POST '/session/f1159ae19cd38a284a7ec906ee09453e/element'
19:24:22.801 [AsyncHttpClient-1-2] DEBUG org.asynchttpclient.netty.handler.HttpHandler - 

Request DefaultHttpRequest(decodeResult: success, version: HTTP/1.1)
POST /session/f1159ae19cd38a284a7ec906ee09453e/element HTTP/1.1
User-Agent: selenium/4.4.0 (java windows)
Content-Length: 55
Content-Type: application/json; charset=utf-8
host: localhost:54663
accept: */*

Response DefaultHttpResponse(decodeResult: success, version: HTTP/1.1)
HTTP/1.1 200 OK
Content-Type: application/json; charset=utf-8
cache-control: no-cache
content-length: 88

19:24:22.802 [AsyncHttpClient-1-2] DEBUG org.asynchttpclient.netty.channel.ChannelManager - Adding key: http://localhost:54663 for channel [id: 0xcce9decb, L:/127.0.0.1:61759 - R:localhost/127.0.0.1:54663]
19:24:22.804 [Forwarding isElementDisplayed on session f1159ae19cd38a284a7ec906ee09453e to remote] DEBUG org.asynchttpclient.netty.request.NettyRequestSender - Using pooled Channel '[id: 0xcce9decb, L:/127.0.0.1:61759 - R:localhost/127.0.0.1:54663]' for 'POST' to 'http://localhost:54663/session/f1159ae19cd38a284a7ec906ee09453e/execute/sync'
19:24:22.804 [Forwarding isElementDisplayed on session f1159ae19cd38a284a7ec906ee09453e to remote] DEBUG org.asynchttpclient.netty.request.NettyRequestSender - Using open Channel [id: 0xcce9decb, L:/127.0.0.1:61759 - R:localhost/127.0.0.1:54663] for POST '/session/f1159ae19cd38a284a7ec906ee09453e/execute/sync'
19:24:22.811 [AsyncHttpClient-1-2] DEBUG org.asynchttpclient.netty.handler.HttpHandler - 

Request DefaultHttpRequest(decodeResult: success, version: HTTP/1.1)
POST /session/f1159ae19cd38a284a7ec906ee09453e/execute/sync HTTP/1.1
User-Agent: selenium/4.4.0 (java windows)
Content-Length: 48780
Content-Type: application/json; charset=utf-8
host: localhost:54663
accept: */*

Response DefaultHttpResponse(decodeResult: success, version: HTTP/1.1)
HTTP/1.1 200 OK
Content-Type: application/json; charset=utf-8
cache-control: no-cache
content-length: 14

19:24:22.811 [AsyncHttpClient-1-2] DEBUG org.asynchttpclient.netty.channel.ChannelManager - Adding key: http://localhost:54663 for channel [id: 0xcce9decb, L:/127.0.0.1:61759 - R:localhost/127.0.0.1:54663]
19:24:22.812 [Forwarding getElementText on session f1159ae19cd38a284a7ec906ee09453e to remote] DEBUG org.asynchttpclient.netty.request.NettyRequestSender - Using pooled Channel '[id: 0xcce9decb, L:/127.0.0.1:61759 - R:localhost/127.0.0.1:54663]' for 'GET' to 'http://localhost:54663/session/f1159ae19cd38a284a7ec906ee09453e/element/c2e41dd9-488d-411b-bb26-80f65b67d94d/text'
19:24:22.812 [Forwarding getElementText on session f1159ae19cd38a284a7ec906ee09453e to remote] DEBUG org.asynchttpclient.netty.request.NettyRequestSender - Using open Channel [id: 0xcce9decb, L:/127.0.0.1:61759 - R:localhost/127.0.0.1:54663] for GET '/session/f1159ae19cd38a284a7ec906ee09453e/element/c2e41dd9-488d-411b-bb26-80f65b67d94d/text'
19:24:22.821 [AsyncHttpClient-1-2] DEBUG org.asynchttpclient.netty.handler.HttpHandler - 

Request DefaultFullHttpRequest(decodeResult: success, version: HTTP/1.1, content: EmptyByteBufBE)
GET /session/f1159ae19cd38a284a7ec906ee09453e/element/c2e41dd9-488d-411b-bb26-80f65b67d94d/text HTTP/1.1
User-Agent: selenium/4.4.0 (java windows)
Cache-Control: no-cache
Content-Type: application/json; charset=utf-8
host: localhost:54663
accept: */*

Response DefaultHttpResponse(decodeResult: success, version: HTTP/1.1)
HTTP/1.1 200 OK
Content-Type: application/json; charset=utf-8
cache-control: no-cache
content-length: 22

19:24:22.821 [AsyncHttpClient-1-2] DEBUG org.asynchttpclient.netty.channel.ChannelManager - Adding key: http://localhost:54663 for channel [id: 0xcce9decb, L:/127.0.0.1:61759 - R:localhost/127.0.0.1:54663]
19:24:22.824 [Forwarding findElement on session f1159ae19cd38a284a7ec906ee09453e to remote] DEBUG org.asynchttpclient.netty.request.NettyRequestSender - Using pooled Channel '[id: 0xcce9decb, L:/127.0.0.1:61759 - R:localhost/127.0.0.1:54663]' for 'POST' to 'http://localhost:54663/session/f1159ae19cd38a284a7ec906ee09453e/element'
19:24:22.824 [Forwarding findElement on session f1159ae19cd38a284a7ec906ee09453e to remote] DEBUG org.asynchttpclient.netty.request.NettyRequestSender - Using open Channel [id: 0xcce9decb, L:/127.0.0.1:61759 - R:localhost/127.0.0.1:54663] for POST '/session/f1159ae19cd38a284a7ec906ee09453e/element'
19:24:22.830 [AsyncHttpClient-1-2] DEBUG org.asynchttpclient.netty.handler.HttpHandler - 

Request DefaultHttpRequest(decodeResult: success, version: HTTP/1.1)
POST /session/f1159ae19cd38a284a7ec906ee09453e/element HTTP/1.1
User-Agent: selenium/4.4.0 (java windows)
Content-Length: 52
Content-Type: application/json; charset=utf-8
host: localhost:54663
accept: */*

Response DefaultHttpResponse(decodeResult: success, version: HTTP/1.1)
HTTP/1.1 200 OK
Content-Type: application/json; charset=utf-8
cache-control: no-cache
content-length: 88

19:24:22.831 [AsyncHttpClient-1-2] DEBUG org.asynchttpclient.netty.channel.ChannelManager - Adding key: http://localhost:54663 for channel [id: 0xcce9decb, L:/127.0.0.1:61759 - R:localhost/127.0.0.1:54663]
19:24:22.833 [Forwarding isElementDisplayed on session f1159ae19cd38a284a7ec906ee09453e to remote] DEBUG org.asynchttpclient.netty.request.NettyRequestSender - Using pooled Channel '[id: 0xcce9decb, L:/127.0.0.1:61759 - R:localhost/127.0.0.1:54663]' for 'POST' to 'http://localhost:54663/session/f1159ae19cd38a284a7ec906ee09453e/execute/sync'
19:24:22.833 [Forwarding isElementDisplayed on session f1159ae19cd38a284a7ec906ee09453e to remote] DEBUG org.asynchttpclient.netty.request.NettyRequestSender - Using open Channel [id: 0xcce9decb, L:/127.0.0.1:61759 - R:localhost/127.0.0.1:54663] for POST '/session/f1159ae19cd38a284a7ec906ee09453e/execute/sync'
19:24:22.840 [AsyncHttpClient-1-2] DEBUG org.asynchttpclient.netty.handler.HttpHandler - 

Request DefaultHttpRequest(decodeResult: success, version: HTTP/1.1)
POST /session/f1159ae19cd38a284a7ec906ee09453e/execute/sync HTTP/1.1
User-Agent: selenium/4.4.0 (java windows)
Content-Length: 48780
Content-Type: application/json; charset=utf-8
host: localhost:54663
accept: */*

Response DefaultHttpResponse(decodeResult: success, version: HTTP/1.1)
HTTP/1.1 200 OK
Content-Type: application/json; charset=utf-8
cache-control: no-cache
content-length: 14

19:24:22.840 [AsyncHttpClient-1-2] DEBUG org.asynchttpclient.netty.channel.ChannelManager - Adding key: http://localhost:54663 for channel [id: 0xcce9decb, L:/127.0.0.1:61759 - R:localhost/127.0.0.1:54663]
19:24:22.841 [Forwarding getElementText on session f1159ae19cd38a284a7ec906ee09453e to remote] DEBUG org.asynchttpclient.netty.request.NettyRequestSender - Using pooled Channel '[id: 0xcce9decb, L:/127.0.0.1:61759 - R:localhost/127.0.0.1:54663]' for 'GET' to 'http://localhost:54663/session/f1159ae19cd38a284a7ec906ee09453e/element/c7a87efe-c6ed-4181-a9cc-697da10337b7/text'
19:24:22.841 [Forwarding getElementText on session f1159ae19cd38a284a7ec906ee09453e to remote] DEBUG org.asynchttpclient.netty.request.NettyRequestSender - Using open Channel [id: 0xcce9decb, L:/127.0.0.1:61759 - R:localhost/127.0.0.1:54663] for GET '/session/f1159ae19cd38a284a7ec906ee09453e/element/c7a87efe-c6ed-4181-a9cc-697da10337b7/text'
19:24:22.849 [AsyncHttpClient-1-2] DEBUG org.asynchttpclient.netty.handler.HttpHandler - 

Request DefaultFullHttpRequest(decodeResult: success, version: HTTP/1.1, content: EmptyByteBufBE)
GET /session/f1159ae19cd38a284a7ec906ee09453e/element/c7a87efe-c6ed-4181-a9cc-697da10337b7/text HTTP/1.1
User-Agent: selenium/4.4.0 (java windows)
Cache-Control: no-cache
Content-Type: application/json; charset=utf-8
host: localhost:54663
accept: */*

Response DefaultHttpResponse(decodeResult: success, version: HTTP/1.1)
HTTP/1.1 200 OK
Content-Type: application/json; charset=utf-8
cache-control: no-cache
content-length: 20

19:24:22.849 [AsyncHttpClient-1-2] DEBUG org.asynchttpclient.netty.channel.ChannelManager - Adding key: http://localhost:54663 for channel [id: 0xcce9decb, L:/127.0.0.1:61759 - R:localhost/127.0.0.1:54663]
19:24:22.855 [Forwarding getCurrentWindowHandle on session f1159ae19cd38a284a7ec906ee09453e to remote] DEBUG org.asynchttpclient.netty.request.NettyRequestSender - Using pooled Channel '[id: 0xcce9decb, L:/127.0.0.1:61759 - R:localhost/127.0.0.1:54663]' for 'GET' to 'http://localhost:54663/session/f1159ae19cd38a284a7ec906ee09453e/window'
19:24:22.855 [Forwarding getCurrentWindowHandle on session f1159ae19cd38a284a7ec906ee09453e to remote] DEBUG org.asynchttpclient.netty.request.NettyRequestSender - Using open Channel [id: 0xcce9decb, L:/127.0.0.1:61759 - R:localhost/127.0.0.1:54663] for GET '/session/f1159ae19cd38a284a7ec906ee09453e/window'
19:24:22.856 [AsyncHttpClient-1-2] DEBUG org.asynchttpclient.netty.handler.HttpHandler - 

Request DefaultFullHttpRequest(decodeResult: success, version: HTTP/1.1, content: EmptyByteBufBE)
GET /session/f1159ae19cd38a284a7ec906ee09453e/window HTTP/1.1
User-Agent: selenium/4.4.0 (java windows)
Cache-Control: no-cache
Content-Type: application/json; charset=utf-8
host: localhost:54663
accept: */*

Response DefaultHttpResponse(decodeResult: success, version: HTTP/1.1)
HTTP/1.1 200 OK
Content-Type: application/json; charset=utf-8
cache-control: no-cache
content-length: 53

19:24:22.856 [AsyncHttpClient-1-2] DEBUG org.asynchttpclient.netty.channel.ChannelManager - Adding key: http://localhost:54663 for channel [id: 0xcce9decb, L:/127.0.0.1:61759 - R:localhost/127.0.0.1:54663]
19:24:22.856 [Forwarding getAlertText on session f1159ae19cd38a284a7ec906ee09453e to remote] DEBUG org.asynchttpclient.netty.request.NettyRequestSender - Using pooled Channel '[id: 0xcce9decb, L:/127.0.0.1:61759 - R:localhost/127.0.0.1:54663]' for 'GET' to 'http://localhost:54663/session/f1159ae19cd38a284a7ec906ee09453e/alert/text'
19:24:22.856 [Forwarding getAlertText on session f1159ae19cd38a284a7ec906ee09453e to remote] DEBUG org.asynchttpclient.netty.request.NettyRequestSender - Using open Channel [id: 0xcce9decb, L:/127.0.0.1:61759 - R:localhost/127.0.0.1:54663] for GET '/session/f1159ae19cd38a284a7ec906ee09453e/alert/text'
19:24:22.857 [AsyncHttpClient-1-2] DEBUG org.asynchttpclient.netty.handler.HttpHandler - 

Request DefaultFullHttpRequest(decodeResult: success, version: HTTP/1.1, content: EmptyByteBufBE)
GET /session/f1159ae19cd38a284a7ec906ee09453e/alert/text HTTP/1.1
User-Agent: selenium/4.4.0 (java windows)
Cache-Control: no-cache
Content-Type: application/json; charset=utf-8
host: localhost:54663
accept: */*

Response DefaultHttpResponse(decodeResult: success, version: HTTP/1.1)
HTTP/1.1 404 Not Found
Content-Type: application/json; charset=utf-8
cache-control: no-cache
content-length: 815

19:24:22.857 [AsyncHttpClient-1-2] DEBUG org.asynchttpclient.netty.channel.ChannelManager - Adding key: http://localhost:54663 for channel [id: 0xcce9decb, L:/127.0.0.1:61759 - R:localhost/127.0.0.1:54663]
19:24:22.859 [Forwarding switchToWindow on session f1159ae19cd38a284a7ec906ee09453e to remote] DEBUG org.asynchttpclient.netty.request.NettyRequestSender - Using pooled Channel '[id: 0xcce9decb, L:/127.0.0.1:61759 - R:localhost/127.0.0.1:54663]' for 'POST' to 'http://localhost:54663/session/f1159ae19cd38a284a7ec906ee09453e/window'
19:24:22.859 [Forwarding switchToWindow on session f1159ae19cd38a284a7ec906ee09453e to remote] DEBUG org.asynchttpclient.netty.request.NettyRequestSender - Using open Channel [id: 0xcce9decb, L:/127.0.0.1:61759 - R:localhost/127.0.0.1:54663] for POST '/session/f1159ae19cd38a284a7ec906ee09453e/window'
19:24:22.860 [AsyncHttpClient-1-2] DEBUG org.asynchttpclient.netty.handler.HttpHandler - 

Request DefaultHttpRequest(decodeResult: success, version: HTTP/1.1)
POST /session/f1159ae19cd38a284a7ec906ee09453e/window HTTP/1.1
User-Agent: selenium/4.4.0 (java windows)
Content-Length: 59
Content-Type: application/json; charset=utf-8
host: localhost:54663
accept: */*

Response DefaultHttpResponse(decodeResult: success, version: HTTP/1.1)
HTTP/1.1 200 OK
Content-Type: application/json; charset=utf-8
cache-control: no-cache
content-length: 14

19:24:22.860 [AsyncHttpClient-1-2] DEBUG org.asynchttpclient.netty.channel.ChannelManager - Adding key: http://localhost:54663 for channel [id: 0xcce9decb, L:/127.0.0.1:61759 - R:localhost/127.0.0.1:54663]
19:24:22.860 [Forwarding getCurrentUrl on session f1159ae19cd38a284a7ec906ee09453e to remote] DEBUG org.asynchttpclient.netty.request.NettyRequestSender - Using pooled Channel '[id: 0xcce9decb, L:/127.0.0.1:61759 - R:localhost/127.0.0.1:54663]' for 'GET' to 'http://localhost:54663/session/f1159ae19cd38a284a7ec906ee09453e/url'
19:24:22.860 [Forwarding getCurrentUrl on session f1159ae19cd38a284a7ec906ee09453e to remote] DEBUG org.asynchttpclient.netty.request.NettyRequestSender - Using open Channel [id: 0xcce9decb, L:/127.0.0.1:61759 - R:localhost/127.0.0.1:54663] for GET '/session/f1159ae19cd38a284a7ec906ee09453e/url'
19:24:22.862 [AsyncHttpClient-1-2] DEBUG org.asynchttpclient.netty.handler.HttpHandler - 

Request DefaultFullHttpRequest(decodeResult: success, version: HTTP/1.1, content: EmptyByteBufBE)
GET /session/f1159ae19cd38a284a7ec906ee09453e/url HTTP/1.1
User-Agent: selenium/4.4.0 (java windows)
Cache-Control: no-cache
Content-Type: application/json; charset=utf-8
host: localhost:54663
accept: */*

Response DefaultHttpResponse(decodeResult: success, version: HTTP/1.1)
HTTP/1.1 200 OK
Content-Type: application/json; charset=utf-8
cache-control: no-cache
content-length: 75

19:24:22.862 [AsyncHttpClient-1-2] DEBUG org.asynchttpclient.netty.channel.ChannelManager - Adding key: http://localhost:54663 for channel [id: 0xcce9decb, L:/127.0.0.1:61759 - R:localhost/127.0.0.1:54663]
19:24:22.863 [Forwarding screenshot on session f1159ae19cd38a284a7ec906ee09453e to remote] DEBUG org.asynchttpclient.netty.request.NettyRequestSender - Using pooled Channel '[id: 0xcce9decb, L:/127.0.0.1:61759 - R:localhost/127.0.0.1:54663]' for 'GET' to 'http://localhost:54663/session/f1159ae19cd38a284a7ec906ee09453e/screenshot'
19:24:22.863 [Forwarding screenshot on session f1159ae19cd38a284a7ec906ee09453e to remote] DEBUG org.asynchttpclient.netty.request.NettyRequestSender - Using open Channel [id: 0xcce9decb, L:/127.0.0.1:61759 - R:localhost/127.0.0.1:54663] for GET '/session/f1159ae19cd38a284a7ec906ee09453e/screenshot'
19:24:22.933 [AsyncHttpClient-1-2] DEBUG org.asynchttpclient.netty.handler.HttpHandler - 

Request DefaultFullHttpRequest(decodeResult: success, version: HTTP/1.1, content: EmptyByteBufBE)
GET /session/f1159ae19cd38a284a7ec906ee09453e/screenshot HTTP/1.1
User-Agent: selenium/4.4.0 (java windows)
Cache-Control: no-cache
Content-Type: application/json; charset=utf-8
host: localhost:54663
accept: */*

Response DefaultHttpResponse(decodeResult: success, version: HTTP/1.1)
HTTP/1.1 200 OK
Content-Type: application/json; charset=utf-8
cache-control: no-cache
content-length: 20912

19:24:22.934 [AsyncHttpClient-1-2] DEBUG org.asynchttpclient.netty.channel.ChannelManager - Adding key: http://localhost:54663 for channel [id: 0xcce9decb, L:/127.0.0.1:61759 - R:localhost/127.0.0.1:54663]
19:24:22.935 [main] DEBUG net.serenitybdd.core.photography.Darkroom - Send negative for processing for target\site\serenity\c00ebb2178f26dc3d14cf7af1e18daa07487fa9b20404a08bdc9feda7d3b7ae5.png
19:24:22.936 [Darkroom Processing Line] DEBUG net.serenitybdd.core.photography.DarkroomProcessingLine - Processing screenshot image in /var/screenshots/screenshot-4417522790029735934
19:24:22.936 [Darkroom Processing Line] DEBUG net.serenitybdd.core.photography.DarkroomProcessingLine - Saving screenshot to target\site\serenity\c00ebb2178f26dc3d14cf7af1e18daa07487fa9b20404a08bdc9feda7d3b7ae5.png
19:24:22.985 [Driver Command Executor] DEBUG org.asynchttpclient.netty.request.NettyRequestSender - Using pooled Channel '[id: 0xcce9decb, L:/127.0.0.1:61759 - R:localhost/127.0.0.1:54663]' for 'DELETE' to 'http://localhost:54663/session/f1159ae19cd38a284a7ec906ee09453e'
19:24:22.985 [Driver Command Executor] DEBUG org.asynchttpclient.netty.request.NettyRequestSender - Using open Channel [id: 0xcce9decb, L:/127.0.0.1:61759 - R:localhost/127.0.0.1:54663] for DELETE '/session/f1159ae19cd38a284a7ec906ee09453e'
19:24:22.986 [AsyncHttpClient-1-4] DEBUG org.asynchttpclient.netty.handler.WebSocketHandler - Channel Closed: [id: 0xc9e26314, L:/127.0.0.1:61767 ! R:localhost/127.0.0.1:61760] with attribute NettyResponseFuture{currentRetry=0,
	isDone=1,
	isCancelled=0,
	asyncHandler=org.asynchttpclient.ws.WebSocketUpgradeHandler@5ec5afde,
	nettyRequest=org.asynchttpclient.netty.request.NettyRequest@7d0fc534,
	future=java.util.concurrent.CompletableFuture@182d2c5f[Completed normally],
	uri=ws://localhost:61760/devtools/browser/1f410209-d7ef-4144-a78e-0fc2a9598f3d,
	keepAlive=true,
	redirectCount=0,
	timeoutsHolder=null,
	inAuth=0,
	touch=1673483055074}
19:24:22.987 [AsyncHttpClient-1-4] DEBUG org.asynchttpclient.netty.channel.ChannelManager - Closing Channel [id: 0xc9e26314, L:/127.0.0.1:61767 ! R:localhost/127.0.0.1:61760] 
19:24:23.010 [AsyncHttpClient-1-3] DEBUG org.asynchttpclient.netty.handler.HttpHandler - Unexpected I/O exception on channel [id: 0x5ad97065, L:/127.0.0.1:61766 - R:localhost/127.0.0.1:61760]
java.io.IOException: Se ha forzado la interrupción de una conexión existente por el host remoto
	at java.base/sun.nio.ch.SocketDispatcher.read0(Native Method)
	at java.base/sun.nio.ch.SocketDispatcher.read(SocketDispatcher.java:43)
	at java.base/sun.nio.ch.IOUtil.readIntoNativeBuffer(IOUtil.java:276)
	at java.base/sun.nio.ch.IOUtil.read(IOUtil.java:233)
	at java.base/sun.nio.ch.IOUtil.read(IOUtil.java:223)
	at java.base/sun.nio.ch.SocketChannelImpl.read(SocketChannelImpl.java:358)
	at io.netty.buffer.PooledByteBuf.setBytes(PooledByteBuf.java:258)
	at io.netty.buffer.AbstractByteBuf.writeBytes(AbstractByteBuf.java:1132)
	at io.netty.channel.socket.nio.NioSocketChannel.doReadBytes(NioSocketChannel.java:357)
	at io.netty.channel.nio.AbstractNioByteChannel$NioByteUnsafe.read(AbstractNioByteChannel.java:151)
	at io.netty.channel.nio.NioEventLoop.processSelectedKey(NioEventLoop.java:722)
	at io.netty.channel.nio.NioEventLoop.processSelectedKeysOptimized(NioEventLoop.java:658)
	at io.netty.channel.nio.NioEventLoop.processSelectedKeys(NioEventLoop.java:584)
	at io.netty.channel.nio.NioEventLoop.run(NioEventLoop.java:496)
	at io.netty.util.concurrent.SingleThreadEventExecutor$4.run(SingleThreadEventExecutor.java:997)
	at io.netty.util.internal.ThreadExecutorMap$2.run(ThreadExecutorMap.java:74)
	at io.netty.util.concurrent.FastThreadLocalRunnable.run(FastThreadLocalRunnable.java:30)
	at java.base/java.lang.Thread.run(Thread.java:834)
19:24:23.010 [AsyncHttpClient-1-3] DEBUG org.asynchttpclient.netty.channel.ChannelManager - Closing Channel [id: 0x5ad97065, L:/127.0.0.1:61766 - R:localhost/127.0.0.1:61760] 
19:24:23.012 [AsyncHttpClient-1-3] DEBUG org.asynchttpclient.netty.handler.HttpHandler - Channel Closed: [id: 0x5ad97065, L:/127.0.0.1:61766 ! R:localhost/127.0.0.1:61760] with attribute DISCARD
19:24:23.023 [AsyncHttpClient-1-2] DEBUG org.asynchttpclient.netty.handler.HttpHandler - 

Request DefaultFullHttpRequest(decodeResult: success, version: HTTP/1.1, content: EmptyByteBufBE)
DELETE /session/f1159ae19cd38a284a7ec906ee09453e HTTP/1.1
User-Agent: selenium/4.4.0 (java windows)
Content-Type: application/json; charset=utf-8
host: localhost:54663
accept: */*

Response DefaultHttpResponse(decodeResult: success, version: HTTP/1.1)
HTTP/1.1 200 OK
Content-Type: application/json; charset=utf-8
cache-control: no-cache
content-length: 14

19:24:23.024 [AsyncHttpClient-1-2] DEBUG org.asynchttpclient.netty.channel.ChannelManager - Adding key: http://localhost:54663 for channel [id: 0xcce9decb, L:/127.0.0.1:61759 - R:localhost/127.0.0.1:54663]
19:24:23.064 [AsyncHttpClient-1-2] DEBUG org.asynchttpclient.netty.handler.HttpHandler - Channel Closed: [id: 0xcce9decb, L:/127.0.0.1:61759 ! R:localhost/127.0.0.1:54663] with attribute DISCARD
19:24:23.397 [AsyncHttpClient-1-1] DEBUG org.asynchttpclient.netty.channel.DefaultChannelPool - Entry count for : http://localhost:61760 : 1
19:24:23.397 [AsyncHttpClient-1-1] DEBUG org.asynchttpclient.netty.channel.DefaultChannelPool - Entry count for : http://localhost:54663 : 1
19:24:23.397 [AsyncHttpClient-1-1] DEBUG org.asynchttpclient.netty.channel.DefaultChannelPool - Adding Candidate expired Channel [id: 0x5ad97065, L:/127.0.0.1:61766 ! R:localhost/127.0.0.1:61760] isIdleTimeoutExpired=false isRemotelyClosed=true isTtlExpired=false
19:24:23.397 [AsyncHttpClient-1-1] DEBUG org.asynchttpclient.netty.channel.DefaultChannelPool - Closing Idle Channel [id: 0x5ad97065, L:/127.0.0.1:61766 ! R:localhost/127.0.0.1:61760]
19:24:23.397 [AsyncHttpClient-1-1] DEBUG org.asynchttpclient.netty.channel.DefaultChannelPool - Adding Candidate expired Channel [id: 0xcce9decb, L:/127.0.0.1:61759 ! R:localhost/127.0.0.1:54663] isIdleTimeoutExpired=false isRemotelyClosed=true isTtlExpired=false
19:24:23.397 [AsyncHttpClient-1-1] DEBUG org.asynchttpclient.netty.channel.DefaultChannelPool - Closing Idle Channel [id: 0xcce9decb, L:/127.0.0.1:61759 ! R:localhost/127.0.0.1:54663]
19:24:23.397 [AsyncHttpClient-1-1] DEBUG org.asynchttpclient.netty.channel.DefaultChannelPool - Closed 2 connections out of 2 in 0 ms
19:24:23.584 [main] INFO  - 
  _____   ___   ___   _____     ___     _     ___   ___   ___   ___  
 |_   _| | __| / __| |_   _|   | _ \   /_\   / __| / __| | __| |   \ 
   | |   | _|  \__ \   | |     |  _/  / _ \  \__ \ \__ \ | _|  | |) |
   |_|   |___| |___/   |_|     |_|   /_/ \_\ |___/ |___/ |___| |___/ 

Validar que make appointment fue exitosa
----------------------------------------------------------------------
]]></system-out>
    <system-err><![CDATA[Starting ChromeDriver 108.0.5359.71 (1e0e3868ee06e91ad636a874420e3ca3ae3756ac-refs/branch-heads/5359@{#1016}) on port 54663
Only local connections are allowed.
Please see https://chromedriver.chromium.org/security-considerations for suggestions on keeping ChromeDriver safe.
ChromeDriver was started successfully.
ene. 11, 2023 7:24:15 P. M. org.openqa.selenium.remote.ProtocolHandshake createSession
INFO: Detected upstream dialect: W3C
ene. 11, 2023 7:24:15 P. M. org.openqa.selenium.devtools.CdpVersionFinder findNearestMatch
WARNING: Unable to find an exact match for CDP version 108, so returning the closest version found: 104
ene. 11, 2023 7:24:15 P. M. org.openqa.selenium.devtools.CdpVersionFinder findNearestMatch
INFO: Found CDP implementation for version 108 of 104
]]></system-err>
  </testcase>
  <testcase name="Validar que make appointment fue exitosa #2" classname="Funcionalidad make appointment" time="6.048">
    <failure type="org.junit.ComparisonFailure"><![CDATA[org.junit.ComparisonFailure: expected:<No[]> but was:<No[d]>
]]></failure>
    <system-out><![CDATA[19:24:23.591 [main] INFO io.cucumber.core.plugin.SerenityReporter - Running feature from file:///C:/Users/MSI/Downloads/serenityBDD-master/ProyectoSerenityBDD/src/test/resources/features/loginkatalon.feature
19:24:23.687 [main] INFO net.serenitybdd.core.webdriver.driverproviders.ChromeDriverProvider - Starting Chrome driver instance with capabilities:
19:24:23.687 [main] INFO net.serenitybdd.core.webdriver.driverproviders.ChromeDriverProvider - Capabilities {acceptInsecureCerts: false, browserName: chrome, goog:chromeOptions: {args: [], extensions: []}}
19:24:24.212 [AsyncHttpClient-1-5] DEBUG org.asynchttpclient.netty.channel.NettyConnectListener - Using new Channel '[id: 0x5031eeb7, L:/127.0.0.1:61801 - R:localhost/127.0.0.1:53409]' for 'POST' to '/session'
19:24:24.676 [AsyncHttpClient-1-5] DEBUG org.asynchttpclient.netty.handler.HttpHandler - 

Request DefaultHttpRequest(decodeResult: success, version: HTTP/1.1)
POST /session HTTP/1.1
User-Agent: selenium/4.4.0 (java windows)
Content-Length: 437
Content-Type: application/json; charset=utf-8
host: localhost:53409
accept: */*

Response DefaultHttpResponse(decodeResult: success, version: HTTP/1.1)
HTTP/1.1 200 OK
Content-Type: application/json; charset=utf-8
cache-control: no-cache
content-length: 790

19:24:24.677 [AsyncHttpClient-1-5] DEBUG org.asynchttpclient.netty.channel.ChannelManager - Adding key: http://localhost:53409 for channel [id: 0x5031eeb7, L:/127.0.0.1:61801 - R:localhost/127.0.0.1:53409]
19:24:24.685 [AsyncHttpClient-1-6] DEBUG org.asynchttpclient.netty.channel.NettyConnectListener - Using new Channel '[id: 0x6eeeb0dc, L:/127.0.0.1:61808 - R:localhost/127.0.0.1:61802]' for 'GET' to '/json/version'
19:24:24.687 [AsyncHttpClient-1-6] DEBUG org.asynchttpclient.netty.handler.HttpHandler - 

Request DefaultFullHttpRequest(decodeResult: success, version: HTTP/1.1, content: EmptyByteBufBE)
GET /json/version HTTP/1.1
User-Agent: selenium/4.4.0 (java windows)
host: localhost:61802
accept: */*

Response DefaultHttpResponse(decodeResult: success, version: HTTP/1.1)
HTTP/1.1 200 OK
Content-Type: application/json; charset=UTF-8
content-length: 424

19:24:24.687 [AsyncHttpClient-1-6] DEBUG org.asynchttpclient.netty.channel.ChannelManager - Adding key: http://localhost:61802 for channel [id: 0x6eeeb0dc, L:/127.0.0.1:61808 - R:localhost/127.0.0.1:61802]
19:24:24.690 [AsyncHttpClient-1-7] DEBUG org.asynchttpclient.netty.channel.NettyConnectListener - Using new Channel '[id: 0x70b69372, L:/127.0.0.1:61809 - R:localhost/127.0.0.1:61802]' for 'GET' to '/devtools/browser/2cc3c12c-1174-497e-a60d-f3c959097391'
19:24:24.693 [AsyncHttpClient-1-7] DEBUG org.asynchttpclient.netty.handler.WebSocketHandler - 

Request DefaultFullHttpRequest(decodeResult: success, version: HTTP/1.1, content: EmptyByteBufBE)
GET /devtools/browser/2cc3c12c-1174-497e-a60d-f3c959097391 HTTP/1.1
upgrade: websocket
connection: upgrade
sec-websocket-key: XTGkzCXTvlXaiNJbQhRwog==
sec-websocket-version: 13
origin: http://localhost:61802
host: localhost:61802
accept: */*
user-agent: AHC/2.1

Response DefaultHttpResponse(decodeResult: success, version: HTTP/1.1)
HTTP/1.1 101 WebSocket Protocol Handshake
Upgrade: WebSocket
Connection: Upgrade
Sec-WebSocket-Accept: KcQwdpIgyfr+MPuvOh9NUELEmsc=

19:24:24.699 [Forwarding get on session 78bf451c51b0e8a23bb44aac8f05b4df to remote] DEBUG org.asynchttpclient.netty.request.NettyRequestSender - Using pooled Channel '[id: 0x5031eeb7, L:/127.0.0.1:61801 - R:localhost/127.0.0.1:53409]' for 'POST' to 'http://localhost:53409/session/78bf451c51b0e8a23bb44aac8f05b4df/url'
19:24:24.700 [Forwarding get on session 78bf451c51b0e8a23bb44aac8f05b4df to remote] DEBUG org.asynchttpclient.netty.request.NettyRequestSender - Using open Channel [id: 0x5031eeb7, L:/127.0.0.1:61801 - R:localhost/127.0.0.1:53409] for POST '/session/78bf451c51b0e8a23bb44aac8f05b4df/url'
19:24:25.595 [AsyncHttpClient-1-1] DEBUG org.asynchttpclient.netty.channel.DefaultChannelPool - Entry count for : http://localhost:61802 : 1
19:24:26.202 [AsyncHttpClient-1-5] DEBUG org.asynchttpclient.netty.handler.HttpHandler - 

Request DefaultHttpRequest(decodeResult: success, version: HTTP/1.1)
POST /session/78bf451c51b0e8a23bb44aac8f05b4df/url HTTP/1.1
User-Agent: selenium/4.4.0 (java windows)
Content-Length: 70
Content-Type: application/json; charset=utf-8
host: localhost:53409
accept: */*

Response DefaultHttpResponse(decodeResult: success, version: HTTP/1.1)
HTTP/1.1 200 OK
Content-Type: application/json; charset=utf-8
cache-control: no-cache
content-length: 14

19:24:26.202 [AsyncHttpClient-1-5] DEBUG org.asynchttpclient.netty.channel.ChannelManager - Adding key: http://localhost:53409 for channel [id: 0x5031eeb7, L:/127.0.0.1:61801 - R:localhost/127.0.0.1:53409]
19:24:26.203 [Forwarding setTimeout on session 78bf451c51b0e8a23bb44aac8f05b4df to remote] DEBUG org.asynchttpclient.netty.request.NettyRequestSender - Using pooled Channel '[id: 0x5031eeb7, L:/127.0.0.1:61801 - R:localhost/127.0.0.1:53409]' for 'POST' to 'http://localhost:53409/session/78bf451c51b0e8a23bb44aac8f05b4df/timeouts'
19:24:26.203 [Forwarding setTimeout on session 78bf451c51b0e8a23bb44aac8f05b4df to remote] DEBUG org.asynchttpclient.netty.request.NettyRequestSender - Using open Channel [id: 0x5031eeb7, L:/127.0.0.1:61801 - R:localhost/127.0.0.1:53409] for POST '/session/78bf451c51b0e8a23bb44aac8f05b4df/timeouts'
19:24:26.204 [AsyncHttpClient-1-5] DEBUG org.asynchttpclient.netty.handler.HttpHandler - 

Request DefaultHttpRequest(decodeResult: success, version: HTTP/1.1)
POST /session/78bf451c51b0e8a23bb44aac8f05b4df/timeouts HTTP/1.1
User-Agent: selenium/4.4.0 (java windows)
Content-Length: 22
Content-Type: application/json; charset=utf-8
host: localhost:53409
accept: */*

Response DefaultHttpResponse(decodeResult: success, version: HTTP/1.1)
HTTP/1.1 200 OK
Content-Type: application/json; charset=utf-8
cache-control: no-cache
content-length: 14

19:24:26.204 [AsyncHttpClient-1-5] DEBUG org.asynchttpclient.netty.channel.ChannelManager - Adding key: http://localhost:53409 for channel [id: 0x5031eeb7, L:/127.0.0.1:61801 - R:localhost/127.0.0.1:53409]
19:24:26.206 [Forwarding getCurrentUrl on session 78bf451c51b0e8a23bb44aac8f05b4df to remote] DEBUG org.asynchttpclient.netty.request.NettyRequestSender - Using pooled Channel '[id: 0x5031eeb7, L:/127.0.0.1:61801 - R:localhost/127.0.0.1:53409]' for 'GET' to 'http://localhost:53409/session/78bf451c51b0e8a23bb44aac8f05b4df/url'
19:24:26.206 [Forwarding getCurrentUrl on session 78bf451c51b0e8a23bb44aac8f05b4df to remote] DEBUG org.asynchttpclient.netty.request.NettyRequestSender - Using open Channel [id: 0x5031eeb7, L:/127.0.0.1:61801 - R:localhost/127.0.0.1:53409] for GET '/session/78bf451c51b0e8a23bb44aac8f05b4df/url'
19:24:26.209 [AsyncHttpClient-1-5] DEBUG org.asynchttpclient.netty.handler.HttpHandler - 

Request DefaultFullHttpRequest(decodeResult: success, version: HTTP/1.1, content: EmptyByteBufBE)
GET /session/78bf451c51b0e8a23bb44aac8f05b4df/url HTTP/1.1
User-Agent: selenium/4.4.0 (java windows)
Cache-Control: no-cache
Content-Type: application/json; charset=utf-8
host: localhost:53409
accept: */*

Response DefaultHttpResponse(decodeResult: success, version: HTTP/1.1)
HTTP/1.1 200 OK
Content-Type: application/json; charset=utf-8
cache-control: no-cache
content-length: 52

19:24:26.209 [AsyncHttpClient-1-5] DEBUG org.asynchttpclient.netty.channel.ChannelManager - Adding key: http://localhost:53409 for channel [id: 0x5031eeb7, L:/127.0.0.1:61801 - R:localhost/127.0.0.1:53409]
19:24:26.211 [Forwarding getCurrentUrl on session 78bf451c51b0e8a23bb44aac8f05b4df to remote] DEBUG org.asynchttpclient.netty.request.NettyRequestSender - Using pooled Channel '[id: 0x5031eeb7, L:/127.0.0.1:61801 - R:localhost/127.0.0.1:53409]' for 'GET' to 'http://localhost:53409/session/78bf451c51b0e8a23bb44aac8f05b4df/url'
19:24:26.211 [Forwarding getCurrentUrl on session 78bf451c51b0e8a23bb44aac8f05b4df to remote] DEBUG org.asynchttpclient.netty.request.NettyRequestSender - Using open Channel [id: 0x5031eeb7, L:/127.0.0.1:61801 - R:localhost/127.0.0.1:53409] for GET '/session/78bf451c51b0e8a23bb44aac8f05b4df/url'
19:24:26.214 [AsyncHttpClient-1-5] DEBUG org.asynchttpclient.netty.handler.HttpHandler - 

Request DefaultFullHttpRequest(decodeResult: success, version: HTTP/1.1, content: EmptyByteBufBE)
GET /session/78bf451c51b0e8a23bb44aac8f05b4df/url HTTP/1.1
User-Agent: selenium/4.4.0 (java windows)
Cache-Control: no-cache
Content-Type: application/json; charset=utf-8
host: localhost:53409
accept: */*

Response DefaultHttpResponse(decodeResult: success, version: HTTP/1.1)
HTTP/1.1 200 OK
Content-Type: application/json; charset=utf-8
cache-control: no-cache
content-length: 52

19:24:26.214 [AsyncHttpClient-1-5] DEBUG org.asynchttpclient.netty.channel.ChannelManager - Adding key: http://localhost:53409 for channel [id: 0x5031eeb7, L:/127.0.0.1:61801 - R:localhost/127.0.0.1:53409]
19:24:26.219 [Forwarding findElement on session 78bf451c51b0e8a23bb44aac8f05b4df to remote] DEBUG org.asynchttpclient.netty.request.NettyRequestSender - Using pooled Channel '[id: 0x5031eeb7, L:/127.0.0.1:61801 - R:localhost/127.0.0.1:53409]' for 'POST' to 'http://localhost:53409/session/78bf451c51b0e8a23bb44aac8f05b4df/element'
19:24:26.219 [Forwarding findElement on session 78bf451c51b0e8a23bb44aac8f05b4df to remote] DEBUG org.asynchttpclient.netty.request.NettyRequestSender - Using open Channel [id: 0x5031eeb7, L:/127.0.0.1:61801 - R:localhost/127.0.0.1:53409] for POST '/session/78bf451c51b0e8a23bb44aac8f05b4df/element'
19:24:26.227 [AsyncHttpClient-1-5] DEBUG org.asynchttpclient.netty.handler.HttpHandler - 

Request DefaultHttpRequest(decodeResult: success, version: HTTP/1.1)
POST /session/78bf451c51b0e8a23bb44aac8f05b4df/element HTTP/1.1
User-Agent: selenium/4.4.0 (java windows)
Content-Length: 69
Content-Type: application/json; charset=utf-8
host: localhost:53409
accept: */*

Response DefaultHttpResponse(decodeResult: success, version: HTTP/1.1)
HTTP/1.1 200 OK
Content-Type: application/json; charset=utf-8
cache-control: no-cache
content-length: 88

19:24:26.227 [AsyncHttpClient-1-5] DEBUG org.asynchttpclient.netty.channel.ChannelManager - Adding key: http://localhost:53409 for channel [id: 0x5031eeb7, L:/127.0.0.1:61801 - R:localhost/127.0.0.1:53409]
19:24:26.229 [Forwarding isElementDisplayed on session 78bf451c51b0e8a23bb44aac8f05b4df to remote] DEBUG org.asynchttpclient.netty.request.NettyRequestSender - Using pooled Channel '[id: 0x5031eeb7, L:/127.0.0.1:61801 - R:localhost/127.0.0.1:53409]' for 'POST' to 'http://localhost:53409/session/78bf451c51b0e8a23bb44aac8f05b4df/execute/sync'
19:24:26.230 [Forwarding isElementDisplayed on session 78bf451c51b0e8a23bb44aac8f05b4df to remote] DEBUG org.asynchttpclient.netty.request.NettyRequestSender - Using open Channel [id: 0x5031eeb7, L:/127.0.0.1:61801 - R:localhost/127.0.0.1:53409] for POST '/session/78bf451c51b0e8a23bb44aac8f05b4df/execute/sync'
19:24:26.246 [AsyncHttpClient-1-5] DEBUG org.asynchttpclient.netty.handler.HttpHandler - 

Request DefaultHttpRequest(decodeResult: success, version: HTTP/1.1)
POST /session/78bf451c51b0e8a23bb44aac8f05b4df/execute/sync HTTP/1.1
User-Agent: selenium/4.4.0 (java windows)
Content-Length: 48780
Content-Type: application/json; charset=utf-8
host: localhost:53409
accept: */*

Response DefaultHttpResponse(decodeResult: success, version: HTTP/1.1)
HTTP/1.1 200 OK
Content-Type: application/json; charset=utf-8
cache-control: no-cache
content-length: 14

19:24:26.246 [AsyncHttpClient-1-5] DEBUG org.asynchttpclient.netty.channel.ChannelManager - Adding key: http://localhost:53409 for channel [id: 0x5031eeb7, L:/127.0.0.1:61801 - R:localhost/127.0.0.1:53409]
19:24:26.249 [Forwarding getElementTagName on session 78bf451c51b0e8a23bb44aac8f05b4df to remote] DEBUG org.asynchttpclient.netty.request.NettyRequestSender - Using pooled Channel '[id: 0x5031eeb7, L:/127.0.0.1:61801 - R:localhost/127.0.0.1:53409]' for 'GET' to 'http://localhost:53409/session/78bf451c51b0e8a23bb44aac8f05b4df/element/91a3eccd-ad38-45cd-824b-c86c6a081e82/name'
19:24:26.249 [Forwarding getElementTagName on session 78bf451c51b0e8a23bb44aac8f05b4df to remote] DEBUG org.asynchttpclient.netty.request.NettyRequestSender - Using open Channel [id: 0x5031eeb7, L:/127.0.0.1:61801 - R:localhost/127.0.0.1:53409] for GET '/session/78bf451c51b0e8a23bb44aac8f05b4df/element/91a3eccd-ad38-45cd-824b-c86c6a081e82/name'
19:24:26.252 [AsyncHttpClient-1-5] DEBUG org.asynchttpclient.netty.handler.HttpHandler - 

Request DefaultFullHttpRequest(decodeResult: success, version: HTTP/1.1, content: EmptyByteBufBE)
GET /session/78bf451c51b0e8a23bb44aac8f05b4df/element/91a3eccd-ad38-45cd-824b-c86c6a081e82/name HTTP/1.1
User-Agent: selenium/4.4.0 (java windows)
Cache-Control: no-cache
Content-Type: application/json; charset=utf-8
host: localhost:53409
accept: */*

Response DefaultHttpResponse(decodeResult: success, version: HTTP/1.1)
HTTP/1.1 200 OK
Content-Type: application/json; charset=utf-8
cache-control: no-cache
content-length: 13

19:24:26.252 [AsyncHttpClient-1-5] DEBUG org.asynchttpclient.netty.channel.ChannelManager - Adding key: http://localhost:53409 for channel [id: 0x5031eeb7, L:/127.0.0.1:61801 - R:localhost/127.0.0.1:53409]
19:24:26.254 [Forwarding getElementTagName on session 78bf451c51b0e8a23bb44aac8f05b4df to remote] DEBUG org.asynchttpclient.netty.request.NettyRequestSender - Using pooled Channel '[id: 0x5031eeb7, L:/127.0.0.1:61801 - R:localhost/127.0.0.1:53409]' for 'GET' to 'http://localhost:53409/session/78bf451c51b0e8a23bb44aac8f05b4df/element/91a3eccd-ad38-45cd-824b-c86c6a081e82/name'
19:24:26.254 [Forwarding getElementTagName on session 78bf451c51b0e8a23bb44aac8f05b4df to remote] DEBUG org.asynchttpclient.netty.request.NettyRequestSender - Using open Channel [id: 0x5031eeb7, L:/127.0.0.1:61801 - R:localhost/127.0.0.1:53409] for GET '/session/78bf451c51b0e8a23bb44aac8f05b4df/element/91a3eccd-ad38-45cd-824b-c86c6a081e82/name'
19:24:26.256 [AsyncHttpClient-1-5] DEBUG org.asynchttpclient.netty.handler.HttpHandler - 

Request DefaultFullHttpRequest(decodeResult: success, version: HTTP/1.1, content: EmptyByteBufBE)
GET /session/78bf451c51b0e8a23bb44aac8f05b4df/element/91a3eccd-ad38-45cd-824b-c86c6a081e82/name HTTP/1.1
User-Agent: selenium/4.4.0 (java windows)
Cache-Control: no-cache
Content-Type: application/json; charset=utf-8
host: localhost:53409
accept: */*

Response DefaultHttpResponse(decodeResult: success, version: HTTP/1.1)
HTTP/1.1 200 OK
Content-Type: application/json; charset=utf-8
cache-control: no-cache
content-length: 13

19:24:26.256 [AsyncHttpClient-1-5] DEBUG org.asynchttpclient.netty.channel.ChannelManager - Adding key: http://localhost:53409 for channel [id: 0x5031eeb7, L:/127.0.0.1:61801 - R:localhost/127.0.0.1:53409]
19:24:26.258 [Forwarding findElement on session 78bf451c51b0e8a23bb44aac8f05b4df to remote] DEBUG org.asynchttpclient.netty.request.NettyRequestSender - Using pooled Channel '[id: 0x5031eeb7, L:/127.0.0.1:61801 - R:localhost/127.0.0.1:53409]' for 'POST' to 'http://localhost:53409/session/78bf451c51b0e8a23bb44aac8f05b4df/element'
19:24:26.258 [Forwarding findElement on session 78bf451c51b0e8a23bb44aac8f05b4df to remote] DEBUG org.asynchttpclient.netty.request.NettyRequestSender - Using open Channel [id: 0x5031eeb7, L:/127.0.0.1:61801 - R:localhost/127.0.0.1:53409] for POST '/session/78bf451c51b0e8a23bb44aac8f05b4df/element'
19:24:26.262 [AsyncHttpClient-1-5] DEBUG org.asynchttpclient.netty.handler.HttpHandler - 

Request DefaultHttpRequest(decodeResult: success, version: HTTP/1.1)
POST /session/78bf451c51b0e8a23bb44aac8f05b4df/element HTTP/1.1
User-Agent: selenium/4.4.0 (java windows)
Content-Length: 69
Content-Type: application/json; charset=utf-8
host: localhost:53409
accept: */*

Response DefaultHttpResponse(decodeResult: success, version: HTTP/1.1)
HTTP/1.1 200 OK
Content-Type: application/json; charset=utf-8
cache-control: no-cache
content-length: 88

19:24:26.262 [AsyncHttpClient-1-5] DEBUG org.asynchttpclient.netty.channel.ChannelManager - Adding key: http://localhost:53409 for channel [id: 0x5031eeb7, L:/127.0.0.1:61801 - R:localhost/127.0.0.1:53409]
19:24:26.265 [Forwarding isElementDisplayed on session 78bf451c51b0e8a23bb44aac8f05b4df to remote] DEBUG org.asynchttpclient.netty.request.NettyRequestSender - Using pooled Channel '[id: 0x5031eeb7, L:/127.0.0.1:61801 - R:localhost/127.0.0.1:53409]' for 'POST' to 'http://localhost:53409/session/78bf451c51b0e8a23bb44aac8f05b4df/execute/sync'
19:24:26.265 [Forwarding isElementDisplayed on session 78bf451c51b0e8a23bb44aac8f05b4df to remote] DEBUG org.asynchttpclient.netty.request.NettyRequestSender - Using open Channel [id: 0x5031eeb7, L:/127.0.0.1:61801 - R:localhost/127.0.0.1:53409] for POST '/session/78bf451c51b0e8a23bb44aac8f05b4df/execute/sync'
19:24:26.273 [AsyncHttpClient-1-5] DEBUG org.asynchttpclient.netty.handler.HttpHandler - 

Request DefaultHttpRequest(decodeResult: success, version: HTTP/1.1)
POST /session/78bf451c51b0e8a23bb44aac8f05b4df/execute/sync HTTP/1.1
User-Agent: selenium/4.4.0 (java windows)
Content-Length: 48780
Content-Type: application/json; charset=utf-8
host: localhost:53409
accept: */*

Response DefaultHttpResponse(decodeResult: success, version: HTTP/1.1)
HTTP/1.1 200 OK
Content-Type: application/json; charset=utf-8
cache-control: no-cache
content-length: 14

19:24:26.273 [AsyncHttpClient-1-5] DEBUG org.asynchttpclient.netty.channel.ChannelManager - Adding key: http://localhost:53409 for channel [id: 0x5031eeb7, L:/127.0.0.1:61801 - R:localhost/127.0.0.1:53409]
19:24:26.275 [Forwarding clickElement on session 78bf451c51b0e8a23bb44aac8f05b4df to remote] DEBUG org.asynchttpclient.netty.request.NettyRequestSender - Using pooled Channel '[id: 0x5031eeb7, L:/127.0.0.1:61801 - R:localhost/127.0.0.1:53409]' for 'POST' to 'http://localhost:53409/session/78bf451c51b0e8a23bb44aac8f05b4df/element/91a3eccd-ad38-45cd-824b-c86c6a081e82/click'
19:24:26.275 [Forwarding clickElement on session 78bf451c51b0e8a23bb44aac8f05b4df to remote] DEBUG org.asynchttpclient.netty.request.NettyRequestSender - Using open Channel [id: 0x5031eeb7, L:/127.0.0.1:61801 - R:localhost/127.0.0.1:53409] for POST '/session/78bf451c51b0e8a23bb44aac8f05b4df/element/91a3eccd-ad38-45cd-824b-c86c6a081e82/click'
19:24:26.636 [AsyncHttpClient-1-5] DEBUG org.asynchttpclient.netty.handler.HttpHandler - 

Request DefaultHttpRequest(decodeResult: success, version: HTTP/1.1)
POST /session/78bf451c51b0e8a23bb44aac8f05b4df/element/91a3eccd-ad38-45cd-824b-c86c6a081e82/click HTTP/1.1
User-Agent: selenium/4.4.0 (java windows)
Content-Length: 50
Content-Type: application/json; charset=utf-8
host: localhost:53409
accept: */*

Response DefaultHttpResponse(decodeResult: success, version: HTTP/1.1)
HTTP/1.1 200 OK
Content-Type: application/json; charset=utf-8
cache-control: no-cache
content-length: 14

19:24:26.636 [AsyncHttpClient-1-5] DEBUG org.asynchttpclient.netty.channel.ChannelManager - Adding key: http://localhost:53409 for channel [id: 0x5031eeb7, L:/127.0.0.1:61801 - R:localhost/127.0.0.1:53409]
19:24:26.641 [Forwarding getCurrentWindowHandle on session 78bf451c51b0e8a23bb44aac8f05b4df to remote] DEBUG org.asynchttpclient.netty.request.NettyRequestSender - Using pooled Channel '[id: 0x5031eeb7, L:/127.0.0.1:61801 - R:localhost/127.0.0.1:53409]' for 'GET' to 'http://localhost:53409/session/78bf451c51b0e8a23bb44aac8f05b4df/window'
19:24:26.641 [Forwarding getCurrentWindowHandle on session 78bf451c51b0e8a23bb44aac8f05b4df to remote] DEBUG org.asynchttpclient.netty.request.NettyRequestSender - Using open Channel [id: 0x5031eeb7, L:/127.0.0.1:61801 - R:localhost/127.0.0.1:53409] for GET '/session/78bf451c51b0e8a23bb44aac8f05b4df/window'
19:24:26.642 [AsyncHttpClient-1-5] DEBUG org.asynchttpclient.netty.handler.HttpHandler - 

Request DefaultFullHttpRequest(decodeResult: success, version: HTTP/1.1, content: EmptyByteBufBE)
GET /session/78bf451c51b0e8a23bb44aac8f05b4df/window HTTP/1.1
User-Agent: selenium/4.4.0 (java windows)
Cache-Control: no-cache
Content-Type: application/json; charset=utf-8
host: localhost:53409
accept: */*

Response DefaultHttpResponse(decodeResult: success, version: HTTP/1.1)
HTTP/1.1 200 OK
Content-Type: application/json; charset=utf-8
cache-control: no-cache
content-length: 53

19:24:26.642 [AsyncHttpClient-1-5] DEBUG org.asynchttpclient.netty.channel.ChannelManager - Adding key: http://localhost:53409 for channel [id: 0x5031eeb7, L:/127.0.0.1:61801 - R:localhost/127.0.0.1:53409]
19:24:26.644 [Forwarding getAlertText on session 78bf451c51b0e8a23bb44aac8f05b4df to remote] DEBUG org.asynchttpclient.netty.request.NettyRequestSender - Using pooled Channel '[id: 0x5031eeb7, L:/127.0.0.1:61801 - R:localhost/127.0.0.1:53409]' for 'GET' to 'http://localhost:53409/session/78bf451c51b0e8a23bb44aac8f05b4df/alert/text'
19:24:26.644 [Forwarding getAlertText on session 78bf451c51b0e8a23bb44aac8f05b4df to remote] DEBUG org.asynchttpclient.netty.request.NettyRequestSender - Using open Channel [id: 0x5031eeb7, L:/127.0.0.1:61801 - R:localhost/127.0.0.1:53409] for GET '/session/78bf451c51b0e8a23bb44aac8f05b4df/alert/text'
19:24:26.645 [AsyncHttpClient-1-5] DEBUG org.asynchttpclient.netty.handler.HttpHandler - 

Request DefaultFullHttpRequest(decodeResult: success, version: HTTP/1.1, content: EmptyByteBufBE)
GET /session/78bf451c51b0e8a23bb44aac8f05b4df/alert/text HTTP/1.1
User-Agent: selenium/4.4.0 (java windows)
Cache-Control: no-cache
Content-Type: application/json; charset=utf-8
host: localhost:53409
accept: */*

Response DefaultHttpResponse(decodeResult: success, version: HTTP/1.1)
HTTP/1.1 404 Not Found
Content-Type: application/json; charset=utf-8
cache-control: no-cache
content-length: 815

19:24:26.645 [AsyncHttpClient-1-5] DEBUG org.asynchttpclient.netty.channel.ChannelManager - Adding key: http://localhost:53409 for channel [id: 0x5031eeb7, L:/127.0.0.1:61801 - R:localhost/127.0.0.1:53409]
19:24:26.647 [Forwarding switchToWindow on session 78bf451c51b0e8a23bb44aac8f05b4df to remote] DEBUG org.asynchttpclient.netty.request.NettyRequestSender - Using pooled Channel '[id: 0x5031eeb7, L:/127.0.0.1:61801 - R:localhost/127.0.0.1:53409]' for 'POST' to 'http://localhost:53409/session/78bf451c51b0e8a23bb44aac8f05b4df/window'
19:24:26.647 [Forwarding switchToWindow on session 78bf451c51b0e8a23bb44aac8f05b4df to remote] DEBUG org.asynchttpclient.netty.request.NettyRequestSender - Using open Channel [id: 0x5031eeb7, L:/127.0.0.1:61801 - R:localhost/127.0.0.1:53409] for POST '/session/78bf451c51b0e8a23bb44aac8f05b4df/window'
19:24:26.649 [AsyncHttpClient-1-5] DEBUG org.asynchttpclient.netty.handler.HttpHandler - 

Request DefaultHttpRequest(decodeResult: success, version: HTTP/1.1)
POST /session/78bf451c51b0e8a23bb44aac8f05b4df/window HTTP/1.1
User-Agent: selenium/4.4.0 (java windows)
Content-Length: 59
Content-Type: application/json; charset=utf-8
host: localhost:53409
accept: */*

Response DefaultHttpResponse(decodeResult: success, version: HTTP/1.1)
HTTP/1.1 200 OK
Content-Type: application/json; charset=utf-8
cache-control: no-cache
content-length: 14

19:24:26.650 [AsyncHttpClient-1-5] DEBUG org.asynchttpclient.netty.channel.ChannelManager - Adding key: http://localhost:53409 for channel [id: 0x5031eeb7, L:/127.0.0.1:61801 - R:localhost/127.0.0.1:53409]
19:24:26.650 [Forwarding getCurrentUrl on session 78bf451c51b0e8a23bb44aac8f05b4df to remote] DEBUG org.asynchttpclient.netty.request.NettyRequestSender - Using pooled Channel '[id: 0x5031eeb7, L:/127.0.0.1:61801 - R:localhost/127.0.0.1:53409]' for 'GET' to 'http://localhost:53409/session/78bf451c51b0e8a23bb44aac8f05b4df/url'
19:24:26.650 [Forwarding getCurrentUrl on session 78bf451c51b0e8a23bb44aac8f05b4df to remote] DEBUG org.asynchttpclient.netty.request.NettyRequestSender - Using open Channel [id: 0x5031eeb7, L:/127.0.0.1:61801 - R:localhost/127.0.0.1:53409] for GET '/session/78bf451c51b0e8a23bb44aac8f05b4df/url'
19:24:26.659 [AsyncHttpClient-1-5] DEBUG org.asynchttpclient.netty.handler.HttpHandler - 

Request DefaultFullHttpRequest(decodeResult: success, version: HTTP/1.1, content: EmptyByteBufBE)
GET /session/78bf451c51b0e8a23bb44aac8f05b4df/url HTTP/1.1
User-Agent: selenium/4.4.0 (java windows)
Cache-Control: no-cache
Content-Type: application/json; charset=utf-8
host: localhost:53409
accept: */*

Response DefaultHttpResponse(decodeResult: success, version: HTTP/1.1)
HTTP/1.1 200 OK
Content-Type: application/json; charset=utf-8
cache-control: no-cache
content-length: 69

19:24:26.659 [AsyncHttpClient-1-5] DEBUG org.asynchttpclient.netty.channel.ChannelManager - Adding key: http://localhost:53409 for channel [id: 0x5031eeb7, L:/127.0.0.1:61801 - R:localhost/127.0.0.1:53409]
19:24:26.660 [Forwarding screenshot on session 78bf451c51b0e8a23bb44aac8f05b4df to remote] DEBUG org.asynchttpclient.netty.request.NettyRequestSender - Using pooled Channel '[id: 0x5031eeb7, L:/127.0.0.1:61801 - R:localhost/127.0.0.1:53409]' for 'GET' to 'http://localhost:53409/session/78bf451c51b0e8a23bb44aac8f05b4df/screenshot'
19:24:26.660 [Forwarding screenshot on session 78bf451c51b0e8a23bb44aac8f05b4df to remote] DEBUG org.asynchttpclient.netty.request.NettyRequestSender - Using open Channel [id: 0x5031eeb7, L:/127.0.0.1:61801 - R:localhost/127.0.0.1:53409] for GET '/session/78bf451c51b0e8a23bb44aac8f05b4df/screenshot'
19:24:26.705 [AsyncHttpClient-1-1] DEBUG org.asynchttpclient.netty.channel.DefaultChannelPool - Entry count for : http://localhost:61802 : 1
19:24:26.749 [AsyncHttpClient-1-5] DEBUG org.asynchttpclient.netty.handler.HttpHandler - 

Request DefaultFullHttpRequest(decodeResult: success, version: HTTP/1.1, content: EmptyByteBufBE)
GET /session/78bf451c51b0e8a23bb44aac8f05b4df/screenshot HTTP/1.1
User-Agent: selenium/4.4.0 (java windows)
Cache-Control: no-cache
Content-Type: application/json; charset=utf-8
host: localhost:53409
accept: */*

Response DefaultHttpResponse(decodeResult: success, version: HTTP/1.1)
HTTP/1.1 200 OK
Content-Type: application/json; charset=utf-8
cache-control: no-cache
content-length: 18908

19:24:26.749 [AsyncHttpClient-1-5] DEBUG org.asynchttpclient.netty.channel.ChannelManager - Adding key: http://localhost:53409 for channel [id: 0x5031eeb7, L:/127.0.0.1:61801 - R:localhost/127.0.0.1:53409]
19:24:26.751 [main] DEBUG net.serenitybdd.core.photography.Darkroom - Send negative for processing for target\site\serenity\a651155d8986136cf3b4658c2ba406e5ecfe7f2c46819617c76218569da609f0.png
19:24:26.751 [Darkroom Processing Line] DEBUG net.serenitybdd.core.photography.DarkroomProcessingLine - Processing screenshot image in /var/screenshots/screenshot-6896067114225453275
19:24:26.751 [Darkroom Processing Line] DEBUG net.serenitybdd.core.photography.DarkroomProcessingLine - Saving screenshot to target\site\serenity\a651155d8986136cf3b4658c2ba406e5ecfe7f2c46819617c76218569da609f0.png
19:24:26.755 [Forwarding getPageSource on session 78bf451c51b0e8a23bb44aac8f05b4df to remote] DEBUG org.asynchttpclient.netty.request.NettyRequestSender - Using pooled Channel '[id: 0x5031eeb7, L:/127.0.0.1:61801 - R:localhost/127.0.0.1:53409]' for 'POST' to 'http://localhost:53409/session/78bf451c51b0e8a23bb44aac8f05b4df/execute/sync'
19:24:26.755 [Forwarding getPageSource on session 78bf451c51b0e8a23bb44aac8f05b4df to remote] DEBUG org.asynchttpclient.netty.request.NettyRequestSender - Using open Channel [id: 0x5031eeb7, L:/127.0.0.1:61801 - R:localhost/127.0.0.1:53409] for POST '/session/78bf451c51b0e8a23bb44aac8f05b4df/execute/sync'
19:24:26.759 [AsyncHttpClient-1-5] DEBUG org.asynchttpclient.netty.handler.HttpHandler - 

Request DefaultHttpRequest(decodeResult: success, version: HTTP/1.1)
POST /session/78bf451c51b0e8a23bb44aac8f05b4df/execute/sync HTTP/1.1
User-Agent: selenium/4.4.0 (java windows)
Content-Length: 176
Content-Type: application/json; charset=utf-8
host: localhost:53409
accept: */*

Response DefaultHttpResponse(decodeResult: success, version: HTTP/1.1)
HTTP/1.1 200 OK
Content-Type: application/json; charset=utf-8
cache-control: no-cache
content-length: 8792

19:24:26.759 [AsyncHttpClient-1-5] DEBUG org.asynchttpclient.netty.channel.ChannelManager - Adding key: http://localhost:53409 for channel [id: 0x5031eeb7, L:/127.0.0.1:61801 - R:localhost/127.0.0.1:53409]
19:24:26.763 [Forwarding getCurrentUrl on session 78bf451c51b0e8a23bb44aac8f05b4df to remote] DEBUG org.asynchttpclient.netty.request.NettyRequestSender - Using pooled Channel '[id: 0x5031eeb7, L:/127.0.0.1:61801 - R:localhost/127.0.0.1:53409]' for 'GET' to 'http://localhost:53409/session/78bf451c51b0e8a23bb44aac8f05b4df/url'
19:24:26.763 [Forwarding getCurrentUrl on session 78bf451c51b0e8a23bb44aac8f05b4df to remote] DEBUG org.asynchttpclient.netty.request.NettyRequestSender - Using open Channel [id: 0x5031eeb7, L:/127.0.0.1:61801 - R:localhost/127.0.0.1:53409] for GET '/session/78bf451c51b0e8a23bb44aac8f05b4df/url'
19:24:26.765 [AsyncHttpClient-1-5] DEBUG org.asynchttpclient.netty.handler.HttpHandler - 

Request DefaultFullHttpRequest(decodeResult: success, version: HTTP/1.1, content: EmptyByteBufBE)
GET /session/78bf451c51b0e8a23bb44aac8f05b4df/url HTTP/1.1
User-Agent: selenium/4.4.0 (java windows)
Cache-Control: no-cache
Content-Type: application/json; charset=utf-8
host: localhost:53409
accept: */*

Response DefaultHttpResponse(decodeResult: success, version: HTTP/1.1)
HTTP/1.1 200 OK
Content-Type: application/json; charset=utf-8
cache-control: no-cache
content-length: 69

19:24:26.765 [AsyncHttpClient-1-5] DEBUG org.asynchttpclient.netty.channel.ChannelManager - Adding key: http://localhost:53409 for channel [id: 0x5031eeb7, L:/127.0.0.1:61801 - R:localhost/127.0.0.1:53409]
19:24:26.770 [Forwarding findElement on session 78bf451c51b0e8a23bb44aac8f05b4df to remote] DEBUG org.asynchttpclient.netty.request.NettyRequestSender - Using pooled Channel '[id: 0x5031eeb7, L:/127.0.0.1:61801 - R:localhost/127.0.0.1:53409]' for 'POST' to 'http://localhost:53409/session/78bf451c51b0e8a23bb44aac8f05b4df/element'
19:24:26.770 [Forwarding findElement on session 78bf451c51b0e8a23bb44aac8f05b4df to remote] DEBUG org.asynchttpclient.netty.request.NettyRequestSender - Using open Channel [id: 0x5031eeb7, L:/127.0.0.1:61801 - R:localhost/127.0.0.1:53409] for POST '/session/78bf451c51b0e8a23bb44aac8f05b4df/element'
19:24:26.778 [AsyncHttpClient-1-5] DEBUG org.asynchttpclient.netty.handler.HttpHandler - 

Request DefaultHttpRequest(decodeResult: success, version: HTTP/1.1)
POST /session/78bf451c51b0e8a23bb44aac8f05b4df/element HTTP/1.1
User-Agent: selenium/4.4.0 (java windows)
Content-Length: 59
Content-Type: application/json; charset=utf-8
host: localhost:53409
accept: */*

Response DefaultHttpResponse(decodeResult: success, version: HTTP/1.1)
HTTP/1.1 200 OK
Content-Type: application/json; charset=utf-8
cache-control: no-cache
content-length: 88

19:24:26.778 [AsyncHttpClient-1-5] DEBUG org.asynchttpclient.netty.channel.ChannelManager - Adding key: http://localhost:53409 for channel [id: 0x5031eeb7, L:/127.0.0.1:61801 - R:localhost/127.0.0.1:53409]
19:24:26.781 [Forwarding isElementDisplayed on session 78bf451c51b0e8a23bb44aac8f05b4df to remote] DEBUG org.asynchttpclient.netty.request.NettyRequestSender - Using pooled Channel '[id: 0x5031eeb7, L:/127.0.0.1:61801 - R:localhost/127.0.0.1:53409]' for 'POST' to 'http://localhost:53409/session/78bf451c51b0e8a23bb44aac8f05b4df/execute/sync'
19:24:26.781 [Forwarding isElementDisplayed on session 78bf451c51b0e8a23bb44aac8f05b4df to remote] DEBUG org.asynchttpclient.netty.request.NettyRequestSender - Using open Channel [id: 0x5031eeb7, L:/127.0.0.1:61801 - R:localhost/127.0.0.1:53409] for POST '/session/78bf451c51b0e8a23bb44aac8f05b4df/execute/sync'
19:24:26.794 [AsyncHttpClient-1-5] DEBUG org.asynchttpclient.netty.handler.HttpHandler - 

Request DefaultHttpRequest(decodeResult: success, version: HTTP/1.1)
POST /session/78bf451c51b0e8a23bb44aac8f05b4df/execute/sync HTTP/1.1
User-Agent: selenium/4.4.0 (java windows)
Content-Length: 48780
Content-Type: application/json; charset=utf-8
host: localhost:53409
accept: */*

Response DefaultHttpResponse(decodeResult: success, version: HTTP/1.1)
HTTP/1.1 200 OK
Content-Type: application/json; charset=utf-8
cache-control: no-cache
content-length: 14

19:24:26.794 [AsyncHttpClient-1-5] DEBUG org.asynchttpclient.netty.channel.ChannelManager - Adding key: http://localhost:53409 for channel [id: 0x5031eeb7, L:/127.0.0.1:61801 - R:localhost/127.0.0.1:53409]
19:24:26.795 [Forwarding clearElement on session 78bf451c51b0e8a23bb44aac8f05b4df to remote] DEBUG org.asynchttpclient.netty.request.NettyRequestSender - Using pooled Channel '[id: 0x5031eeb7, L:/127.0.0.1:61801 - R:localhost/127.0.0.1:53409]' for 'POST' to 'http://localhost:53409/session/78bf451c51b0e8a23bb44aac8f05b4df/element/7ffd18fc-dc32-4f9c-bc83-fe8fe9d54ee3/clear'
19:24:26.795 [Forwarding clearElement on session 78bf451c51b0e8a23bb44aac8f05b4df to remote] DEBUG org.asynchttpclient.netty.request.NettyRequestSender - Using open Channel [id: 0x5031eeb7, L:/127.0.0.1:61801 - R:localhost/127.0.0.1:53409] for POST '/session/78bf451c51b0e8a23bb44aac8f05b4df/element/7ffd18fc-dc32-4f9c-bc83-fe8fe9d54ee3/clear'
19:24:26.820 [AsyncHttpClient-1-5] DEBUG org.asynchttpclient.netty.handler.HttpHandler - 

Request DefaultHttpRequest(decodeResult: success, version: HTTP/1.1)
POST /session/78bf451c51b0e8a23bb44aac8f05b4df/element/7ffd18fc-dc32-4f9c-bc83-fe8fe9d54ee3/clear HTTP/1.1
User-Agent: selenium/4.4.0 (java windows)
Content-Length: 50
Content-Type: application/json; charset=utf-8
host: localhost:53409
accept: */*

Response DefaultHttpResponse(decodeResult: success, version: HTTP/1.1)
HTTP/1.1 200 OK
Content-Type: application/json; charset=utf-8
cache-control: no-cache
content-length: 14

19:24:26.820 [AsyncHttpClient-1-5] DEBUG org.asynchttpclient.netty.channel.ChannelManager - Adding key: http://localhost:53409 for channel [id: 0x5031eeb7, L:/127.0.0.1:61801 - R:localhost/127.0.0.1:53409]
19:24:26.821 [Forwarding sendKeysToElement on session 78bf451c51b0e8a23bb44aac8f05b4df to remote] DEBUG org.asynchttpclient.netty.request.NettyRequestSender - Using pooled Channel '[id: 0x5031eeb7, L:/127.0.0.1:61801 - R:localhost/127.0.0.1:53409]' for 'POST' to 'http://localhost:53409/session/78bf451c51b0e8a23bb44aac8f05b4df/element/7ffd18fc-dc32-4f9c-bc83-fe8fe9d54ee3/value'
19:24:26.821 [Forwarding sendKeysToElement on session 78bf451c51b0e8a23bb44aac8f05b4df to remote] DEBUG org.asynchttpclient.netty.request.NettyRequestSender - Using open Channel [id: 0x5031eeb7, L:/127.0.0.1:61801 - R:localhost/127.0.0.1:53409] for POST '/session/78bf451c51b0e8a23bb44aac8f05b4df/element/7ffd18fc-dc32-4f9c-bc83-fe8fe9d54ee3/value'
19:24:26.861 [AsyncHttpClient-1-5] DEBUG org.asynchttpclient.netty.handler.HttpHandler - 

Request DefaultHttpRequest(decodeResult: success, version: HTTP/1.1)
POST /session/78bf451c51b0e8a23bb44aac8f05b4df/element/7ffd18fc-dc32-4f9c-bc83-fe8fe9d54ee3/value HTTP/1.1
User-Agent: selenium/4.4.0 (java windows)
Content-Length: 161
Content-Type: application/json; charset=utf-8
host: localhost:53409
accept: */*

Response DefaultHttpResponse(decodeResult: success, version: HTTP/1.1)
HTTP/1.1 200 OK
Content-Type: application/json; charset=utf-8
cache-control: no-cache
content-length: 14

19:24:26.861 [AsyncHttpClient-1-5] DEBUG org.asynchttpclient.netty.channel.ChannelManager - Adding key: http://localhost:53409 for channel [id: 0x5031eeb7, L:/127.0.0.1:61801 - R:localhost/127.0.0.1:53409]
19:24:26.866 [Forwarding findElement on session 78bf451c51b0e8a23bb44aac8f05b4df to remote] DEBUG org.asynchttpclient.netty.request.NettyRequestSender - Using pooled Channel '[id: 0x5031eeb7, L:/127.0.0.1:61801 - R:localhost/127.0.0.1:53409]' for 'POST' to 'http://localhost:53409/session/78bf451c51b0e8a23bb44aac8f05b4df/element'
19:24:26.866 [Forwarding findElement on session 78bf451c51b0e8a23bb44aac8f05b4df to remote] DEBUG org.asynchttpclient.netty.request.NettyRequestSender - Using open Channel [id: 0x5031eeb7, L:/127.0.0.1:61801 - R:localhost/127.0.0.1:53409] for POST '/session/78bf451c51b0e8a23bb44aac8f05b4df/element'
19:24:26.874 [AsyncHttpClient-1-5] DEBUG org.asynchttpclient.netty.handler.HttpHandler - 

Request DefaultHttpRequest(decodeResult: success, version: HTTP/1.1)
POST /session/78bf451c51b0e8a23bb44aac8f05b4df/element HTTP/1.1
User-Agent: selenium/4.4.0 (java windows)
Content-Length: 59
Content-Type: application/json; charset=utf-8
host: localhost:53409
accept: */*

Response DefaultHttpResponse(decodeResult: success, version: HTTP/1.1)
HTTP/1.1 200 OK
Content-Type: application/json; charset=utf-8
cache-control: no-cache
content-length: 88

19:24:26.874 [AsyncHttpClient-1-5] DEBUG org.asynchttpclient.netty.channel.ChannelManager - Adding key: http://localhost:53409 for channel [id: 0x5031eeb7, L:/127.0.0.1:61801 - R:localhost/127.0.0.1:53409]
19:24:26.877 [Forwarding isElementDisplayed on session 78bf451c51b0e8a23bb44aac8f05b4df to remote] DEBUG org.asynchttpclient.netty.request.NettyRequestSender - Using pooled Channel '[id: 0x5031eeb7, L:/127.0.0.1:61801 - R:localhost/127.0.0.1:53409]' for 'POST' to 'http://localhost:53409/session/78bf451c51b0e8a23bb44aac8f05b4df/execute/sync'
19:24:26.877 [Forwarding isElementDisplayed on session 78bf451c51b0e8a23bb44aac8f05b4df to remote] DEBUG org.asynchttpclient.netty.request.NettyRequestSender - Using open Channel [id: 0x5031eeb7, L:/127.0.0.1:61801 - R:localhost/127.0.0.1:53409] for POST '/session/78bf451c51b0e8a23bb44aac8f05b4df/execute/sync'
19:24:26.885 [AsyncHttpClient-1-5] DEBUG org.asynchttpclient.netty.handler.HttpHandler - 

Request DefaultHttpRequest(decodeResult: success, version: HTTP/1.1)
POST /session/78bf451c51b0e8a23bb44aac8f05b4df/execute/sync HTTP/1.1
User-Agent: selenium/4.4.0 (java windows)
Content-Length: 48780
Content-Type: application/json; charset=utf-8
host: localhost:53409
accept: */*

Response DefaultHttpResponse(decodeResult: success, version: HTTP/1.1)
HTTP/1.1 200 OK
Content-Type: application/json; charset=utf-8
cache-control: no-cache
content-length: 14

19:24:26.885 [AsyncHttpClient-1-5] DEBUG org.asynchttpclient.netty.channel.ChannelManager - Adding key: http://localhost:53409 for channel [id: 0x5031eeb7, L:/127.0.0.1:61801 - R:localhost/127.0.0.1:53409]
19:24:26.886 [Forwarding clearElement on session 78bf451c51b0e8a23bb44aac8f05b4df to remote] DEBUG org.asynchttpclient.netty.request.NettyRequestSender - Using pooled Channel '[id: 0x5031eeb7, L:/127.0.0.1:61801 - R:localhost/127.0.0.1:53409]' for 'POST' to 'http://localhost:53409/session/78bf451c51b0e8a23bb44aac8f05b4df/element/c40ec63b-625c-45b2-9267-85e790bae777/clear'
19:24:26.886 [Forwarding clearElement on session 78bf451c51b0e8a23bb44aac8f05b4df to remote] DEBUG org.asynchttpclient.netty.request.NettyRequestSender - Using open Channel [id: 0x5031eeb7, L:/127.0.0.1:61801 - R:localhost/127.0.0.1:53409] for POST '/session/78bf451c51b0e8a23bb44aac8f05b4df/element/c40ec63b-625c-45b2-9267-85e790bae777/clear'
19:24:26.908 [AsyncHttpClient-1-5] DEBUG org.asynchttpclient.netty.handler.HttpHandler - 

Request DefaultHttpRequest(decodeResult: success, version: HTTP/1.1)
POST /session/78bf451c51b0e8a23bb44aac8f05b4df/element/c40ec63b-625c-45b2-9267-85e790bae777/clear HTTP/1.1
User-Agent: selenium/4.4.0 (java windows)
Content-Length: 50
Content-Type: application/json; charset=utf-8
host: localhost:53409
accept: */*

Response DefaultHttpResponse(decodeResult: success, version: HTTP/1.1)
HTTP/1.1 200 OK
Content-Type: application/json; charset=utf-8
cache-control: no-cache
content-length: 14

19:24:26.908 [AsyncHttpClient-1-5] DEBUG org.asynchttpclient.netty.channel.ChannelManager - Adding key: http://localhost:53409 for channel [id: 0x5031eeb7, L:/127.0.0.1:61801 - R:localhost/127.0.0.1:53409]
19:24:26.910 [Forwarding sendKeysToElement on session 78bf451c51b0e8a23bb44aac8f05b4df to remote] DEBUG org.asynchttpclient.netty.request.NettyRequestSender - Using pooled Channel '[id: 0x5031eeb7, L:/127.0.0.1:61801 - R:localhost/127.0.0.1:53409]' for 'POST' to 'http://localhost:53409/session/78bf451c51b0e8a23bb44aac8f05b4df/element/c40ec63b-625c-45b2-9267-85e790bae777/value'
19:24:26.910 [Forwarding sendKeysToElement on session 78bf451c51b0e8a23bb44aac8f05b4df to remote] DEBUG org.asynchttpclient.netty.request.NettyRequestSender - Using open Channel [id: 0x5031eeb7, L:/127.0.0.1:61801 - R:localhost/127.0.0.1:53409] for POST '/session/78bf451c51b0e8a23bb44aac8f05b4df/element/c40ec63b-625c-45b2-9267-85e790bae777/value'
19:24:26.953 [AsyncHttpClient-1-5] DEBUG org.asynchttpclient.netty.handler.HttpHandler - 

Request DefaultHttpRequest(decodeResult: success, version: HTTP/1.1)
POST /session/78bf451c51b0e8a23bb44aac8f05b4df/element/c40ec63b-625c-45b2-9267-85e790bae777/value HTTP/1.1
User-Agent: selenium/4.4.0 (java windows)
Content-Length: 261
Content-Type: application/json; charset=utf-8
host: localhost:53409
accept: */*

Response DefaultHttpResponse(decodeResult: success, version: HTTP/1.1)
HTTP/1.1 200 OK
Content-Type: application/json; charset=utf-8
cache-control: no-cache
content-length: 14

19:24:26.953 [AsyncHttpClient-1-5] DEBUG org.asynchttpclient.netty.channel.ChannelManager - Adding key: http://localhost:53409 for channel [id: 0x5031eeb7, L:/127.0.0.1:61801 - R:localhost/127.0.0.1:53409]
19:24:26.957 [Forwarding findElement on session 78bf451c51b0e8a23bb44aac8f05b4df to remote] DEBUG org.asynchttpclient.netty.request.NettyRequestSender - Using pooled Channel '[id: 0x5031eeb7, L:/127.0.0.1:61801 - R:localhost/127.0.0.1:53409]' for 'POST' to 'http://localhost:53409/session/78bf451c51b0e8a23bb44aac8f05b4df/element'
19:24:26.957 [Forwarding findElement on session 78bf451c51b0e8a23bb44aac8f05b4df to remote] DEBUG org.asynchttpclient.netty.request.NettyRequestSender - Using open Channel [id: 0x5031eeb7, L:/127.0.0.1:61801 - R:localhost/127.0.0.1:53409] for POST '/session/78bf451c51b0e8a23bb44aac8f05b4df/element'
19:24:26.965 [AsyncHttpClient-1-5] DEBUG org.asynchttpclient.netty.handler.HttpHandler - 

Request DefaultHttpRequest(decodeResult: success, version: HTTP/1.1)
POST /session/78bf451c51b0e8a23bb44aac8f05b4df/element HTTP/1.1
User-Agent: selenium/4.4.0 (java windows)
Content-Length: 56
Content-Type: application/json; charset=utf-8
host: localhost:53409
accept: */*

Response DefaultHttpResponse(decodeResult: success, version: HTTP/1.1)
HTTP/1.1 200 OK
Content-Type: application/json; charset=utf-8
cache-control: no-cache
content-length: 88

19:24:26.965 [AsyncHttpClient-1-5] DEBUG org.asynchttpclient.netty.channel.ChannelManager - Adding key: http://localhost:53409 for channel [id: 0x5031eeb7, L:/127.0.0.1:61801 - R:localhost/127.0.0.1:53409]
19:24:26.968 [Forwarding isElementDisplayed on session 78bf451c51b0e8a23bb44aac8f05b4df to remote] DEBUG org.asynchttpclient.netty.request.NettyRequestSender - Using pooled Channel '[id: 0x5031eeb7, L:/127.0.0.1:61801 - R:localhost/127.0.0.1:53409]' for 'POST' to 'http://localhost:53409/session/78bf451c51b0e8a23bb44aac8f05b4df/execute/sync'
19:24:26.968 [Forwarding isElementDisplayed on session 78bf451c51b0e8a23bb44aac8f05b4df to remote] DEBUG org.asynchttpclient.netty.request.NettyRequestSender - Using open Channel [id: 0x5031eeb7, L:/127.0.0.1:61801 - R:localhost/127.0.0.1:53409] for POST '/session/78bf451c51b0e8a23bb44aac8f05b4df/execute/sync'
19:24:26.976 [AsyncHttpClient-1-5] DEBUG org.asynchttpclient.netty.handler.HttpHandler - 

Request DefaultHttpRequest(decodeResult: success, version: HTTP/1.1)
POST /session/78bf451c51b0e8a23bb44aac8f05b4df/execute/sync HTTP/1.1
User-Agent: selenium/4.4.0 (java windows)
Content-Length: 48780
Content-Type: application/json; charset=utf-8
host: localhost:53409
accept: */*

Response DefaultHttpResponse(decodeResult: success, version: HTTP/1.1)
HTTP/1.1 200 OK
Content-Type: application/json; charset=utf-8
cache-control: no-cache
content-length: 14

19:24:26.976 [AsyncHttpClient-1-5] DEBUG org.asynchttpclient.netty.channel.ChannelManager - Adding key: http://localhost:53409 for channel [id: 0x5031eeb7, L:/127.0.0.1:61801 - R:localhost/127.0.0.1:53409]
19:24:26.977 [Forwarding getElementTagName on session 78bf451c51b0e8a23bb44aac8f05b4df to remote] DEBUG org.asynchttpclient.netty.request.NettyRequestSender - Using pooled Channel '[id: 0x5031eeb7, L:/127.0.0.1:61801 - R:localhost/127.0.0.1:53409]' for 'GET' to 'http://localhost:53409/session/78bf451c51b0e8a23bb44aac8f05b4df/element/68856c19-839e-44a6-bc27-5e7d64911773/name'
19:24:26.977 [Forwarding getElementTagName on session 78bf451c51b0e8a23bb44aac8f05b4df to remote] DEBUG org.asynchttpclient.netty.request.NettyRequestSender - Using open Channel [id: 0x5031eeb7, L:/127.0.0.1:61801 - R:localhost/127.0.0.1:53409] for GET '/session/78bf451c51b0e8a23bb44aac8f05b4df/element/68856c19-839e-44a6-bc27-5e7d64911773/name'
19:24:26.981 [AsyncHttpClient-1-5] DEBUG org.asynchttpclient.netty.handler.HttpHandler - 

Request DefaultFullHttpRequest(decodeResult: success, version: HTTP/1.1, content: EmptyByteBufBE)
GET /session/78bf451c51b0e8a23bb44aac8f05b4df/element/68856c19-839e-44a6-bc27-5e7d64911773/name HTTP/1.1
User-Agent: selenium/4.4.0 (java windows)
Cache-Control: no-cache
Content-Type: application/json; charset=utf-8
host: localhost:53409
accept: */*

Response DefaultHttpResponse(decodeResult: success, version: HTTP/1.1)
HTTP/1.1 200 OK
Content-Type: application/json; charset=utf-8
cache-control: no-cache
content-length: 18

19:24:26.981 [AsyncHttpClient-1-5] DEBUG org.asynchttpclient.netty.channel.ChannelManager - Adding key: http://localhost:53409 for channel [id: 0x5031eeb7, L:/127.0.0.1:61801 - R:localhost/127.0.0.1:53409]
19:24:26.983 [Forwarding getElementTagName on session 78bf451c51b0e8a23bb44aac8f05b4df to remote] DEBUG org.asynchttpclient.netty.request.NettyRequestSender - Using pooled Channel '[id: 0x5031eeb7, L:/127.0.0.1:61801 - R:localhost/127.0.0.1:53409]' for 'GET' to 'http://localhost:53409/session/78bf451c51b0e8a23bb44aac8f05b4df/element/68856c19-839e-44a6-bc27-5e7d64911773/name'
19:24:26.983 [Forwarding getElementTagName on session 78bf451c51b0e8a23bb44aac8f05b4df to remote] DEBUG org.asynchttpclient.netty.request.NettyRequestSender - Using open Channel [id: 0x5031eeb7, L:/127.0.0.1:61801 - R:localhost/127.0.0.1:53409] for GET '/session/78bf451c51b0e8a23bb44aac8f05b4df/element/68856c19-839e-44a6-bc27-5e7d64911773/name'
19:24:26.985 [AsyncHttpClient-1-5] DEBUG org.asynchttpclient.netty.handler.HttpHandler - 

Request DefaultFullHttpRequest(decodeResult: success, version: HTTP/1.1, content: EmptyByteBufBE)
GET /session/78bf451c51b0e8a23bb44aac8f05b4df/element/68856c19-839e-44a6-bc27-5e7d64911773/name HTTP/1.1
User-Agent: selenium/4.4.0 (java windows)
Cache-Control: no-cache
Content-Type: application/json; charset=utf-8
host: localhost:53409
accept: */*

Response DefaultHttpResponse(decodeResult: success, version: HTTP/1.1)
HTTP/1.1 200 OK
Content-Type: application/json; charset=utf-8
cache-control: no-cache
content-length: 18

19:24:26.985 [AsyncHttpClient-1-5] DEBUG org.asynchttpclient.netty.channel.ChannelManager - Adding key: http://localhost:53409 for channel [id: 0x5031eeb7, L:/127.0.0.1:61801 - R:localhost/127.0.0.1:53409]
19:24:26.987 [Forwarding isElementEnabled on session 78bf451c51b0e8a23bb44aac8f05b4df to remote] DEBUG org.asynchttpclient.netty.request.NettyRequestSender - Using pooled Channel '[id: 0x5031eeb7, L:/127.0.0.1:61801 - R:localhost/127.0.0.1:53409]' for 'GET' to 'http://localhost:53409/session/78bf451c51b0e8a23bb44aac8f05b4df/element/68856c19-839e-44a6-bc27-5e7d64911773/enabled'
19:24:26.987 [Forwarding isElementEnabled on session 78bf451c51b0e8a23bb44aac8f05b4df to remote] DEBUG org.asynchttpclient.netty.request.NettyRequestSender - Using open Channel [id: 0x5031eeb7, L:/127.0.0.1:61801 - R:localhost/127.0.0.1:53409] for GET '/session/78bf451c51b0e8a23bb44aac8f05b4df/element/68856c19-839e-44a6-bc27-5e7d64911773/enabled'
19:24:26.993 [AsyncHttpClient-1-5] DEBUG org.asynchttpclient.netty.handler.HttpHandler - 

Request DefaultFullHttpRequest(decodeResult: success, version: HTTP/1.1, content: EmptyByteBufBE)
GET /session/78bf451c51b0e8a23bb44aac8f05b4df/element/68856c19-839e-44a6-bc27-5e7d64911773/enabled HTTP/1.1
User-Agent: selenium/4.4.0 (java windows)
Cache-Control: no-cache
Content-Type: application/json; charset=utf-8
host: localhost:53409
accept: */*

Response DefaultHttpResponse(decodeResult: success, version: HTTP/1.1)
HTTP/1.1 200 OK
Content-Type: application/json; charset=utf-8
cache-control: no-cache
content-length: 14

19:24:26.993 [AsyncHttpClient-1-5] DEBUG org.asynchttpclient.netty.channel.ChannelManager - Adding key: http://localhost:53409 for channel [id: 0x5031eeb7, L:/127.0.0.1:61801 - R:localhost/127.0.0.1:53409]
19:24:26.994 [Forwarding isElementEnabled on session 78bf451c51b0e8a23bb44aac8f05b4df to remote] DEBUG org.asynchttpclient.netty.request.NettyRequestSender - Using pooled Channel '[id: 0x5031eeb7, L:/127.0.0.1:61801 - R:localhost/127.0.0.1:53409]' for 'GET' to 'http://localhost:53409/session/78bf451c51b0e8a23bb44aac8f05b4df/element/68856c19-839e-44a6-bc27-5e7d64911773/enabled'
19:24:26.994 [Forwarding isElementEnabled on session 78bf451c51b0e8a23bb44aac8f05b4df to remote] DEBUG org.asynchttpclient.netty.request.NettyRequestSender - Using open Channel [id: 0x5031eeb7, L:/127.0.0.1:61801 - R:localhost/127.0.0.1:53409] for GET '/session/78bf451c51b0e8a23bb44aac8f05b4df/element/68856c19-839e-44a6-bc27-5e7d64911773/enabled'
19:24:26.998 [AsyncHttpClient-1-5] DEBUG org.asynchttpclient.netty.handler.HttpHandler - 

Request DefaultFullHttpRequest(decodeResult: success, version: HTTP/1.1, content: EmptyByteBufBE)
GET /session/78bf451c51b0e8a23bb44aac8f05b4df/element/68856c19-839e-44a6-bc27-5e7d64911773/enabled HTTP/1.1
User-Agent: selenium/4.4.0 (java windows)
Cache-Control: no-cache
Content-Type: application/json; charset=utf-8
host: localhost:53409
accept: */*

Response DefaultHttpResponse(decodeResult: success, version: HTTP/1.1)
HTTP/1.1 200 OK
Content-Type: application/json; charset=utf-8
cache-control: no-cache
content-length: 14

19:24:26.998 [AsyncHttpClient-1-5] DEBUG org.asynchttpclient.netty.channel.ChannelManager - Adding key: http://localhost:53409 for channel [id: 0x5031eeb7, L:/127.0.0.1:61801 - R:localhost/127.0.0.1:53409]
19:24:27.000 [Forwarding findElement on session 78bf451c51b0e8a23bb44aac8f05b4df to remote] DEBUG org.asynchttpclient.netty.request.NettyRequestSender - Using pooled Channel '[id: 0x5031eeb7, L:/127.0.0.1:61801 - R:localhost/127.0.0.1:53409]' for 'POST' to 'http://localhost:53409/session/78bf451c51b0e8a23bb44aac8f05b4df/element'
19:24:27.000 [Forwarding findElement on session 78bf451c51b0e8a23bb44aac8f05b4df to remote] DEBUG org.asynchttpclient.netty.request.NettyRequestSender - Using open Channel [id: 0x5031eeb7, L:/127.0.0.1:61801 - R:localhost/127.0.0.1:53409] for POST '/session/78bf451c51b0e8a23bb44aac8f05b4df/element'
19:24:27.005 [AsyncHttpClient-1-5] DEBUG org.asynchttpclient.netty.handler.HttpHandler - 

Request DefaultHttpRequest(decodeResult: success, version: HTTP/1.1)
POST /session/78bf451c51b0e8a23bb44aac8f05b4df/element HTTP/1.1
User-Agent: selenium/4.4.0 (java windows)
Content-Length: 56
Content-Type: application/json; charset=utf-8
host: localhost:53409
accept: */*

Response DefaultHttpResponse(decodeResult: success, version: HTTP/1.1)
HTTP/1.1 200 OK
Content-Type: application/json; charset=utf-8
cache-control: no-cache
content-length: 88

19:24:27.005 [AsyncHttpClient-1-5] DEBUG org.asynchttpclient.netty.channel.ChannelManager - Adding key: http://localhost:53409 for channel [id: 0x5031eeb7, L:/127.0.0.1:61801 - R:localhost/127.0.0.1:53409]
19:24:27.008 [Forwarding isElementDisplayed on session 78bf451c51b0e8a23bb44aac8f05b4df to remote] DEBUG org.asynchttpclient.netty.request.NettyRequestSender - Using pooled Channel '[id: 0x5031eeb7, L:/127.0.0.1:61801 - R:localhost/127.0.0.1:53409]' for 'POST' to 'http://localhost:53409/session/78bf451c51b0e8a23bb44aac8f05b4df/execute/sync'
19:24:27.008 [Forwarding isElementDisplayed on session 78bf451c51b0e8a23bb44aac8f05b4df to remote] DEBUG org.asynchttpclient.netty.request.NettyRequestSender - Using open Channel [id: 0x5031eeb7, L:/127.0.0.1:61801 - R:localhost/127.0.0.1:53409] for POST '/session/78bf451c51b0e8a23bb44aac8f05b4df/execute/sync'
19:24:27.014 [AsyncHttpClient-1-5] DEBUG org.asynchttpclient.netty.handler.HttpHandler - 

Request DefaultHttpRequest(decodeResult: success, version: HTTP/1.1)
POST /session/78bf451c51b0e8a23bb44aac8f05b4df/execute/sync HTTP/1.1
User-Agent: selenium/4.4.0 (java windows)
Content-Length: 48780
Content-Type: application/json; charset=utf-8
host: localhost:53409
accept: */*

Response DefaultHttpResponse(decodeResult: success, version: HTTP/1.1)
HTTP/1.1 200 OK
Content-Type: application/json; charset=utf-8
cache-control: no-cache
content-length: 14

19:24:27.014 [AsyncHttpClient-1-5] DEBUG org.asynchttpclient.netty.channel.ChannelManager - Adding key: http://localhost:53409 for channel [id: 0x5031eeb7, L:/127.0.0.1:61801 - R:localhost/127.0.0.1:53409]
19:24:27.015 [Forwarding clickElement on session 78bf451c51b0e8a23bb44aac8f05b4df to remote] DEBUG org.asynchttpclient.netty.request.NettyRequestSender - Using pooled Channel '[id: 0x5031eeb7, L:/127.0.0.1:61801 - R:localhost/127.0.0.1:53409]' for 'POST' to 'http://localhost:53409/session/78bf451c51b0e8a23bb44aac8f05b4df/element/68856c19-839e-44a6-bc27-5e7d64911773/click'
19:24:27.015 [Forwarding clickElement on session 78bf451c51b0e8a23bb44aac8f05b4df to remote] DEBUG org.asynchttpclient.netty.request.NettyRequestSender - Using open Channel [id: 0x5031eeb7, L:/127.0.0.1:61801 - R:localhost/127.0.0.1:53409] for POST '/session/78bf451c51b0e8a23bb44aac8f05b4df/element/68856c19-839e-44a6-bc27-5e7d64911773/click'
19:24:27.597 [AsyncHttpClient-1-5] DEBUG org.asynchttpclient.netty.handler.HttpHandler - 

Request DefaultHttpRequest(decodeResult: success, version: HTTP/1.1)
POST /session/78bf451c51b0e8a23bb44aac8f05b4df/element/68856c19-839e-44a6-bc27-5e7d64911773/click HTTP/1.1
User-Agent: selenium/4.4.0 (java windows)
Content-Length: 50
Content-Type: application/json; charset=utf-8
host: localhost:53409
accept: */*

Response DefaultHttpResponse(decodeResult: success, version: HTTP/1.1)
HTTP/1.1 200 OK
Content-Type: application/json; charset=utf-8
cache-control: no-cache
content-length: 14

19:24:27.597 [AsyncHttpClient-1-5] DEBUG org.asynchttpclient.netty.channel.ChannelManager - Adding key: http://localhost:53409 for channel [id: 0x5031eeb7, L:/127.0.0.1:61801 - R:localhost/127.0.0.1:53409]
19:24:27.606 [Forwarding getCurrentWindowHandle on session 78bf451c51b0e8a23bb44aac8f05b4df to remote] DEBUG org.asynchttpclient.netty.request.NettyRequestSender - Using pooled Channel '[id: 0x5031eeb7, L:/127.0.0.1:61801 - R:localhost/127.0.0.1:53409]' for 'GET' to 'http://localhost:53409/session/78bf451c51b0e8a23bb44aac8f05b4df/window'
19:24:27.606 [Forwarding getCurrentWindowHandle on session 78bf451c51b0e8a23bb44aac8f05b4df to remote] DEBUG org.asynchttpclient.netty.request.NettyRequestSender - Using open Channel [id: 0x5031eeb7, L:/127.0.0.1:61801 - R:localhost/127.0.0.1:53409] for GET '/session/78bf451c51b0e8a23bb44aac8f05b4df/window'
19:24:27.606 [AsyncHttpClient-1-5] DEBUG org.asynchttpclient.netty.handler.HttpHandler - 

Request DefaultFullHttpRequest(decodeResult: success, version: HTTP/1.1, content: EmptyByteBufBE)
GET /session/78bf451c51b0e8a23bb44aac8f05b4df/window HTTP/1.1
User-Agent: selenium/4.4.0 (java windows)
Cache-Control: no-cache
Content-Type: application/json; charset=utf-8
host: localhost:53409
accept: */*

Response DefaultHttpResponse(decodeResult: success, version: HTTP/1.1)
HTTP/1.1 200 OK
Content-Type: application/json; charset=utf-8
cache-control: no-cache
content-length: 53

19:24:27.606 [AsyncHttpClient-1-5] DEBUG org.asynchttpclient.netty.channel.ChannelManager - Adding key: http://localhost:53409 for channel [id: 0x5031eeb7, L:/127.0.0.1:61801 - R:localhost/127.0.0.1:53409]
19:24:27.607 [Forwarding getAlertText on session 78bf451c51b0e8a23bb44aac8f05b4df to remote] DEBUG org.asynchttpclient.netty.request.NettyRequestSender - Using pooled Channel '[id: 0x5031eeb7, L:/127.0.0.1:61801 - R:localhost/127.0.0.1:53409]' for 'GET' to 'http://localhost:53409/session/78bf451c51b0e8a23bb44aac8f05b4df/alert/text'
19:24:27.607 [Forwarding getAlertText on session 78bf451c51b0e8a23bb44aac8f05b4df to remote] DEBUG org.asynchttpclient.netty.request.NettyRequestSender - Using open Channel [id: 0x5031eeb7, L:/127.0.0.1:61801 - R:localhost/127.0.0.1:53409] for GET '/session/78bf451c51b0e8a23bb44aac8f05b4df/alert/text'
19:24:27.609 [AsyncHttpClient-1-5] DEBUG org.asynchttpclient.netty.handler.HttpHandler - 

Request DefaultFullHttpRequest(decodeResult: success, version: HTTP/1.1, content: EmptyByteBufBE)
GET /session/78bf451c51b0e8a23bb44aac8f05b4df/alert/text HTTP/1.1
User-Agent: selenium/4.4.0 (java windows)
Cache-Control: no-cache
Content-Type: application/json; charset=utf-8
host: localhost:53409
accept: */*

Response DefaultHttpResponse(decodeResult: success, version: HTTP/1.1)
HTTP/1.1 404 Not Found
Content-Type: application/json; charset=utf-8
cache-control: no-cache
content-length: 815

19:24:27.610 [AsyncHttpClient-1-5] DEBUG org.asynchttpclient.netty.channel.ChannelManager - Adding key: http://localhost:53409 for channel [id: 0x5031eeb7, L:/127.0.0.1:61801 - R:localhost/127.0.0.1:53409]
19:24:27.613 [Forwarding switchToWindow on session 78bf451c51b0e8a23bb44aac8f05b4df to remote] DEBUG org.asynchttpclient.netty.request.NettyRequestSender - Using pooled Channel '[id: 0x5031eeb7, L:/127.0.0.1:61801 - R:localhost/127.0.0.1:53409]' for 'POST' to 'http://localhost:53409/session/78bf451c51b0e8a23bb44aac8f05b4df/window'
19:24:27.613 [Forwarding switchToWindow on session 78bf451c51b0e8a23bb44aac8f05b4df to remote] DEBUG org.asynchttpclient.netty.request.NettyRequestSender - Using open Channel [id: 0x5031eeb7, L:/127.0.0.1:61801 - R:localhost/127.0.0.1:53409] for POST '/session/78bf451c51b0e8a23bb44aac8f05b4df/window'
19:24:27.617 [AsyncHttpClient-1-5] DEBUG org.asynchttpclient.netty.handler.HttpHandler - 

Request DefaultHttpRequest(decodeResult: success, version: HTTP/1.1)
POST /session/78bf451c51b0e8a23bb44aac8f05b4df/window HTTP/1.1
User-Agent: selenium/4.4.0 (java windows)
Content-Length: 59
Content-Type: application/json; charset=utf-8
host: localhost:53409
accept: */*

Response DefaultHttpResponse(decodeResult: success, version: HTTP/1.1)
HTTP/1.1 200 OK
Content-Type: application/json; charset=utf-8
cache-control: no-cache
content-length: 14

19:24:27.617 [AsyncHttpClient-1-5] DEBUG org.asynchttpclient.netty.channel.ChannelManager - Adding key: http://localhost:53409 for channel [id: 0x5031eeb7, L:/127.0.0.1:61801 - R:localhost/127.0.0.1:53409]
19:24:27.618 [Forwarding getCurrentUrl on session 78bf451c51b0e8a23bb44aac8f05b4df to remote] DEBUG org.asynchttpclient.netty.request.NettyRequestSender - Using pooled Channel '[id: 0x5031eeb7, L:/127.0.0.1:61801 - R:localhost/127.0.0.1:53409]' for 'GET' to 'http://localhost:53409/session/78bf451c51b0e8a23bb44aac8f05b4df/url'
19:24:27.618 [Forwarding getCurrentUrl on session 78bf451c51b0e8a23bb44aac8f05b4df to remote] DEBUG org.asynchttpclient.netty.request.NettyRequestSender - Using open Channel [id: 0x5031eeb7, L:/127.0.0.1:61801 - R:localhost/127.0.0.1:53409] for GET '/session/78bf451c51b0e8a23bb44aac8f05b4df/url'
19:24:27.650 [AsyncHttpClient-1-5] DEBUG org.asynchttpclient.netty.handler.HttpHandler - 

Request DefaultFullHttpRequest(decodeResult: success, version: HTTP/1.1, content: EmptyByteBufBE)
GET /session/78bf451c51b0e8a23bb44aac8f05b4df/url HTTP/1.1
User-Agent: selenium/4.4.0 (java windows)
Cache-Control: no-cache
Content-Type: application/json; charset=utf-8
host: localhost:53409
accept: */*

Response DefaultHttpResponse(decodeResult: success, version: HTTP/1.1)
HTTP/1.1 200 OK
Content-Type: application/json; charset=utf-8
cache-control: no-cache
content-length: 64

19:24:27.650 [AsyncHttpClient-1-5] DEBUG org.asynchttpclient.netty.channel.ChannelManager - Adding key: http://localhost:53409 for channel [id: 0x5031eeb7, L:/127.0.0.1:61801 - R:localhost/127.0.0.1:53409]
19:24:27.651 [Forwarding screenshot on session 78bf451c51b0e8a23bb44aac8f05b4df to remote] DEBUG org.asynchttpclient.netty.request.NettyRequestSender - Using pooled Channel '[id: 0x5031eeb7, L:/127.0.0.1:61801 - R:localhost/127.0.0.1:53409]' for 'GET' to 'http://localhost:53409/session/78bf451c51b0e8a23bb44aac8f05b4df/screenshot'
19:24:27.651 [Forwarding screenshot on session 78bf451c51b0e8a23bb44aac8f05b4df to remote] DEBUG org.asynchttpclient.netty.request.NettyRequestSender - Using open Channel [id: 0x5031eeb7, L:/127.0.0.1:61801 - R:localhost/127.0.0.1:53409] for GET '/session/78bf451c51b0e8a23bb44aac8f05b4df/screenshot'
19:24:27.795 [AsyncHttpClient-1-1] DEBUG org.asynchttpclient.netty.channel.DefaultChannelPool - Entry count for : http://localhost:61802 : 1
19:24:27.901 [AsyncHttpClient-1-5] DEBUG org.asynchttpclient.netty.handler.HttpHandler - 

Request DefaultFullHttpRequest(decodeResult: success, version: HTTP/1.1, content: EmptyByteBufBE)
GET /session/78bf451c51b0e8a23bb44aac8f05b4df/screenshot HTTP/1.1
User-Agent: selenium/4.4.0 (java windows)
Cache-Control: no-cache
Content-Type: application/json; charset=utf-8
host: localhost:53409
accept: */*

Response DefaultHttpResponse(decodeResult: success, version: HTTP/1.1)
HTTP/1.1 200 OK
Content-Type: application/json; charset=utf-8
cache-control: no-cache
content-length: 19916

19:24:27.902 [AsyncHttpClient-1-5] DEBUG org.asynchttpclient.netty.channel.ChannelManager - Adding key: http://localhost:53409 for channel [id: 0x5031eeb7, L:/127.0.0.1:61801 - R:localhost/127.0.0.1:53409]
19:24:27.903 [main] DEBUG net.serenitybdd.core.photography.Darkroom - Send negative for processing for target\site\serenity\da2119d1ba7c8d2ee0a0d3f58d9f6d5698532d7faddb81715d798777f7a5beb8.png
19:24:27.907 [Forwarding getPageSource on session 78bf451c51b0e8a23bb44aac8f05b4df to remote] DEBUG org.asynchttpclient.netty.request.NettyRequestSender - Using pooled Channel '[id: 0x5031eeb7, L:/127.0.0.1:61801 - R:localhost/127.0.0.1:53409]' for 'POST' to 'http://localhost:53409/session/78bf451c51b0e8a23bb44aac8f05b4df/execute/sync'
19:24:27.908 [Forwarding getPageSource on session 78bf451c51b0e8a23bb44aac8f05b4df to remote] DEBUG org.asynchttpclient.netty.request.NettyRequestSender - Using open Channel [id: 0x5031eeb7, L:/127.0.0.1:61801 - R:localhost/127.0.0.1:53409] for POST '/session/78bf451c51b0e8a23bb44aac8f05b4df/execute/sync'
19:24:27.910 [AsyncHttpClient-1-5] DEBUG org.asynchttpclient.netty.handler.HttpHandler - 

Request DefaultHttpRequest(decodeResult: success, version: HTTP/1.1)
POST /session/78bf451c51b0e8a23bb44aac8f05b4df/execute/sync HTTP/1.1
User-Agent: selenium/4.4.0 (java windows)
Content-Length: 176
Content-Type: application/json; charset=utf-8
host: localhost:53409
accept: */*

Response DefaultHttpResponse(decodeResult: success, version: HTTP/1.1)
HTTP/1.1 200 OK
Content-Type: application/json; charset=utf-8
cache-control: no-cache
content-length: 9968

19:24:27.911 [AsyncHttpClient-1-5] DEBUG org.asynchttpclient.netty.channel.ChannelManager - Adding key: http://localhost:53409 for channel [id: 0x5031eeb7, L:/127.0.0.1:61801 - R:localhost/127.0.0.1:53409]
19:24:27.914 [Forwarding getCurrentUrl on session 78bf451c51b0e8a23bb44aac8f05b4df to remote] DEBUG org.asynchttpclient.netty.request.NettyRequestSender - Using pooled Channel '[id: 0x5031eeb7, L:/127.0.0.1:61801 - R:localhost/127.0.0.1:53409]' for 'GET' to 'http://localhost:53409/session/78bf451c51b0e8a23bb44aac8f05b4df/url'
19:24:27.914 [Forwarding getCurrentUrl on session 78bf451c51b0e8a23bb44aac8f05b4df to remote] DEBUG org.asynchttpclient.netty.request.NettyRequestSender - Using open Channel [id: 0x5031eeb7, L:/127.0.0.1:61801 - R:localhost/127.0.0.1:53409] for GET '/session/78bf451c51b0e8a23bb44aac8f05b4df/url'
19:24:27.917 [AsyncHttpClient-1-5] DEBUG org.asynchttpclient.netty.handler.HttpHandler - 

Request DefaultFullHttpRequest(decodeResult: success, version: HTTP/1.1, content: EmptyByteBufBE)
GET /session/78bf451c51b0e8a23bb44aac8f05b4df/url HTTP/1.1
User-Agent: selenium/4.4.0 (java windows)
Cache-Control: no-cache
Content-Type: application/json; charset=utf-8
host: localhost:53409
accept: */*

Response DefaultHttpResponse(decodeResult: success, version: HTTP/1.1)
HTTP/1.1 200 OK
Content-Type: application/json; charset=utf-8
cache-control: no-cache
content-length: 64

19:24:27.918 [AsyncHttpClient-1-5] DEBUG org.asynchttpclient.netty.channel.ChannelManager - Adding key: http://localhost:53409 for channel [id: 0x5031eeb7, L:/127.0.0.1:61801 - R:localhost/127.0.0.1:53409]
19:24:27.923 [Forwarding setTimeout on session 78bf451c51b0e8a23bb44aac8f05b4df to remote] DEBUG org.asynchttpclient.netty.request.NettyRequestSender - Using pooled Channel '[id: 0x5031eeb7, L:/127.0.0.1:61801 - R:localhost/127.0.0.1:53409]' for 'POST' to 'http://localhost:53409/session/78bf451c51b0e8a23bb44aac8f05b4df/timeouts'
19:24:27.923 [Forwarding setTimeout on session 78bf451c51b0e8a23bb44aac8f05b4df to remote] DEBUG org.asynchttpclient.netty.request.NettyRequestSender - Using open Channel [id: 0x5031eeb7, L:/127.0.0.1:61801 - R:localhost/127.0.0.1:53409] for POST '/session/78bf451c51b0e8a23bb44aac8f05b4df/timeouts'
19:24:27.924 [AsyncHttpClient-1-5] DEBUG org.asynchttpclient.netty.handler.HttpHandler - 

Request DefaultHttpRequest(decodeResult: success, version: HTTP/1.1)
POST /session/78bf451c51b0e8a23bb44aac8f05b4df/timeouts HTTP/1.1
User-Agent: selenium/4.4.0 (java windows)
Content-Length: 19
Content-Type: application/json; charset=utf-8
host: localhost:53409
accept: */*

Response DefaultHttpResponse(decodeResult: success, version: HTTP/1.1)
HTTP/1.1 200 OK
Content-Type: application/json; charset=utf-8
cache-control: no-cache
content-length: 14

19:24:27.924 [AsyncHttpClient-1-5] DEBUG org.asynchttpclient.netty.channel.ChannelManager - Adding key: http://localhost:53409 for channel [id: 0x5031eeb7, L:/127.0.0.1:61801 - R:localhost/127.0.0.1:53409]
19:24:27.926 [Forwarding findElement on session 78bf451c51b0e8a23bb44aac8f05b4df to remote] DEBUG org.asynchttpclient.netty.request.NettyRequestSender - Using pooled Channel '[id: 0x5031eeb7, L:/127.0.0.1:61801 - R:localhost/127.0.0.1:53409]' for 'POST' to 'http://localhost:53409/session/78bf451c51b0e8a23bb44aac8f05b4df/element'
19:24:27.926 [Forwarding findElement on session 78bf451c51b0e8a23bb44aac8f05b4df to remote] DEBUG org.asynchttpclient.netty.request.NettyRequestSender - Using open Channel [id: 0x5031eeb7, L:/127.0.0.1:61801 - R:localhost/127.0.0.1:53409] for POST '/session/78bf451c51b0e8a23bb44aac8f05b4df/element'
19:24:27.933 [AsyncHttpClient-1-5] DEBUG org.asynchttpclient.netty.handler.HttpHandler - 

Request DefaultHttpRequest(decodeResult: success, version: HTTP/1.1)
POST /session/78bf451c51b0e8a23bb44aac8f05b4df/element HTTP/1.1
User-Agent: selenium/4.4.0 (java windows)
Content-Length: 69
Content-Type: application/json; charset=utf-8
host: localhost:53409
accept: */*

Response DefaultHttpResponse(decodeResult: success, version: HTTP/1.1)
HTTP/1.1 200 OK
Content-Type: application/json; charset=utf-8
cache-control: no-cache
content-length: 88

19:24:27.933 [AsyncHttpClient-1-5] DEBUG org.asynchttpclient.netty.channel.ChannelManager - Adding key: http://localhost:53409 for channel [id: 0x5031eeb7, L:/127.0.0.1:61801 - R:localhost/127.0.0.1:53409]
19:24:27.934 [Forwarding setTimeout on session 78bf451c51b0e8a23bb44aac8f05b4df to remote] DEBUG org.asynchttpclient.netty.request.NettyRequestSender - Using pooled Channel '[id: 0x5031eeb7, L:/127.0.0.1:61801 - R:localhost/127.0.0.1:53409]' for 'POST' to 'http://localhost:53409/session/78bf451c51b0e8a23bb44aac8f05b4df/timeouts'
19:24:27.934 [Forwarding setTimeout on session 78bf451c51b0e8a23bb44aac8f05b4df to remote] DEBUG org.asynchttpclient.netty.request.NettyRequestSender - Using open Channel [id: 0x5031eeb7, L:/127.0.0.1:61801 - R:localhost/127.0.0.1:53409] for POST '/session/78bf451c51b0e8a23bb44aac8f05b4df/timeouts'
19:24:27.935 [AsyncHttpClient-1-5] DEBUG org.asynchttpclient.netty.handler.HttpHandler - 

Request DefaultHttpRequest(decodeResult: success, version: HTTP/1.1)
POST /session/78bf451c51b0e8a23bb44aac8f05b4df/timeouts HTTP/1.1
User-Agent: selenium/4.4.0 (java windows)
Content-Length: 22
Content-Type: application/json; charset=utf-8
host: localhost:53409
accept: */*

Response DefaultHttpResponse(decodeResult: success, version: HTTP/1.1)
HTTP/1.1 200 OK
Content-Type: application/json; charset=utf-8
cache-control: no-cache
content-length: 14

19:24:27.935 [AsyncHttpClient-1-5] DEBUG org.asynchttpclient.netty.channel.ChannelManager - Adding key: http://localhost:53409 for channel [id: 0x5031eeb7, L:/127.0.0.1:61801 - R:localhost/127.0.0.1:53409]
19:24:27.938 [Forwarding isElementDisplayed on session 78bf451c51b0e8a23bb44aac8f05b4df to remote] DEBUG org.asynchttpclient.netty.request.NettyRequestSender - Using pooled Channel '[id: 0x5031eeb7, L:/127.0.0.1:61801 - R:localhost/127.0.0.1:53409]' for 'POST' to 'http://localhost:53409/session/78bf451c51b0e8a23bb44aac8f05b4df/execute/sync'
19:24:27.938 [Forwarding isElementDisplayed on session 78bf451c51b0e8a23bb44aac8f05b4df to remote] DEBUG org.asynchttpclient.netty.request.NettyRequestSender - Using open Channel [id: 0x5031eeb7, L:/127.0.0.1:61801 - R:localhost/127.0.0.1:53409] for POST '/session/78bf451c51b0e8a23bb44aac8f05b4df/execute/sync'
19:24:27.946 [AsyncHttpClient-1-5] DEBUG org.asynchttpclient.netty.handler.HttpHandler - 

Request DefaultHttpRequest(decodeResult: success, version: HTTP/1.1)
POST /session/78bf451c51b0e8a23bb44aac8f05b4df/execute/sync HTTP/1.1
User-Agent: selenium/4.4.0 (java windows)
Content-Length: 48780
Content-Type: application/json; charset=utf-8
host: localhost:53409
accept: */*

Response DefaultHttpResponse(decodeResult: success, version: HTTP/1.1)
HTTP/1.1 200 OK
Content-Type: application/json; charset=utf-8
cache-control: no-cache
content-length: 14

19:24:27.946 [AsyncHttpClient-1-5] DEBUG org.asynchttpclient.netty.channel.ChannelManager - Adding key: http://localhost:53409 for channel [id: 0x5031eeb7, L:/127.0.0.1:61801 - R:localhost/127.0.0.1:53409]
19:24:27.949 [Forwarding setTimeout on session 78bf451c51b0e8a23bb44aac8f05b4df to remote] DEBUG org.asynchttpclient.netty.request.NettyRequestSender - Using pooled Channel '[id: 0x5031eeb7, L:/127.0.0.1:61801 - R:localhost/127.0.0.1:53409]' for 'POST' to 'http://localhost:53409/session/78bf451c51b0e8a23bb44aac8f05b4df/timeouts'
19:24:27.949 [Forwarding setTimeout on session 78bf451c51b0e8a23bb44aac8f05b4df to remote] DEBUG org.asynchttpclient.netty.request.NettyRequestSender - Using open Channel [id: 0x5031eeb7, L:/127.0.0.1:61801 - R:localhost/127.0.0.1:53409] for POST '/session/78bf451c51b0e8a23bb44aac8f05b4df/timeouts'
19:24:27.950 [AsyncHttpClient-1-5] DEBUG org.asynchttpclient.netty.handler.HttpHandler - 

Request DefaultHttpRequest(decodeResult: success, version: HTTP/1.1)
POST /session/78bf451c51b0e8a23bb44aac8f05b4df/timeouts HTTP/1.1
User-Agent: selenium/4.4.0 (java windows)
Content-Length: 19
Content-Type: application/json; charset=utf-8
host: localhost:53409
accept: */*

Response DefaultHttpResponse(decodeResult: success, version: HTTP/1.1)
HTTP/1.1 200 OK
Content-Type: application/json; charset=utf-8
cache-control: no-cache
content-length: 14

19:24:27.950 [AsyncHttpClient-1-5] DEBUG org.asynchttpclient.netty.channel.ChannelManager - Adding key: http://localhost:53409 for channel [id: 0x5031eeb7, L:/127.0.0.1:61801 - R:localhost/127.0.0.1:53409]
19:24:27.951 [Forwarding findElement on session 78bf451c51b0e8a23bb44aac8f05b4df to remote] DEBUG org.asynchttpclient.netty.request.NettyRequestSender - Using pooled Channel '[id: 0x5031eeb7, L:/127.0.0.1:61801 - R:localhost/127.0.0.1:53409]' for 'POST' to 'http://localhost:53409/session/78bf451c51b0e8a23bb44aac8f05b4df/element'
19:24:27.951 [Forwarding findElement on session 78bf451c51b0e8a23bb44aac8f05b4df to remote] DEBUG org.asynchttpclient.netty.request.NettyRequestSender - Using open Channel [id: 0x5031eeb7, L:/127.0.0.1:61801 - R:localhost/127.0.0.1:53409] for POST '/session/78bf451c51b0e8a23bb44aac8f05b4df/element'
19:24:27.958 [AsyncHttpClient-1-5] DEBUG org.asynchttpclient.netty.handler.HttpHandler - 

Request DefaultHttpRequest(decodeResult: success, version: HTTP/1.1)
POST /session/78bf451c51b0e8a23bb44aac8f05b4df/element HTTP/1.1
User-Agent: selenium/4.4.0 (java windows)
Content-Length: 59
Content-Type: application/json; charset=utf-8
host: localhost:53409
accept: */*

Response DefaultHttpResponse(decodeResult: success, version: HTTP/1.1)
HTTP/1.1 200 OK
Content-Type: application/json; charset=utf-8
cache-control: no-cache
content-length: 88

19:24:27.958 [AsyncHttpClient-1-5] DEBUG org.asynchttpclient.netty.channel.ChannelManager - Adding key: http://localhost:53409 for channel [id: 0x5031eeb7, L:/127.0.0.1:61801 - R:localhost/127.0.0.1:53409]
19:24:27.960 [Forwarding setTimeout on session 78bf451c51b0e8a23bb44aac8f05b4df to remote] DEBUG org.asynchttpclient.netty.request.NettyRequestSender - Using pooled Channel '[id: 0x5031eeb7, L:/127.0.0.1:61801 - R:localhost/127.0.0.1:53409]' for 'POST' to 'http://localhost:53409/session/78bf451c51b0e8a23bb44aac8f05b4df/timeouts'
19:24:27.960 [Forwarding setTimeout on session 78bf451c51b0e8a23bb44aac8f05b4df to remote] DEBUG org.asynchttpclient.netty.request.NettyRequestSender - Using open Channel [id: 0x5031eeb7, L:/127.0.0.1:61801 - R:localhost/127.0.0.1:53409] for POST '/session/78bf451c51b0e8a23bb44aac8f05b4df/timeouts'
19:24:27.961 [AsyncHttpClient-1-5] DEBUG org.asynchttpclient.netty.handler.HttpHandler - 

Request DefaultHttpRequest(decodeResult: success, version: HTTP/1.1)
POST /session/78bf451c51b0e8a23bb44aac8f05b4df/timeouts HTTP/1.1
User-Agent: selenium/4.4.0 (java windows)
Content-Length: 22
Content-Type: application/json; charset=utf-8
host: localhost:53409
accept: */*

Response DefaultHttpResponse(decodeResult: success, version: HTTP/1.1)
HTTP/1.1 200 OK
Content-Type: application/json; charset=utf-8
cache-control: no-cache
content-length: 14

19:24:27.961 [AsyncHttpClient-1-5] DEBUG org.asynchttpclient.netty.channel.ChannelManager - Adding key: http://localhost:53409 for channel [id: 0x5031eeb7, L:/127.0.0.1:61801 - R:localhost/127.0.0.1:53409]
19:24:27.962 [Forwarding getElementTagName on session 78bf451c51b0e8a23bb44aac8f05b4df to remote] DEBUG org.asynchttpclient.netty.request.NettyRequestSender - Using pooled Channel '[id: 0x5031eeb7, L:/127.0.0.1:61801 - R:localhost/127.0.0.1:53409]' for 'GET' to 'http://localhost:53409/session/78bf451c51b0e8a23bb44aac8f05b4df/element/8f6cce55-49f4-4f2f-b71d-46a831ed5044/name'
19:24:27.962 [Forwarding getElementTagName on session 78bf451c51b0e8a23bb44aac8f05b4df to remote] DEBUG org.asynchttpclient.netty.request.NettyRequestSender - Using open Channel [id: 0x5031eeb7, L:/127.0.0.1:61801 - R:localhost/127.0.0.1:53409] for GET '/session/78bf451c51b0e8a23bb44aac8f05b4df/element/8f6cce55-49f4-4f2f-b71d-46a831ed5044/name'
19:24:27.967 [AsyncHttpClient-1-5] DEBUG org.asynchttpclient.netty.handler.HttpHandler - 

Request DefaultFullHttpRequest(decodeResult: success, version: HTTP/1.1, content: EmptyByteBufBE)
GET /session/78bf451c51b0e8a23bb44aac8f05b4df/element/8f6cce55-49f4-4f2f-b71d-46a831ed5044/name HTTP/1.1
User-Agent: selenium/4.4.0 (java windows)
Cache-Control: no-cache
Content-Type: application/json; charset=utf-8
host: localhost:53409
accept: */*

Response DefaultHttpResponse(decodeResult: success, version: HTTP/1.1)
HTTP/1.1 200 OK
Content-Type: application/json; charset=utf-8
cache-control: no-cache
content-length: 18

19:24:27.968 [AsyncHttpClient-1-5] DEBUG org.asynchttpclient.netty.channel.ChannelManager - Adding key: http://localhost:53409 for channel [id: 0x5031eeb7, L:/127.0.0.1:61801 - R:localhost/127.0.0.1:53409]
19:24:27.971 [Forwarding setTimeout on session 78bf451c51b0e8a23bb44aac8f05b4df to remote] DEBUG org.asynchttpclient.netty.request.NettyRequestSender - Using pooled Channel '[id: 0x5031eeb7, L:/127.0.0.1:61801 - R:localhost/127.0.0.1:53409]' for 'POST' to 'http://localhost:53409/session/78bf451c51b0e8a23bb44aac8f05b4df/timeouts'
19:24:27.971 [Forwarding setTimeout on session 78bf451c51b0e8a23bb44aac8f05b4df to remote] DEBUG org.asynchttpclient.netty.request.NettyRequestSender - Using open Channel [id: 0x5031eeb7, L:/127.0.0.1:61801 - R:localhost/127.0.0.1:53409] for POST '/session/78bf451c51b0e8a23bb44aac8f05b4df/timeouts'
19:24:27.971 [AsyncHttpClient-1-5] DEBUG org.asynchttpclient.netty.handler.HttpHandler - 

Request DefaultHttpRequest(decodeResult: success, version: HTTP/1.1)
POST /session/78bf451c51b0e8a23bb44aac8f05b4df/timeouts HTTP/1.1
User-Agent: selenium/4.4.0 (java windows)
Content-Length: 19
Content-Type: application/json; charset=utf-8
host: localhost:53409
accept: */*

Response DefaultHttpResponse(decodeResult: success, version: HTTP/1.1)
HTTP/1.1 200 OK
Content-Type: application/json; charset=utf-8
cache-control: no-cache
content-length: 14

19:24:27.972 [AsyncHttpClient-1-5] DEBUG org.asynchttpclient.netty.channel.ChannelManager - Adding key: http://localhost:53409 for channel [id: 0x5031eeb7, L:/127.0.0.1:61801 - R:localhost/127.0.0.1:53409]
19:24:27.973 [Forwarding findElement on session 78bf451c51b0e8a23bb44aac8f05b4df to remote] DEBUG org.asynchttpclient.netty.request.NettyRequestSender - Using pooled Channel '[id: 0x5031eeb7, L:/127.0.0.1:61801 - R:localhost/127.0.0.1:53409]' for 'POST' to 'http://localhost:53409/session/78bf451c51b0e8a23bb44aac8f05b4df/element'
19:24:27.974 [Forwarding findElement on session 78bf451c51b0e8a23bb44aac8f05b4df to remote] DEBUG org.asynchttpclient.netty.request.NettyRequestSender - Using open Channel [id: 0x5031eeb7, L:/127.0.0.1:61801 - R:localhost/127.0.0.1:53409] for POST '/session/78bf451c51b0e8a23bb44aac8f05b4df/element'
19:24:27.978 [AsyncHttpClient-1-5] DEBUG org.asynchttpclient.netty.handler.HttpHandler - 

Request DefaultHttpRequest(decodeResult: success, version: HTTP/1.1)
POST /session/78bf451c51b0e8a23bb44aac8f05b4df/element HTTP/1.1
User-Agent: selenium/4.4.0 (java windows)
Content-Length: 59
Content-Type: application/json; charset=utf-8
host: localhost:53409
accept: */*

Response DefaultHttpResponse(decodeResult: success, version: HTTP/1.1)
HTTP/1.1 200 OK
Content-Type: application/json; charset=utf-8
cache-control: no-cache
content-length: 88

19:24:27.979 [AsyncHttpClient-1-5] DEBUG org.asynchttpclient.netty.channel.ChannelManager - Adding key: http://localhost:53409 for channel [id: 0x5031eeb7, L:/127.0.0.1:61801 - R:localhost/127.0.0.1:53409]
19:24:27.981 [Forwarding setTimeout on session 78bf451c51b0e8a23bb44aac8f05b4df to remote] DEBUG org.asynchttpclient.netty.request.NettyRequestSender - Using pooled Channel '[id: 0x5031eeb7, L:/127.0.0.1:61801 - R:localhost/127.0.0.1:53409]' for 'POST' to 'http://localhost:53409/session/78bf451c51b0e8a23bb44aac8f05b4df/timeouts'
19:24:27.981 [Forwarding setTimeout on session 78bf451c51b0e8a23bb44aac8f05b4df to remote] DEBUG org.asynchttpclient.netty.request.NettyRequestSender - Using open Channel [id: 0x5031eeb7, L:/127.0.0.1:61801 - R:localhost/127.0.0.1:53409] for POST '/session/78bf451c51b0e8a23bb44aac8f05b4df/timeouts'
19:24:27.981 [AsyncHttpClient-1-5] DEBUG org.asynchttpclient.netty.handler.HttpHandler - 

Request DefaultHttpRequest(decodeResult: success, version: HTTP/1.1)
POST /session/78bf451c51b0e8a23bb44aac8f05b4df/timeouts HTTP/1.1
User-Agent: selenium/4.4.0 (java windows)
Content-Length: 22
Content-Type: application/json; charset=utf-8
host: localhost:53409
accept: */*

Response DefaultHttpResponse(decodeResult: success, version: HTTP/1.1)
HTTP/1.1 200 OK
Content-Type: application/json; charset=utf-8
cache-control: no-cache
content-length: 14

19:24:27.982 [AsyncHttpClient-1-5] DEBUG org.asynchttpclient.netty.channel.ChannelManager - Adding key: http://localhost:53409 for channel [id: 0x5031eeb7, L:/127.0.0.1:61801 - R:localhost/127.0.0.1:53409]
19:24:27.982 [Forwarding getElementDomAttribute on session 78bf451c51b0e8a23bb44aac8f05b4df to remote] DEBUG org.asynchttpclient.netty.request.NettyRequestSender - Using pooled Channel '[id: 0x5031eeb7, L:/127.0.0.1:61801 - R:localhost/127.0.0.1:53409]' for 'GET' to 'http://localhost:53409/session/78bf451c51b0e8a23bb44aac8f05b4df/element/8f6cce55-49f4-4f2f-b71d-46a831ed5044/attribute/multiple'
19:24:27.982 [Forwarding getElementDomAttribute on session 78bf451c51b0e8a23bb44aac8f05b4df to remote] DEBUG org.asynchttpclient.netty.request.NettyRequestSender - Using open Channel [id: 0x5031eeb7, L:/127.0.0.1:61801 - R:localhost/127.0.0.1:53409] for GET '/session/78bf451c51b0e8a23bb44aac8f05b4df/element/8f6cce55-49f4-4f2f-b71d-46a831ed5044/attribute/multiple'
19:24:27.986 [AsyncHttpClient-1-5] DEBUG org.asynchttpclient.netty.handler.HttpHandler - 

Request DefaultFullHttpRequest(decodeResult: success, version: HTTP/1.1, content: EmptyByteBufBE)
GET /session/78bf451c51b0e8a23bb44aac8f05b4df/element/8f6cce55-49f4-4f2f-b71d-46a831ed5044/attribute/multiple HTTP/1.1
User-Agent: selenium/4.4.0 (java windows)
Cache-Control: no-cache
Content-Type: application/json; charset=utf-8
host: localhost:53409
accept: */*

Response DefaultHttpResponse(decodeResult: success, version: HTTP/1.1)
HTTP/1.1 200 OK
Content-Type: application/json; charset=utf-8
cache-control: no-cache
content-length: 14

19:24:27.987 [AsyncHttpClient-1-5] DEBUG org.asynchttpclient.netty.channel.ChannelManager - Adding key: http://localhost:53409 for channel [id: 0x5031eeb7, L:/127.0.0.1:61801 - R:localhost/127.0.0.1:53409]
19:24:27.989 [Forwarding setTimeout on session 78bf451c51b0e8a23bb44aac8f05b4df to remote] DEBUG org.asynchttpclient.netty.request.NettyRequestSender - Using pooled Channel '[id: 0x5031eeb7, L:/127.0.0.1:61801 - R:localhost/127.0.0.1:53409]' for 'POST' to 'http://localhost:53409/session/78bf451c51b0e8a23bb44aac8f05b4df/timeouts'
19:24:27.989 [Forwarding setTimeout on session 78bf451c51b0e8a23bb44aac8f05b4df to remote] DEBUG org.asynchttpclient.netty.request.NettyRequestSender - Using open Channel [id: 0x5031eeb7, L:/127.0.0.1:61801 - R:localhost/127.0.0.1:53409] for POST '/session/78bf451c51b0e8a23bb44aac8f05b4df/timeouts'
19:24:27.990 [AsyncHttpClient-1-5] DEBUG org.asynchttpclient.netty.handler.HttpHandler - 

Request DefaultHttpRequest(decodeResult: success, version: HTTP/1.1)
POST /session/78bf451c51b0e8a23bb44aac8f05b4df/timeouts HTTP/1.1
User-Agent: selenium/4.4.0 (java windows)
Content-Length: 19
Content-Type: application/json; charset=utf-8
host: localhost:53409
accept: */*

Response DefaultHttpResponse(decodeResult: success, version: HTTP/1.1)
HTTP/1.1 200 OK
Content-Type: application/json; charset=utf-8
cache-control: no-cache
content-length: 14

19:24:27.990 [AsyncHttpClient-1-5] DEBUG org.asynchttpclient.netty.channel.ChannelManager - Adding key: http://localhost:53409 for channel [id: 0x5031eeb7, L:/127.0.0.1:61801 - R:localhost/127.0.0.1:53409]
19:24:27.991 [Forwarding findElement on session 78bf451c51b0e8a23bb44aac8f05b4df to remote] DEBUG org.asynchttpclient.netty.request.NettyRequestSender - Using pooled Channel '[id: 0x5031eeb7, L:/127.0.0.1:61801 - R:localhost/127.0.0.1:53409]' for 'POST' to 'http://localhost:53409/session/78bf451c51b0e8a23bb44aac8f05b4df/element'
19:24:27.991 [Forwarding findElement on session 78bf451c51b0e8a23bb44aac8f05b4df to remote] DEBUG org.asynchttpclient.netty.request.NettyRequestSender - Using open Channel [id: 0x5031eeb7, L:/127.0.0.1:61801 - R:localhost/127.0.0.1:53409] for POST '/session/78bf451c51b0e8a23bb44aac8f05b4df/element'
19:24:27.996 [AsyncHttpClient-1-5] DEBUG org.asynchttpclient.netty.handler.HttpHandler - 

Request DefaultHttpRequest(decodeResult: success, version: HTTP/1.1)
POST /session/78bf451c51b0e8a23bb44aac8f05b4df/element HTTP/1.1
User-Agent: selenium/4.4.0 (java windows)
Content-Length: 59
Content-Type: application/json; charset=utf-8
host: localhost:53409
accept: */*

Response DefaultHttpResponse(decodeResult: success, version: HTTP/1.1)
HTTP/1.1 200 OK
Content-Type: application/json; charset=utf-8
cache-control: no-cache
content-length: 88

19:24:27.996 [AsyncHttpClient-1-5] DEBUG org.asynchttpclient.netty.channel.ChannelManager - Adding key: http://localhost:53409 for channel [id: 0x5031eeb7, L:/127.0.0.1:61801 - R:localhost/127.0.0.1:53409]
19:24:27.998 [Forwarding setTimeout on session 78bf451c51b0e8a23bb44aac8f05b4df to remote] DEBUG org.asynchttpclient.netty.request.NettyRequestSender - Using pooled Channel '[id: 0x5031eeb7, L:/127.0.0.1:61801 - R:localhost/127.0.0.1:53409]' for 'POST' to 'http://localhost:53409/session/78bf451c51b0e8a23bb44aac8f05b4df/timeouts'
19:24:27.998 [Forwarding setTimeout on session 78bf451c51b0e8a23bb44aac8f05b4df to remote] DEBUG org.asynchttpclient.netty.request.NettyRequestSender - Using open Channel [id: 0x5031eeb7, L:/127.0.0.1:61801 - R:localhost/127.0.0.1:53409] for POST '/session/78bf451c51b0e8a23bb44aac8f05b4df/timeouts'
19:24:27.999 [AsyncHttpClient-1-5] DEBUG org.asynchttpclient.netty.handler.HttpHandler - 

Request DefaultHttpRequest(decodeResult: success, version: HTTP/1.1)
POST /session/78bf451c51b0e8a23bb44aac8f05b4df/timeouts HTTP/1.1
User-Agent: selenium/4.4.0 (java windows)
Content-Length: 22
Content-Type: application/json; charset=utf-8
host: localhost:53409
accept: */*

Response DefaultHttpResponse(decodeResult: success, version: HTTP/1.1)
HTTP/1.1 200 OK
Content-Type: application/json; charset=utf-8
cache-control: no-cache
content-length: 14

19:24:27.999 [AsyncHttpClient-1-5] DEBUG org.asynchttpclient.netty.channel.ChannelManager - Adding key: http://localhost:53409 for channel [id: 0x5031eeb7, L:/127.0.0.1:61801 - R:localhost/127.0.0.1:53409]
19:24:28.000 [Forwarding findChildElements on session 78bf451c51b0e8a23bb44aac8f05b4df to remote] DEBUG org.asynchttpclient.netty.request.NettyRequestSender - Using pooled Channel '[id: 0x5031eeb7, L:/127.0.0.1:61801 - R:localhost/127.0.0.1:53409]' for 'POST' to 'http://localhost:53409/session/78bf451c51b0e8a23bb44aac8f05b4df/element/8f6cce55-49f4-4f2f-b71d-46a831ed5044/elements'
19:24:28.000 [Forwarding findChildElements on session 78bf451c51b0e8a23bb44aac8f05b4df to remote] DEBUG org.asynchttpclient.netty.request.NettyRequestSender - Using open Channel [id: 0x5031eeb7, L:/127.0.0.1:61801 - R:localhost/127.0.0.1:53409] for POST '/session/78bf451c51b0e8a23bb44aac8f05b4df/element/8f6cce55-49f4-4f2f-b71d-46a831ed5044/elements'
19:24:28.010 [AsyncHttpClient-1-5] DEBUG org.asynchttpclient.netty.handler.HttpHandler - 

Request DefaultHttpRequest(decodeResult: success, version: HTTP/1.1)
POST /session/78bf451c51b0e8a23bb44aac8f05b4df/element/8f6cce55-49f4-4f2f-b71d-46a831ed5044/elements HTTP/1.1
User-Agent: selenium/4.4.0 (java windows)
Content-Length: 162
Content-Type: application/json; charset=utf-8
host: localhost:53409
accept: */*

Response DefaultHttpResponse(decodeResult: success, version: HTTP/1.1)
HTTP/1.1 200 OK
Content-Type: application/json; charset=utf-8
cache-control: no-cache
content-length: 90

19:24:28.010 [AsyncHttpClient-1-5] DEBUG org.asynchttpclient.netty.channel.ChannelManager - Adding key: http://localhost:53409 for channel [id: 0x5031eeb7, L:/127.0.0.1:61801 - R:localhost/127.0.0.1:53409]
19:24:28.011 [Forwarding isElementSelected on session 78bf451c51b0e8a23bb44aac8f05b4df to remote] DEBUG org.asynchttpclient.netty.request.NettyRequestSender - Using pooled Channel '[id: 0x5031eeb7, L:/127.0.0.1:61801 - R:localhost/127.0.0.1:53409]' for 'GET' to 'http://localhost:53409/session/78bf451c51b0e8a23bb44aac8f05b4df/element/3dd7c739-5155-49c9-89ac-cf7e5f3ca525/selected'
19:24:28.011 [Forwarding isElementSelected on session 78bf451c51b0e8a23bb44aac8f05b4df to remote] DEBUG org.asynchttpclient.netty.request.NettyRequestSender - Using open Channel [id: 0x5031eeb7, L:/127.0.0.1:61801 - R:localhost/127.0.0.1:53409] for GET '/session/78bf451c51b0e8a23bb44aac8f05b4df/element/3dd7c739-5155-49c9-89ac-cf7e5f3ca525/selected'
19:24:28.019 [AsyncHttpClient-1-5] DEBUG org.asynchttpclient.netty.handler.HttpHandler - 

Request DefaultFullHttpRequest(decodeResult: success, version: HTTP/1.1, content: EmptyByteBufBE)
GET /session/78bf451c51b0e8a23bb44aac8f05b4df/element/3dd7c739-5155-49c9-89ac-cf7e5f3ca525/selected HTTP/1.1
User-Agent: selenium/4.4.0 (java windows)
Cache-Control: no-cache
Content-Type: application/json; charset=utf-8
host: localhost:53409
accept: */*

Response DefaultHttpResponse(decodeResult: success, version: HTTP/1.1)
HTTP/1.1 200 OK
Content-Type: application/json; charset=utf-8
cache-control: no-cache
content-length: 15

19:24:28.019 [AsyncHttpClient-1-5] DEBUG org.asynchttpclient.netty.channel.ChannelManager - Adding key: http://localhost:53409 for channel [id: 0x5031eeb7, L:/127.0.0.1:61801 - R:localhost/127.0.0.1:53409]
19:24:28.020 [Forwarding clickElement on session 78bf451c51b0e8a23bb44aac8f05b4df to remote] DEBUG org.asynchttpclient.netty.request.NettyRequestSender - Using pooled Channel '[id: 0x5031eeb7, L:/127.0.0.1:61801 - R:localhost/127.0.0.1:53409]' for 'POST' to 'http://localhost:53409/session/78bf451c51b0e8a23bb44aac8f05b4df/element/3dd7c739-5155-49c9-89ac-cf7e5f3ca525/click'
19:24:28.020 [Forwarding clickElement on session 78bf451c51b0e8a23bb44aac8f05b4df to remote] DEBUG org.asynchttpclient.netty.request.NettyRequestSender - Using open Channel [id: 0x5031eeb7, L:/127.0.0.1:61801 - R:localhost/127.0.0.1:53409] for POST '/session/78bf451c51b0e8a23bb44aac8f05b4df/element/3dd7c739-5155-49c9-89ac-cf7e5f3ca525/click'
19:24:28.035 [AsyncHttpClient-1-5] DEBUG org.asynchttpclient.netty.handler.HttpHandler - 

Request DefaultHttpRequest(decodeResult: success, version: HTTP/1.1)
POST /session/78bf451c51b0e8a23bb44aac8f05b4df/element/3dd7c739-5155-49c9-89ac-cf7e5f3ca525/click HTTP/1.1
User-Agent: selenium/4.4.0 (java windows)
Content-Length: 50
Content-Type: application/json; charset=utf-8
host: localhost:53409
accept: */*

Response DefaultHttpResponse(decodeResult: success, version: HTTP/1.1)
HTTP/1.1 200 OK
Content-Type: application/json; charset=utf-8
cache-control: no-cache
content-length: 14

19:24:28.035 [AsyncHttpClient-1-5] DEBUG org.asynchttpclient.netty.channel.ChannelManager - Adding key: http://localhost:53409 for channel [id: 0x5031eeb7, L:/127.0.0.1:61801 - R:localhost/127.0.0.1:53409]
19:24:28.037 [Forwarding findElements on session 78bf451c51b0e8a23bb44aac8f05b4df to remote] DEBUG org.asynchttpclient.netty.request.NettyRequestSender - Using pooled Channel '[id: 0x5031eeb7, L:/127.0.0.1:61801 - R:localhost/127.0.0.1:53409]' for 'POST' to 'http://localhost:53409/session/78bf451c51b0e8a23bb44aac8f05b4df/elements'
19:24:28.037 [Forwarding findElements on session 78bf451c51b0e8a23bb44aac8f05b4df to remote] DEBUG org.asynchttpclient.netty.request.NettyRequestSender - Using open Channel [id: 0x5031eeb7, L:/127.0.0.1:61801 - R:localhost/127.0.0.1:53409] for POST '/session/78bf451c51b0e8a23bb44aac8f05b4df/elements'
19:24:28.046 [AsyncHttpClient-1-5] DEBUG org.asynchttpclient.netty.handler.HttpHandler - 

Request DefaultHttpRequest(decodeResult: success, version: HTTP/1.1)
POST /session/78bf451c51b0e8a23bb44aac8f05b4df/elements HTTP/1.1
User-Agent: selenium/4.4.0 (java windows)
Content-Length: 77
Content-Type: application/json; charset=utf-8
host: localhost:53409
accept: */*

Response DefaultHttpResponse(decodeResult: success, version: HTTP/1.1)
HTTP/1.1 200 OK
Content-Type: application/json; charset=utf-8
cache-control: no-cache
content-length: 248

19:24:28.046 [AsyncHttpClient-1-5] DEBUG org.asynchttpclient.netty.channel.ChannelManager - Adding key: http://localhost:53409 for channel [id: 0x5031eeb7, L:/127.0.0.1:61801 - R:localhost/127.0.0.1:53409]
19:24:28.048 [Forwarding getElementText on session 78bf451c51b0e8a23bb44aac8f05b4df to remote] DEBUG org.asynchttpclient.netty.request.NettyRequestSender - Using pooled Channel '[id: 0x5031eeb7, L:/127.0.0.1:61801 - R:localhost/127.0.0.1:53409]' for 'GET' to 'http://localhost:53409/session/78bf451c51b0e8a23bb44aac8f05b4df/element/e715fdb7-d1fd-4b9d-9763-9257392d01e7/text'
19:24:28.048 [Forwarding getElementText on session 78bf451c51b0e8a23bb44aac8f05b4df to remote] DEBUG org.asynchttpclient.netty.request.NettyRequestSender - Using open Channel [id: 0x5031eeb7, L:/127.0.0.1:61801 - R:localhost/127.0.0.1:53409] for GET '/session/78bf451c51b0e8a23bb44aac8f05b4df/element/e715fdb7-d1fd-4b9d-9763-9257392d01e7/text'
19:24:28.060 [AsyncHttpClient-1-5] DEBUG org.asynchttpclient.netty.handler.HttpHandler - 

Request DefaultFullHttpRequest(decodeResult: success, version: HTTP/1.1, content: EmptyByteBufBE)
GET /session/78bf451c51b0e8a23bb44aac8f05b4df/element/e715fdb7-d1fd-4b9d-9763-9257392d01e7/text HTTP/1.1
User-Agent: selenium/4.4.0 (java windows)
Cache-Control: no-cache
Content-Type: application/json; charset=utf-8
host: localhost:53409
accept: */*

Response DefaultHttpResponse(decodeResult: success, version: HTTP/1.1)
HTTP/1.1 200 OK
Content-Type: application/json; charset=utf-8
cache-control: no-cache
content-length: 20

19:24:28.060 [AsyncHttpClient-1-5] DEBUG org.asynchttpclient.netty.channel.ChannelManager - Adding key: http://localhost:53409 for channel [id: 0x5031eeb7, L:/127.0.0.1:61801 - R:localhost/127.0.0.1:53409]
19:24:28.061 [Forwarding executeScript on session 78bf451c51b0e8a23bb44aac8f05b4df to remote] DEBUG org.asynchttpclient.netty.request.NettyRequestSender - Using pooled Channel '[id: 0x5031eeb7, L:/127.0.0.1:61801 - R:localhost/127.0.0.1:53409]' for 'POST' to 'http://localhost:53409/session/78bf451c51b0e8a23bb44aac8f05b4df/execute/sync'
19:24:28.061 [Forwarding executeScript on session 78bf451c51b0e8a23bb44aac8f05b4df to remote] DEBUG org.asynchttpclient.netty.request.NettyRequestSender - Using open Channel [id: 0x5031eeb7, L:/127.0.0.1:61801 - R:localhost/127.0.0.1:53409] for POST '/session/78bf451c51b0e8a23bb44aac8f05b4df/execute/sync'
19:24:28.067 [AsyncHttpClient-1-5] DEBUG org.asynchttpclient.netty.handler.HttpHandler - 

Request DefaultHttpRequest(decodeResult: success, version: HTTP/1.1)
POST /session/78bf451c51b0e8a23bb44aac8f05b4df/execute/sync HTTP/1.1
User-Agent: selenium/4.4.0 (java windows)
Content-Length: 209
Content-Type: application/json; charset=utf-8
host: localhost:53409
accept: */*

Response DefaultHttpResponse(decodeResult: success, version: HTTP/1.1)
HTTP/1.1 200 OK
Content-Type: application/json; charset=utf-8
cache-control: no-cache
content-length: 14

19:24:28.067 [AsyncHttpClient-1-5] DEBUG org.asynchttpclient.netty.channel.ChannelManager - Adding key: http://localhost:53409 for channel [id: 0x5031eeb7, L:/127.0.0.1:61801 - R:localhost/127.0.0.1:53409]
19:24:28.072 [Forwarding findElement on session 78bf451c51b0e8a23bb44aac8f05b4df to remote] DEBUG org.asynchttpclient.netty.request.NettyRequestSender - Using pooled Channel '[id: 0x5031eeb7, L:/127.0.0.1:61801 - R:localhost/127.0.0.1:53409]' for 'POST' to 'http://localhost:53409/session/78bf451c51b0e8a23bb44aac8f05b4df/element'
19:24:28.072 [Forwarding findElement on session 78bf451c51b0e8a23bb44aac8f05b4df to remote] DEBUG org.asynchttpclient.netty.request.NettyRequestSender - Using open Channel [id: 0x5031eeb7, L:/127.0.0.1:61801 - R:localhost/127.0.0.1:53409] for POST '/session/78bf451c51b0e8a23bb44aac8f05b4df/element'
19:24:28.079 [AsyncHttpClient-1-5] DEBUG org.asynchttpclient.netty.handler.HttpHandler - 

Request DefaultHttpRequest(decodeResult: success, version: HTTP/1.1)
POST /session/78bf451c51b0e8a23bb44aac8f05b4df/element HTTP/1.1
User-Agent: selenium/4.4.0 (java windows)
Content-Length: 59
Content-Type: application/json; charset=utf-8
host: localhost:53409
accept: */*

Response DefaultHttpResponse(decodeResult: success, version: HTTP/1.1)
HTTP/1.1 200 OK
Content-Type: application/json; charset=utf-8
cache-control: no-cache
content-length: 88

19:24:28.080 [AsyncHttpClient-1-5] DEBUG org.asynchttpclient.netty.channel.ChannelManager - Adding key: http://localhost:53409 for channel [id: 0x5031eeb7, L:/127.0.0.1:61801 - R:localhost/127.0.0.1:53409]
19:24:28.082 [Forwarding isElementDisplayed on session 78bf451c51b0e8a23bb44aac8f05b4df to remote] DEBUG org.asynchttpclient.netty.request.NettyRequestSender - Using pooled Channel '[id: 0x5031eeb7, L:/127.0.0.1:61801 - R:localhost/127.0.0.1:53409]' for 'POST' to 'http://localhost:53409/session/78bf451c51b0e8a23bb44aac8f05b4df/execute/sync'
19:24:28.082 [Forwarding isElementDisplayed on session 78bf451c51b0e8a23bb44aac8f05b4df to remote] DEBUG org.asynchttpclient.netty.request.NettyRequestSender - Using open Channel [id: 0x5031eeb7, L:/127.0.0.1:61801 - R:localhost/127.0.0.1:53409] for POST '/session/78bf451c51b0e8a23bb44aac8f05b4df/execute/sync'
19:24:28.089 [AsyncHttpClient-1-5] DEBUG org.asynchttpclient.netty.handler.HttpHandler - 

Request DefaultHttpRequest(decodeResult: success, version: HTTP/1.1)
POST /session/78bf451c51b0e8a23bb44aac8f05b4df/execute/sync HTTP/1.1
User-Agent: selenium/4.4.0 (java windows)
Content-Length: 48780
Content-Type: application/json; charset=utf-8
host: localhost:53409
accept: */*

Response DefaultHttpResponse(decodeResult: success, version: HTTP/1.1)
HTTP/1.1 200 OK
Content-Type: application/json; charset=utf-8
cache-control: no-cache
content-length: 14

19:24:28.089 [AsyncHttpClient-1-5] DEBUG org.asynchttpclient.netty.channel.ChannelManager - Adding key: http://localhost:53409 for channel [id: 0x5031eeb7, L:/127.0.0.1:61801 - R:localhost/127.0.0.1:53409]
19:24:28.090 [Forwarding clearElement on session 78bf451c51b0e8a23bb44aac8f05b4df to remote] DEBUG org.asynchttpclient.netty.request.NettyRequestSender - Using pooled Channel '[id: 0x5031eeb7, L:/127.0.0.1:61801 - R:localhost/127.0.0.1:53409]' for 'POST' to 'http://localhost:53409/session/78bf451c51b0e8a23bb44aac8f05b4df/element/1bc6f780-ea5a-4fac-8788-ce313de72530/clear'
19:24:28.090 [Forwarding clearElement on session 78bf451c51b0e8a23bb44aac8f05b4df to remote] DEBUG org.asynchttpclient.netty.request.NettyRequestSender - Using open Channel [id: 0x5031eeb7, L:/127.0.0.1:61801 - R:localhost/127.0.0.1:53409] for POST '/session/78bf451c51b0e8a23bb44aac8f05b4df/element/1bc6f780-ea5a-4fac-8788-ce313de72530/clear'
19:24:28.111 [AsyncHttpClient-1-5] DEBUG org.asynchttpclient.netty.handler.HttpHandler - 

Request DefaultHttpRequest(decodeResult: success, version: HTTP/1.1)
POST /session/78bf451c51b0e8a23bb44aac8f05b4df/element/1bc6f780-ea5a-4fac-8788-ce313de72530/clear HTTP/1.1
User-Agent: selenium/4.4.0 (java windows)
Content-Length: 50
Content-Type: application/json; charset=utf-8
host: localhost:53409
accept: */*

Response DefaultHttpResponse(decodeResult: success, version: HTTP/1.1)
HTTP/1.1 200 OK
Content-Type: application/json; charset=utf-8
cache-control: no-cache
content-length: 14

19:24:28.111 [AsyncHttpClient-1-5] DEBUG org.asynchttpclient.netty.channel.ChannelManager - Adding key: http://localhost:53409 for channel [id: 0x5031eeb7, L:/127.0.0.1:61801 - R:localhost/127.0.0.1:53409]
19:24:28.112 [Forwarding sendKeysToElement on session 78bf451c51b0e8a23bb44aac8f05b4df to remote] DEBUG org.asynchttpclient.netty.request.NettyRequestSender - Using pooled Channel '[id: 0x5031eeb7, L:/127.0.0.1:61801 - R:localhost/127.0.0.1:53409]' for 'POST' to 'http://localhost:53409/session/78bf451c51b0e8a23bb44aac8f05b4df/element/1bc6f780-ea5a-4fac-8788-ce313de72530/value'
19:24:28.112 [Forwarding sendKeysToElement on session 78bf451c51b0e8a23bb44aac8f05b4df to remote] DEBUG org.asynchttpclient.netty.request.NettyRequestSender - Using open Channel [id: 0x5031eeb7, L:/127.0.0.1:61801 - R:localhost/127.0.0.1:53409] for POST '/session/78bf451c51b0e8a23bb44aac8f05b4df/element/1bc6f780-ea5a-4fac-8788-ce313de72530/value'
19:24:28.184 [AsyncHttpClient-1-5] DEBUG org.asynchttpclient.netty.handler.HttpHandler - 

Request DefaultHttpRequest(decodeResult: success, version: HTTP/1.1)
POST /session/78bf451c51b0e8a23bb44aac8f05b4df/element/1bc6f780-ea5a-4fac-8788-ce313de72530/value HTTP/1.1
User-Agent: selenium/4.4.0 (java windows)
Content-Length: 201
Content-Type: application/json; charset=utf-8
host: localhost:53409
accept: */*

Response DefaultHttpResponse(decodeResult: success, version: HTTP/1.1)
HTTP/1.1 200 OK
Content-Type: application/json; charset=utf-8
cache-control: no-cache
content-length: 14

19:24:28.184 [AsyncHttpClient-1-5] DEBUG org.asynchttpclient.netty.channel.ChannelManager - Adding key: http://localhost:53409 for channel [id: 0x5031eeb7, L:/127.0.0.1:61801 - R:localhost/127.0.0.1:53409]
19:24:28.189 [Forwarding findElement on session 78bf451c51b0e8a23bb44aac8f05b4df to remote] DEBUG org.asynchttpclient.netty.request.NettyRequestSender - Using pooled Channel '[id: 0x5031eeb7, L:/127.0.0.1:61801 - R:localhost/127.0.0.1:53409]' for 'POST' to 'http://localhost:53409/session/78bf451c51b0e8a23bb44aac8f05b4df/element'
19:24:28.189 [Forwarding findElement on session 78bf451c51b0e8a23bb44aac8f05b4df to remote] DEBUG org.asynchttpclient.netty.request.NettyRequestSender - Using open Channel [id: 0x5031eeb7, L:/127.0.0.1:61801 - R:localhost/127.0.0.1:53409] for POST '/session/78bf451c51b0e8a23bb44aac8f05b4df/element'
19:24:28.196 [AsyncHttpClient-1-5] DEBUG org.asynchttpclient.netty.handler.HttpHandler - 

Request DefaultHttpRequest(decodeResult: success, version: HTTP/1.1)
POST /session/78bf451c51b0e8a23bb44aac8f05b4df/element HTTP/1.1
User-Agent: selenium/4.4.0 (java windows)
Content-Length: 56
Content-Type: application/json; charset=utf-8
host: localhost:53409
accept: */*

Response DefaultHttpResponse(decodeResult: success, version: HTTP/1.1)
HTTP/1.1 200 OK
Content-Type: application/json; charset=utf-8
cache-control: no-cache
content-length: 88

19:24:28.196 [AsyncHttpClient-1-5] DEBUG org.asynchttpclient.netty.channel.ChannelManager - Adding key: http://localhost:53409 for channel [id: 0x5031eeb7, L:/127.0.0.1:61801 - R:localhost/127.0.0.1:53409]
19:24:28.198 [Forwarding isElementDisplayed on session 78bf451c51b0e8a23bb44aac8f05b4df to remote] DEBUG org.asynchttpclient.netty.request.NettyRequestSender - Using pooled Channel '[id: 0x5031eeb7, L:/127.0.0.1:61801 - R:localhost/127.0.0.1:53409]' for 'POST' to 'http://localhost:53409/session/78bf451c51b0e8a23bb44aac8f05b4df/execute/sync'
19:24:28.198 [Forwarding isElementDisplayed on session 78bf451c51b0e8a23bb44aac8f05b4df to remote] DEBUG org.asynchttpclient.netty.request.NettyRequestSender - Using open Channel [id: 0x5031eeb7, L:/127.0.0.1:61801 - R:localhost/127.0.0.1:53409] for POST '/session/78bf451c51b0e8a23bb44aac8f05b4df/execute/sync'
19:24:28.206 [AsyncHttpClient-1-5] DEBUG org.asynchttpclient.netty.handler.HttpHandler - 

Request DefaultHttpRequest(decodeResult: success, version: HTTP/1.1)
POST /session/78bf451c51b0e8a23bb44aac8f05b4df/execute/sync HTTP/1.1
User-Agent: selenium/4.4.0 (java windows)
Content-Length: 48780
Content-Type: application/json; charset=utf-8
host: localhost:53409
accept: */*

Response DefaultHttpResponse(decodeResult: success, version: HTTP/1.1)
HTTP/1.1 200 OK
Content-Type: application/json; charset=utf-8
cache-control: no-cache
content-length: 14

19:24:28.206 [AsyncHttpClient-1-5] DEBUG org.asynchttpclient.netty.channel.ChannelManager - Adding key: http://localhost:53409 for channel [id: 0x5031eeb7, L:/127.0.0.1:61801 - R:localhost/127.0.0.1:53409]
19:24:28.207 [Forwarding clearElement on session 78bf451c51b0e8a23bb44aac8f05b4df to remote] DEBUG org.asynchttpclient.netty.request.NettyRequestSender - Using pooled Channel '[id: 0x5031eeb7, L:/127.0.0.1:61801 - R:localhost/127.0.0.1:53409]' for 'POST' to 'http://localhost:53409/session/78bf451c51b0e8a23bb44aac8f05b4df/element/2269f80b-4fed-4f72-91cd-0ce7d8d0ee27/clear'
19:24:28.207 [Forwarding clearElement on session 78bf451c51b0e8a23bb44aac8f05b4df to remote] DEBUG org.asynchttpclient.netty.request.NettyRequestSender - Using open Channel [id: 0x5031eeb7, L:/127.0.0.1:61801 - R:localhost/127.0.0.1:53409] for POST '/session/78bf451c51b0e8a23bb44aac8f05b4df/element/2269f80b-4fed-4f72-91cd-0ce7d8d0ee27/clear'
19:24:28.224 [AsyncHttpClient-1-5] DEBUG org.asynchttpclient.netty.handler.HttpHandler - 

Request DefaultHttpRequest(decodeResult: success, version: HTTP/1.1)
POST /session/78bf451c51b0e8a23bb44aac8f05b4df/element/2269f80b-4fed-4f72-91cd-0ce7d8d0ee27/clear HTTP/1.1
User-Agent: selenium/4.4.0 (java windows)
Content-Length: 50
Content-Type: application/json; charset=utf-8
host: localhost:53409
accept: */*

Response DefaultHttpResponse(decodeResult: success, version: HTTP/1.1)
HTTP/1.1 200 OK
Content-Type: application/json; charset=utf-8
cache-control: no-cache
content-length: 14

19:24:28.225 [AsyncHttpClient-1-5] DEBUG org.asynchttpclient.netty.channel.ChannelManager - Adding key: http://localhost:53409 for channel [id: 0x5031eeb7, L:/127.0.0.1:61801 - R:localhost/127.0.0.1:53409]
19:24:28.226 [Forwarding sendKeysToElement on session 78bf451c51b0e8a23bb44aac8f05b4df to remote] DEBUG org.asynchttpclient.netty.request.NettyRequestSender - Using pooled Channel '[id: 0x5031eeb7, L:/127.0.0.1:61801 - R:localhost/127.0.0.1:53409]' for 'POST' to 'http://localhost:53409/session/78bf451c51b0e8a23bb44aac8f05b4df/element/2269f80b-4fed-4f72-91cd-0ce7d8d0ee27/value'
19:24:28.226 [Forwarding sendKeysToElement on session 78bf451c51b0e8a23bb44aac8f05b4df to remote] DEBUG org.asynchttpclient.netty.request.NettyRequestSender - Using open Channel [id: 0x5031eeb7, L:/127.0.0.1:61801 - R:localhost/127.0.0.1:53409] for POST '/session/78bf451c51b0e8a23bb44aac8f05b4df/element/2269f80b-4fed-4f72-91cd-0ce7d8d0ee27/value'
19:24:28.261 [AsyncHttpClient-1-5] DEBUG org.asynchttpclient.netty.handler.HttpHandler - 

Request DefaultHttpRequest(decodeResult: success, version: HTTP/1.1)
POST /session/78bf451c51b0e8a23bb44aac8f05b4df/element/2269f80b-4fed-4f72-91cd-0ce7d8d0ee27/value HTTP/1.1
User-Agent: selenium/4.4.0 (java windows)
Content-Length: 161
Content-Type: application/json; charset=utf-8
host: localhost:53409
accept: */*

Response DefaultHttpResponse(decodeResult: success, version: HTTP/1.1)
HTTP/1.1 200 OK
Content-Type: application/json; charset=utf-8
cache-control: no-cache
content-length: 14

19:24:28.261 [AsyncHttpClient-1-5] DEBUG org.asynchttpclient.netty.channel.ChannelManager - Adding key: http://localhost:53409 for channel [id: 0x5031eeb7, L:/127.0.0.1:61801 - R:localhost/127.0.0.1:53409]
19:24:28.265 [Forwarding findElement on session 78bf451c51b0e8a23bb44aac8f05b4df to remote] DEBUG org.asynchttpclient.netty.request.NettyRequestSender - Using pooled Channel '[id: 0x5031eeb7, L:/127.0.0.1:61801 - R:localhost/127.0.0.1:53409]' for 'POST' to 'http://localhost:53409/session/78bf451c51b0e8a23bb44aac8f05b4df/element'
19:24:28.265 [Forwarding findElement on session 78bf451c51b0e8a23bb44aac8f05b4df to remote] DEBUG org.asynchttpclient.netty.request.NettyRequestSender - Using open Channel [id: 0x5031eeb7, L:/127.0.0.1:61801 - R:localhost/127.0.0.1:53409] for POST '/session/78bf451c51b0e8a23bb44aac8f05b4df/element'
19:24:28.273 [AsyncHttpClient-1-5] DEBUG org.asynchttpclient.netty.handler.HttpHandler - 

Request DefaultHttpRequest(decodeResult: success, version: HTTP/1.1)
POST /session/78bf451c51b0e8a23bb44aac8f05b4df/element HTTP/1.1
User-Agent: selenium/4.4.0 (java windows)
Content-Length: 69
Content-Type: application/json; charset=utf-8
host: localhost:53409
accept: */*

Response DefaultHttpResponse(decodeResult: success, version: HTTP/1.1)
HTTP/1.1 200 OK
Content-Type: application/json; charset=utf-8
cache-control: no-cache
content-length: 88

19:24:28.273 [AsyncHttpClient-1-5] DEBUG org.asynchttpclient.netty.channel.ChannelManager - Adding key: http://localhost:53409 for channel [id: 0x5031eeb7, L:/127.0.0.1:61801 - R:localhost/127.0.0.1:53409]
19:24:28.275 [Forwarding isElementDisplayed on session 78bf451c51b0e8a23bb44aac8f05b4df to remote] DEBUG org.asynchttpclient.netty.request.NettyRequestSender - Using pooled Channel '[id: 0x5031eeb7, L:/127.0.0.1:61801 - R:localhost/127.0.0.1:53409]' for 'POST' to 'http://localhost:53409/session/78bf451c51b0e8a23bb44aac8f05b4df/execute/sync'
19:24:28.275 [Forwarding isElementDisplayed on session 78bf451c51b0e8a23bb44aac8f05b4df to remote] DEBUG org.asynchttpclient.netty.request.NettyRequestSender - Using open Channel [id: 0x5031eeb7, L:/127.0.0.1:61801 - R:localhost/127.0.0.1:53409] for POST '/session/78bf451c51b0e8a23bb44aac8f05b4df/execute/sync'
19:24:28.282 [AsyncHttpClient-1-5] DEBUG org.asynchttpclient.netty.handler.HttpHandler - 

Request DefaultHttpRequest(decodeResult: success, version: HTTP/1.1)
POST /session/78bf451c51b0e8a23bb44aac8f05b4df/execute/sync HTTP/1.1
User-Agent: selenium/4.4.0 (java windows)
Content-Length: 48780
Content-Type: application/json; charset=utf-8
host: localhost:53409
accept: */*

Response DefaultHttpResponse(decodeResult: success, version: HTTP/1.1)
HTTP/1.1 200 OK
Content-Type: application/json; charset=utf-8
cache-control: no-cache
content-length: 14

19:24:28.282 [AsyncHttpClient-1-5] DEBUG org.asynchttpclient.netty.channel.ChannelManager - Adding key: http://localhost:53409 for channel [id: 0x5031eeb7, L:/127.0.0.1:61801 - R:localhost/127.0.0.1:53409]
19:24:28.283 [Forwarding getElementTagName on session 78bf451c51b0e8a23bb44aac8f05b4df to remote] DEBUG org.asynchttpclient.netty.request.NettyRequestSender - Using pooled Channel '[id: 0x5031eeb7, L:/127.0.0.1:61801 - R:localhost/127.0.0.1:53409]' for 'GET' to 'http://localhost:53409/session/78bf451c51b0e8a23bb44aac8f05b4df/element/561ee8ba-b2fc-4e67-a474-0b5ee1cbb1c4/name'
19:24:28.283 [Forwarding getElementTagName on session 78bf451c51b0e8a23bb44aac8f05b4df to remote] DEBUG org.asynchttpclient.netty.request.NettyRequestSender - Using open Channel [id: 0x5031eeb7, L:/127.0.0.1:61801 - R:localhost/127.0.0.1:53409] for GET '/session/78bf451c51b0e8a23bb44aac8f05b4df/element/561ee8ba-b2fc-4e67-a474-0b5ee1cbb1c4/name'
19:24:28.286 [AsyncHttpClient-1-5] DEBUG org.asynchttpclient.netty.handler.HttpHandler - 

Request DefaultFullHttpRequest(decodeResult: success, version: HTTP/1.1, content: EmptyByteBufBE)
GET /session/78bf451c51b0e8a23bb44aac8f05b4df/element/561ee8ba-b2fc-4e67-a474-0b5ee1cbb1c4/name HTTP/1.1
User-Agent: selenium/4.4.0 (java windows)
Cache-Control: no-cache
Content-Type: application/json; charset=utf-8
host: localhost:53409
accept: */*

Response DefaultHttpResponse(decodeResult: success, version: HTTP/1.1)
HTTP/1.1 200 OK
Content-Type: application/json; charset=utf-8
cache-control: no-cache
content-length: 18

19:24:28.287 [AsyncHttpClient-1-5] DEBUG org.asynchttpclient.netty.channel.ChannelManager - Adding key: http://localhost:53409 for channel [id: 0x5031eeb7, L:/127.0.0.1:61801 - R:localhost/127.0.0.1:53409]
19:24:28.288 [Forwarding getElementTagName on session 78bf451c51b0e8a23bb44aac8f05b4df to remote] DEBUG org.asynchttpclient.netty.request.NettyRequestSender - Using pooled Channel '[id: 0x5031eeb7, L:/127.0.0.1:61801 - R:localhost/127.0.0.1:53409]' for 'GET' to 'http://localhost:53409/session/78bf451c51b0e8a23bb44aac8f05b4df/element/561ee8ba-b2fc-4e67-a474-0b5ee1cbb1c4/name'
19:24:28.288 [Forwarding getElementTagName on session 78bf451c51b0e8a23bb44aac8f05b4df to remote] DEBUG org.asynchttpclient.netty.request.NettyRequestSender - Using open Channel [id: 0x5031eeb7, L:/127.0.0.1:61801 - R:localhost/127.0.0.1:53409] for GET '/session/78bf451c51b0e8a23bb44aac8f05b4df/element/561ee8ba-b2fc-4e67-a474-0b5ee1cbb1c4/name'
19:24:28.291 [AsyncHttpClient-1-5] DEBUG org.asynchttpclient.netty.handler.HttpHandler - 

Request DefaultFullHttpRequest(decodeResult: success, version: HTTP/1.1, content: EmptyByteBufBE)
GET /session/78bf451c51b0e8a23bb44aac8f05b4df/element/561ee8ba-b2fc-4e67-a474-0b5ee1cbb1c4/name HTTP/1.1
User-Agent: selenium/4.4.0 (java windows)
Cache-Control: no-cache
Content-Type: application/json; charset=utf-8
host: localhost:53409
accept: */*

Response DefaultHttpResponse(decodeResult: success, version: HTTP/1.1)
HTTP/1.1 200 OK
Content-Type: application/json; charset=utf-8
cache-control: no-cache
content-length: 18

19:24:28.291 [AsyncHttpClient-1-5] DEBUG org.asynchttpclient.netty.channel.ChannelManager - Adding key: http://localhost:53409 for channel [id: 0x5031eeb7, L:/127.0.0.1:61801 - R:localhost/127.0.0.1:53409]
19:24:28.293 [Forwarding isElementEnabled on session 78bf451c51b0e8a23bb44aac8f05b4df to remote] DEBUG org.asynchttpclient.netty.request.NettyRequestSender - Using pooled Channel '[id: 0x5031eeb7, L:/127.0.0.1:61801 - R:localhost/127.0.0.1:53409]' for 'GET' to 'http://localhost:53409/session/78bf451c51b0e8a23bb44aac8f05b4df/element/561ee8ba-b2fc-4e67-a474-0b5ee1cbb1c4/enabled'
19:24:28.293 [Forwarding isElementEnabled on session 78bf451c51b0e8a23bb44aac8f05b4df to remote] DEBUG org.asynchttpclient.netty.request.NettyRequestSender - Using open Channel [id: 0x5031eeb7, L:/127.0.0.1:61801 - R:localhost/127.0.0.1:53409] for GET '/session/78bf451c51b0e8a23bb44aac8f05b4df/element/561ee8ba-b2fc-4e67-a474-0b5ee1cbb1c4/enabled'
19:24:28.299 [AsyncHttpClient-1-5] DEBUG org.asynchttpclient.netty.handler.HttpHandler - 

Request DefaultFullHttpRequest(decodeResult: success, version: HTTP/1.1, content: EmptyByteBufBE)
GET /session/78bf451c51b0e8a23bb44aac8f05b4df/element/561ee8ba-b2fc-4e67-a474-0b5ee1cbb1c4/enabled HTTP/1.1
User-Agent: selenium/4.4.0 (java windows)
Cache-Control: no-cache
Content-Type: application/json; charset=utf-8
host: localhost:53409
accept: */*

Response DefaultHttpResponse(decodeResult: success, version: HTTP/1.1)
HTTP/1.1 200 OK
Content-Type: application/json; charset=utf-8
cache-control: no-cache
content-length: 14

19:24:28.299 [AsyncHttpClient-1-5] DEBUG org.asynchttpclient.netty.channel.ChannelManager - Adding key: http://localhost:53409 for channel [id: 0x5031eeb7, L:/127.0.0.1:61801 - R:localhost/127.0.0.1:53409]
19:24:28.300 [Forwarding isElementEnabled on session 78bf451c51b0e8a23bb44aac8f05b4df to remote] DEBUG org.asynchttpclient.netty.request.NettyRequestSender - Using pooled Channel '[id: 0x5031eeb7, L:/127.0.0.1:61801 - R:localhost/127.0.0.1:53409]' for 'GET' to 'http://localhost:53409/session/78bf451c51b0e8a23bb44aac8f05b4df/element/561ee8ba-b2fc-4e67-a474-0b5ee1cbb1c4/enabled'
19:24:28.300 [Forwarding isElementEnabled on session 78bf451c51b0e8a23bb44aac8f05b4df to remote] DEBUG org.asynchttpclient.netty.request.NettyRequestSender - Using open Channel [id: 0x5031eeb7, L:/127.0.0.1:61801 - R:localhost/127.0.0.1:53409] for GET '/session/78bf451c51b0e8a23bb44aac8f05b4df/element/561ee8ba-b2fc-4e67-a474-0b5ee1cbb1c4/enabled'
19:24:28.304 [AsyncHttpClient-1-5] DEBUG org.asynchttpclient.netty.handler.HttpHandler - 

Request DefaultFullHttpRequest(decodeResult: success, version: HTTP/1.1, content: EmptyByteBufBE)
GET /session/78bf451c51b0e8a23bb44aac8f05b4df/element/561ee8ba-b2fc-4e67-a474-0b5ee1cbb1c4/enabled HTTP/1.1
User-Agent: selenium/4.4.0 (java windows)
Cache-Control: no-cache
Content-Type: application/json; charset=utf-8
host: localhost:53409
accept: */*

Response DefaultHttpResponse(decodeResult: success, version: HTTP/1.1)
HTTP/1.1 200 OK
Content-Type: application/json; charset=utf-8
cache-control: no-cache
content-length: 14

19:24:28.304 [AsyncHttpClient-1-5] DEBUG org.asynchttpclient.netty.channel.ChannelManager - Adding key: http://localhost:53409 for channel [id: 0x5031eeb7, L:/127.0.0.1:61801 - R:localhost/127.0.0.1:53409]
19:24:28.306 [Forwarding findElement on session 78bf451c51b0e8a23bb44aac8f05b4df to remote] DEBUG org.asynchttpclient.netty.request.NettyRequestSender - Using pooled Channel '[id: 0x5031eeb7, L:/127.0.0.1:61801 - R:localhost/127.0.0.1:53409]' for 'POST' to 'http://localhost:53409/session/78bf451c51b0e8a23bb44aac8f05b4df/element'
19:24:28.306 [Forwarding findElement on session 78bf451c51b0e8a23bb44aac8f05b4df to remote] DEBUG org.asynchttpclient.netty.request.NettyRequestSender - Using open Channel [id: 0x5031eeb7, L:/127.0.0.1:61801 - R:localhost/127.0.0.1:53409] for POST '/session/78bf451c51b0e8a23bb44aac8f05b4df/element'
19:24:28.312 [AsyncHttpClient-1-5] DEBUG org.asynchttpclient.netty.handler.HttpHandler - 

Request DefaultHttpRequest(decodeResult: success, version: HTTP/1.1)
POST /session/78bf451c51b0e8a23bb44aac8f05b4df/element HTTP/1.1
User-Agent: selenium/4.4.0 (java windows)
Content-Length: 69
Content-Type: application/json; charset=utf-8
host: localhost:53409
accept: */*

Response DefaultHttpResponse(decodeResult: success, version: HTTP/1.1)
HTTP/1.1 200 OK
Content-Type: application/json; charset=utf-8
cache-control: no-cache
content-length: 88

19:24:28.312 [AsyncHttpClient-1-5] DEBUG org.asynchttpclient.netty.channel.ChannelManager - Adding key: http://localhost:53409 for channel [id: 0x5031eeb7, L:/127.0.0.1:61801 - R:localhost/127.0.0.1:53409]
19:24:28.314 [Forwarding isElementDisplayed on session 78bf451c51b0e8a23bb44aac8f05b4df to remote] DEBUG org.asynchttpclient.netty.request.NettyRequestSender - Using pooled Channel '[id: 0x5031eeb7, L:/127.0.0.1:61801 - R:localhost/127.0.0.1:53409]' for 'POST' to 'http://localhost:53409/session/78bf451c51b0e8a23bb44aac8f05b4df/execute/sync'
19:24:28.314 [Forwarding isElementDisplayed on session 78bf451c51b0e8a23bb44aac8f05b4df to remote] DEBUG org.asynchttpclient.netty.request.NettyRequestSender - Using open Channel [id: 0x5031eeb7, L:/127.0.0.1:61801 - R:localhost/127.0.0.1:53409] for POST '/session/78bf451c51b0e8a23bb44aac8f05b4df/execute/sync'
19:24:28.322 [AsyncHttpClient-1-5] DEBUG org.asynchttpclient.netty.handler.HttpHandler - 

Request DefaultHttpRequest(decodeResult: success, version: HTTP/1.1)
POST /session/78bf451c51b0e8a23bb44aac8f05b4df/execute/sync HTTP/1.1
User-Agent: selenium/4.4.0 (java windows)
Content-Length: 48780
Content-Type: application/json; charset=utf-8
host: localhost:53409
accept: */*

Response DefaultHttpResponse(decodeResult: success, version: HTTP/1.1)
HTTP/1.1 200 OK
Content-Type: application/json; charset=utf-8
cache-control: no-cache
content-length: 14

19:24:28.322 [AsyncHttpClient-1-5] DEBUG org.asynchttpclient.netty.channel.ChannelManager - Adding key: http://localhost:53409 for channel [id: 0x5031eeb7, L:/127.0.0.1:61801 - R:localhost/127.0.0.1:53409]
19:24:28.323 [Forwarding clickElement on session 78bf451c51b0e8a23bb44aac8f05b4df to remote] DEBUG org.asynchttpclient.netty.request.NettyRequestSender - Using pooled Channel '[id: 0x5031eeb7, L:/127.0.0.1:61801 - R:localhost/127.0.0.1:53409]' for 'POST' to 'http://localhost:53409/session/78bf451c51b0e8a23bb44aac8f05b4df/element/561ee8ba-b2fc-4e67-a474-0b5ee1cbb1c4/click'
19:24:28.324 [Forwarding clickElement on session 78bf451c51b0e8a23bb44aac8f05b4df to remote] DEBUG org.asynchttpclient.netty.request.NettyRequestSender - Using open Channel [id: 0x5031eeb7, L:/127.0.0.1:61801 - R:localhost/127.0.0.1:53409] for POST '/session/78bf451c51b0e8a23bb44aac8f05b4df/element/561ee8ba-b2fc-4e67-a474-0b5ee1cbb1c4/click'
19:24:28.504 [AsyncHttpClient-1-5] DEBUG org.asynchttpclient.netty.handler.HttpHandler - 

Request DefaultHttpRequest(decodeResult: success, version: HTTP/1.1)
POST /session/78bf451c51b0e8a23bb44aac8f05b4df/element/561ee8ba-b2fc-4e67-a474-0b5ee1cbb1c4/click HTTP/1.1
User-Agent: selenium/4.4.0 (java windows)
Content-Length: 50
Content-Type: application/json; charset=utf-8
host: localhost:53409
accept: */*

Response DefaultHttpResponse(decodeResult: success, version: HTTP/1.1)
HTTP/1.1 200 OK
Content-Type: application/json; charset=utf-8
cache-control: no-cache
content-length: 14

19:24:28.504 [AsyncHttpClient-1-5] DEBUG org.asynchttpclient.netty.channel.ChannelManager - Adding key: http://localhost:53409 for channel [id: 0x5031eeb7, L:/127.0.0.1:61801 - R:localhost/127.0.0.1:53409]
19:24:28.513 [Forwarding getCurrentWindowHandle on session 78bf451c51b0e8a23bb44aac8f05b4df to remote] DEBUG org.asynchttpclient.netty.request.NettyRequestSender - Using pooled Channel '[id: 0x5031eeb7, L:/127.0.0.1:61801 - R:localhost/127.0.0.1:53409]' for 'GET' to 'http://localhost:53409/session/78bf451c51b0e8a23bb44aac8f05b4df/window'
19:24:28.513 [Forwarding getCurrentWindowHandle on session 78bf451c51b0e8a23bb44aac8f05b4df to remote] DEBUG org.asynchttpclient.netty.request.NettyRequestSender - Using open Channel [id: 0x5031eeb7, L:/127.0.0.1:61801 - R:localhost/127.0.0.1:53409] for GET '/session/78bf451c51b0e8a23bb44aac8f05b4df/window'
19:24:28.513 [AsyncHttpClient-1-5] DEBUG org.asynchttpclient.netty.handler.HttpHandler - 

Request DefaultFullHttpRequest(decodeResult: success, version: HTTP/1.1, content: EmptyByteBufBE)
GET /session/78bf451c51b0e8a23bb44aac8f05b4df/window HTTP/1.1
User-Agent: selenium/4.4.0 (java windows)
Cache-Control: no-cache
Content-Type: application/json; charset=utf-8
host: localhost:53409
accept: */*

Response DefaultHttpResponse(decodeResult: success, version: HTTP/1.1)
HTTP/1.1 200 OK
Content-Type: application/json; charset=utf-8
cache-control: no-cache
content-length: 53

19:24:28.513 [AsyncHttpClient-1-5] DEBUG org.asynchttpclient.netty.channel.ChannelManager - Adding key: http://localhost:53409 for channel [id: 0x5031eeb7, L:/127.0.0.1:61801 - R:localhost/127.0.0.1:53409]
19:24:28.514 [Forwarding getAlertText on session 78bf451c51b0e8a23bb44aac8f05b4df to remote] DEBUG org.asynchttpclient.netty.request.NettyRequestSender - Using pooled Channel '[id: 0x5031eeb7, L:/127.0.0.1:61801 - R:localhost/127.0.0.1:53409]' for 'GET' to 'http://localhost:53409/session/78bf451c51b0e8a23bb44aac8f05b4df/alert/text'
19:24:28.514 [Forwarding getAlertText on session 78bf451c51b0e8a23bb44aac8f05b4df to remote] DEBUG org.asynchttpclient.netty.request.NettyRequestSender - Using open Channel [id: 0x5031eeb7, L:/127.0.0.1:61801 - R:localhost/127.0.0.1:53409] for GET '/session/78bf451c51b0e8a23bb44aac8f05b4df/alert/text'
19:24:28.537 [AsyncHttpClient-1-5] DEBUG org.asynchttpclient.netty.handler.HttpHandler - 

Request DefaultFullHttpRequest(decodeResult: success, version: HTTP/1.1, content: EmptyByteBufBE)
GET /session/78bf451c51b0e8a23bb44aac8f05b4df/alert/text HTTP/1.1
User-Agent: selenium/4.4.0 (java windows)
Cache-Control: no-cache
Content-Type: application/json; charset=utf-8
host: localhost:53409
accept: */*

Response DefaultHttpResponse(decodeResult: success, version: HTTP/1.1)
HTTP/1.1 404 Not Found
Content-Type: application/json; charset=utf-8
cache-control: no-cache
content-length: 815

19:24:28.538 [AsyncHttpClient-1-5] DEBUG org.asynchttpclient.netty.channel.ChannelManager - Adding key: http://localhost:53409 for channel [id: 0x5031eeb7, L:/127.0.0.1:61801 - R:localhost/127.0.0.1:53409]
19:24:28.539 [Forwarding switchToWindow on session 78bf451c51b0e8a23bb44aac8f05b4df to remote] DEBUG org.asynchttpclient.netty.request.NettyRequestSender - Using pooled Channel '[id: 0x5031eeb7, L:/127.0.0.1:61801 - R:localhost/127.0.0.1:53409]' for 'POST' to 'http://localhost:53409/session/78bf451c51b0e8a23bb44aac8f05b4df/window'
19:24:28.539 [Forwarding switchToWindow on session 78bf451c51b0e8a23bb44aac8f05b4df to remote] DEBUG org.asynchttpclient.netty.request.NettyRequestSender - Using open Channel [id: 0x5031eeb7, L:/127.0.0.1:61801 - R:localhost/127.0.0.1:53409] for POST '/session/78bf451c51b0e8a23bb44aac8f05b4df/window'
19:24:28.541 [AsyncHttpClient-1-5] DEBUG org.asynchttpclient.netty.handler.HttpHandler - 

Request DefaultHttpRequest(decodeResult: success, version: HTTP/1.1)
POST /session/78bf451c51b0e8a23bb44aac8f05b4df/window HTTP/1.1
User-Agent: selenium/4.4.0 (java windows)
Content-Length: 59
Content-Type: application/json; charset=utf-8
host: localhost:53409
accept: */*

Response DefaultHttpResponse(decodeResult: success, version: HTTP/1.1)
HTTP/1.1 200 OK
Content-Type: application/json; charset=utf-8
cache-control: no-cache
content-length: 14

19:24:28.543 [AsyncHttpClient-1-5] DEBUG org.asynchttpclient.netty.channel.ChannelManager - Adding key: http://localhost:53409 for channel [id: 0x5031eeb7, L:/127.0.0.1:61801 - R:localhost/127.0.0.1:53409]
19:24:28.543 [Forwarding getCurrentUrl on session 78bf451c51b0e8a23bb44aac8f05b4df to remote] DEBUG org.asynchttpclient.netty.request.NettyRequestSender - Using pooled Channel '[id: 0x5031eeb7, L:/127.0.0.1:61801 - R:localhost/127.0.0.1:53409]' for 'GET' to 'http://localhost:53409/session/78bf451c51b0e8a23bb44aac8f05b4df/url'
19:24:28.543 [Forwarding getCurrentUrl on session 78bf451c51b0e8a23bb44aac8f05b4df to remote] DEBUG org.asynchttpclient.netty.request.NettyRequestSender - Using open Channel [id: 0x5031eeb7, L:/127.0.0.1:61801 - R:localhost/127.0.0.1:53409] for GET '/session/78bf451c51b0e8a23bb44aac8f05b4df/url'
19:24:28.546 [AsyncHttpClient-1-5] DEBUG org.asynchttpclient.netty.handler.HttpHandler - 

Request DefaultFullHttpRequest(decodeResult: success, version: HTTP/1.1, content: EmptyByteBufBE)
GET /session/78bf451c51b0e8a23bb44aac8f05b4df/url HTTP/1.1
User-Agent: selenium/4.4.0 (java windows)
Cache-Control: no-cache
Content-Type: application/json; charset=utf-8
host: localhost:53409
accept: */*

Response DefaultHttpResponse(decodeResult: success, version: HTTP/1.1)
HTTP/1.1 200 OK
Content-Type: application/json; charset=utf-8
cache-control: no-cache
content-length: 75

19:24:28.546 [AsyncHttpClient-1-5] DEBUG org.asynchttpclient.netty.channel.ChannelManager - Adding key: http://localhost:53409 for channel [id: 0x5031eeb7, L:/127.0.0.1:61801 - R:localhost/127.0.0.1:53409]
19:24:28.547 [Forwarding screenshot on session 78bf451c51b0e8a23bb44aac8f05b4df to remote] DEBUG org.asynchttpclient.netty.request.NettyRequestSender - Using pooled Channel '[id: 0x5031eeb7, L:/127.0.0.1:61801 - R:localhost/127.0.0.1:53409]' for 'GET' to 'http://localhost:53409/session/78bf451c51b0e8a23bb44aac8f05b4df/screenshot'
19:24:28.547 [Forwarding screenshot on session 78bf451c51b0e8a23bb44aac8f05b4df to remote] DEBUG org.asynchttpclient.netty.request.NettyRequestSender - Using open Channel [id: 0x5031eeb7, L:/127.0.0.1:61801 - R:localhost/127.0.0.1:53409] for GET '/session/78bf451c51b0e8a23bb44aac8f05b4df/screenshot'
19:24:28.617 [AsyncHttpClient-1-5] DEBUG org.asynchttpclient.netty.handler.HttpHandler - 

Request DefaultFullHttpRequest(decodeResult: success, version: HTTP/1.1, content: EmptyByteBufBE)
GET /session/78bf451c51b0e8a23bb44aac8f05b4df/screenshot HTTP/1.1
User-Agent: selenium/4.4.0 (java windows)
Cache-Control: no-cache
Content-Type: application/json; charset=utf-8
host: localhost:53409
accept: */*

Response DefaultHttpResponse(decodeResult: success, version: HTTP/1.1)
HTTP/1.1 200 OK
Content-Type: application/json; charset=utf-8
cache-control: no-cache
content-length: 20836

19:24:28.618 [AsyncHttpClient-1-5] DEBUG org.asynchttpclient.netty.channel.ChannelManager - Adding key: http://localhost:53409 for channel [id: 0x5031eeb7, L:/127.0.0.1:61801 - R:localhost/127.0.0.1:53409]
19:24:28.619 [main] DEBUG net.serenitybdd.core.photography.Darkroom - Send negative for processing for target\site\serenity\9a50cdafb9d28d74802fd7e46521260fe02524699d557bb5b0af22993c7fb7b5.png
19:24:28.620 [Darkroom Processing Line] DEBUG net.serenitybdd.core.photography.DarkroomProcessingLine - Processing screenshot image in /var/screenshots/screenshot-14995826951207386438
19:24:28.620 [Darkroom Processing Line] DEBUG net.serenitybdd.core.photography.DarkroomProcessingLine - Saving screenshot to target\site\serenity\9a50cdafb9d28d74802fd7e46521260fe02524699d557bb5b0af22993c7fb7b5.png
19:24:28.625 [Forwarding getPageSource on session 78bf451c51b0e8a23bb44aac8f05b4df to remote] DEBUG org.asynchttpclient.netty.request.NettyRequestSender - Using pooled Channel '[id: 0x5031eeb7, L:/127.0.0.1:61801 - R:localhost/127.0.0.1:53409]' for 'POST' to 'http://localhost:53409/session/78bf451c51b0e8a23bb44aac8f05b4df/execute/sync'
19:24:28.625 [Forwarding getPageSource on session 78bf451c51b0e8a23bb44aac8f05b4df to remote] DEBUG org.asynchttpclient.netty.request.NettyRequestSender - Using open Channel [id: 0x5031eeb7, L:/127.0.0.1:61801 - R:localhost/127.0.0.1:53409] for POST '/session/78bf451c51b0e8a23bb44aac8f05b4df/execute/sync'
19:24:28.628 [AsyncHttpClient-1-5] DEBUG org.asynchttpclient.netty.handler.HttpHandler - 

Request DefaultHttpRequest(decodeResult: success, version: HTTP/1.1)
POST /session/78bf451c51b0e8a23bb44aac8f05b4df/execute/sync HTTP/1.1
User-Agent: selenium/4.4.0 (java windows)
Content-Length: 176
Content-Type: application/json; charset=utf-8
host: localhost:53409
accept: */*

Response DefaultHttpResponse(decodeResult: success, version: HTTP/1.1)
HTTP/1.1 200 OK
Content-Type: application/json; charset=utf-8
cache-control: no-cache
content-length: 8218

19:24:28.628 [AsyncHttpClient-1-5] DEBUG org.asynchttpclient.netty.channel.ChannelManager - Adding key: http://localhost:53409 for channel [id: 0x5031eeb7, L:/127.0.0.1:61801 - R:localhost/127.0.0.1:53409]
19:24:28.631 [Forwarding getCurrentUrl on session 78bf451c51b0e8a23bb44aac8f05b4df to remote] DEBUG org.asynchttpclient.netty.request.NettyRequestSender - Using pooled Channel '[id: 0x5031eeb7, L:/127.0.0.1:61801 - R:localhost/127.0.0.1:53409]' for 'GET' to 'http://localhost:53409/session/78bf451c51b0e8a23bb44aac8f05b4df/url'
19:24:28.631 [Forwarding getCurrentUrl on session 78bf451c51b0e8a23bb44aac8f05b4df to remote] DEBUG org.asynchttpclient.netty.request.NettyRequestSender - Using open Channel [id: 0x5031eeb7, L:/127.0.0.1:61801 - R:localhost/127.0.0.1:53409] for GET '/session/78bf451c51b0e8a23bb44aac8f05b4df/url'
19:24:28.634 [AsyncHttpClient-1-5] DEBUG org.asynchttpclient.netty.handler.HttpHandler - 

Request DefaultFullHttpRequest(decodeResult: success, version: HTTP/1.1, content: EmptyByteBufBE)
GET /session/78bf451c51b0e8a23bb44aac8f05b4df/url HTTP/1.1
User-Agent: selenium/4.4.0 (java windows)
Cache-Control: no-cache
Content-Type: application/json; charset=utf-8
host: localhost:53409
accept: */*

Response DefaultHttpResponse(decodeResult: success, version: HTTP/1.1)
HTTP/1.1 200 OK
Content-Type: application/json; charset=utf-8
cache-control: no-cache
content-length: 75

19:24:28.634 [AsyncHttpClient-1-5] DEBUG org.asynchttpclient.netty.channel.ChannelManager - Adding key: http://localhost:53409 for channel [id: 0x5031eeb7, L:/127.0.0.1:61801 - R:localhost/127.0.0.1:53409]
19:24:28.639 [Forwarding setTimeout on session 78bf451c51b0e8a23bb44aac8f05b4df to remote] DEBUG org.asynchttpclient.netty.request.NettyRequestSender - Using pooled Channel '[id: 0x5031eeb7, L:/127.0.0.1:61801 - R:localhost/127.0.0.1:53409]' for 'POST' to 'http://localhost:53409/session/78bf451c51b0e8a23bb44aac8f05b4df/timeouts'
19:24:28.639 [Forwarding setTimeout on session 78bf451c51b0e8a23bb44aac8f05b4df to remote] DEBUG org.asynchttpclient.netty.request.NettyRequestSender - Using open Channel [id: 0x5031eeb7, L:/127.0.0.1:61801 - R:localhost/127.0.0.1:53409] for POST '/session/78bf451c51b0e8a23bb44aac8f05b4df/timeouts'
19:24:28.641 [AsyncHttpClient-1-5] DEBUG org.asynchttpclient.netty.handler.HttpHandler - 

Request DefaultHttpRequest(decodeResult: success, version: HTTP/1.1)
POST /session/78bf451c51b0e8a23bb44aac8f05b4df/timeouts HTTP/1.1
User-Agent: selenium/4.4.0 (java windows)
Content-Length: 19
Content-Type: application/json; charset=utf-8
host: localhost:53409
accept: */*

Response DefaultHttpResponse(decodeResult: success, version: HTTP/1.1)
HTTP/1.1 200 OK
Content-Type: application/json; charset=utf-8
cache-control: no-cache
content-length: 14

19:24:28.641 [AsyncHttpClient-1-5] DEBUG org.asynchttpclient.netty.channel.ChannelManager - Adding key: http://localhost:53409 for channel [id: 0x5031eeb7, L:/127.0.0.1:61801 - R:localhost/127.0.0.1:53409]
19:24:28.642 [Forwarding findElement on session 78bf451c51b0e8a23bb44aac8f05b4df to remote] DEBUG org.asynchttpclient.netty.request.NettyRequestSender - Using pooled Channel '[id: 0x5031eeb7, L:/127.0.0.1:61801 - R:localhost/127.0.0.1:53409]' for 'POST' to 'http://localhost:53409/session/78bf451c51b0e8a23bb44aac8f05b4df/element'
19:24:28.642 [Forwarding findElement on session 78bf451c51b0e8a23bb44aac8f05b4df to remote] DEBUG org.asynchttpclient.netty.request.NettyRequestSender - Using open Channel [id: 0x5031eeb7, L:/127.0.0.1:61801 - R:localhost/127.0.0.1:53409] for POST '/session/78bf451c51b0e8a23bb44aac8f05b4df/element'
19:24:28.650 [AsyncHttpClient-1-5] DEBUG org.asynchttpclient.netty.handler.HttpHandler - 

Request DefaultHttpRequest(decodeResult: success, version: HTTP/1.1)
POST /session/78bf451c51b0e8a23bb44aac8f05b4df/element HTTP/1.1
User-Agent: selenium/4.4.0 (java windows)
Content-Length: 53
Content-Type: application/json; charset=utf-8
host: localhost:53409
accept: */*

Response DefaultHttpResponse(decodeResult: success, version: HTTP/1.1)
HTTP/1.1 200 OK
Content-Type: application/json; charset=utf-8
cache-control: no-cache
content-length: 88

19:24:28.650 [AsyncHttpClient-1-5] DEBUG org.asynchttpclient.netty.channel.ChannelManager - Adding key: http://localhost:53409 for channel [id: 0x5031eeb7, L:/127.0.0.1:61801 - R:localhost/127.0.0.1:53409]
19:24:28.651 [Forwarding setTimeout on session 78bf451c51b0e8a23bb44aac8f05b4df to remote] DEBUG org.asynchttpclient.netty.request.NettyRequestSender - Using pooled Channel '[id: 0x5031eeb7, L:/127.0.0.1:61801 - R:localhost/127.0.0.1:53409]' for 'POST' to 'http://localhost:53409/session/78bf451c51b0e8a23bb44aac8f05b4df/timeouts'
19:24:28.651 [Forwarding setTimeout on session 78bf451c51b0e8a23bb44aac8f05b4df to remote] DEBUG org.asynchttpclient.netty.request.NettyRequestSender - Using open Channel [id: 0x5031eeb7, L:/127.0.0.1:61801 - R:localhost/127.0.0.1:53409] for POST '/session/78bf451c51b0e8a23bb44aac8f05b4df/timeouts'
19:24:28.654 [AsyncHttpClient-1-5] DEBUG org.asynchttpclient.netty.handler.HttpHandler - 

Request DefaultHttpRequest(decodeResult: success, version: HTTP/1.1)
POST /session/78bf451c51b0e8a23bb44aac8f05b4df/timeouts HTTP/1.1
User-Agent: selenium/4.4.0 (java windows)
Content-Length: 22
Content-Type: application/json; charset=utf-8
host: localhost:53409
accept: */*

Response DefaultHttpResponse(decodeResult: success, version: HTTP/1.1)
HTTP/1.1 200 OK
Content-Type: application/json; charset=utf-8
cache-control: no-cache
content-length: 14

19:24:28.654 [AsyncHttpClient-1-5] DEBUG org.asynchttpclient.netty.channel.ChannelManager - Adding key: http://localhost:53409 for channel [id: 0x5031eeb7, L:/127.0.0.1:61801 - R:localhost/127.0.0.1:53409]
19:24:28.658 [Forwarding isElementDisplayed on session 78bf451c51b0e8a23bb44aac8f05b4df to remote] DEBUG org.asynchttpclient.netty.request.NettyRequestSender - Using pooled Channel '[id: 0x5031eeb7, L:/127.0.0.1:61801 - R:localhost/127.0.0.1:53409]' for 'POST' to 'http://localhost:53409/session/78bf451c51b0e8a23bb44aac8f05b4df/execute/sync'
19:24:28.658 [Forwarding isElementDisplayed on session 78bf451c51b0e8a23bb44aac8f05b4df to remote] DEBUG org.asynchttpclient.netty.request.NettyRequestSender - Using open Channel [id: 0x5031eeb7, L:/127.0.0.1:61801 - R:localhost/127.0.0.1:53409] for POST '/session/78bf451c51b0e8a23bb44aac8f05b4df/execute/sync'
19:24:28.679 [AsyncHttpClient-1-5] DEBUG org.asynchttpclient.netty.handler.HttpHandler - 

Request DefaultHttpRequest(decodeResult: success, version: HTTP/1.1)
POST /session/78bf451c51b0e8a23bb44aac8f05b4df/execute/sync HTTP/1.1
User-Agent: selenium/4.4.0 (java windows)
Content-Length: 48780
Content-Type: application/json; charset=utf-8
host: localhost:53409
accept: */*

Response DefaultHttpResponse(decodeResult: success, version: HTTP/1.1)
HTTP/1.1 200 OK
Content-Type: application/json; charset=utf-8
cache-control: no-cache
content-length: 14

19:24:28.679 [AsyncHttpClient-1-5] DEBUG org.asynchttpclient.netty.channel.ChannelManager - Adding key: http://localhost:53409 for channel [id: 0x5031eeb7, L:/127.0.0.1:61801 - R:localhost/127.0.0.1:53409]
19:24:28.683 [Forwarding findElement on session 78bf451c51b0e8a23bb44aac8f05b4df to remote] DEBUG org.asynchttpclient.netty.request.NettyRequestSender - Using pooled Channel '[id: 0x5031eeb7, L:/127.0.0.1:61801 - R:localhost/127.0.0.1:53409]' for 'POST' to 'http://localhost:53409/session/78bf451c51b0e8a23bb44aac8f05b4df/element'
19:24:28.683 [Forwarding findElement on session 78bf451c51b0e8a23bb44aac8f05b4df to remote] DEBUG org.asynchttpclient.netty.request.NettyRequestSender - Using open Channel [id: 0x5031eeb7, L:/127.0.0.1:61801 - R:localhost/127.0.0.1:53409] for POST '/session/78bf451c51b0e8a23bb44aac8f05b4df/element'
19:24:28.688 [AsyncHttpClient-1-5] DEBUG org.asynchttpclient.netty.handler.HttpHandler - 

Request DefaultHttpRequest(decodeResult: success, version: HTTP/1.1)
POST /session/78bf451c51b0e8a23bb44aac8f05b4df/element HTTP/1.1
User-Agent: selenium/4.4.0 (java windows)
Content-Length: 53
Content-Type: application/json; charset=utf-8
host: localhost:53409
accept: */*

Response DefaultHttpResponse(decodeResult: success, version: HTTP/1.1)
HTTP/1.1 200 OK
Content-Type: application/json; charset=utf-8
cache-control: no-cache
content-length: 88

19:24:28.688 [AsyncHttpClient-1-5] DEBUG org.asynchttpclient.netty.channel.ChannelManager - Adding key: http://localhost:53409 for channel [id: 0x5031eeb7, L:/127.0.0.1:61801 - R:localhost/127.0.0.1:53409]
19:24:28.691 [Forwarding isElementDisplayed on session 78bf451c51b0e8a23bb44aac8f05b4df to remote] DEBUG org.asynchttpclient.netty.request.NettyRequestSender - Using pooled Channel '[id: 0x5031eeb7, L:/127.0.0.1:61801 - R:localhost/127.0.0.1:53409]' for 'POST' to 'http://localhost:53409/session/78bf451c51b0e8a23bb44aac8f05b4df/execute/sync'
19:24:28.691 [Forwarding isElementDisplayed on session 78bf451c51b0e8a23bb44aac8f05b4df to remote] DEBUG org.asynchttpclient.netty.request.NettyRequestSender - Using open Channel [id: 0x5031eeb7, L:/127.0.0.1:61801 - R:localhost/127.0.0.1:53409] for POST '/session/78bf451c51b0e8a23bb44aac8f05b4df/execute/sync'
19:24:28.698 [AsyncHttpClient-1-5] DEBUG org.asynchttpclient.netty.handler.HttpHandler - 

Request DefaultHttpRequest(decodeResult: success, version: HTTP/1.1)
POST /session/78bf451c51b0e8a23bb44aac8f05b4df/execute/sync HTTP/1.1
User-Agent: selenium/4.4.0 (java windows)
Content-Length: 48780
Content-Type: application/json; charset=utf-8
host: localhost:53409
accept: */*

Response DefaultHttpResponse(decodeResult: success, version: HTTP/1.1)
HTTP/1.1 200 OK
Content-Type: application/json; charset=utf-8
cache-control: no-cache
content-length: 14

19:24:28.698 [AsyncHttpClient-1-5] DEBUG org.asynchttpclient.netty.channel.ChannelManager - Adding key: http://localhost:53409 for channel [id: 0x5031eeb7, L:/127.0.0.1:61801 - R:localhost/127.0.0.1:53409]
19:24:28.699 [Forwarding getElementText on session 78bf451c51b0e8a23bb44aac8f05b4df to remote] DEBUG org.asynchttpclient.netty.request.NettyRequestSender - Using pooled Channel '[id: 0x5031eeb7, L:/127.0.0.1:61801 - R:localhost/127.0.0.1:53409]' for 'GET' to 'http://localhost:53409/session/78bf451c51b0e8a23bb44aac8f05b4df/element/14048fa6-65c9-424e-a70b-98dd0e3093db/text'
19:24:28.699 [Forwarding getElementText on session 78bf451c51b0e8a23bb44aac8f05b4df to remote] DEBUG org.asynchttpclient.netty.request.NettyRequestSender - Using open Channel [id: 0x5031eeb7, L:/127.0.0.1:61801 - R:localhost/127.0.0.1:53409] for GET '/session/78bf451c51b0e8a23bb44aac8f05b4df/element/14048fa6-65c9-424e-a70b-98dd0e3093db/text'
19:24:28.727 [AsyncHttpClient-1-5] DEBUG org.asynchttpclient.netty.handler.HttpHandler - 

Request DefaultFullHttpRequest(decodeResult: success, version: HTTP/1.1, content: EmptyByteBufBE)
GET /session/78bf451c51b0e8a23bb44aac8f05b4df/element/14048fa6-65c9-424e-a70b-98dd0e3093db/text HTTP/1.1
User-Agent: selenium/4.4.0 (java windows)
Cache-Control: no-cache
Content-Type: application/json; charset=utf-8
host: localhost:53409
accept: */*

Response DefaultHttpResponse(decodeResult: success, version: HTTP/1.1)
HTTP/1.1 200 OK
Content-Type: application/json; charset=utf-8
cache-control: no-cache
content-length: 43

19:24:28.727 [AsyncHttpClient-1-5] DEBUG org.asynchttpclient.netty.channel.ChannelManager - Adding key: http://localhost:53409 for channel [id: 0x5031eeb7, L:/127.0.0.1:61801 - R:localhost/127.0.0.1:53409]
19:24:28.731 [Forwarding findElement on session 78bf451c51b0e8a23bb44aac8f05b4df to remote] DEBUG org.asynchttpclient.netty.request.NettyRequestSender - Using pooled Channel '[id: 0x5031eeb7, L:/127.0.0.1:61801 - R:localhost/127.0.0.1:53409]' for 'POST' to 'http://localhost:53409/session/78bf451c51b0e8a23bb44aac8f05b4df/element'
19:24:28.731 [Forwarding findElement on session 78bf451c51b0e8a23bb44aac8f05b4df to remote] DEBUG org.asynchttpclient.netty.request.NettyRequestSender - Using open Channel [id: 0x5031eeb7, L:/127.0.0.1:61801 - R:localhost/127.0.0.1:53409] for POST '/session/78bf451c51b0e8a23bb44aac8f05b4df/element'
19:24:28.745 [AsyncHttpClient-1-5] DEBUG org.asynchttpclient.netty.handler.HttpHandler - 

Request DefaultHttpRequest(decodeResult: success, version: HTTP/1.1)
POST /session/78bf451c51b0e8a23bb44aac8f05b4df/element HTTP/1.1
User-Agent: selenium/4.4.0 (java windows)
Content-Length: 65
Content-Type: application/json; charset=utf-8
host: localhost:53409
accept: */*

Response DefaultHttpResponse(decodeResult: success, version: HTTP/1.1)
HTTP/1.1 200 OK
Content-Type: application/json; charset=utf-8
cache-control: no-cache
content-length: 88

19:24:28.746 [AsyncHttpClient-1-5] DEBUG org.asynchttpclient.netty.channel.ChannelManager - Adding key: http://localhost:53409 for channel [id: 0x5031eeb7, L:/127.0.0.1:61801 - R:localhost/127.0.0.1:53409]
19:24:28.750 [Forwarding isElementDisplayed on session 78bf451c51b0e8a23bb44aac8f05b4df to remote] DEBUG org.asynchttpclient.netty.request.NettyRequestSender - Using pooled Channel '[id: 0x5031eeb7, L:/127.0.0.1:61801 - R:localhost/127.0.0.1:53409]' for 'POST' to 'http://localhost:53409/session/78bf451c51b0e8a23bb44aac8f05b4df/execute/sync'
19:24:28.750 [Forwarding isElementDisplayed on session 78bf451c51b0e8a23bb44aac8f05b4df to remote] DEBUG org.asynchttpclient.netty.request.NettyRequestSender - Using open Channel [id: 0x5031eeb7, L:/127.0.0.1:61801 - R:localhost/127.0.0.1:53409] for POST '/session/78bf451c51b0e8a23bb44aac8f05b4df/execute/sync'
19:24:28.758 [AsyncHttpClient-1-5] DEBUG org.asynchttpclient.netty.handler.HttpHandler - 

Request DefaultHttpRequest(decodeResult: success, version: HTTP/1.1)
POST /session/78bf451c51b0e8a23bb44aac8f05b4df/execute/sync HTTP/1.1
User-Agent: selenium/4.4.0 (java windows)
Content-Length: 48780
Content-Type: application/json; charset=utf-8
host: localhost:53409
accept: */*

Response DefaultHttpResponse(decodeResult: success, version: HTTP/1.1)
HTTP/1.1 200 OK
Content-Type: application/json; charset=utf-8
cache-control: no-cache
content-length: 14

19:24:28.758 [AsyncHttpClient-1-5] DEBUG org.asynchttpclient.netty.channel.ChannelManager - Adding key: http://localhost:53409 for channel [id: 0x5031eeb7, L:/127.0.0.1:61801 - R:localhost/127.0.0.1:53409]
19:24:28.759 [Forwarding getElementText on session 78bf451c51b0e8a23bb44aac8f05b4df to remote] DEBUG org.asynchttpclient.netty.request.NettyRequestSender - Using pooled Channel '[id: 0x5031eeb7, L:/127.0.0.1:61801 - R:localhost/127.0.0.1:53409]' for 'GET' to 'http://localhost:53409/session/78bf451c51b0e8a23bb44aac8f05b4df/element/3b6064b1-3865-4e73-acde-7004ee75a6e9/text'
19:24:28.759 [Forwarding getElementText on session 78bf451c51b0e8a23bb44aac8f05b4df to remote] DEBUG org.asynchttpclient.netty.request.NettyRequestSender - Using open Channel [id: 0x5031eeb7, L:/127.0.0.1:61801 - R:localhost/127.0.0.1:53409] for GET '/session/78bf451c51b0e8a23bb44aac8f05b4df/element/3b6064b1-3865-4e73-acde-7004ee75a6e9/text'
19:24:28.767 [AsyncHttpClient-1-5] DEBUG org.asynchttpclient.netty.handler.HttpHandler - 

Request DefaultFullHttpRequest(decodeResult: success, version: HTTP/1.1, content: EmptyByteBufBE)
GET /session/78bf451c51b0e8a23bb44aac8f05b4df/element/3b6064b1-3865-4e73-acde-7004ee75a6e9/text HTTP/1.1
User-Agent: selenium/4.4.0 (java windows)
Cache-Control: no-cache
Content-Type: application/json; charset=utf-8
host: localhost:53409
accept: */*

Response DefaultHttpResponse(decodeResult: success, version: HTTP/1.1)
HTTP/1.1 200 OK
Content-Type: application/json; charset=utf-8
cache-control: no-cache
content-length: 14

19:24:28.769 [AsyncHttpClient-1-5] DEBUG org.asynchttpclient.netty.channel.ChannelManager - Adding key: http://localhost:53409 for channel [id: 0x5031eeb7, L:/127.0.0.1:61801 - R:localhost/127.0.0.1:53409]
19:24:28.775 [Forwarding findElement on session 78bf451c51b0e8a23bb44aac8f05b4df to remote] DEBUG org.asynchttpclient.netty.request.NettyRequestSender - Using pooled Channel '[id: 0x5031eeb7, L:/127.0.0.1:61801 - R:localhost/127.0.0.1:53409]' for 'POST' to 'http://localhost:53409/session/78bf451c51b0e8a23bb44aac8f05b4df/element'
19:24:28.775 [Forwarding findElement on session 78bf451c51b0e8a23bb44aac8f05b4df to remote] DEBUG org.asynchttpclient.netty.request.NettyRequestSender - Using open Channel [id: 0x5031eeb7, L:/127.0.0.1:61801 - R:localhost/127.0.0.1:53409] for POST '/session/78bf451c51b0e8a23bb44aac8f05b4df/element'
19:24:28.790 [AsyncHttpClient-1-5] DEBUG org.asynchttpclient.netty.handler.HttpHandler - 

Request DefaultHttpRequest(decodeResult: success, version: HTTP/1.1)
POST /session/78bf451c51b0e8a23bb44aac8f05b4df/element HTTP/1.1
User-Agent: selenium/4.4.0 (java windows)
Content-Length: 52
Content-Type: application/json; charset=utf-8
host: localhost:53409
accept: */*

Response DefaultHttpResponse(decodeResult: success, version: HTTP/1.1)
HTTP/1.1 200 OK
Content-Type: application/json; charset=utf-8
cache-control: no-cache
content-length: 88

19:24:28.790 [AsyncHttpClient-1-5] DEBUG org.asynchttpclient.netty.channel.ChannelManager - Adding key: http://localhost:53409 for channel [id: 0x5031eeb7, L:/127.0.0.1:61801 - R:localhost/127.0.0.1:53409]
19:24:28.793 [Forwarding isElementDisplayed on session 78bf451c51b0e8a23bb44aac8f05b4df to remote] DEBUG org.asynchttpclient.netty.request.NettyRequestSender - Using pooled Channel '[id: 0x5031eeb7, L:/127.0.0.1:61801 - R:localhost/127.0.0.1:53409]' for 'POST' to 'http://localhost:53409/session/78bf451c51b0e8a23bb44aac8f05b4df/execute/sync'
19:24:28.793 [Forwarding isElementDisplayed on session 78bf451c51b0e8a23bb44aac8f05b4df to remote] DEBUG org.asynchttpclient.netty.request.NettyRequestSender - Using open Channel [id: 0x5031eeb7, L:/127.0.0.1:61801 - R:localhost/127.0.0.1:53409] for POST '/session/78bf451c51b0e8a23bb44aac8f05b4df/execute/sync'
19:24:28.800 [AsyncHttpClient-1-5] DEBUG org.asynchttpclient.netty.handler.HttpHandler - 

Request DefaultHttpRequest(decodeResult: success, version: HTTP/1.1)
POST /session/78bf451c51b0e8a23bb44aac8f05b4df/execute/sync HTTP/1.1
User-Agent: selenium/4.4.0 (java windows)
Content-Length: 48780
Content-Type: application/json; charset=utf-8
host: localhost:53409
accept: */*

Response DefaultHttpResponse(decodeResult: success, version: HTTP/1.1)
HTTP/1.1 200 OK
Content-Type: application/json; charset=utf-8
cache-control: no-cache
content-length: 14

19:24:28.800 [AsyncHttpClient-1-5] DEBUG org.asynchttpclient.netty.channel.ChannelManager - Adding key: http://localhost:53409 for channel [id: 0x5031eeb7, L:/127.0.0.1:61801 - R:localhost/127.0.0.1:53409]
19:24:28.801 [Forwarding getElementText on session 78bf451c51b0e8a23bb44aac8f05b4df to remote] DEBUG org.asynchttpclient.netty.request.NettyRequestSender - Using pooled Channel '[id: 0x5031eeb7, L:/127.0.0.1:61801 - R:localhost/127.0.0.1:53409]' for 'GET' to 'http://localhost:53409/session/78bf451c51b0e8a23bb44aac8f05b4df/element/d0637edf-cdc9-47c2-bf34-28cf70cee2c4/text'
19:24:28.801 [Forwarding getElementText on session 78bf451c51b0e8a23bb44aac8f05b4df to remote] DEBUG org.asynchttpclient.netty.request.NettyRequestSender - Using open Channel [id: 0x5031eeb7, L:/127.0.0.1:61801 - R:localhost/127.0.0.1:53409] for GET '/session/78bf451c51b0e8a23bb44aac8f05b4df/element/d0637edf-cdc9-47c2-bf34-28cf70cee2c4/text'
19:24:28.809 [AsyncHttpClient-1-5] DEBUG org.asynchttpclient.netty.handler.HttpHandler - 

Request DefaultFullHttpRequest(decodeResult: success, version: HTTP/1.1, content: EmptyByteBufBE)
GET /session/78bf451c51b0e8a23bb44aac8f05b4df/element/d0637edf-cdc9-47c2-bf34-28cf70cee2c4/text HTTP/1.1
User-Agent: selenium/4.4.0 (java windows)
Cache-Control: no-cache
Content-Type: application/json; charset=utf-8
host: localhost:53409
accept: */*

Response DefaultHttpResponse(decodeResult: success, version: HTTP/1.1)
HTTP/1.1 200 OK
Content-Type: application/json; charset=utf-8
cache-control: no-cache
content-length: 20

19:24:28.810 [AsyncHttpClient-1-5] DEBUG org.asynchttpclient.netty.channel.ChannelManager - Adding key: http://localhost:53409 for channel [id: 0x5031eeb7, L:/127.0.0.1:61801 - R:localhost/127.0.0.1:53409]
19:24:28.812 [Forwarding findElement on session 78bf451c51b0e8a23bb44aac8f05b4df to remote] DEBUG org.asynchttpclient.netty.request.NettyRequestSender - Using pooled Channel '[id: 0x5031eeb7, L:/127.0.0.1:61801 - R:localhost/127.0.0.1:53409]' for 'POST' to 'http://localhost:53409/session/78bf451c51b0e8a23bb44aac8f05b4df/element'
19:24:28.812 [Forwarding findElement on session 78bf451c51b0e8a23bb44aac8f05b4df to remote] DEBUG org.asynchttpclient.netty.request.NettyRequestSender - Using open Channel [id: 0x5031eeb7, L:/127.0.0.1:61801 - R:localhost/127.0.0.1:53409] for POST '/session/78bf451c51b0e8a23bb44aac8f05b4df/element'
19:24:28.821 [AsyncHttpClient-1-5] DEBUG org.asynchttpclient.netty.handler.HttpHandler - 

Request DefaultHttpRequest(decodeResult: success, version: HTTP/1.1)
POST /session/78bf451c51b0e8a23bb44aac8f05b4df/element HTTP/1.1
User-Agent: selenium/4.4.0 (java windows)
Content-Length: 55
Content-Type: application/json; charset=utf-8
host: localhost:53409
accept: */*

Response DefaultHttpResponse(decodeResult: success, version: HTTP/1.1)
HTTP/1.1 200 OK
Content-Type: application/json; charset=utf-8
cache-control: no-cache
content-length: 88

19:24:28.821 [AsyncHttpClient-1-5] DEBUG org.asynchttpclient.netty.channel.ChannelManager - Adding key: http://localhost:53409 for channel [id: 0x5031eeb7, L:/127.0.0.1:61801 - R:localhost/127.0.0.1:53409]
19:24:28.823 [Forwarding isElementDisplayed on session 78bf451c51b0e8a23bb44aac8f05b4df to remote] DEBUG org.asynchttpclient.netty.request.NettyRequestSender - Using pooled Channel '[id: 0x5031eeb7, L:/127.0.0.1:61801 - R:localhost/127.0.0.1:53409]' for 'POST' to 'http://localhost:53409/session/78bf451c51b0e8a23bb44aac8f05b4df/execute/sync'
19:24:28.823 [Forwarding isElementDisplayed on session 78bf451c51b0e8a23bb44aac8f05b4df to remote] DEBUG org.asynchttpclient.netty.request.NettyRequestSender - Using open Channel [id: 0x5031eeb7, L:/127.0.0.1:61801 - R:localhost/127.0.0.1:53409] for POST '/session/78bf451c51b0e8a23bb44aac8f05b4df/execute/sync'
19:24:28.830 [AsyncHttpClient-1-5] DEBUG org.asynchttpclient.netty.handler.HttpHandler - 

Request DefaultHttpRequest(decodeResult: success, version: HTTP/1.1)
POST /session/78bf451c51b0e8a23bb44aac8f05b4df/execute/sync HTTP/1.1
User-Agent: selenium/4.4.0 (java windows)
Content-Length: 48780
Content-Type: application/json; charset=utf-8
host: localhost:53409
accept: */*

Response DefaultHttpResponse(decodeResult: success, version: HTTP/1.1)
HTTP/1.1 200 OK
Content-Type: application/json; charset=utf-8
cache-control: no-cache
content-length: 14

19:24:28.830 [AsyncHttpClient-1-5] DEBUG org.asynchttpclient.netty.channel.ChannelManager - Adding key: http://localhost:53409 for channel [id: 0x5031eeb7, L:/127.0.0.1:61801 - R:localhost/127.0.0.1:53409]
19:24:28.830 [Forwarding getElementText on session 78bf451c51b0e8a23bb44aac8f05b4df to remote] DEBUG org.asynchttpclient.netty.request.NettyRequestSender - Using pooled Channel '[id: 0x5031eeb7, L:/127.0.0.1:61801 - R:localhost/127.0.0.1:53409]' for 'GET' to 'http://localhost:53409/session/78bf451c51b0e8a23bb44aac8f05b4df/element/8328e7d1-34a1-4f41-a6a5-fc46fa4d9ac9/text'
19:24:28.830 [Forwarding getElementText on session 78bf451c51b0e8a23bb44aac8f05b4df to remote] DEBUG org.asynchttpclient.netty.request.NettyRequestSender - Using open Channel [id: 0x5031eeb7, L:/127.0.0.1:61801 - R:localhost/127.0.0.1:53409] for GET '/session/78bf451c51b0e8a23bb44aac8f05b4df/element/8328e7d1-34a1-4f41-a6a5-fc46fa4d9ac9/text'
19:24:28.838 [AsyncHttpClient-1-5] DEBUG org.asynchttpclient.netty.handler.HttpHandler - 

Request DefaultFullHttpRequest(decodeResult: success, version: HTTP/1.1, content: EmptyByteBufBE)
GET /session/78bf451c51b0e8a23bb44aac8f05b4df/element/8328e7d1-34a1-4f41-a6a5-fc46fa4d9ac9/text HTTP/1.1
User-Agent: selenium/4.4.0 (java windows)
Cache-Control: no-cache
Content-Type: application/json; charset=utf-8
host: localhost:53409
accept: */*

Response DefaultHttpResponse(decodeResult: success, version: HTTP/1.1)
HTTP/1.1 200 OK
Content-Type: application/json; charset=utf-8
cache-control: no-cache
content-length: 22

19:24:28.838 [AsyncHttpClient-1-5] DEBUG org.asynchttpclient.netty.channel.ChannelManager - Adding key: http://localhost:53409 for channel [id: 0x5031eeb7, L:/127.0.0.1:61801 - R:localhost/127.0.0.1:53409]
19:24:28.841 [Forwarding findElement on session 78bf451c51b0e8a23bb44aac8f05b4df to remote] DEBUG org.asynchttpclient.netty.request.NettyRequestSender - Using pooled Channel '[id: 0x5031eeb7, L:/127.0.0.1:61801 - R:localhost/127.0.0.1:53409]' for 'POST' to 'http://localhost:53409/session/78bf451c51b0e8a23bb44aac8f05b4df/element'
19:24:28.841 [Forwarding findElement on session 78bf451c51b0e8a23bb44aac8f05b4df to remote] DEBUG org.asynchttpclient.netty.request.NettyRequestSender - Using open Channel [id: 0x5031eeb7, L:/127.0.0.1:61801 - R:localhost/127.0.0.1:53409] for POST '/session/78bf451c51b0e8a23bb44aac8f05b4df/element'
19:24:28.848 [AsyncHttpClient-1-5] DEBUG org.asynchttpclient.netty.handler.HttpHandler - 

Request DefaultHttpRequest(decodeResult: success, version: HTTP/1.1)
POST /session/78bf451c51b0e8a23bb44aac8f05b4df/element HTTP/1.1
User-Agent: selenium/4.4.0 (java windows)
Content-Length: 52
Content-Type: application/json; charset=utf-8
host: localhost:53409
accept: */*

Response DefaultHttpResponse(decodeResult: success, version: HTTP/1.1)
HTTP/1.1 200 OK
Content-Type: application/json; charset=utf-8
cache-control: no-cache
content-length: 88

19:24:28.848 [AsyncHttpClient-1-5] DEBUG org.asynchttpclient.netty.channel.ChannelManager - Adding key: http://localhost:53409 for channel [id: 0x5031eeb7, L:/127.0.0.1:61801 - R:localhost/127.0.0.1:53409]
19:24:28.850 [Forwarding isElementDisplayed on session 78bf451c51b0e8a23bb44aac8f05b4df to remote] DEBUG org.asynchttpclient.netty.request.NettyRequestSender - Using pooled Channel '[id: 0x5031eeb7, L:/127.0.0.1:61801 - R:localhost/127.0.0.1:53409]' for 'POST' to 'http://localhost:53409/session/78bf451c51b0e8a23bb44aac8f05b4df/execute/sync'
19:24:28.850 [Forwarding isElementDisplayed on session 78bf451c51b0e8a23bb44aac8f05b4df to remote] DEBUG org.asynchttpclient.netty.request.NettyRequestSender - Using open Channel [id: 0x5031eeb7, L:/127.0.0.1:61801 - R:localhost/127.0.0.1:53409] for POST '/session/78bf451c51b0e8a23bb44aac8f05b4df/execute/sync'
19:24:28.857 [AsyncHttpClient-1-5] DEBUG org.asynchttpclient.netty.handler.HttpHandler - 

Request DefaultHttpRequest(decodeResult: success, version: HTTP/1.1)
POST /session/78bf451c51b0e8a23bb44aac8f05b4df/execute/sync HTTP/1.1
User-Agent: selenium/4.4.0 (java windows)
Content-Length: 48780
Content-Type: application/json; charset=utf-8
host: localhost:53409
accept: */*

Response DefaultHttpResponse(decodeResult: success, version: HTTP/1.1)
HTTP/1.1 200 OK
Content-Type: application/json; charset=utf-8
cache-control: no-cache
content-length: 14

19:24:28.857 [AsyncHttpClient-1-5] DEBUG org.asynchttpclient.netty.channel.ChannelManager - Adding key: http://localhost:53409 for channel [id: 0x5031eeb7, L:/127.0.0.1:61801 - R:localhost/127.0.0.1:53409]
19:24:28.858 [Forwarding getElementText on session 78bf451c51b0e8a23bb44aac8f05b4df to remote] DEBUG org.asynchttpclient.netty.request.NettyRequestSender - Using pooled Channel '[id: 0x5031eeb7, L:/127.0.0.1:61801 - R:localhost/127.0.0.1:53409]' for 'GET' to 'http://localhost:53409/session/78bf451c51b0e8a23bb44aac8f05b4df/element/6ee8a12a-dd38-4e5d-876c-1ec55e456359/text'
19:24:28.858 [Forwarding getElementText on session 78bf451c51b0e8a23bb44aac8f05b4df to remote] DEBUG org.asynchttpclient.netty.request.NettyRequestSender - Using open Channel [id: 0x5031eeb7, L:/127.0.0.1:61801 - R:localhost/127.0.0.1:53409] for GET '/session/78bf451c51b0e8a23bb44aac8f05b4df/element/6ee8a12a-dd38-4e5d-876c-1ec55e456359/text'
19:24:28.865 [AsyncHttpClient-1-5] DEBUG org.asynchttpclient.netty.handler.HttpHandler - 

Request DefaultFullHttpRequest(decodeResult: success, version: HTTP/1.1, content: EmptyByteBufBE)
GET /session/78bf451c51b0e8a23bb44aac8f05b4df/element/6ee8a12a-dd38-4e5d-876c-1ec55e456359/text HTTP/1.1
User-Agent: selenium/4.4.0 (java windows)
Cache-Control: no-cache
Content-Type: application/json; charset=utf-8
host: localhost:53409
accept: */*

Response DefaultHttpResponse(decodeResult: success, version: HTTP/1.1)
HTTP/1.1 200 OK
Content-Type: application/json; charset=utf-8
cache-control: no-cache
content-length: 20

19:24:28.866 [AsyncHttpClient-1-5] DEBUG org.asynchttpclient.netty.channel.ChannelManager - Adding key: http://localhost:53409 for channel [id: 0x5031eeb7, L:/127.0.0.1:61801 - R:localhost/127.0.0.1:53409]
19:24:28.878 [Forwarding getCurrentWindowHandle on session 78bf451c51b0e8a23bb44aac8f05b4df to remote] DEBUG org.asynchttpclient.netty.request.NettyRequestSender - Using pooled Channel '[id: 0x5031eeb7, L:/127.0.0.1:61801 - R:localhost/127.0.0.1:53409]' for 'GET' to 'http://localhost:53409/session/78bf451c51b0e8a23bb44aac8f05b4df/window'
19:24:28.879 [Forwarding getCurrentWindowHandle on session 78bf451c51b0e8a23bb44aac8f05b4df to remote] DEBUG org.asynchttpclient.netty.request.NettyRequestSender - Using open Channel [id: 0x5031eeb7, L:/127.0.0.1:61801 - R:localhost/127.0.0.1:53409] for GET '/session/78bf451c51b0e8a23bb44aac8f05b4df/window'
19:24:28.879 [AsyncHttpClient-1-5] DEBUG org.asynchttpclient.netty.handler.HttpHandler - 

Request DefaultFullHttpRequest(decodeResult: success, version: HTTP/1.1, content: EmptyByteBufBE)
GET /session/78bf451c51b0e8a23bb44aac8f05b4df/window HTTP/1.1
User-Agent: selenium/4.4.0 (java windows)
Cache-Control: no-cache
Content-Type: application/json; charset=utf-8
host: localhost:53409
accept: */*

Response DefaultHttpResponse(decodeResult: success, version: HTTP/1.1)
HTTP/1.1 200 OK
Content-Type: application/json; charset=utf-8
cache-control: no-cache
content-length: 53

19:24:28.879 [AsyncHttpClient-1-5] DEBUG org.asynchttpclient.netty.channel.ChannelManager - Adding key: http://localhost:53409 for channel [id: 0x5031eeb7, L:/127.0.0.1:61801 - R:localhost/127.0.0.1:53409]
19:24:28.880 [Forwarding getAlertText on session 78bf451c51b0e8a23bb44aac8f05b4df to remote] DEBUG org.asynchttpclient.netty.request.NettyRequestSender - Using pooled Channel '[id: 0x5031eeb7, L:/127.0.0.1:61801 - R:localhost/127.0.0.1:53409]' for 'GET' to 'http://localhost:53409/session/78bf451c51b0e8a23bb44aac8f05b4df/alert/text'
19:24:28.880 [Forwarding getAlertText on session 78bf451c51b0e8a23bb44aac8f05b4df to remote] DEBUG org.asynchttpclient.netty.request.NettyRequestSender - Using open Channel [id: 0x5031eeb7, L:/127.0.0.1:61801 - R:localhost/127.0.0.1:53409] for GET '/session/78bf451c51b0e8a23bb44aac8f05b4df/alert/text'
19:24:28.881 [AsyncHttpClient-1-5] DEBUG org.asynchttpclient.netty.handler.HttpHandler - 

Request DefaultFullHttpRequest(decodeResult: success, version: HTTP/1.1, content: EmptyByteBufBE)
GET /session/78bf451c51b0e8a23bb44aac8f05b4df/alert/text HTTP/1.1
User-Agent: selenium/4.4.0 (java windows)
Cache-Control: no-cache
Content-Type: application/json; charset=utf-8
host: localhost:53409
accept: */*

Response DefaultHttpResponse(decodeResult: success, version: HTTP/1.1)
HTTP/1.1 404 Not Found
Content-Type: application/json; charset=utf-8
cache-control: no-cache
content-length: 815

19:24:28.881 [AsyncHttpClient-1-5] DEBUG org.asynchttpclient.netty.channel.ChannelManager - Adding key: http://localhost:53409 for channel [id: 0x5031eeb7, L:/127.0.0.1:61801 - R:localhost/127.0.0.1:53409]
19:24:28.883 [Forwarding switchToWindow on session 78bf451c51b0e8a23bb44aac8f05b4df to remote] DEBUG org.asynchttpclient.netty.request.NettyRequestSender - Using pooled Channel '[id: 0x5031eeb7, L:/127.0.0.1:61801 - R:localhost/127.0.0.1:53409]' for 'POST' to 'http://localhost:53409/session/78bf451c51b0e8a23bb44aac8f05b4df/window'
19:24:28.883 [Forwarding switchToWindow on session 78bf451c51b0e8a23bb44aac8f05b4df to remote] DEBUG org.asynchttpclient.netty.request.NettyRequestSender - Using open Channel [id: 0x5031eeb7, L:/127.0.0.1:61801 - R:localhost/127.0.0.1:53409] for POST '/session/78bf451c51b0e8a23bb44aac8f05b4df/window'
19:24:28.885 [AsyncHttpClient-1-5] DEBUG org.asynchttpclient.netty.handler.HttpHandler - 

Request DefaultHttpRequest(decodeResult: success, version: HTTP/1.1)
POST /session/78bf451c51b0e8a23bb44aac8f05b4df/window HTTP/1.1
User-Agent: selenium/4.4.0 (java windows)
Content-Length: 59
Content-Type: application/json; charset=utf-8
host: localhost:53409
accept: */*

Response DefaultHttpResponse(decodeResult: success, version: HTTP/1.1)
HTTP/1.1 200 OK
Content-Type: application/json; charset=utf-8
cache-control: no-cache
content-length: 14

19:24:28.885 [AsyncHttpClient-1-5] DEBUG org.asynchttpclient.netty.channel.ChannelManager - Adding key: http://localhost:53409 for channel [id: 0x5031eeb7, L:/127.0.0.1:61801 - R:localhost/127.0.0.1:53409]
19:24:28.886 [Forwarding getCurrentUrl on session 78bf451c51b0e8a23bb44aac8f05b4df to remote] DEBUG org.asynchttpclient.netty.request.NettyRequestSender - Using pooled Channel '[id: 0x5031eeb7, L:/127.0.0.1:61801 - R:localhost/127.0.0.1:53409]' for 'GET' to 'http://localhost:53409/session/78bf451c51b0e8a23bb44aac8f05b4df/url'
19:24:28.886 [Forwarding getCurrentUrl on session 78bf451c51b0e8a23bb44aac8f05b4df to remote] DEBUG org.asynchttpclient.netty.request.NettyRequestSender - Using open Channel [id: 0x5031eeb7, L:/127.0.0.1:61801 - R:localhost/127.0.0.1:53409] for GET '/session/78bf451c51b0e8a23bb44aac8f05b4df/url'
19:24:28.888 [AsyncHttpClient-1-5] DEBUG org.asynchttpclient.netty.handler.HttpHandler - 

Request DefaultFullHttpRequest(decodeResult: success, version: HTTP/1.1, content: EmptyByteBufBE)
GET /session/78bf451c51b0e8a23bb44aac8f05b4df/url HTTP/1.1
User-Agent: selenium/4.4.0 (java windows)
Cache-Control: no-cache
Content-Type: application/json; charset=utf-8
host: localhost:53409
accept: */*

Response DefaultHttpResponse(decodeResult: success, version: HTTP/1.1)
HTTP/1.1 200 OK
Content-Type: application/json; charset=utf-8
cache-control: no-cache
content-length: 75

19:24:28.888 [AsyncHttpClient-1-5] DEBUG org.asynchttpclient.netty.channel.ChannelManager - Adding key: http://localhost:53409 for channel [id: 0x5031eeb7, L:/127.0.0.1:61801 - R:localhost/127.0.0.1:53409]
19:24:28.889 [Forwarding screenshot on session 78bf451c51b0e8a23bb44aac8f05b4df to remote] DEBUG org.asynchttpclient.netty.request.NettyRequestSender - Using pooled Channel '[id: 0x5031eeb7, L:/127.0.0.1:61801 - R:localhost/127.0.0.1:53409]' for 'GET' to 'http://localhost:53409/session/78bf451c51b0e8a23bb44aac8f05b4df/screenshot'
19:24:28.889 [Forwarding screenshot on session 78bf451c51b0e8a23bb44aac8f05b4df to remote] DEBUG org.asynchttpclient.netty.request.NettyRequestSender - Using open Channel [id: 0x5031eeb7, L:/127.0.0.1:61801 - R:localhost/127.0.0.1:53409] for GET '/session/78bf451c51b0e8a23bb44aac8f05b4df/screenshot'
19:24:28.903 [AsyncHttpClient-1-1] DEBUG org.asynchttpclient.netty.channel.DefaultChannelPool - Entry count for : http://localhost:61802 : 1
19:24:28.963 [AsyncHttpClient-1-5] DEBUG org.asynchttpclient.netty.handler.HttpHandler - 

Request DefaultFullHttpRequest(decodeResult: success, version: HTTP/1.1, content: EmptyByteBufBE)
GET /session/78bf451c51b0e8a23bb44aac8f05b4df/screenshot HTTP/1.1
User-Agent: selenium/4.4.0 (java windows)
Cache-Control: no-cache
Content-Type: application/json; charset=utf-8
host: localhost:53409
accept: */*

Response DefaultHttpResponse(decodeResult: success, version: HTTP/1.1)
HTTP/1.1 200 OK
Content-Type: application/json; charset=utf-8
cache-control: no-cache
content-length: 21016

19:24:28.964 [AsyncHttpClient-1-5] DEBUG org.asynchttpclient.netty.channel.ChannelManager - Adding key: http://localhost:53409 for channel [id: 0x5031eeb7, L:/127.0.0.1:61801 - R:localhost/127.0.0.1:53409]
19:24:28.965 [main] DEBUG net.serenitybdd.core.photography.Darkroom - Send negative for processing for target\site\serenity\78aa8f7c085df4cfbf23718925d3b26381df13c35a4771b96c6deb5430198959.png
19:24:28.965 [Darkroom Processing Line] DEBUG net.serenitybdd.core.photography.DarkroomProcessingLine - Processing screenshot image in /var/screenshots/screenshot-1282278317667149909
19:24:28.965 [Darkroom Processing Line] DEBUG net.serenitybdd.core.photography.DarkroomProcessingLine - Saving screenshot to target\site\serenity\78aa8f7c085df4cfbf23718925d3b26381df13c35a4771b96c6deb5430198959.png
19:24:28.967 [Forwarding getPageSource on session 78bf451c51b0e8a23bb44aac8f05b4df to remote] DEBUG org.asynchttpclient.netty.request.NettyRequestSender - Using pooled Channel '[id: 0x5031eeb7, L:/127.0.0.1:61801 - R:localhost/127.0.0.1:53409]' for 'POST' to 'http://localhost:53409/session/78bf451c51b0e8a23bb44aac8f05b4df/execute/sync'
19:24:28.967 [Forwarding getPageSource on session 78bf451c51b0e8a23bb44aac8f05b4df to remote] DEBUG org.asynchttpclient.netty.request.NettyRequestSender - Using open Channel [id: 0x5031eeb7, L:/127.0.0.1:61801 - R:localhost/127.0.0.1:53409] for POST '/session/78bf451c51b0e8a23bb44aac8f05b4df/execute/sync'
19:24:28.971 [AsyncHttpClient-1-5] DEBUG org.asynchttpclient.netty.handler.HttpHandler - 

Request DefaultHttpRequest(decodeResult: success, version: HTTP/1.1)
POST /session/78bf451c51b0e8a23bb44aac8f05b4df/execute/sync HTTP/1.1
User-Agent: selenium/4.4.0 (java windows)
Content-Length: 176
Content-Type: application/json; charset=utf-8
host: localhost:53409
accept: */*

Response DefaultHttpResponse(decodeResult: success, version: HTTP/1.1)
HTTP/1.1 200 OK
Content-Type: application/json; charset=utf-8
cache-control: no-cache
content-length: 8111

19:24:28.971 [AsyncHttpClient-1-5] DEBUG org.asynchttpclient.netty.channel.ChannelManager - Adding key: http://localhost:53409 for channel [id: 0x5031eeb7, L:/127.0.0.1:61801 - R:localhost/127.0.0.1:53409]
19:24:28.974 [Forwarding getCurrentUrl on session 78bf451c51b0e8a23bb44aac8f05b4df to remote] DEBUG org.asynchttpclient.netty.request.NettyRequestSender - Using pooled Channel '[id: 0x5031eeb7, L:/127.0.0.1:61801 - R:localhost/127.0.0.1:53409]' for 'GET' to 'http://localhost:53409/session/78bf451c51b0e8a23bb44aac8f05b4df/url'
19:24:28.974 [Forwarding getCurrentUrl on session 78bf451c51b0e8a23bb44aac8f05b4df to remote] DEBUG org.asynchttpclient.netty.request.NettyRequestSender - Using open Channel [id: 0x5031eeb7, L:/127.0.0.1:61801 - R:localhost/127.0.0.1:53409] for GET '/session/78bf451c51b0e8a23bb44aac8f05b4df/url'
19:24:28.976 [AsyncHttpClient-1-5] DEBUG org.asynchttpclient.netty.handler.HttpHandler - 

Request DefaultFullHttpRequest(decodeResult: success, version: HTTP/1.1, content: EmptyByteBufBE)
GET /session/78bf451c51b0e8a23bb44aac8f05b4df/url HTTP/1.1
User-Agent: selenium/4.4.0 (java windows)
Cache-Control: no-cache
Content-Type: application/json; charset=utf-8
host: localhost:53409
accept: */*

Response DefaultHttpResponse(decodeResult: success, version: HTTP/1.1)
HTTP/1.1 200 OK
Content-Type: application/json; charset=utf-8
cache-control: no-cache
content-length: 75

19:24:28.976 [AsyncHttpClient-1-5] DEBUG org.asynchttpclient.netty.channel.ChannelManager - Adding key: http://localhost:53409 for channel [id: 0x5031eeb7, L:/127.0.0.1:61801 - R:localhost/127.0.0.1:53409]
19:24:28.984 [Forwarding getPageSource on session 78bf451c51b0e8a23bb44aac8f05b4df to remote] DEBUG org.asynchttpclient.netty.request.NettyRequestSender - Using pooled Channel '[id: 0x5031eeb7, L:/127.0.0.1:61801 - R:localhost/127.0.0.1:53409]' for 'POST' to 'http://localhost:53409/session/78bf451c51b0e8a23bb44aac8f05b4df/execute/sync'
19:24:28.984 [Forwarding getPageSource on session 78bf451c51b0e8a23bb44aac8f05b4df to remote] DEBUG org.asynchttpclient.netty.request.NettyRequestSender - Using open Channel [id: 0x5031eeb7, L:/127.0.0.1:61801 - R:localhost/127.0.0.1:53409] for POST '/session/78bf451c51b0e8a23bb44aac8f05b4df/execute/sync'
19:24:28.987 [AsyncHttpClient-1-5] DEBUG org.asynchttpclient.netty.handler.HttpHandler - 

Request DefaultHttpRequest(decodeResult: success, version: HTTP/1.1)
POST /session/78bf451c51b0e8a23bb44aac8f05b4df/execute/sync HTTP/1.1
User-Agent: selenium/4.4.0 (java windows)
Content-Length: 176
Content-Type: application/json; charset=utf-8
host: localhost:53409
accept: */*

Response DefaultHttpResponse(decodeResult: success, version: HTTP/1.1)
HTTP/1.1 200 OK
Content-Type: application/json; charset=utf-8
cache-control: no-cache
content-length: 8111

19:24:28.987 [AsyncHttpClient-1-5] DEBUG org.asynchttpclient.netty.channel.ChannelManager - Adding key: http://localhost:53409 for channel [id: 0x5031eeb7, L:/127.0.0.1:61801 - R:localhost/127.0.0.1:53409]
19:24:28.990 [Forwarding getCurrentUrl on session 78bf451c51b0e8a23bb44aac8f05b4df to remote] DEBUG org.asynchttpclient.netty.request.NettyRequestSender - Using pooled Channel '[id: 0x5031eeb7, L:/127.0.0.1:61801 - R:localhost/127.0.0.1:53409]' for 'GET' to 'http://localhost:53409/session/78bf451c51b0e8a23bb44aac8f05b4df/url'
19:24:28.990 [Forwarding getCurrentUrl on session 78bf451c51b0e8a23bb44aac8f05b4df to remote] DEBUG org.asynchttpclient.netty.request.NettyRequestSender - Using open Channel [id: 0x5031eeb7, L:/127.0.0.1:61801 - R:localhost/127.0.0.1:53409] for GET '/session/78bf451c51b0e8a23bb44aac8f05b4df/url'
19:24:28.993 [AsyncHttpClient-1-5] DEBUG org.asynchttpclient.netty.handler.HttpHandler - 

Request DefaultFullHttpRequest(decodeResult: success, version: HTTP/1.1, content: EmptyByteBufBE)
GET /session/78bf451c51b0e8a23bb44aac8f05b4df/url HTTP/1.1
User-Agent: selenium/4.4.0 (java windows)
Cache-Control: no-cache
Content-Type: application/json; charset=utf-8
host: localhost:53409
accept: */*

Response DefaultHttpResponse(decodeResult: success, version: HTTP/1.1)
HTTP/1.1 200 OK
Content-Type: application/json; charset=utf-8
cache-control: no-cache
content-length: 75

19:24:28.993 [AsyncHttpClient-1-5] DEBUG org.asynchttpclient.netty.channel.ChannelManager - Adding key: http://localhost:53409 for channel [id: 0x5031eeb7, L:/127.0.0.1:61801 - R:localhost/127.0.0.1:53409]
19:24:29.017 [AsyncHttpClient-1-7] DEBUG org.asynchttpclient.netty.handler.WebSocketHandler - Channel Closed: [id: 0x70b69372, L:/127.0.0.1:61809 ! R:localhost/127.0.0.1:61802] with attribute NettyResponseFuture{currentRetry=0,
	isDone=1,
	isCancelled=0,
	asyncHandler=org.asynchttpclient.ws.WebSocketUpgradeHandler@56e53722,
	nettyRequest=org.asynchttpclient.netty.request.NettyRequest@13e7b39a,
	future=java.util.concurrent.CompletableFuture@252e8278[Completed normally],
	uri=ws://localhost:61802/devtools/browser/2cc3c12c-1174-497e-a60d-f3c959097391,
	keepAlive=true,
	redirectCount=0,
	timeoutsHolder=null,
	inAuth=0,
	touch=1673483064694}
19:24:29.018 [Driver Command Executor] DEBUG org.asynchttpclient.netty.request.NettyRequestSender - Using pooled Channel '[id: 0x5031eeb7, L:/127.0.0.1:61801 - R:localhost/127.0.0.1:53409]' for 'DELETE' to 'http://localhost:53409/session/78bf451c51b0e8a23bb44aac8f05b4df'
19:24:29.018 [AsyncHttpClient-1-7] DEBUG org.asynchttpclient.netty.channel.ChannelManager - Closing Channel [id: 0x70b69372, L:/127.0.0.1:61809 ! R:localhost/127.0.0.1:61802] 
19:24:29.018 [Driver Command Executor] DEBUG org.asynchttpclient.netty.request.NettyRequestSender - Using open Channel [id: 0x5031eeb7, L:/127.0.0.1:61801 - R:localhost/127.0.0.1:53409] for DELETE '/session/78bf451c51b0e8a23bb44aac8f05b4df'
19:24:29.047 [AsyncHttpClient-1-6] DEBUG org.asynchttpclient.netty.handler.HttpHandler - Unexpected I/O exception on channel [id: 0x6eeeb0dc, L:/127.0.0.1:61808 - R:localhost/127.0.0.1:61802]
java.io.IOException: Se ha forzado la interrupción de una conexión existente por el host remoto
	at java.base/sun.nio.ch.SocketDispatcher.read0(Native Method)
	at java.base/sun.nio.ch.SocketDispatcher.read(SocketDispatcher.java:43)
	at java.base/sun.nio.ch.IOUtil.readIntoNativeBuffer(IOUtil.java:276)
	at java.base/sun.nio.ch.IOUtil.read(IOUtil.java:233)
	at java.base/sun.nio.ch.IOUtil.read(IOUtil.java:223)
	at java.base/sun.nio.ch.SocketChannelImpl.read(SocketChannelImpl.java:358)
	at io.netty.buffer.PooledByteBuf.setBytes(PooledByteBuf.java:258)
	at io.netty.buffer.AbstractByteBuf.writeBytes(AbstractByteBuf.java:1132)
	at io.netty.channel.socket.nio.NioSocketChannel.doReadBytes(NioSocketChannel.java:357)
	at io.netty.channel.nio.AbstractNioByteChannel$NioByteUnsafe.read(AbstractNioByteChannel.java:151)
	at io.netty.channel.nio.NioEventLoop.processSelectedKey(NioEventLoop.java:722)
	at io.netty.channel.nio.NioEventLoop.processSelectedKeysOptimized(NioEventLoop.java:658)
	at io.netty.channel.nio.NioEventLoop.processSelectedKeys(NioEventLoop.java:584)
	at io.netty.channel.nio.NioEventLoop.run(NioEventLoop.java:496)
	at io.netty.util.concurrent.SingleThreadEventExecutor$4.run(SingleThreadEventExecutor.java:997)
	at io.netty.util.internal.ThreadExecutorMap$2.run(ThreadExecutorMap.java:74)
	at io.netty.util.concurrent.FastThreadLocalRunnable.run(FastThreadLocalRunnable.java:30)
	at java.base/java.lang.Thread.run(Thread.java:834)
19:24:29.047 [AsyncHttpClient-1-6] DEBUG org.asynchttpclient.netty.channel.ChannelManager - Closing Channel [id: 0x6eeeb0dc, L:/127.0.0.1:61808 - R:localhost/127.0.0.1:61802] 
19:24:29.048 [AsyncHttpClient-1-6] DEBUG org.asynchttpclient.netty.handler.HttpHandler - Channel Closed: [id: 0x6eeeb0dc, L:/127.0.0.1:61808 ! R:localhost/127.0.0.1:61802] with attribute DISCARD
19:24:29.063 [AsyncHttpClient-1-5] DEBUG org.asynchttpclient.netty.handler.HttpHandler - 

Request DefaultFullHttpRequest(decodeResult: success, version: HTTP/1.1, content: EmptyByteBufBE)
DELETE /session/78bf451c51b0e8a23bb44aac8f05b4df HTTP/1.1
User-Agent: selenium/4.4.0 (java windows)
Content-Type: application/json; charset=utf-8
host: localhost:53409
accept: */*

Response DefaultHttpResponse(decodeResult: success, version: HTTP/1.1)
HTTP/1.1 200 OK
Content-Type: application/json; charset=utf-8
cache-control: no-cache
content-length: 14

19:24:29.064 [AsyncHttpClient-1-5] DEBUG org.asynchttpclient.netty.channel.ChannelManager - Adding key: http://localhost:53409 for channel [id: 0x5031eeb7, L:/127.0.0.1:61801 - R:localhost/127.0.0.1:53409]
19:24:29.103 [AsyncHttpClient-1-5] DEBUG org.asynchttpclient.netty.handler.HttpHandler - Channel Closed: [id: 0x5031eeb7, L:/127.0.0.1:61801 ! R:localhost/127.0.0.1:53409] with attribute DISCARD
19:24:29.632 [main] ERROR  - 
  _____   ___   ___   _____     ___     _     ___   _      ___   ___  
 |_   _| | __| / __| |_   _|   | __|   /_\   |_ _| | |    | __| |   \ 
   | |   | _|  \__ \   | |     | _|   / _ \   | |  | |__  | _|  | |) |
   |_|   |___| |___/   |_|     |_|   /_/ \_\ |___| |____| |___| |___/ 

Validar que make appointment fue exitosa
-----------------------------------------------------------------------
19:24:29.633 [main] DEBUG  - RELATED ISSUES: 
19:24:29.634 [main] ERROR  -     Test failed at step: Validate data appointment: Hongkong CURA Healthcare Center, Nod, Medicare, 13/01/2023, cucumber
19:24:29.634 [main] ERROR  -     expected:<No[]> but was:<No[d]>
]]></system-out>
    <system-err><![CDATA[Starting ChromeDriver 108.0.5359.71 (1e0e3868ee06e91ad636a874420e3ca3ae3756ac-refs/branch-heads/5359@{#1016}) on port 53409
Only local connections are allowed.
Please see https://chromedriver.chromium.org/security-considerations for suggestions on keeping ChromeDriver safe.
ChromeDriver was started successfully.
ene. 11, 2023 7:24:24 P. M. org.openqa.selenium.remote.ProtocolHandshake createSession
INFO: Detected upstream dialect: W3C
ene. 11, 2023 7:24:24 P. M. org.openqa.selenium.devtools.CdpVersionFinder findNearestMatch
WARNING: Unable to find an exact match for CDP version 108, so returning the closest version found: 104
ene. 11, 2023 7:24:24 P. M. org.openqa.selenium.devtools.CdpVersionFinder findNearestMatch
INFO: Found CDP implementation for version 108 of 104
]]></system-err>
  </testcase>
</testsuite>