<?xml version="1.0" encoding="UTF-8"?>
<testsuite xmlns:xsi="http://www.w3.org/2001/XMLSchema-instance" xsi:noNamespaceSchemaLocation="https://maven.apache.org/surefire/maven-failsafe-plugin/xsd/failsafe-test-report-3.0.xsd" version="3.0" name="runners.CucumberTestSuite" time="20.518" tests="2" errors="0" skipped="0" failures="1">
  <properties>
    <property name="sun.desktop" value="windows"/>
    <property name="awt.toolkit" value="sun.awt.windows.WToolkit"/>
    <property name="java.specification.version" value="11"/>
    <property name="webdriver.chrome.driver" value="C:\Users\MSI\.cache\selenium\chromedriver\win32\108.0.5359.71\chromedriver.exe"/>
    <property name="sun.cpu.isalist" value="amd64"/>
    <property name="sun.jnu.encoding" value="Cp1252"/>
    <property name="java.class.path" value="C:\Users\MSI\Downloads\serenityBDD-master\ProyectoSerenityBDD\target\test-classes;C:\Users\MSI\.m2\repository\net\serenity-bdd\serenity-core\3.3.4\serenity-core-3.3.4.jar;C:\Users\MSI\.m2\repository\net\serenity-bdd\serenity-model\3.3.4\serenity-model-3.3.4.jar;C:\Users\MSI\.m2\repository\org\apache\commons\commons-text\1.9\commons-text-1.9.jar;C:\Users\MSI\.m2\repository\commons-net\commons-net\3.8.0\commons-net-3.8.0.jar;C:\Users\MSI\.m2\repository\com\google\guava\guava\31.1-jre\guava-31.1-jre.jar;C:\Users\MSI\.m2\repository\com\google\guava\failureaccess\1.0.1\failureaccess-1.0.1.jar;C:\Users\MSI\.m2\repository\com\google\guava\listenablefuture\9999.0-empty-to-avoid-conflict-with-guava\listenablefuture-9999.0-empty-to-avoid-conflict-with-guava.jar;C:\Users\MSI\.m2\repository\com\google\code\findbugs\jsr305\3.0.2\jsr305-3.0.2.jar;C:\Users\MSI\.m2\repository\org\checkerframework\checker-qual\3.12.0\checker-qual-3.12.0.jar;C:\Users\MSI\.m2\repository\com\google\errorprone\error_prone_annotations\2.11.0\error_prone_annotations-2.11.0.jar;C:\Users\MSI\.m2\repository\com\google\j2objc\j2objc-annotations\1.3\j2objc-annotations-1.3.jar;C:\Users\MSI\.m2\repository\com\google\inject\guice\5.1.0\guice-5.1.0.jar;C:\Users\MSI\.m2\repository\javax\inject\javax.inject\1\javax.inject-1.jar;C:\Users\MSI\.m2\repository\aopalliance\aopalliance\1.0\aopalliance-1.0.jar;C:\Users\MSI\.m2\repository\org\jsoup\jsoup\1.14.3\jsoup-1.14.3.jar;C:\Users\MSI\.m2\repository\com\thoughtworks\xstream\xstream\1.4.19\xstream-1.4.19.jar;C:\Users\MSI\.m2\repository\io\github\x-stream\mxparser\1.2.2\mxparser-1.2.2.jar;C:\Users\MSI\.m2\repository\xmlpull\xmlpull\1.1.3.1\xmlpull-1.1.3.1.jar;C:\Users\MSI\.m2\repository\com\typesafe\config\1.4.2\config-1.4.2.jar;C:\Users\MSI\.m2\repository\org\imgscalr\imgscalr-lib\4.2\imgscalr-lib-4.2.jar;C:\Users\MSI\.m2\repository\org\awaitility\awaitility\4.2.0\awaitility-4.2.0.jar;C:\Users\MSI\.m2\repository\org\freemarker\freemarker\2.3.31\freemarker-2.3.31.jar;C:\Users\MSI\.m2\repository\io\github\classgraph\classgraph\4.8.138\classgraph-4.8.138.jar;C:\Users\MSI\.m2\repository\net\sourceforge\jexcelapi\jxl\2.6.12\jxl-2.6.12.jar;C:\Users\MSI\.m2\repository\net\bytebuddy\byte-buddy-agent\1.12.12\byte-buddy-agent-1.12.12.jar;C:\Users\MSI\.m2\repository\org\objenesis\objenesis\3.1\objenesis-3.1.jar;C:\Users\MSI\.m2\repository\net\serenity-bdd\serenity-reports\3.3.4\serenity-reports-3.3.4.jar;C:\Users\MSI\.m2\repository\net\serenity-bdd\serenity-stats\3.3.4\serenity-stats-3.3.4.jar;C:\Users\MSI\.m2\repository\net\serenity-bdd\serenity-reports-configuration\3.3.4\serenity-reports-configuration-3.3.4.jar;C:\Users\MSI\.m2\repository\com\vladsch\flexmark\flexmark-all\0.34.30\flexmark-all-0.34.30.jar;C:\Users\MSI\.m2\repository\com\vladsch\flexmark\flexmark\0.34.30\flexmark-0.34.30.jar;C:\Users\MSI\.m2\repository\com\vladsch\flexmark\flexmark-ext-abbreviation\0.34.30\flexmark-ext-abbreviation-0.34.30.jar;C:\Users\MSI\.m2\repository\com\vladsch\flexmark\flexmark-ext-admonition\0.34.30\flexmark-ext-admonition-0.34.30.jar;C:\Users\MSI\.m2\repository\com\vladsch\flexmark\flexmark-ext-anchorlink\0.34.30\flexmark-ext-anchorlink-0.34.30.jar;C:\Users\MSI\.m2\repository\com\vladsch\flexmark\flexmark-ext-aside\0.34.30\flexmark-ext-aside-0.34.30.jar;C:\Users\MSI\.m2\repository\com\vladsch\flexmark\flexmark-ext-attributes\0.34.30\flexmark-ext-attributes-0.34.30.jar;C:\Users\MSI\.m2\repository\com\vladsch\flexmark\flexmark-ext-autolink\0.34.30\flexmark-ext-autolink-0.34.30.jar;C:\Users\MSI\.m2\repository\org\nibor\autolink\autolink\0.6.0\autolink-0.6.0.jar;C:\Users\MSI\.m2\repository\com\vladsch\flexmark\flexmark-ext-definition\0.34.30\flexmark-ext-definition-0.34.30.jar;C:\Users\MSI\.m2\repository\com\vladsch\flexmark\flexmark-ext-emoji\0.34.30\flexmark-ext-emoji-0.34.30.jar;C:\Users\MSI\.m2\repository\com\vladsch\flexmark\flexmark-ext-enumerated-reference\0.34.30\flexmark-ext-enumerated-reference-0.34.30.jar;C:\Users\MSI\.m2\repository\com\vladsch\flexmark\flexmark-ext-escaped-character\0.34.30\flexmark-ext-escaped-character-0.34.30.jar;C:\Users\MSI\.m2\repository\com\vladsch\flexmark\flexmark-ext-footnotes\0.34.30\flexmark-ext-footnotes-0.34.30.jar;C:\Users\MSI\.m2\repository\com\vladsch\flexmark\flexmark-ext-gfm-issues\0.34.30\flexmark-ext-gfm-issues-0.34.30.jar;C:\Users\MSI\.m2\repository\com\vladsch\flexmark\flexmark-ext-gfm-strikethrough\0.34.30\flexmark-ext-gfm-strikethrough-0.34.30.jar;C:\Users\MSI\.m2\repository\com\vladsch\flexmark\flexmark-ext-gfm-tables\0.34.30\flexmark-ext-gfm-tables-0.34.30.jar;C:\Users\MSI\.m2\repository\com\vladsch\flexmark\flexmark-ext-gfm-tasklist\0.34.30\flexmark-ext-gfm-tasklist-0.34.30.jar;C:\Users\MSI\.m2\repository\com\vladsch\flexmark\flexmark-ext-gfm-users\0.34.30\flexmark-ext-gfm-users-0.34.30.jar;C:\Users\MSI\.m2\repository\com\vladsch\flexmark\flexmark-ext-gitlab\0.34.30\flexmark-ext-gitlab-0.34.30.jar;C:\Users\MSI\.m2\repository\com\vladsch\flexmark\flexmark-ext-jekyll-front-matter\0.34.30\flexmark-ext-jekyll-front-matter-0.34.30.jar;C:\Users\MSI\.m2\repository\com\vladsch\flexmark\flexmark-ext-jekyll-tag\0.34.30\flexmark-ext-jekyll-tag-0.34.30.jar;C:\Users\MSI\.m2\repository\com\vladsch\flexmark\flexmark-ext-media-tags\0.34.30\flexmark-ext-media-tags-0.34.30.jar;C:\Users\MSI\.m2\repository\com\vladsch\flexmark\flexmark-test-util\0.34.30\flexmark-test-util-0.34.30.jar;C:\Users\MSI\.m2\repository\com\vladsch\flexmark\flexmark-ext-ins\0.34.30\flexmark-ext-ins-0.34.30.jar;C:\Users\MSI\.m2\repository\com\vladsch\flexmark\flexmark-ext-xwiki-macros\0.34.30\flexmark-ext-xwiki-macros-0.34.30.jar;C:\Users\MSI\.m2\repository\com\vladsch\flexmark\flexmark-ext-superscript\0.34.30\flexmark-ext-superscript-0.34.30.jar;C:\Users\MSI\.m2\repository\com\vladsch\flexmark\flexmark-ext-tables\0.34.30\flexmark-ext-tables-0.34.30.jar;C:\Users\MSI\.m2\repository\com\vladsch\flexmark\flexmark-ext-toc\0.34.30\flexmark-ext-toc-0.34.30.jar;C:\Users\MSI\.m2\repository\com\vladsch\flexmark\flexmark-ext-typographic\0.34.30\flexmark-ext-typographic-0.34.30.jar;C:\Users\MSI\.m2\repository\com\vladsch\flexmark\flexmark-ext-wikilink\0.34.30\flexmark-ext-wikilink-0.34.30.jar;C:\Users\MSI\.m2\repository\com\vladsch\flexmark\flexmark-ext-yaml-front-matter\0.34.30\flexmark-ext-yaml-front-matter-0.34.30.jar;C:\Users\MSI\.m2\repository\com\vladsch\flexmark\flexmark-ext-youtube-embedded\0.34.30\flexmark-ext-youtube-embedded-0.34.30.jar;C:\Users\MSI\.m2\repository\com\vladsch\flexmark\flexmark-formatter\0.34.30\flexmark-formatter-0.34.30.jar;C:\Users\MSI\.m2\repository\com\vladsch\flexmark\flexmark-html-parser\0.34.30\flexmark-html-parser-0.34.30.jar;C:\Users\MSI\.m2\repository\com\vladsch\flexmark\flexmark-jira-converter\0.34.30\flexmark-jira-converter-0.34.30.jar;C:\Users\MSI\.m2\repository\com\vladsch\flexmark\flexmark-pdf-converter\0.34.30\flexmark-pdf-converter-0.34.30.jar;C:\Users\MSI\.m2\repository\com\openhtmltopdf\openhtmltopdf-core\0.0.1-RC13\openhtmltopdf-core-0.0.1-RC13.jar;C:\Users\MSI\.m2\repository\com\openhtmltopdf\openhtmltopdf-pdfbox\0.0.1-RC13\openhtmltopdf-pdfbox-0.0.1-RC13.jar;C:\Users\MSI\.m2\repository\org\apache\pdfbox\pdfbox\2.0.8\pdfbox-2.0.8.jar;C:\Users\MSI\.m2\repository\org\apache\pdfbox\fontbox\2.0.8\fontbox-2.0.8.jar;C:\Users\MSI\.m2\repository\org\apache\pdfbox\xmpbox\2.0.8\xmpbox-2.0.8.jar;C:\Users\MSI\.m2\repository\de\rototor\pdfbox\graphics2d\0.12\graphics2d-0.12.jar;C:\Users\MSI\.m2\repository\com\openhtmltopdf\openhtmltopdf-rtl-support\0.0.1-RC13\openhtmltopdf-rtl-support-0.0.1-RC13.jar;C:\Users\MSI\.m2\repository\com\ibm\icu\icu4j\59.1\icu4j-59.1.jar;C:\Users\MSI\.m2\repository\com\openhtmltopdf\openhtmltopdf-jsoup-dom-converter\0.0.1-RC13\openhtmltopdf-jsoup-dom-converter-0.0.1-RC13.jar;C:\Users\MSI\.m2\repository\com\vladsch\flexmark\flexmark-profile-pegdown\0.34.30\flexmark-profile-pegdown-0.34.30.jar;C:\Users\MSI\.m2\repository\com\vladsch\flexmark\flexmark-util\0.34.30\flexmark-util-0.34.30.jar;C:\Users\MSI\.m2\repository\com\vladsch\flexmark\flexmark-youtrack-converter\0.34.30\flexmark-youtrack-converter-0.34.30.jar;C:\Users\MSI\.m2\repository\es\nitaur\markdown\txtmark\0.16\txtmark-0.16.jar;C:\Users\MSI\.m2\repository\net\serenity-bdd\serenity-report-resources\3.3.4\serenity-report-resources-3.3.4.jar;C:\Users\MSI\.m2\repository\com\google\code\gson\gson\2.9.0\gson-2.9.0.jar;C:\Users\MSI\.m2\repository\com\fasterxml\jackson\core\jackson-core\2.13.3\jackson-core-2.13.3.jar;C:\Users\MSI\.m2\repository\com\fasterxml\jackson\core\jackson-databind\2.13.3\jackson-databind-2.13.3.jar;C:\Users\MSI\.m2\repository\com\fasterxml\jackson\core\jackson-annotations\2.13.3\jackson-annotations-2.13.3.jar;C:\Users\MSI\.m2\repository\commons-codec\commons-codec\1.15\commons-codec-1.15.jar;C:\Users\MSI\.m2\repository\commons-io\commons-io\2.11.0\commons-io-2.11.0.jar;C:\Users\MSI\.m2\repository\org\apache\httpcomponents\httpclient\4.5.13\httpclient-4.5.13.jar;C:\Users\MSI\.m2\repository\org\apache\httpcomponents\httpcore\4.4.13\httpcore-4.4.13.jar;C:\Users\MSI\.m2\repository\commons-logging\commons-logging\1.2\commons-logging-1.2.jar;C:\Users\MSI\.m2\repository\org\seleniumhq\selenium\selenium-java\4.4.0\selenium-java-4.4.0.jar;C:\Users\MSI\.m2\repository\org\seleniumhq\selenium\selenium-devtools-v102\4.4.0\selenium-devtools-v102-4.4.0.jar;C:\Users\MSI\.m2\repository\org\seleniumhq\selenium\selenium-devtools-v103\4.4.0\selenium-devtools-v103-4.4.0.jar;C:\Users\MSI\.m2\repository\org\seleniumhq\selenium\selenium-devtools-v104\4.4.0\selenium-devtools-v104-4.4.0.jar;C:\Users\MSI\.m2\repository\org\seleniumhq\selenium\selenium-devtools-v85\4.4.0\selenium-devtools-v85-4.4.0.jar;C:\Users\MSI\.m2\repository\org\seleniumhq\selenium\selenium-opera-driver\4.4.0\selenium-opera-driver-4.4.0.jar;C:\Users\MSI\.m2\repository\org\seleniumhq\selenium\selenium-remote-driver\4.4.0\selenium-remote-driver-4.4.0.jar;C:\Users\MSI\.m2\repository\com\beust\jcommander\1.82\jcommander-1.82.jar;C:\Users\MSI\.m2\repository\io\netty\netty-buffer\4.1.78.Final\netty-buffer-4.1.78.Final.jar;C:\Users\MSI\.m2\repository\io\netty\netty-codec-http\4.1.78.Final\netty-codec-http-4.1.78.Final.jar;C:\Users\MSI\.m2\repository\io\netty\netty-codec\4.1.78.Final\netty-codec-4.1.78.Final.jar;C:\Users\MSI\.m2\repository\io\netty\netty-handler\4.1.78.Final\netty-handler-4.1.78.Final.jar;C:\Users\MSI\.m2\repository\io\netty\netty-common\4.1.78.Final\netty-common-4.1.78.Final.jar;C:\Users\MSI\.m2\repository\io\netty\netty-transport-classes-epoll\4.1.78.Final\netty-transport-classes-epoll-4.1.78.Final.jar;C:\Users\MSI\.m2\repository\io\netty\netty-transport-classes-kqueue\4.1.78.Final\netty-transport-classes-kqueue-4.1.78.Final.jar;C:\Users\MSI\.m2\repository\io\netty\netty-transport-native-epoll\4.1.78.Final\netty-transport-native-epoll-4.1.78.Final.jar;C:\Users\MSI\.m2\repository\io\netty\netty-transport-native-kqueue\4.1.78.Final\netty-transport-native-kqueue-4.1.78.Final.jar;C:\Users\MSI\.m2\repository\io\netty\netty-transport-native-unix-common\4.1.78.Final\netty-transport-native-unix-common-4.1.78.Final.jar;C:\Users\MSI\.m2\repository\io\netty\netty-transport\4.1.78.Final\netty-transport-4.1.78.Final.jar;C:\Users\MSI\.m2\repository\io\netty\netty-resolver\4.1.78.Final\netty-resolver-4.1.78.Final.jar;C:\Users\MSI\.m2\repository\io\opentelemetry\opentelemetry-api\1.16.0\opentelemetry-api-1.16.0.jar;C:\Users\MSI\.m2\repository\io\opentelemetry\opentelemetry-context\1.16.0\opentelemetry-context-1.16.0.jar;C:\Users\MSI\.m2\repository\io\opentelemetry\opentelemetry-exporter-logging\1.16.0\opentelemetry-exporter-logging-1.16.0.jar;C:\Users\MSI\.m2\repository\io\opentelemetry\opentelemetry-sdk-metrics\1.16.0\opentelemetry-sdk-metrics-1.16.0.jar;C:\Users\MSI\.m2\repository\io\opentelemetry\opentelemetry-sdk-logs\1.16.0-alpha\opentelemetry-sdk-logs-1.16.0-alpha.jar;C:\Users\MSI\.m2\repository\io\opentelemetry\opentelemetry-sdk-common\1.16.0\opentelemetry-sdk-common-1.16.0.jar;C:\Users\MSI\.m2\repository\io\opentelemetry\opentelemetry-sdk-extension-autoconfigure-spi\1.16.0\opentelemetry-sdk-extension-autoconfigure-spi-1.16.0.jar;C:\Users\MSI\.m2\repository\io\opentelemetry\opentelemetry-sdk-extension-autoconfigure\1.16.0-alpha\opentelemetry-sdk-extension-autoconfigure-1.16.0-alpha.jar;C:\Users\MSI\.m2\repository\io\opentelemetry\opentelemetry-sdk-trace\1.16.0\opentelemetry-sdk-trace-1.16.0.jar;C:\Users\MSI\.m2\repository\io\opentelemetry\opentelemetry-sdk\1.16.0\opentelemetry-sdk-1.16.0.jar;C:\Users\MSI\.m2\repository\io\opentelemetry\opentelemetry-semconv\1.16.0-alpha\opentelemetry-semconv-1.16.0-alpha.jar;C:\Users\MSI\.m2\repository\io\ous\jtoml\2.0.0\jtoml-2.0.0.jar;C:\Users\MSI\.m2\repository\org\apache\commons\commons-exec\1.3\commons-exec-1.3.jar;C:\Users\MSI\.m2\repository\org\asynchttpclient\async-http-client\2.12.3\async-http-client-2.12.3.jar;C:\Users\MSI\.m2\repository\org\asynchttpclient\async-http-client-netty-utils\2.12.3\async-http-client-netty-utils-2.12.3.jar;C:\Users\MSI\.m2\repository\io\netty\netty-codec-socks\4.1.60.Final\netty-codec-socks-4.1.60.Final.jar;C:\Users\MSI\.m2\repository\io\netty\netty-handler-proxy\4.1.60.Final\netty-handler-proxy-4.1.60.Final.jar;C:\Users\MSI\.m2\repository\io\netty\netty-transport-native-epoll\4.1.60.Final\netty-transport-native-epoll-4.1.60.Final-linux-x86_64.jar;C:\Users\MSI\.m2\repository\io\netty\netty-transport-native-kqueue\4.1.60.Final\netty-transport-native-kqueue-4.1.60.Final-osx-x86_64.jar;C:\Users\MSI\.m2\repository\org\reactivestreams\reactive-streams\1.0.3\reactive-streams-1.0.3.jar;C:\Users\MSI\.m2\repository\com\typesafe\netty\netty-reactive-streams\2.0.4\netty-reactive-streams-2.0.4.jar;C:\Users\MSI\.m2\repository\org\seleniumhq\selenium\selenium-http\4.4.0\selenium-http-4.4.0.jar;C:\Users\MSI\.m2\repository\dev\failsafe\failsafe\3.2.4\failsafe-3.2.4.jar;C:\Users\MSI\.m2\repository\org\seleniumhq\selenium\selenium-safari-driver\4.4.0\selenium-safari-driver-4.4.0.jar;C:\Users\MSI\.m2\repository\org\seleniumhq\selenium\selenium-api\4.4.0\selenium-api-4.4.0.jar;C:\Users\MSI\.m2\repository\org\seleniumhq\selenium\selenium-support\4.4.0\selenium-support-4.4.0.jar;C:\Users\MSI\.m2\repository\com\google\auto\service\auto-service-annotations\1.0.1\auto-service-annotations-1.0.1.jar;C:\Users\MSI\.m2\repository\com\google\auto\service\auto-service\1.0.1\auto-service-1.0.1.jar;C:\Users\MSI\.m2\repository\com\google\auto\auto-common\1.2\auto-common-1.2.jar;C:\Users\MSI\.m2\repository\org\seleniumhq\selenium\selenium-json\4.4.0\selenium-json-4.4.0.jar;C:\Users\MSI\.m2\repository\org\seleniumhq\selenium\selenium-chrome-driver\4.4.0\selenium-chrome-driver-4.4.0.jar;C:\Users\MSI\.m2\repository\org\seleniumhq\selenium\selenium-chromium-driver\4.4.0\selenium-chromium-driver-4.4.0.jar;C:\Users\MSI\.m2\repository\org\seleniumhq\selenium\selenium-firefox-driver\4.4.0\selenium-firefox-driver-4.4.0.jar;C:\Users\MSI\.m2\repository\org\seleniumhq\selenium\selenium-edge-driver\4.4.0\selenium-edge-driver-4.4.0.jar;C:\Users\MSI\.m2\repository\org\seleniumhq\selenium\selenium-ie-driver\4.4.0\selenium-ie-driver-4.4.0.jar;C:\Users\MSI\.m2\repository\org\projectlombok\lombok\1.18.20\lombok-1.18.20.jar;C:\Users\MSI\.m2\repository\io\appium\java-client\8.1.1\java-client-8.1.1.jar;C:\Users\MSI\.m2\repository\commons-validator\commons-validator\1.7\commons-validator-1.7.jar;C:\Users\MSI\.m2\repository\commons-digester\commons-digester\2.1\commons-digester-2.1.jar;C:\Users\MSI\.m2\repository\org\apache\groovy\groovy\4.0.1\groovy-4.0.1.jar;C:\Users\MSI\.m2\repository\net\sf\opencsv\opencsv\2.0\opencsv-2.0.jar;C:\Users\MSI\.m2\repository\commons-beanutils\commons-beanutils\1.9.4\commons-beanutils-1.9.4.jar;C:\Users\MSI\.m2\repository\org\apache\commons\commons-lang3\3.12.0\commons-lang3-3.12.0.jar;C:\Users\MSI\.m2\repository\commons-collections\commons-collections\3.2.2\commons-collections-3.2.2.jar;C:\Users\MSI\.m2\repository\org\fluentlenium\fluentlenium-core\0.10.2\fluentlenium-core-0.10.2.jar;C:\Users\MSI\.m2\repository\io\github\bonigarcia\webdrivermanager\5.2.1\webdrivermanager-5.2.1.jar;C:\Users\MSI\.m2\repository\com\github\docker-java\docker-java\3.2.13\docker-java-3.2.13.jar;C:\Users\MSI\.m2\repository\com\github\docker-java\docker-java-core\3.2.13\docker-java-core-3.2.13.jar;C:\Users\MSI\.m2\repository\com\github\docker-java\docker-java-api\3.2.13\docker-java-api-3.2.13.jar;C:\Users\MSI\.m2\repository\org\apache\commons\commons-compress\1.21\commons-compress-1.21.jar;C:\Users\MSI\.m2\repository\org\bouncycastle\bcpkix-jdk15on\1.64\bcpkix-jdk15on-1.64.jar;C:\Users\MSI\.m2\repository\org\bouncycastle\bcprov-jdk15on\1.64\bcprov-jdk15on-1.64.jar;C:\Users\MSI\.m2\repository\org\slf4j\jcl-over-slf4j\1.7.30\jcl-over-slf4j-1.7.30.jar;C:\Users\MSI\.m2\repository\com\github\docker-java\docker-java-transport-httpclient5\3.2.13\docker-java-transport-httpclient5-3.2.13.jar;C:\Users\MSI\.m2\repository\com\github\docker-java\docker-java-transport\3.2.13\docker-java-transport-3.2.13.jar;C:\Users\MSI\.m2\repository\net\java\dev\jna\jna\5.8.0\jna-5.8.0.jar;C:\Users\MSI\.m2\repository\org\brotli\dec\0.1.2\dec-0.1.2.jar;C:\Users\MSI\.m2\repository\org\apache\httpcomponents\client5\httpclient5\5.1.3\httpclient5-5.1.3.jar;C:\Users\MSI\.m2\repository\org\apache\httpcomponents\core5\httpcore5\5.1.3\httpcore5-5.1.3.jar;C:\Users\MSI\.m2\repository\org\apache\httpcomponents\core5\httpcore5-h2\5.1.3\httpcore5-h2-5.1.3.jar;C:\Users\MSI\.m2\repository\com\jhlabs\filters\2.0.235\filters-2.0.235.jar;C:\Users\MSI\.m2\repository\com\paulhammant\ngwebdriver\1.1.6\ngwebdriver-1.1.6.jar;C:\Users\MSI\.m2\repository\joda-time\joda-time\2.8.2\joda-time-2.8.2.jar;C:\Users\MSI\.m2\repository\org\hamcrest\hamcrest\2.2\hamcrest-2.2.jar;C:\Users\MSI\.m2\repository\com\google\jimfs\jimfs\1.2\jimfs-1.2.jar;C:\Users\MSI\.m2\repository\org\mockito\mockito-core\3.3.3\mockito-core-3.3.3.jar;C:\Users\MSI\.m2\repository\javax\xml\bind\jaxb-api\2.3.1\jaxb-api-2.3.1.jar;C:\Users\MSI\.m2\repository\javax\activation\javax.activation-api\1.2.0\javax.activation-api-1.2.0.jar;C:\Users\MSI\.m2\repository\com\sun\xml\bind\jaxb-core\2.3.0.1\jaxb-core-2.3.0.1.jar;C:\Users\MSI\.m2\repository\com\sun\xml\bind\jaxb-impl\2.3.3\jaxb-impl-2.3.3.jar;C:\Users\MSI\.m2\repository\jakarta\xml\bind\jakarta.xml.bind-api\2.3.3\jakarta.xml.bind-api-2.3.3.jar;C:\Users\MSI\.m2\repository\com\sun\activation\jakarta.activation\1.2.2\jakarta.activation-1.2.2.jar;C:\Users\MSI\.m2\repository\javax\activation\activation\1.1.1\activation-1.1.1.jar;C:\Users\MSI\.m2\repository\net\serenity-bdd\serenity-cucumber\3.3.4\serenity-cucumber-3.3.4.jar;C:\Users\MSI\.m2\repository\io\cucumber\cucumber-core\7.4.1\cucumber-core-7.4.1.jar;C:\Users\MSI\.m2\repository\io\cucumber\cucumber-gherkin\7.4.1\cucumber-gherkin-7.4.1.jar;C:\Users\MSI\.m2\repository\io\cucumber\cucumber-gherkin-messages\7.4.1\cucumber-gherkin-messages-7.4.1.jar;C:\Users\MSI\.m2\repository\io\cucumber\gherkin\23.0.1\gherkin-23.0.1.jar;C:\Users\MSI\.m2\repository\io\cucumber\messages\18.0.0\messages-18.0.0.jar;C:\Users\MSI\.m2\repository\io\cucumber\tag-expressions\4.1.0\tag-expressions-4.1.0.jar;C:\Users\MSI\.m2\repository\io\cucumber\cucumber-expressions\16.0.0\cucumber-expressions-16.0.0.jar;C:\Users\MSI\.m2\repository\io\cucumber\datatable\7.4.1\datatable-7.4.1.jar;C:\Users\MSI\.m2\repository\io\cucumber\cucumber-plugin\7.4.1\cucumber-plugin-7.4.1.jar;C:\Users\MSI\.m2\repository\io\cucumber\docstring\7.4.1\docstring-7.4.1.jar;C:\Users\MSI\.m2\repository\io\cucumber\html-formatter\19.2.0\html-formatter-19.2.0.jar;C:\Users\MSI\.m2\repository\io\cucumber\ci-environment\9.0.4\ci-environment-9.0.4.jar;C:\Users\MSI\.m2\repository\io\cucumber\cucumber-java\7.4.1\cucumber-java-7.4.1.jar;C:\Users\MSI\.m2\repository\io\cucumber\cucumber-junit\7.4.1\cucumber-junit-7.4.1.jar;C:\Users\MSI\.m2\repository\org\apache\commons\commons-csv\1.5\commons-csv-1.5.jar;C:\Users\MSI\.m2\repository\net\serenity-bdd\serenity-screenplay\3.3.4\serenity-screenplay-3.3.4.jar;C:\Users\MSI\.m2\repository\net\serenity-bdd\serenity-screenplay-webdriver\3.3.4\serenity-screenplay-webdriver-3.3.4.jar;C:\Users\MSI\.m2\repository\net\serenity-bdd\serenity-ensure\3.3.4\serenity-ensure-3.3.4.jar;C:\Users\MSI\.m2\repository\net\serenity-bdd\serenity-junit\3.3.4\serenity-junit-3.3.4.jar;C:\Users\MSI\.m2\repository\org\jetbrains\kotlin\kotlin-stdlib\1.7.10\kotlin-stdlib-1.7.10.jar;C:\Users\MSI\.m2\repository\org\jetbrains\kotlin\kotlin-stdlib-common\1.7.10\kotlin-stdlib-common-1.7.10.jar;C:\Users\MSI\.m2\repository\org\jetbrains\annotations\13.0\annotations-13.0.jar;C:\Users\MSI\.m2\repository\org\junit\platform\junit-platform-launcher\1.8.2\junit-platform-launcher-1.8.2.jar;C:\Users\MSI\.m2\repository\org\junit\platform\junit-platform-engine\1.8.2\junit-platform-engine-1.8.2.jar;C:\Users\MSI\.m2\repository\org\opentest4j\opentest4j\1.2.0\opentest4j-1.2.0.jar;C:\Users\MSI\.m2\repository\org\junit\platform\junit-platform-commons\1.8.2\junit-platform-commons-1.8.2.jar;C:\Users\MSI\.m2\repository\org\apiguardian\apiguardian-api\1.1.2\apiguardian-api-1.1.2.jar;C:\Users\MSI\.m2\repository\org\junit\jupiter\junit-jupiter-engine\5.8.2\junit-jupiter-engine-5.8.2.jar;C:\Users\MSI\.m2\repository\org\junit\jupiter\junit-jupiter-api\5.8.2\junit-jupiter-api-5.8.2.jar;C:\Users\MSI\.m2\repository\org\junit\vintage\junit-vintage-engine\5.8.2\junit-vintage-engine-5.8.2.jar;C:\Users\MSI\.m2\repository\junit\junit\4.13.2\junit-4.13.2.jar;C:\Users\MSI\.m2\repository\org\hamcrest\hamcrest-core\1.3\hamcrest-core-1.3.jar;C:\Users\MSI\.m2\repository\ch\qos\logback\logback-classic\1.2.10\logback-classic-1.2.10.jar;C:\Users\MSI\.m2\repository\ch\qos\logback\logback-core\1.2.10\logback-core-1.2.10.jar;C:\Users\MSI\.m2\repository\org\slf4j\slf4j-api\1.7.32\slf4j-api-1.7.32.jar;C:\Users\MSI\.m2\repository\org\assertj\assertj-core\3.23.1\assertj-core-3.23.1.jar;C:\Users\MSI\.m2\repository\net\bytebuddy\byte-buddy\1.12.10\byte-buddy-1.12.10.jar;"/>
    <property name="java.vm.vendor" value="Oracle Corporation"/>
    <property name="sun.arch.data.model" value="64"/>
    <property name="user.variant" value=""/>
    <property name="java.vendor.url" value="https://openjdk.java.net/"/>
    <property name="user.timezone" value="America/Bogota"/>
    <property name="log4j2.formatMsgNoLookups" value="true"/>
    <property name="java.vm.specification.version" value="11"/>
    <property name="os.name" value="Windows 11"/>
    <property name="sun.java.launcher" value="SUN_STANDARD"/>
    <property name="user.country" value="PE"/>
    <property name="sun.boot.library.path" value="C:\Program Files\Java\jdk-11.0.15\bin"/>
    <property name="sun.java.command" value="org.apache.maven.surefire.booter.ForkedBooter C:\Users\MSI\AppData\Local\Temp\surefire12139445972075515562 2023-01-11T19-44-53_584-jvmRun1 surefire6485955376877278820tmp surefire_012631956789388944743tmp"/>
    <property name="jdk.debug" value="release"/>
    <property name="surefire.test.class.path" value="C:\Users\MSI\Downloads\serenityBDD-master\ProyectoSerenityBDD\target\test-classes;C:\Users\MSI\.m2\repository\net\serenity-bdd\serenity-core\3.3.4\serenity-core-3.3.4.jar;C:\Users\MSI\.m2\repository\net\serenity-bdd\serenity-model\3.3.4\serenity-model-3.3.4.jar;C:\Users\MSI\.m2\repository\org\apache\commons\commons-text\1.9\commons-text-1.9.jar;C:\Users\MSI\.m2\repository\commons-net\commons-net\3.8.0\commons-net-3.8.0.jar;C:\Users\MSI\.m2\repository\com\google\guava\guava\31.1-jre\guava-31.1-jre.jar;C:\Users\MSI\.m2\repository\com\google\guava\failureaccess\1.0.1\failureaccess-1.0.1.jar;C:\Users\MSI\.m2\repository\com\google\guava\listenablefuture\9999.0-empty-to-avoid-conflict-with-guava\listenablefuture-9999.0-empty-to-avoid-conflict-with-guava.jar;C:\Users\MSI\.m2\repository\com\google\code\findbugs\jsr305\3.0.2\jsr305-3.0.2.jar;C:\Users\MSI\.m2\repository\org\checkerframework\checker-qual\3.12.0\checker-qual-3.12.0.jar;C:\Users\MSI\.m2\repository\com\google\errorprone\error_prone_annotations\2.11.0\error_prone_annotations-2.11.0.jar;C:\Users\MSI\.m2\repository\com\google\j2objc\j2objc-annotations\1.3\j2objc-annotations-1.3.jar;C:\Users\MSI\.m2\repository\com\google\inject\guice\5.1.0\guice-5.1.0.jar;C:\Users\MSI\.m2\repository\javax\inject\javax.inject\1\javax.inject-1.jar;C:\Users\MSI\.m2\repository\aopalliance\aopalliance\1.0\aopalliance-1.0.jar;C:\Users\MSI\.m2\repository\org\jsoup\jsoup\1.14.3\jsoup-1.14.3.jar;C:\Users\MSI\.m2\repository\com\thoughtworks\xstream\xstream\1.4.19\xstream-1.4.19.jar;C:\Users\MSI\.m2\repository\io\github\x-stream\mxparser\1.2.2\mxparser-1.2.2.jar;C:\Users\MSI\.m2\repository\xmlpull\xmlpull\1.1.3.1\xmlpull-1.1.3.1.jar;C:\Users\MSI\.m2\repository\com\typesafe\config\1.4.2\config-1.4.2.jar;C:\Users\MSI\.m2\repository\org\imgscalr\imgscalr-lib\4.2\imgscalr-lib-4.2.jar;C:\Users\MSI\.m2\repository\org\awaitility\awaitility\4.2.0\awaitility-4.2.0.jar;C:\Users\MSI\.m2\repository\org\freemarker\freemarker\2.3.31\freemarker-2.3.31.jar;C:\Users\MSI\.m2\repository\io\github\classgraph\classgraph\4.8.138\classgraph-4.8.138.jar;C:\Users\MSI\.m2\repository\net\sourceforge\jexcelapi\jxl\2.6.12\jxl-2.6.12.jar;C:\Users\MSI\.m2\repository\net\bytebuddy\byte-buddy-agent\1.12.12\byte-buddy-agent-1.12.12.jar;C:\Users\MSI\.m2\repository\org\objenesis\objenesis\3.1\objenesis-3.1.jar;C:\Users\MSI\.m2\repository\net\serenity-bdd\serenity-reports\3.3.4\serenity-reports-3.3.4.jar;C:\Users\MSI\.m2\repository\net\serenity-bdd\serenity-stats\3.3.4\serenity-stats-3.3.4.jar;C:\Users\MSI\.m2\repository\net\serenity-bdd\serenity-reports-configuration\3.3.4\serenity-reports-configuration-3.3.4.jar;C:\Users\MSI\.m2\repository\com\vladsch\flexmark\flexmark-all\0.34.30\flexmark-all-0.34.30.jar;C:\Users\MSI\.m2\repository\com\vladsch\flexmark\flexmark\0.34.30\flexmark-0.34.30.jar;C:\Users\MSI\.m2\repository\com\vladsch\flexmark\flexmark-ext-abbreviation\0.34.30\flexmark-ext-abbreviation-0.34.30.jar;C:\Users\MSI\.m2\repository\com\vladsch\flexmark\flexmark-ext-admonition\0.34.30\flexmark-ext-admonition-0.34.30.jar;C:\Users\MSI\.m2\repository\com\vladsch\flexmark\flexmark-ext-anchorlink\0.34.30\flexmark-ext-anchorlink-0.34.30.jar;C:\Users\MSI\.m2\repository\com\vladsch\flexmark\flexmark-ext-aside\0.34.30\flexmark-ext-aside-0.34.30.jar;C:\Users\MSI\.m2\repository\com\vladsch\flexmark\flexmark-ext-attributes\0.34.30\flexmark-ext-attributes-0.34.30.jar;C:\Users\MSI\.m2\repository\com\vladsch\flexmark\flexmark-ext-autolink\0.34.30\flexmark-ext-autolink-0.34.30.jar;C:\Users\MSI\.m2\repository\org\nibor\autolink\autolink\0.6.0\autolink-0.6.0.jar;C:\Users\MSI\.m2\repository\com\vladsch\flexmark\flexmark-ext-definition\0.34.30\flexmark-ext-definition-0.34.30.jar;C:\Users\MSI\.m2\repository\com\vladsch\flexmark\flexmark-ext-emoji\0.34.30\flexmark-ext-emoji-0.34.30.jar;C:\Users\MSI\.m2\repository\com\vladsch\flexmark\flexmark-ext-enumerated-reference\0.34.30\flexmark-ext-enumerated-reference-0.34.30.jar;C:\Users\MSI\.m2\repository\com\vladsch\flexmark\flexmark-ext-escaped-character\0.34.30\flexmark-ext-escaped-character-0.34.30.jar;C:\Users\MSI\.m2\repository\com\vladsch\flexmark\flexmark-ext-footnotes\0.34.30\flexmark-ext-footnotes-0.34.30.jar;C:\Users\MSI\.m2\repository\com\vladsch\flexmark\flexmark-ext-gfm-issues\0.34.30\flexmark-ext-gfm-issues-0.34.30.jar;C:\Users\MSI\.m2\repository\com\vladsch\flexmark\flexmark-ext-gfm-strikethrough\0.34.30\flexmark-ext-gfm-strikethrough-0.34.30.jar;C:\Users\MSI\.m2\repository\com\vladsch\flexmark\flexmark-ext-gfm-tables\0.34.30\flexmark-ext-gfm-tables-0.34.30.jar;C:\Users\MSI\.m2\repository\com\vladsch\flexmark\flexmark-ext-gfm-tasklist\0.34.30\flexmark-ext-gfm-tasklist-0.34.30.jar;C:\Users\MSI\.m2\repository\com\vladsch\flexmark\flexmark-ext-gfm-users\0.34.30\flexmark-ext-gfm-users-0.34.30.jar;C:\Users\MSI\.m2\repository\com\vladsch\flexmark\flexmark-ext-gitlab\0.34.30\flexmark-ext-gitlab-0.34.30.jar;C:\Users\MSI\.m2\repository\com\vladsch\flexmark\flexmark-ext-jekyll-front-matter\0.34.30\flexmark-ext-jekyll-front-matter-0.34.30.jar;C:\Users\MSI\.m2\repository\com\vladsch\flexmark\flexmark-ext-jekyll-tag\0.34.30\flexmark-ext-jekyll-tag-0.34.30.jar;C:\Users\MSI\.m2\repository\com\vladsch\flexmark\flexmark-ext-media-tags\0.34.30\flexmark-ext-media-tags-0.34.30.jar;C:\Users\MSI\.m2\repository\com\vladsch\flexmark\flexmark-test-util\0.34.30\flexmark-test-util-0.34.30.jar;C:\Users\MSI\.m2\repository\com\vladsch\flexmark\flexmark-ext-ins\0.34.30\flexmark-ext-ins-0.34.30.jar;C:\Users\MSI\.m2\repository\com\vladsch\flexmark\flexmark-ext-xwiki-macros\0.34.30\flexmark-ext-xwiki-macros-0.34.30.jar;C:\Users\MSI\.m2\repository\com\vladsch\flexmark\flexmark-ext-superscript\0.34.30\flexmark-ext-superscript-0.34.30.jar;C:\Users\MSI\.m2\repository\com\vladsch\flexmark\flexmark-ext-tables\0.34.30\flexmark-ext-tables-0.34.30.jar;C:\Users\MSI\.m2\repository\com\vladsch\flexmark\flexmark-ext-toc\0.34.30\flexmark-ext-toc-0.34.30.jar;C:\Users\MSI\.m2\repository\com\vladsch\flexmark\flexmark-ext-typographic\0.34.30\flexmark-ext-typographic-0.34.30.jar;C:\Users\MSI\.m2\repository\com\vladsch\flexmark\flexmark-ext-wikilink\0.34.30\flexmark-ext-wikilink-0.34.30.jar;C:\Users\MSI\.m2\repository\com\vladsch\flexmark\flexmark-ext-yaml-front-matter\0.34.30\flexmark-ext-yaml-front-matter-0.34.30.jar;C:\Users\MSI\.m2\repository\com\vladsch\flexmark\flexmark-ext-youtube-embedded\0.34.30\flexmark-ext-youtube-embedded-0.34.30.jar;C:\Users\MSI\.m2\repository\com\vladsch\flexmark\flexmark-formatter\0.34.30\flexmark-formatter-0.34.30.jar;C:\Users\MSI\.m2\repository\com\vladsch\flexmark\flexmark-html-parser\0.34.30\flexmark-html-parser-0.34.30.jar;C:\Users\MSI\.m2\repository\com\vladsch\flexmark\flexmark-jira-converter\0.34.30\flexmark-jira-converter-0.34.30.jar;C:\Users\MSI\.m2\repository\com\vladsch\flexmark\flexmark-pdf-converter\0.34.30\flexmark-pdf-converter-0.34.30.jar;C:\Users\MSI\.m2\repository\com\openhtmltopdf\openhtmltopdf-core\0.0.1-RC13\openhtmltopdf-core-0.0.1-RC13.jar;C:\Users\MSI\.m2\repository\com\openhtmltopdf\openhtmltopdf-pdfbox\0.0.1-RC13\openhtmltopdf-pdfbox-0.0.1-RC13.jar;C:\Users\MSI\.m2\repository\org\apache\pdfbox\pdfbox\2.0.8\pdfbox-2.0.8.jar;C:\Users\MSI\.m2\repository\org\apache\pdfbox\fontbox\2.0.8\fontbox-2.0.8.jar;C:\Users\MSI\.m2\repository\org\apache\pdfbox\xmpbox\2.0.8\xmpbox-2.0.8.jar;C:\Users\MSI\.m2\repository\de\rototor\pdfbox\graphics2d\0.12\graphics2d-0.12.jar;C:\Users\MSI\.m2\repository\com\openhtmltopdf\openhtmltopdf-rtl-support\0.0.1-RC13\openhtmltopdf-rtl-support-0.0.1-RC13.jar;C:\Users\MSI\.m2\repository\com\ibm\icu\icu4j\59.1\icu4j-59.1.jar;C:\Users\MSI\.m2\repository\com\openhtmltopdf\openhtmltopdf-jsoup-dom-converter\0.0.1-RC13\openhtmltopdf-jsoup-dom-converter-0.0.1-RC13.jar;C:\Users\MSI\.m2\repository\com\vladsch\flexmark\flexmark-profile-pegdown\0.34.30\flexmark-profile-pegdown-0.34.30.jar;C:\Users\MSI\.m2\repository\com\vladsch\flexmark\flexmark-util\0.34.30\flexmark-util-0.34.30.jar;C:\Users\MSI\.m2\repository\com\vladsch\flexmark\flexmark-youtrack-converter\0.34.30\flexmark-youtrack-converter-0.34.30.jar;C:\Users\MSI\.m2\repository\es\nitaur\markdown\txtmark\0.16\txtmark-0.16.jar;C:\Users\MSI\.m2\repository\net\serenity-bdd\serenity-report-resources\3.3.4\serenity-report-resources-3.3.4.jar;C:\Users\MSI\.m2\repository\com\google\code\gson\gson\2.9.0\gson-2.9.0.jar;C:\Users\MSI\.m2\repository\com\fasterxml\jackson\core\jackson-core\2.13.3\jackson-core-2.13.3.jar;C:\Users\MSI\.m2\repository\com\fasterxml\jackson\core\jackson-databind\2.13.3\jackson-databind-2.13.3.jar;C:\Users\MSI\.m2\repository\com\fasterxml\jackson\core\jackson-annotations\2.13.3\jackson-annotations-2.13.3.jar;C:\Users\MSI\.m2\repository\commons-codec\commons-codec\1.15\commons-codec-1.15.jar;C:\Users\MSI\.m2\repository\commons-io\commons-io\2.11.0\commons-io-2.11.0.jar;C:\Users\MSI\.m2\repository\org\apache\httpcomponents\httpclient\4.5.13\httpclient-4.5.13.jar;C:\Users\MSI\.m2\repository\org\apache\httpcomponents\httpcore\4.4.13\httpcore-4.4.13.jar;C:\Users\MSI\.m2\repository\commons-logging\commons-logging\1.2\commons-logging-1.2.jar;C:\Users\MSI\.m2\repository\org\seleniumhq\selenium\selenium-java\4.4.0\selenium-java-4.4.0.jar;C:\Users\MSI\.m2\repository\org\seleniumhq\selenium\selenium-devtools-v102\4.4.0\selenium-devtools-v102-4.4.0.jar;C:\Users\MSI\.m2\repository\org\seleniumhq\selenium\selenium-devtools-v103\4.4.0\selenium-devtools-v103-4.4.0.jar;C:\Users\MSI\.m2\repository\org\seleniumhq\selenium\selenium-devtools-v104\4.4.0\selenium-devtools-v104-4.4.0.jar;C:\Users\MSI\.m2\repository\org\seleniumhq\selenium\selenium-devtools-v85\4.4.0\selenium-devtools-v85-4.4.0.jar;C:\Users\MSI\.m2\repository\org\seleniumhq\selenium\selenium-opera-driver\4.4.0\selenium-opera-driver-4.4.0.jar;C:\Users\MSI\.m2\repository\org\seleniumhq\selenium\selenium-remote-driver\4.4.0\selenium-remote-driver-4.4.0.jar;C:\Users\MSI\.m2\repository\com\beust\jcommander\1.82\jcommander-1.82.jar;C:\Users\MSI\.m2\repository\io\netty\netty-buffer\4.1.78.Final\netty-buffer-4.1.78.Final.jar;C:\Users\MSI\.m2\repository\io\netty\netty-codec-http\4.1.78.Final\netty-codec-http-4.1.78.Final.jar;C:\Users\MSI\.m2\repository\io\netty\netty-codec\4.1.78.Final\netty-codec-4.1.78.Final.jar;C:\Users\MSI\.m2\repository\io\netty\netty-handler\4.1.78.Final\netty-handler-4.1.78.Final.jar;C:\Users\MSI\.m2\repository\io\netty\netty-common\4.1.78.Final\netty-common-4.1.78.Final.jar;C:\Users\MSI\.m2\repository\io\netty\netty-transport-classes-epoll\4.1.78.Final\netty-transport-classes-epoll-4.1.78.Final.jar;C:\Users\MSI\.m2\repository\io\netty\netty-transport-classes-kqueue\4.1.78.Final\netty-transport-classes-kqueue-4.1.78.Final.jar;C:\Users\MSI\.m2\repository\io\netty\netty-transport-native-epoll\4.1.78.Final\netty-transport-native-epoll-4.1.78.Final.jar;C:\Users\MSI\.m2\repository\io\netty\netty-transport-native-kqueue\4.1.78.Final\netty-transport-native-kqueue-4.1.78.Final.jar;C:\Users\MSI\.m2\repository\io\netty\netty-transport-native-unix-common\4.1.78.Final\netty-transport-native-unix-common-4.1.78.Final.jar;C:\Users\MSI\.m2\repository\io\netty\netty-transport\4.1.78.Final\netty-transport-4.1.78.Final.jar;C:\Users\MSI\.m2\repository\io\netty\netty-resolver\4.1.78.Final\netty-resolver-4.1.78.Final.jar;C:\Users\MSI\.m2\repository\io\opentelemetry\opentelemetry-api\1.16.0\opentelemetry-api-1.16.0.jar;C:\Users\MSI\.m2\repository\io\opentelemetry\opentelemetry-context\1.16.0\opentelemetry-context-1.16.0.jar;C:\Users\MSI\.m2\repository\io\opentelemetry\opentelemetry-exporter-logging\1.16.0\opentelemetry-exporter-logging-1.16.0.jar;C:\Users\MSI\.m2\repository\io\opentelemetry\opentelemetry-sdk-metrics\1.16.0\opentelemetry-sdk-metrics-1.16.0.jar;C:\Users\MSI\.m2\repository\io\opentelemetry\opentelemetry-sdk-logs\1.16.0-alpha\opentelemetry-sdk-logs-1.16.0-alpha.jar;C:\Users\MSI\.m2\repository\io\opentelemetry\opentelemetry-sdk-common\1.16.0\opentelemetry-sdk-common-1.16.0.jar;C:\Users\MSI\.m2\repository\io\opentelemetry\opentelemetry-sdk-extension-autoconfigure-spi\1.16.0\opentelemetry-sdk-extension-autoconfigure-spi-1.16.0.jar;C:\Users\MSI\.m2\repository\io\opentelemetry\opentelemetry-sdk-extension-autoconfigure\1.16.0-alpha\opentelemetry-sdk-extension-autoconfigure-1.16.0-alpha.jar;C:\Users\MSI\.m2\repository\io\opentelemetry\opentelemetry-sdk-trace\1.16.0\opentelemetry-sdk-trace-1.16.0.jar;C:\Users\MSI\.m2\repository\io\opentelemetry\opentelemetry-sdk\1.16.0\opentelemetry-sdk-1.16.0.jar;C:\Users\MSI\.m2\repository\io\opentelemetry\opentelemetry-semconv\1.16.0-alpha\opentelemetry-semconv-1.16.0-alpha.jar;C:\Users\MSI\.m2\repository\io\ous\jtoml\2.0.0\jtoml-2.0.0.jar;C:\Users\MSI\.m2\repository\org\apache\commons\commons-exec\1.3\commons-exec-1.3.jar;C:\Users\MSI\.m2\repository\org\asynchttpclient\async-http-client\2.12.3\async-http-client-2.12.3.jar;C:\Users\MSI\.m2\repository\org\asynchttpclient\async-http-client-netty-utils\2.12.3\async-http-client-netty-utils-2.12.3.jar;C:\Users\MSI\.m2\repository\io\netty\netty-codec-socks\4.1.60.Final\netty-codec-socks-4.1.60.Final.jar;C:\Users\MSI\.m2\repository\io\netty\netty-handler-proxy\4.1.60.Final\netty-handler-proxy-4.1.60.Final.jar;C:\Users\MSI\.m2\repository\io\netty\netty-transport-native-epoll\4.1.60.Final\netty-transport-native-epoll-4.1.60.Final-linux-x86_64.jar;C:\Users\MSI\.m2\repository\io\netty\netty-transport-native-kqueue\4.1.60.Final\netty-transport-native-kqueue-4.1.60.Final-osx-x86_64.jar;C:\Users\MSI\.m2\repository\org\reactivestreams\reactive-streams\1.0.3\reactive-streams-1.0.3.jar;C:\Users\MSI\.m2\repository\com\typesafe\netty\netty-reactive-streams\2.0.4\netty-reactive-streams-2.0.4.jar;C:\Users\MSI\.m2\repository\org\seleniumhq\selenium\selenium-http\4.4.0\selenium-http-4.4.0.jar;C:\Users\MSI\.m2\repository\dev\failsafe\failsafe\3.2.4\failsafe-3.2.4.jar;C:\Users\MSI\.m2\repository\org\seleniumhq\selenium\selenium-safari-driver\4.4.0\selenium-safari-driver-4.4.0.jar;C:\Users\MSI\.m2\repository\org\seleniumhq\selenium\selenium-api\4.4.0\selenium-api-4.4.0.jar;C:\Users\MSI\.m2\repository\org\seleniumhq\selenium\selenium-support\4.4.0\selenium-support-4.4.0.jar;C:\Users\MSI\.m2\repository\com\google\auto\service\auto-service-annotations\1.0.1\auto-service-annotations-1.0.1.jar;C:\Users\MSI\.m2\repository\com\google\auto\service\auto-service\1.0.1\auto-service-1.0.1.jar;C:\Users\MSI\.m2\repository\com\google\auto\auto-common\1.2\auto-common-1.2.jar;C:\Users\MSI\.m2\repository\org\seleniumhq\selenium\selenium-json\4.4.0\selenium-json-4.4.0.jar;C:\Users\MSI\.m2\repository\org\seleniumhq\selenium\selenium-chrome-driver\4.4.0\selenium-chrome-driver-4.4.0.jar;C:\Users\MSI\.m2\repository\org\seleniumhq\selenium\selenium-chromium-driver\4.4.0\selenium-chromium-driver-4.4.0.jar;C:\Users\MSI\.m2\repository\org\seleniumhq\selenium\selenium-firefox-driver\4.4.0\selenium-firefox-driver-4.4.0.jar;C:\Users\MSI\.m2\repository\org\seleniumhq\selenium\selenium-edge-driver\4.4.0\selenium-edge-driver-4.4.0.jar;C:\Users\MSI\.m2\repository\org\seleniumhq\selenium\selenium-ie-driver\4.4.0\selenium-ie-driver-4.4.0.jar;C:\Users\MSI\.m2\repository\org\projectlombok\lombok\1.18.20\lombok-1.18.20.jar;C:\Users\MSI\.m2\repository\io\appium\java-client\8.1.1\java-client-8.1.1.jar;C:\Users\MSI\.m2\repository\commons-validator\commons-validator\1.7\commons-validator-1.7.jar;C:\Users\MSI\.m2\repository\commons-digester\commons-digester\2.1\commons-digester-2.1.jar;C:\Users\MSI\.m2\repository\org\apache\groovy\groovy\4.0.1\groovy-4.0.1.jar;C:\Users\MSI\.m2\repository\net\sf\opencsv\opencsv\2.0\opencsv-2.0.jar;C:\Users\MSI\.m2\repository\commons-beanutils\commons-beanutils\1.9.4\commons-beanutils-1.9.4.jar;C:\Users\MSI\.m2\repository\org\apache\commons\commons-lang3\3.12.0\commons-lang3-3.12.0.jar;C:\Users\MSI\.m2\repository\commons-collections\commons-collections\3.2.2\commons-collections-3.2.2.jar;C:\Users\MSI\.m2\repository\org\fluentlenium\fluentlenium-core\0.10.2\fluentlenium-core-0.10.2.jar;C:\Users\MSI\.m2\repository\io\github\bonigarcia\webdrivermanager\5.2.1\webdrivermanager-5.2.1.jar;C:\Users\MSI\.m2\repository\com\github\docker-java\docker-java\3.2.13\docker-java-3.2.13.jar;C:\Users\MSI\.m2\repository\com\github\docker-java\docker-java-core\3.2.13\docker-java-core-3.2.13.jar;C:\Users\MSI\.m2\repository\com\github\docker-java\docker-java-api\3.2.13\docker-java-api-3.2.13.jar;C:\Users\MSI\.m2\repository\org\apache\commons\commons-compress\1.21\commons-compress-1.21.jar;C:\Users\MSI\.m2\repository\org\bouncycastle\bcpkix-jdk15on\1.64\bcpkix-jdk15on-1.64.jar;C:\Users\MSI\.m2\repository\org\bouncycastle\bcprov-jdk15on\1.64\bcprov-jdk15on-1.64.jar;C:\Users\MSI\.m2\repository\org\slf4j\jcl-over-slf4j\1.7.30\jcl-over-slf4j-1.7.30.jar;C:\Users\MSI\.m2\repository\com\github\docker-java\docker-java-transport-httpclient5\3.2.13\docker-java-transport-httpclient5-3.2.13.jar;C:\Users\MSI\.m2\repository\com\github\docker-java\docker-java-transport\3.2.13\docker-java-transport-3.2.13.jar;C:\Users\MSI\.m2\repository\net\java\dev\jna\jna\5.8.0\jna-5.8.0.jar;C:\Users\MSI\.m2\repository\org\brotli\dec\0.1.2\dec-0.1.2.jar;C:\Users\MSI\.m2\repository\org\apache\httpcomponents\client5\httpclient5\5.1.3\httpclient5-5.1.3.jar;C:\Users\MSI\.m2\repository\org\apache\httpcomponents\core5\httpcore5\5.1.3\httpcore5-5.1.3.jar;C:\Users\MSI\.m2\repository\org\apache\httpcomponents\core5\httpcore5-h2\5.1.3\httpcore5-h2-5.1.3.jar;C:\Users\MSI\.m2\repository\com\jhlabs\filters\2.0.235\filters-2.0.235.jar;C:\Users\MSI\.m2\repository\com\paulhammant\ngwebdriver\1.1.6\ngwebdriver-1.1.6.jar;C:\Users\MSI\.m2\repository\joda-time\joda-time\2.8.2\joda-time-2.8.2.jar;C:\Users\MSI\.m2\repository\org\hamcrest\hamcrest\2.2\hamcrest-2.2.jar;C:\Users\MSI\.m2\repository\com\google\jimfs\jimfs\1.2\jimfs-1.2.jar;C:\Users\MSI\.m2\repository\org\mockito\mockito-core\3.3.3\mockito-core-3.3.3.jar;C:\Users\MSI\.m2\repository\javax\xml\bind\jaxb-api\2.3.1\jaxb-api-2.3.1.jar;C:\Users\MSI\.m2\repository\javax\activation\javax.activation-api\1.2.0\javax.activation-api-1.2.0.jar;C:\Users\MSI\.m2\repository\com\sun\xml\bind\jaxb-core\2.3.0.1\jaxb-core-2.3.0.1.jar;C:\Users\MSI\.m2\repository\com\sun\xml\bind\jaxb-impl\2.3.3\jaxb-impl-2.3.3.jar;C:\Users\MSI\.m2\repository\jakarta\xml\bind\jakarta.xml.bind-api\2.3.3\jakarta.xml.bind-api-2.3.3.jar;C:\Users\MSI\.m2\repository\com\sun\activation\jakarta.activation\1.2.2\jakarta.activation-1.2.2.jar;C:\Users\MSI\.m2\repository\javax\activation\activation\1.1.1\activation-1.1.1.jar;C:\Users\MSI\.m2\repository\net\serenity-bdd\serenity-cucumber\3.3.4\serenity-cucumber-3.3.4.jar;C:\Users\MSI\.m2\repository\io\cucumber\cucumber-core\7.4.1\cucumber-core-7.4.1.jar;C:\Users\MSI\.m2\repository\io\cucumber\cucumber-gherkin\7.4.1\cucumber-gherkin-7.4.1.jar;C:\Users\MSI\.m2\repository\io\cucumber\cucumber-gherkin-messages\7.4.1\cucumber-gherkin-messages-7.4.1.jar;C:\Users\MSI\.m2\repository\io\cucumber\gherkin\23.0.1\gherkin-23.0.1.jar;C:\Users\MSI\.m2\repository\io\cucumber\messages\18.0.0\messages-18.0.0.jar;C:\Users\MSI\.m2\repository\io\cucumber\tag-expressions\4.1.0\tag-expressions-4.1.0.jar;C:\Users\MSI\.m2\repository\io\cucumber\cucumber-expressions\16.0.0\cucumber-expressions-16.0.0.jar;C:\Users\MSI\.m2\repository\io\cucumber\datatable\7.4.1\datatable-7.4.1.jar;C:\Users\MSI\.m2\repository\io\cucumber\cucumber-plugin\7.4.1\cucumber-plugin-7.4.1.jar;C:\Users\MSI\.m2\repository\io\cucumber\docstring\7.4.1\docstring-7.4.1.jar;C:\Users\MSI\.m2\repository\io\cucumber\html-formatter\19.2.0\html-formatter-19.2.0.jar;C:\Users\MSI\.m2\repository\io\cucumber\ci-environment\9.0.4\ci-environment-9.0.4.jar;C:\Users\MSI\.m2\repository\io\cucumber\cucumber-java\7.4.1\cucumber-java-7.4.1.jar;C:\Users\MSI\.m2\repository\io\cucumber\cucumber-junit\7.4.1\cucumber-junit-7.4.1.jar;C:\Users\MSI\.m2\repository\org\apache\commons\commons-csv\1.5\commons-csv-1.5.jar;C:\Users\MSI\.m2\repository\net\serenity-bdd\serenity-screenplay\3.3.4\serenity-screenplay-3.3.4.jar;C:\Users\MSI\.m2\repository\net\serenity-bdd\serenity-screenplay-webdriver\3.3.4\serenity-screenplay-webdriver-3.3.4.jar;C:\Users\MSI\.m2\repository\net\serenity-bdd\serenity-ensure\3.3.4\serenity-ensure-3.3.4.jar;C:\Users\MSI\.m2\repository\net\serenity-bdd\serenity-junit\3.3.4\serenity-junit-3.3.4.jar;C:\Users\MSI\.m2\repository\org\jetbrains\kotlin\kotlin-stdlib\1.7.10\kotlin-stdlib-1.7.10.jar;C:\Users\MSI\.m2\repository\org\jetbrains\kotlin\kotlin-stdlib-common\1.7.10\kotlin-stdlib-common-1.7.10.jar;C:\Users\MSI\.m2\repository\org\jetbrains\annotations\13.0\annotations-13.0.jar;C:\Users\MSI\.m2\repository\org\junit\platform\junit-platform-launcher\1.8.2\junit-platform-launcher-1.8.2.jar;C:\Users\MSI\.m2\repository\org\junit\platform\junit-platform-engine\1.8.2\junit-platform-engine-1.8.2.jar;C:\Users\MSI\.m2\repository\org\opentest4j\opentest4j\1.2.0\opentest4j-1.2.0.jar;C:\Users\MSI\.m2\repository\org\junit\platform\junit-platform-commons\1.8.2\junit-platform-commons-1.8.2.jar;C:\Users\MSI\.m2\repository\org\apiguardian\apiguardian-api\1.1.2\apiguardian-api-1.1.2.jar;C:\Users\MSI\.m2\repository\org\junit\jupiter\junit-jupiter-engine\5.8.2\junit-jupiter-engine-5.8.2.jar;C:\Users\MSI\.m2\repository\org\junit\jupiter\junit-jupiter-api\5.8.2\junit-jupiter-api-5.8.2.jar;C:\Users\MSI\.m2\repository\org\junit\vintage\junit-vintage-engine\5.8.2\junit-vintage-engine-5.8.2.jar;C:\Users\MSI\.m2\repository\junit\junit\4.13.2\junit-4.13.2.jar;C:\Users\MSI\.m2\repository\org\hamcrest\hamcrest-core\1.3\hamcrest-core-1.3.jar;C:\Users\MSI\.m2\repository\ch\qos\logback\logback-classic\1.2.10\logback-classic-1.2.10.jar;C:\Users\MSI\.m2\repository\ch\qos\logback\logback-core\1.2.10\logback-core-1.2.10.jar;C:\Users\MSI\.m2\repository\org\slf4j\slf4j-api\1.7.32\slf4j-api-1.7.32.jar;C:\Users\MSI\.m2\repository\org\assertj\assertj-core\3.23.1\assertj-core-3.23.1.jar;C:\Users\MSI\.m2\repository\net\bytebuddy\byte-buddy\1.12.10\byte-buddy-1.12.10.jar;"/>
    <property name="sun.cpu.endian" value="little"/>
    <property name="user.home" value="C:\Users\MSI"/>
    <property name="user.language" value="es"/>
    <property name="java.specification.vendor" value="Oracle Corporation"/>
    <property name="jdk.module.path" value="C:\Users\MSI\Downloads\serenityBDD-master\ProyectoSerenityBDD\target\ProyectoSerintyBDD-1.0-SNAPSHOT.jar"/>
    <property name="java.version.date" value="2022-04-19"/>
    <property name="java.home" value="C:\Program Files\Java\jdk-11.0.15"/>
    <property name="file.separator" value="\"/>
    <property name="basedir" value="C:\Users\MSI\Downloads\serenityBDD-master\ProyectoSerenityBDD"/>
    <property name="java.vm.compressedOopsMode" value="Zero based"/>
    <property name="line.separator" value="&#10;"/>
    <property name="java.specification.name" value="Java Platform API Specification"/>
    <property name="java.vm.specification.vendor" value="Oracle Corporation"/>
    <property name="java.awt.graphicsenv" value="sun.awt.Win32GraphicsEnvironment"/>
    <property name="surefire.real.class.path" value="C:\Users\MSI\.m2\repository\org\apache\maven\surefire\surefire-booter\3.0.0-M5\surefire-booter-3.0.0-M5.jar;C:\Users\MSI\.m2\repository\org\apache\maven\surefire\surefire-api\3.0.0-M5\surefire-api-3.0.0-M5.jar;C:\Users\MSI\.m2\repository\org\apache\maven\surefire\surefire-logger-api\3.0.0-M5\surefire-logger-api-3.0.0-M5.jar;C:\Users\MSI\.m2\repository\org\apache\maven\surefire\surefire-shared-utils\3.0.0-M4\surefire-shared-utils-3.0.0-M4.jar;C:\Users\MSI\.m2\repository\org\apache\maven\surefire\surefire-extensions-spi\3.0.0-M5\surefire-extensions-spi-3.0.0-M5.jar;C:\Users\MSI\Downloads\serenityBDD-master\ProyectoSerenityBDD\target\test-classes;C:\Users\MSI\.m2\repository\net\serenity-bdd\serenity-core\3.3.4\serenity-core-3.3.4.jar;C:\Users\MSI\.m2\repository\net\serenity-bdd\serenity-model\3.3.4\serenity-model-3.3.4.jar;C:\Users\MSI\.m2\repository\org\apache\commons\commons-text\1.9\commons-text-1.9.jar;C:\Users\MSI\.m2\repository\commons-net\commons-net\3.8.0\commons-net-3.8.0.jar;C:\Users\MSI\.m2\repository\com\google\guava\guava\31.1-jre\guava-31.1-jre.jar;C:\Users\MSI\.m2\repository\com\google\guava\failureaccess\1.0.1\failureaccess-1.0.1.jar;C:\Users\MSI\.m2\repository\com\google\guava\listenablefuture\9999.0-empty-to-avoid-conflict-with-guava\listenablefuture-9999.0-empty-to-avoid-conflict-with-guava.jar;C:\Users\MSI\.m2\repository\com\google\code\findbugs\jsr305\3.0.2\jsr305-3.0.2.jar;C:\Users\MSI\.m2\repository\org\checkerframework\checker-qual\3.12.0\checker-qual-3.12.0.jar;C:\Users\MSI\.m2\repository\com\google\errorprone\error_prone_annotations\2.11.0\error_prone_annotations-2.11.0.jar;C:\Users\MSI\.m2\repository\com\google\j2objc\j2objc-annotations\1.3\j2objc-annotations-1.3.jar;C:\Users\MSI\.m2\repository\com\google\inject\guice\5.1.0\guice-5.1.0.jar;C:\Users\MSI\.m2\repository\javax\inject\javax.inject\1\javax.inject-1.jar;C:\Users\MSI\.m2\repository\aopalliance\aopalliance\1.0\aopalliance-1.0.jar;C:\Users\MSI\.m2\repository\org\jsoup\jsoup\1.14.3\jsoup-1.14.3.jar;C:\Users\MSI\.m2\repository\com\thoughtworks\xstream\xstream\1.4.19\xstream-1.4.19.jar;C:\Users\MSI\.m2\repository\io\github\x-stream\mxparser\1.2.2\mxparser-1.2.2.jar;C:\Users\MSI\.m2\repository\xmlpull\xmlpull\1.1.3.1\xmlpull-1.1.3.1.jar;C:\Users\MSI\.m2\repository\com\typesafe\config\1.4.2\config-1.4.2.jar;C:\Users\MSI\.m2\repository\org\imgscalr\imgscalr-lib\4.2\imgscalr-lib-4.2.jar;C:\Users\MSI\.m2\repository\org\awaitility\awaitility\4.2.0\awaitility-4.2.0.jar;C:\Users\MSI\.m2\repository\org\freemarker\freemarker\2.3.31\freemarker-2.3.31.jar;C:\Users\MSI\.m2\repository\io\github\classgraph\classgraph\4.8.138\classgraph-4.8.138.jar;C:\Users\MSI\.m2\repository\net\sourceforge\jexcelapi\jxl\2.6.12\jxl-2.6.12.jar;C:\Users\MSI\.m2\repository\net\bytebuddy\byte-buddy-agent\1.12.12\byte-buddy-agent-1.12.12.jar;C:\Users\MSI\.m2\repository\org\objenesis\objenesis\3.1\objenesis-3.1.jar;C:\Users\MSI\.m2\repository\net\serenity-bdd\serenity-reports\3.3.4\serenity-reports-3.3.4.jar;C:\Users\MSI\.m2\repository\net\serenity-bdd\serenity-stats\3.3.4\serenity-stats-3.3.4.jar;C:\Users\MSI\.m2\repository\net\serenity-bdd\serenity-reports-configuration\3.3.4\serenity-reports-configuration-3.3.4.jar;C:\Users\MSI\.m2\repository\com\vladsch\flexmark\flexmark-all\0.34.30\flexmark-all-0.34.30.jar;C:\Users\MSI\.m2\repository\com\vladsch\flexmark\flexmark\0.34.30\flexmark-0.34.30.jar;C:\Users\MSI\.m2\repository\com\vladsch\flexmark\flexmark-ext-abbreviation\0.34.30\flexmark-ext-abbreviation-0.34.30.jar;C:\Users\MSI\.m2\repository\com\vladsch\flexmark\flexmark-ext-admonition\0.34.30\flexmark-ext-admonition-0.34.30.jar;C:\Users\MSI\.m2\repository\com\vladsch\flexmark\flexmark-ext-anchorlink\0.34.30\flexmark-ext-anchorlink-0.34.30.jar;C:\Users\MSI\.m2\repository\com\vladsch\flexmark\flexmark-ext-aside\0.34.30\flexmark-ext-aside-0.34.30.jar;C:\Users\MSI\.m2\repository\com\vladsch\flexmark\flexmark-ext-attributes\0.34.30\flexmark-ext-attributes-0.34.30.jar;C:\Users\MSI\.m2\repository\com\vladsch\flexmark\flexmark-ext-autolink\0.34.30\flexmark-ext-autolink-0.34.30.jar;C:\Users\MSI\.m2\repository\org\nibor\autolink\autolink\0.6.0\autolink-0.6.0.jar;C:\Users\MSI\.m2\repository\com\vladsch\flexmark\flexmark-ext-definition\0.34.30\flexmark-ext-definition-0.34.30.jar;C:\Users\MSI\.m2\repository\com\vladsch\flexmark\flexmark-ext-emoji\0.34.30\flexmark-ext-emoji-0.34.30.jar;C:\Users\MSI\.m2\repository\com\vladsch\flexmark\flexmark-ext-enumerated-reference\0.34.30\flexmark-ext-enumerated-reference-0.34.30.jar;C:\Users\MSI\.m2\repository\com\vladsch\flexmark\flexmark-ext-escaped-character\0.34.30\flexmark-ext-escaped-character-0.34.30.jar;C:\Users\MSI\.m2\repository\com\vladsch\flexmark\flexmark-ext-footnotes\0.34.30\flexmark-ext-footnotes-0.34.30.jar;C:\Users\MSI\.m2\repository\com\vladsch\flexmark\flexmark-ext-gfm-issues\0.34.30\flexmark-ext-gfm-issues-0.34.30.jar;C:\Users\MSI\.m2\repository\com\vladsch\flexmark\flexmark-ext-gfm-strikethrough\0.34.30\flexmark-ext-gfm-strikethrough-0.34.30.jar;C:\Users\MSI\.m2\repository\com\vladsch\flexmark\flexmark-ext-gfm-tables\0.34.30\flexmark-ext-gfm-tables-0.34.30.jar;C:\Users\MSI\.m2\repository\com\vladsch\flexmark\flexmark-ext-gfm-tasklist\0.34.30\flexmark-ext-gfm-tasklist-0.34.30.jar;C:\Users\MSI\.m2\repository\com\vladsch\flexmark\flexmark-ext-gfm-users\0.34.30\flexmark-ext-gfm-users-0.34.30.jar;C:\Users\MSI\.m2\repository\com\vladsch\flexmark\flexmark-ext-gitlab\0.34.30\flexmark-ext-gitlab-0.34.30.jar;C:\Users\MSI\.m2\repository\com\vladsch\flexmark\flexmark-ext-jekyll-front-matter\0.34.30\flexmark-ext-jekyll-front-matter-0.34.30.jar;C:\Users\MSI\.m2\repository\com\vladsch\flexmark\flexmark-ext-jekyll-tag\0.34.30\flexmark-ext-jekyll-tag-0.34.30.jar;C:\Users\MSI\.m2\repository\com\vladsch\flexmark\flexmark-ext-media-tags\0.34.30\flexmark-ext-media-tags-0.34.30.jar;C:\Users\MSI\.m2\repository\com\vladsch\flexmark\flexmark-test-util\0.34.30\flexmark-test-util-0.34.30.jar;C:\Users\MSI\.m2\repository\com\vladsch\flexmark\flexmark-ext-ins\0.34.30\flexmark-ext-ins-0.34.30.jar;C:\Users\MSI\.m2\repository\com\vladsch\flexmark\flexmark-ext-xwiki-macros\0.34.30\flexmark-ext-xwiki-macros-0.34.30.jar;C:\Users\MSI\.m2\repository\com\vladsch\flexmark\flexmark-ext-superscript\0.34.30\flexmark-ext-superscript-0.34.30.jar;C:\Users\MSI\.m2\repository\com\vladsch\flexmark\flexmark-ext-tables\0.34.30\flexmark-ext-tables-0.34.30.jar;C:\Users\MSI\.m2\repository\com\vladsch\flexmark\flexmark-ext-toc\0.34.30\flexmark-ext-toc-0.34.30.jar;C:\Users\MSI\.m2\repository\com\vladsch\flexmark\flexmark-ext-typographic\0.34.30\flexmark-ext-typographic-0.34.30.jar;C:\Users\MSI\.m2\repository\com\vladsch\flexmark\flexmark-ext-wikilink\0.34.30\flexmark-ext-wikilink-0.34.30.jar;C:\Users\MSI\.m2\repository\com\vladsch\flexmark\flexmark-ext-yaml-front-matter\0.34.30\flexmark-ext-yaml-front-matter-0.34.30.jar;C:\Users\MSI\.m2\repository\com\vladsch\flexmark\flexmark-ext-youtube-embedded\0.34.30\flexmark-ext-youtube-embedded-0.34.30.jar;C:\Users\MSI\.m2\repository\com\vladsch\flexmark\flexmark-formatter\0.34.30\flexmark-formatter-0.34.30.jar;C:\Users\MSI\.m2\repository\com\vladsch\flexmark\flexmark-html-parser\0.34.30\flexmark-html-parser-0.34.30.jar;C:\Users\MSI\.m2\repository\com\vladsch\flexmark\flexmark-jira-converter\0.34.30\flexmark-jira-converter-0.34.30.jar;C:\Users\MSI\.m2\repository\com\vladsch\flexmark\flexmark-pdf-converter\0.34.30\flexmark-pdf-converter-0.34.30.jar;C:\Users\MSI\.m2\repository\com\openhtmltopdf\openhtmltopdf-core\0.0.1-RC13\openhtmltopdf-core-0.0.1-RC13.jar;C:\Users\MSI\.m2\repository\com\openhtmltopdf\openhtmltopdf-pdfbox\0.0.1-RC13\openhtmltopdf-pdfbox-0.0.1-RC13.jar;C:\Users\MSI\.m2\repository\org\apache\pdfbox\pdfbox\2.0.8\pdfbox-2.0.8.jar;C:\Users\MSI\.m2\repository\org\apache\pdfbox\fontbox\2.0.8\fontbox-2.0.8.jar;C:\Users\MSI\.m2\repository\org\apache\pdfbox\xmpbox\2.0.8\xmpbox-2.0.8.jar;C:\Users\MSI\.m2\repository\de\rototor\pdfbox\graphics2d\0.12\graphics2d-0.12.jar;C:\Users\MSI\.m2\repository\com\openhtmltopdf\openhtmltopdf-rtl-support\0.0.1-RC13\openhtmltopdf-rtl-support-0.0.1-RC13.jar;C:\Users\MSI\.m2\repository\com\ibm\icu\icu4j\59.1\icu4j-59.1.jar;C:\Users\MSI\.m2\repository\com\openhtmltopdf\openhtmltopdf-jsoup-dom-converter\0.0.1-RC13\openhtmltopdf-jsoup-dom-converter-0.0.1-RC13.jar;C:\Users\MSI\.m2\repository\com\vladsch\flexmark\flexmark-profile-pegdown\0.34.30\flexmark-profile-pegdown-0.34.30.jar;C:\Users\MSI\.m2\repository\com\vladsch\flexmark\flexmark-util\0.34.30\flexmark-util-0.34.30.jar;C:\Users\MSI\.m2\repository\com\vladsch\flexmark\flexmark-youtrack-converter\0.34.30\flexmark-youtrack-converter-0.34.30.jar;C:\Users\MSI\.m2\repository\es\nitaur\markdown\txtmark\0.16\txtmark-0.16.jar;C:\Users\MSI\.m2\repository\net\serenity-bdd\serenity-report-resources\3.3.4\serenity-report-resources-3.3.4.jar;C:\Users\MSI\.m2\repository\com\google\code\gson\gson\2.9.0\gson-2.9.0.jar;C:\Users\MSI\.m2\repository\com\fasterxml\jackson\core\jackson-core\2.13.3\jackson-core-2.13.3.jar;C:\Users\MSI\.m2\repository\com\fasterxml\jackson\core\jackson-databind\2.13.3\jackson-databind-2.13.3.jar;C:\Users\MSI\.m2\repository\com\fasterxml\jackson\core\jackson-annotations\2.13.3\jackson-annotations-2.13.3.jar;C:\Users\MSI\.m2\repository\commons-codec\commons-codec\1.15\commons-codec-1.15.jar;C:\Users\MSI\.m2\repository\commons-io\commons-io\2.11.0\commons-io-2.11.0.jar;C:\Users\MSI\.m2\repository\org\apache\httpcomponents\httpclient\4.5.13\httpclient-4.5.13.jar;C:\Users\MSI\.m2\repository\org\apache\httpcomponents\httpcore\4.4.13\httpcore-4.4.13.jar;C:\Users\MSI\.m2\repository\commons-logging\commons-logging\1.2\commons-logging-1.2.jar;C:\Users\MSI\.m2\repository\org\seleniumhq\selenium\selenium-java\4.4.0\selenium-java-4.4.0.jar;C:\Users\MSI\.m2\repository\org\seleniumhq\selenium\selenium-devtools-v102\4.4.0\selenium-devtools-v102-4.4.0.jar;C:\Users\MSI\.m2\repository\org\seleniumhq\selenium\selenium-devtools-v103\4.4.0\selenium-devtools-v103-4.4.0.jar;C:\Users\MSI\.m2\repository\org\seleniumhq\selenium\selenium-devtools-v104\4.4.0\selenium-devtools-v104-4.4.0.jar;C:\Users\MSI\.m2\repository\org\seleniumhq\selenium\selenium-devtools-v85\4.4.0\selenium-devtools-v85-4.4.0.jar;C:\Users\MSI\.m2\repository\org\seleniumhq\selenium\selenium-opera-driver\4.4.0\selenium-opera-driver-4.4.0.jar;C:\Users\MSI\.m2\repository\org\seleniumhq\selenium\selenium-remote-driver\4.4.0\selenium-remote-driver-4.4.0.jar;C:\Users\MSI\.m2\repository\com\beust\jcommander\1.82\jcommander-1.82.jar;C:\Users\MSI\.m2\repository\io\netty\netty-buffer\4.1.78.Final\netty-buffer-4.1.78.Final.jar;C:\Users\MSI\.m2\repository\io\netty\netty-codec-http\4.1.78.Final\netty-codec-http-4.1.78.Final.jar;C:\Users\MSI\.m2\repository\io\netty\netty-codec\4.1.78.Final\netty-codec-4.1.78.Final.jar;C:\Users\MSI\.m2\repository\io\netty\netty-handler\4.1.78.Final\netty-handler-4.1.78.Final.jar;C:\Users\MSI\.m2\repository\io\netty\netty-common\4.1.78.Final\netty-common-4.1.78.Final.jar;C:\Users\MSI\.m2\repository\io\netty\netty-transport-classes-epoll\4.1.78.Final\netty-transport-classes-epoll-4.1.78.Final.jar;C:\Users\MSI\.m2\repository\io\netty\netty-transport-classes-kqueue\4.1.78.Final\netty-transport-classes-kqueue-4.1.78.Final.jar;C:\Users\MSI\.m2\repository\io\netty\netty-transport-native-epoll\4.1.78.Final\netty-transport-native-epoll-4.1.78.Final.jar;C:\Users\MSI\.m2\repository\io\netty\netty-transport-native-kqueue\4.1.78.Final\netty-transport-native-kqueue-4.1.78.Final.jar;C:\Users\MSI\.m2\repository\io\netty\netty-transport-native-unix-common\4.1.78.Final\netty-transport-native-unix-common-4.1.78.Final.jar;C:\Users\MSI\.m2\repository\io\netty\netty-transport\4.1.78.Final\netty-transport-4.1.78.Final.jar;C:\Users\MSI\.m2\repository\io\netty\netty-resolver\4.1.78.Final\netty-resolver-4.1.78.Final.jar;C:\Users\MSI\.m2\repository\io\opentelemetry\opentelemetry-api\1.16.0\opentelemetry-api-1.16.0.jar;C:\Users\MSI\.m2\repository\io\opentelemetry\opentelemetry-context\1.16.0\opentelemetry-context-1.16.0.jar;C:\Users\MSI\.m2\repository\io\opentelemetry\opentelemetry-exporter-logging\1.16.0\opentelemetry-exporter-logging-1.16.0.jar;C:\Users\MSI\.m2\repository\io\opentelemetry\opentelemetry-sdk-metrics\1.16.0\opentelemetry-sdk-metrics-1.16.0.jar;C:\Users\MSI\.m2\repository\io\opentelemetry\opentelemetry-sdk-logs\1.16.0-alpha\opentelemetry-sdk-logs-1.16.0-alpha.jar;C:\Users\MSI\.m2\repository\io\opentelemetry\opentelemetry-sdk-common\1.16.0\opentelemetry-sdk-common-1.16.0.jar;C:\Users\MSI\.m2\repository\io\opentelemetry\opentelemetry-sdk-extension-autoconfigure-spi\1.16.0\opentelemetry-sdk-extension-autoconfigure-spi-1.16.0.jar;C:\Users\MSI\.m2\repository\io\opentelemetry\opentelemetry-sdk-extension-autoconfigure\1.16.0-alpha\opentelemetry-sdk-extension-autoconfigure-1.16.0-alpha.jar;C:\Users\MSI\.m2\repository\io\opentelemetry\opentelemetry-sdk-trace\1.16.0\opentelemetry-sdk-trace-1.16.0.jar;C:\Users\MSI\.m2\repository\io\opentelemetry\opentelemetry-sdk\1.16.0\opentelemetry-sdk-1.16.0.jar;C:\Users\MSI\.m2\repository\io\opentelemetry\opentelemetry-semconv\1.16.0-alpha\opentelemetry-semconv-1.16.0-alpha.jar;C:\Users\MSI\.m2\repository\io\ous\jtoml\2.0.0\jtoml-2.0.0.jar;C:\Users\MSI\.m2\repository\org\apache\commons\commons-exec\1.3\commons-exec-1.3.jar;C:\Users\MSI\.m2\repository\org\asynchttpclient\async-http-client\2.12.3\async-http-client-2.12.3.jar;C:\Users\MSI\.m2\repository\org\asynchttpclient\async-http-client-netty-utils\2.12.3\async-http-client-netty-utils-2.12.3.jar;C:\Users\MSI\.m2\repository\io\netty\netty-codec-socks\4.1.60.Final\netty-codec-socks-4.1.60.Final.jar;C:\Users\MSI\.m2\repository\io\netty\netty-handler-proxy\4.1.60.Final\netty-handler-proxy-4.1.60.Final.jar;C:\Users\MSI\.m2\repository\io\netty\netty-transport-native-epoll\4.1.60.Final\netty-transport-native-epoll-4.1.60.Final-linux-x86_64.jar;C:\Users\MSI\.m2\repository\io\netty\netty-transport-native-kqueue\4.1.60.Final\netty-transport-native-kqueue-4.1.60.Final-osx-x86_64.jar;C:\Users\MSI\.m2\repository\org\reactivestreams\reactive-streams\1.0.3\reactive-streams-1.0.3.jar;C:\Users\MSI\.m2\repository\com\typesafe\netty\netty-reactive-streams\2.0.4\netty-reactive-streams-2.0.4.jar;C:\Users\MSI\.m2\repository\org\seleniumhq\selenium\selenium-http\4.4.0\selenium-http-4.4.0.jar;C:\Users\MSI\.m2\repository\dev\failsafe\failsafe\3.2.4\failsafe-3.2.4.jar;C:\Users\MSI\.m2\repository\org\seleniumhq\selenium\selenium-safari-driver\4.4.0\selenium-safari-driver-4.4.0.jar;C:\Users\MSI\.m2\repository\org\seleniumhq\selenium\selenium-api\4.4.0\selenium-api-4.4.0.jar;C:\Users\MSI\.m2\repository\org\seleniumhq\selenium\selenium-support\4.4.0\selenium-support-4.4.0.jar;C:\Users\MSI\.m2\repository\com\google\auto\service\auto-service-annotations\1.0.1\auto-service-annotations-1.0.1.jar;C:\Users\MSI\.m2\repository\com\google\auto\service\auto-service\1.0.1\auto-service-1.0.1.jar;C:\Users\MSI\.m2\repository\com\google\auto\auto-common\1.2\auto-common-1.2.jar;C:\Users\MSI\.m2\repository\org\seleniumhq\selenium\selenium-json\4.4.0\selenium-json-4.4.0.jar;C:\Users\MSI\.m2\repository\org\seleniumhq\selenium\selenium-chrome-driver\4.4.0\selenium-chrome-driver-4.4.0.jar;C:\Users\MSI\.m2\repository\org\seleniumhq\selenium\selenium-chromium-driver\4.4.0\selenium-chromium-driver-4.4.0.jar;C:\Users\MSI\.m2\repository\org\seleniumhq\selenium\selenium-firefox-driver\4.4.0\selenium-firefox-driver-4.4.0.jar;C:\Users\MSI\.m2\repository\org\seleniumhq\selenium\selenium-edge-driver\4.4.0\selenium-edge-driver-4.4.0.jar;C:\Users\MSI\.m2\repository\org\seleniumhq\selenium\selenium-ie-driver\4.4.0\selenium-ie-driver-4.4.0.jar;C:\Users\MSI\.m2\repository\org\projectlombok\lombok\1.18.20\lombok-1.18.20.jar;C:\Users\MSI\.m2\repository\io\appium\java-client\8.1.1\java-client-8.1.1.jar;C:\Users\MSI\.m2\repository\commons-validator\commons-validator\1.7\commons-validator-1.7.jar;C:\Users\MSI\.m2\repository\commons-digester\commons-digester\2.1\commons-digester-2.1.jar;C:\Users\MSI\.m2\repository\org\apache\groovy\groovy\4.0.1\groovy-4.0.1.jar;C:\Users\MSI\.m2\repository\net\sf\opencsv\opencsv\2.0\opencsv-2.0.jar;C:\Users\MSI\.m2\repository\commons-beanutils\commons-beanutils\1.9.4\commons-beanutils-1.9.4.jar;C:\Users\MSI\.m2\repository\org\apache\commons\commons-lang3\3.12.0\commons-lang3-3.12.0.jar;C:\Users\MSI\.m2\repository\commons-collections\commons-collections\3.2.2\commons-collections-3.2.2.jar;C:\Users\MSI\.m2\repository\org\fluentlenium\fluentlenium-core\0.10.2\fluentlenium-core-0.10.2.jar;C:\Users\MSI\.m2\repository\io\github\bonigarcia\webdrivermanager\5.2.1\webdrivermanager-5.2.1.jar;C:\Users\MSI\.m2\repository\com\github\docker-java\docker-java\3.2.13\docker-java-3.2.13.jar;C:\Users\MSI\.m2\repository\com\github\docker-java\docker-java-core\3.2.13\docker-java-core-3.2.13.jar;C:\Users\MSI\.m2\repository\com\github\docker-java\docker-java-api\3.2.13\docker-java-api-3.2.13.jar;C:\Users\MSI\.m2\repository\org\apache\commons\commons-compress\1.21\commons-compress-1.21.jar;C:\Users\MSI\.m2\repository\org\bouncycastle\bcpkix-jdk15on\1.64\bcpkix-jdk15on-1.64.jar;C:\Users\MSI\.m2\repository\org\bouncycastle\bcprov-jdk15on\1.64\bcprov-jdk15on-1.64.jar;C:\Users\MSI\.m2\repository\org\slf4j\jcl-over-slf4j\1.7.30\jcl-over-slf4j-1.7.30.jar;C:\Users\MSI\.m2\repository\com\github\docker-java\docker-java-transport-httpclient5\3.2.13\docker-java-transport-httpclient5-3.2.13.jar;C:\Users\MSI\.m2\repository\com\github\docker-java\docker-java-transport\3.2.13\docker-java-transport-3.2.13.jar;C:\Users\MSI\.m2\repository\net\java\dev\jna\jna\5.8.0\jna-5.8.0.jar;C:\Users\MSI\.m2\repository\org\brotli\dec\0.1.2\dec-0.1.2.jar;C:\Users\MSI\.m2\repository\org\apache\httpcomponents\client5\httpclient5\5.1.3\httpclient5-5.1.3.jar;C:\Users\MSI\.m2\repository\org\apache\httpcomponents\core5\httpcore5\5.1.3\httpcore5-5.1.3.jar;C:\Users\MSI\.m2\repository\org\apache\httpcomponents\core5\httpcore5-h2\5.1.3\httpcore5-h2-5.1.3.jar;C:\Users\MSI\.m2\repository\com\jhlabs\filters\2.0.235\filters-2.0.235.jar;C:\Users\MSI\.m2\repository\com\paulhammant\ngwebdriver\1.1.6\ngwebdriver-1.1.6.jar;C:\Users\MSI\.m2\repository\joda-time\joda-time\2.8.2\joda-time-2.8.2.jar;C:\Users\MSI\.m2\repository\org\hamcrest\hamcrest\2.2\hamcrest-2.2.jar;C:\Users\MSI\.m2\repository\com\google\jimfs\jimfs\1.2\jimfs-1.2.jar;C:\Users\MSI\.m2\repository\org\mockito\mockito-core\3.3.3\mockito-core-3.3.3.jar;C:\Users\MSI\.m2\repository\javax\xml\bind\jaxb-api\2.3.1\jaxb-api-2.3.1.jar;C:\Users\MSI\.m2\repository\javax\activation\javax.activation-api\1.2.0\javax.activation-api-1.2.0.jar;C:\Users\MSI\.m2\repository\com\sun\xml\bind\jaxb-core\2.3.0.1\jaxb-core-2.3.0.1.jar;C:\Users\MSI\.m2\repository\com\sun\xml\bind\jaxb-impl\2.3.3\jaxb-impl-2.3.3.jar;C:\Users\MSI\.m2\repository\jakarta\xml\bind\jakarta.xml.bind-api\2.3.3\jakarta.xml.bind-api-2.3.3.jar;C:\Users\MSI\.m2\repository\com\sun\activation\jakarta.activation\1.2.2\jakarta.activation-1.2.2.jar;C:\Users\MSI\.m2\repository\javax\activation\activation\1.1.1\activation-1.1.1.jar;C:\Users\MSI\.m2\repository\net\serenity-bdd\serenity-cucumber\3.3.4\serenity-cucumber-3.3.4.jar;C:\Users\MSI\.m2\repository\io\cucumber\cucumber-core\7.4.1\cucumber-core-7.4.1.jar;C:\Users\MSI\.m2\repository\io\cucumber\cucumber-gherkin\7.4.1\cucumber-gherkin-7.4.1.jar;C:\Users\MSI\.m2\repository\io\cucumber\cucumber-gherkin-messages\7.4.1\cucumber-gherkin-messages-7.4.1.jar;C:\Users\MSI\.m2\repository\io\cucumber\gherkin\23.0.1\gherkin-23.0.1.jar;C:\Users\MSI\.m2\repository\io\cucumber\messages\18.0.0\messages-18.0.0.jar;C:\Users\MSI\.m2\repository\io\cucumber\tag-expressions\4.1.0\tag-expressions-4.1.0.jar;C:\Users\MSI\.m2\repository\io\cucumber\cucumber-expressions\16.0.0\cucumber-expressions-16.0.0.jar;C:\Users\MSI\.m2\repository\io\cucumber\datatable\7.4.1\datatable-7.4.1.jar;C:\Users\MSI\.m2\repository\io\cucumber\cucumber-plugin\7.4.1\cucumber-plugin-7.4.1.jar;C:\Users\MSI\.m2\repository\io\cucumber\docstring\7.4.1\docstring-7.4.1.jar;C:\Users\MSI\.m2\repository\io\cucumber\html-formatter\19.2.0\html-formatter-19.2.0.jar;C:\Users\MSI\.m2\repository\io\cucumber\ci-environment\9.0.4\ci-environment-9.0.4.jar;C:\Users\MSI\.m2\repository\io\cucumber\cucumber-java\7.4.1\cucumber-java-7.4.1.jar;C:\Users\MSI\.m2\repository\io\cucumber\cucumber-junit\7.4.1\cucumber-junit-7.4.1.jar;C:\Users\MSI\.m2\repository\org\apache\commons\commons-csv\1.5\commons-csv-1.5.jar;C:\Users\MSI\.m2\repository\net\serenity-bdd\serenity-screenplay\3.3.4\serenity-screenplay-3.3.4.jar;C:\Users\MSI\.m2\repository\net\serenity-bdd\serenity-screenplay-webdriver\3.3.4\serenity-screenplay-webdriver-3.3.4.jar;C:\Users\MSI\.m2\repository\net\serenity-bdd\serenity-ensure\3.3.4\serenity-ensure-3.3.4.jar;C:\Users\MSI\.m2\repository\net\serenity-bdd\serenity-junit\3.3.4\serenity-junit-3.3.4.jar;C:\Users\MSI\.m2\repository\org\jetbrains\kotlin\kotlin-stdlib\1.7.10\kotlin-stdlib-1.7.10.jar;C:\Users\MSI\.m2\repository\org\jetbrains\kotlin\kotlin-stdlib-common\1.7.10\kotlin-stdlib-common-1.7.10.jar;C:\Users\MSI\.m2\repository\org\jetbrains\annotations\13.0\annotations-13.0.jar;C:\Users\MSI\.m2\repository\org\junit\platform\junit-platform-launcher\1.8.2\junit-platform-launcher-1.8.2.jar;C:\Users\MSI\.m2\repository\org\junit\platform\junit-platform-engine\1.8.2\junit-platform-engine-1.8.2.jar;C:\Users\MSI\.m2\repository\org\opentest4j\opentest4j\1.2.0\opentest4j-1.2.0.jar;C:\Users\MSI\.m2\repository\org\junit\platform\junit-platform-commons\1.8.2\junit-platform-commons-1.8.2.jar;C:\Users\MSI\.m2\repository\org\apiguardian\apiguardian-api\1.1.2\apiguardian-api-1.1.2.jar;C:\Users\MSI\.m2\repository\org\junit\jupiter\junit-jupiter-engine\5.8.2\junit-jupiter-engine-5.8.2.jar;C:\Users\MSI\.m2\repository\org\junit\jupiter\junit-jupiter-api\5.8.2\junit-jupiter-api-5.8.2.jar;C:\Users\MSI\.m2\repository\org\junit\vintage\junit-vintage-engine\5.8.2\junit-vintage-engine-5.8.2.jar;C:\Users\MSI\.m2\repository\junit\junit\4.13.2\junit-4.13.2.jar;C:\Users\MSI\.m2\repository\org\hamcrest\hamcrest-core\1.3\hamcrest-core-1.3.jar;C:\Users\MSI\.m2\repository\ch\qos\logback\logback-classic\1.2.10\logback-classic-1.2.10.jar;C:\Users\MSI\.m2\repository\ch\qos\logback\logback-core\1.2.10\logback-core-1.2.10.jar;C:\Users\MSI\.m2\repository\org\slf4j\slf4j-api\1.7.32\slf4j-api-1.7.32.jar;C:\Users\MSI\.m2\repository\org\assertj\assertj-core\3.23.1\assertj-core-3.23.1.jar;C:\Users\MSI\.m2\repository\net\bytebuddy\byte-buddy\1.12.10\byte-buddy-1.12.10.jar;C:\Users\MSI\.m2\repository\org\apache\maven\surefire\surefire-junit-platform\3.0.0-M5\surefire-junit-platform-3.0.0-M5.jar;C:\Users\MSI\.m2\repository\org\apache\maven\surefire\common-java5\3.0.0-M5\common-java5-3.0.0-M5.jar"/>
    <property name="user.script" value=""/>
    <property name="java.protocol.handler.pkgs" value="com.google.common"/>
    <property name="sun.management.compiler" value="HotSpot 64-Bit Tiered Compilers"/>
    <property name="java.runtime.version" value="11.0.15+8-LTS-149"/>
    <property name="user.name" value="MSI"/>
    <property name="path.separator" value=";"/>
    <property name="os.version" value="10.0"/>
    <property name="java.runtime.name" value="Java(TM) SE Runtime Environment"/>
    <property name="file.encoding" value="Cp1252"/>
    <property name="webdriver.base.url" value=""/>
    <property name="java.vm.name" value="Java HotSpot(TM) 64-Bit Server VM"/>
    <property name="java.vendor.version" value="18.9"/>
    <property name="localRepository" value="C:\Users\MSI\.m2\repository"/>
    <property name="java.vendor.url.bug" value="https://bugreport.java.com/bugreport/"/>
    <property name="java.io.tmpdir" value="C:\Users\MSI\AppData\Local\Temp\"/>
    <property name="java.version" value="11.0.15"/>
    <property name="user.dir" value="C:\Users\MSI\Downloads\serenityBDD-master\ProyectoSerenityBDD"/>
    <property name="os.arch" value="amd64"/>
    <property name="java.vm.specification.name" value="Java Virtual Machine Specification"/>
    <property name="java.awt.printerjob" value="sun.awt.windows.WPrinterJob"/>
    <property name="sun.os.patch.level" value=""/>
    <property name="java.library.path" value="C:\Program Files\Java\jdk-11.0.15\bin;C:\WINDOWS\Sun\Java\bin;C:\WINDOWS\system32;C:\WINDOWS;C:\Program Files\Microsoft MPI\Bin\;C:\Program Files\Common Files\Oracle\Java\javapath;C:\Program Files (x86)\Common Files\Oracle\Java\javapath;C:\Windows\system32;C:\Windows;C:\Windows\System32\Wbem;C:\Windows\System32\WindowsPowerShell\v1.0\;C:\Windows\System32\OpenSSH\;C:\Program Files (x86)\NVIDIA Corporation\PhysX\Common;C:\Program Files\Git\cmd;C:\Program Files\Microsoft SQL Server\150\Tools\Binn\;C:\WINDOWS\system32;C:\WINDOWS;C:\WINDOWS\System32\Wbem;C:\WINDOWS\System32\WindowsPowerShell\v1.0\;C:\WINDOWS\System32\OpenSSH\;C:\Program Files\nodejs\;C:\Program Files\dotnet\;C:\Program Files\Microsoft SQL Server\130\Tools\Binn\;C:\Program Files\Microsoft SQL Server\Client SDK\ODBC\170\Tools\Binn\;C:\Program Files (x86)\Microsoft SQL Server\150\DTS\Binn\;C:\Program Files (x86)\Microsoft SQL Server\110\DTS\Binn\;C:\Program Files (x86)\Microsoft SQL Server\120\DTS\Binn\;C:\Program Files (x86)\Microsoft SQL Server\130\DTS\Binn\;C:\Program Files (x86)\Microsoft SQL Server\140\DTS\Binn\;C:\Program Files (x86)\Microsoft SQL Server\160\DTS\Binn\;C:\Program Files (x86)\Microsoft SQL Server\130\Tools\Binn\;C:\Program Files\Microsoft SQL Server\130\DTS\Binn\;C:\Program Files\Microsoft SQL Server\Client SDK\ODBC\130\Tools\Binn\;C:\xampp\php;C:\ProgramData\ComposerSetup\bin;C:\Users\MSI\AppData\Local\Microsoft\WindowsApps;C:\Program Files\MongoDB\Server\5.0\bin;C:\Users\MSI\AppData\Local\GitHubDesktop\bin;C:\Program Files\Java\jdk1.8.0_333;C:\Program Files\Java\jdk1.8.0_333\bin;C:\Program Files\Java\jre1.8.0_333;C:\Program Files\Java\jre1.8.0_333\bin;C:\gradle-7.4.1\bin;C:\Users\MSI\AppData\Roaming\npm;C:\apache-maven-3.8.7\bin;C:\Users\MSI\AppData\Local\Programs\Microsoft VS Code\bin;C:\Users\MSI\.dotnet\tools;C:\Users\MSI\AppData\Roaming\Composer\vendor\bin;."/>
    <property name="java.vendor" value="Oracle Corporation"/>
    <property name="java.vm.info" value="mixed mode"/>
    <property name="java.vm.version" value="11.0.15+8-LTS-149"/>
    <property name="sun.io.unicode.encoding" value="UnicodeLittle"/>
    <property name="java.class.version" value="55.0"/>
  </properties>
  <testcase name="Validar que make appointment fue exitosa #1" classname="Funcionalidad make appointment" time="12.338">
    <system-out><![CDATA[19:44:56.015 [main] DEBUG net.thucydides.core.guice.Injectors - Created injector for module net.thucydides.core.guice.ThucydidesModule
19:44:56.197 [main] INFO io.cucumber.core.plugin.SerenityReporter - Running feature from file:///C:/Users/MSI/Downloads/serenityBDD-master/ProyectoSerenityBDD/src/test/resources/features/loginkatalon.feature
19:44:56.322 [main] DEBUG net.thucydides.core.guice.Injectors - Created injector for module net.thucydides.core.guice.webdriver.WebDriverModule
19:44:56.342 [main] INFO  - 

-------------------------------------------------------------------------------------
     _______. _______ .______       _______ .__   __.  __  .___________.____    ____ 
    /       ||   ____||   _  \     |   ____||  \ |  | |  | |           |\   \  /   / 
   |   (----`|  |__   |  |_)  |    |  |__   |   \|  | |  | `---|  |----` \   \/   /  
    \   \    |   __|  |      /     |   __|  |  . `  | |  |     |  |       \_    _/   
.----)   |   |  |____ |  |\  \----.|  |____ |  |\   | |  |     |  |         |  |     
|_______/    |_______|| _| `._____||_______||__| \__| |__|     |__|         |__|    
                                                                                     
 News and tutorials at http://www.serenity-bdd.info                                  
 Documentation at https://wakaleo.gitbooks.io/the-serenity-book/content/             
 Join the Serenity Community on Gitter: https://gitter.im/serenity-bdd/serenity-core 
 Serenity BDD Support and Training at http://serenity-bdd.info/#/trainingandsupport  
-------------------------------------------------------------------------------------

19:44:56.344 [main] DEBUG net.thucydides.core.steps.StepEventBus - Test suite started for story net.thucydides.core.model.Story@f092bf87
19:44:56.345 [main] INFO  - Test Suite Started: Funcionalidad make appointment
19:44:56.358 [main] INFO io.cucumber.core.plugin.SerenityReporter - Running feature from file:///C:/Users/MSI/Downloads/serenityBDD-master/ProyectoSerenityBDD/src/test/resources/features/loginkatalon.feature
19:44:56.360 [main] DEBUG net.thucydides.core.steps.StepEventBus - Test suite started for story net.thucydides.core.model.Story@f092bf87
19:44:56.360 [main] INFO  - Test Suite Started: Funcionalidad make appointment
19:44:56.422 [main] INFO io.cucumber.core.plugin.SerenityReporter - Running feature from file:///C:/Users/MSI/Downloads/serenityBDD-master/ProyectoSerenityBDD/src/test/resources/features/loginkatalon.feature
19:44:56.541 [main] INFO  - 
  _____   ___   ___   _____     ___   _____     _     ___   _____   ___   ___  
 |_   _| | __| / __| |_   _|   / __| |_   _|   /_\   | _ \ |_   _| | __| |   \ 
   | |   | _|  \__ \   | |     \__ \   | |    / _ \  |   /   | |   | _|  | |) |
   |_|   |___| |___/   |_|     |___/   |_|   /_/ \_\ |_|_\   |_|   |___| |___/ 

Validar que make appointment fue exitosa(funcionalidad-make-appointment;validar-que-make-appointment-fue-exitosa)
--------------------------------------------------------------------------------
19:44:57.384 [main] INFO net.serenitybdd.core.webdriver.driverproviders.DriverProvider - Using WebDriverManager configuration for chrome
19:44:57.683 [main] DEBUG io.github.bonigarcia.wdm.cache.ResolutionCache - Resolution chrome=108 in cache (valid until 20:22:52 11/01/2023 COT)
19:44:57.683 [main] DEBUG io.github.bonigarcia.wdm.cache.ResolutionCache - Resolution chrome108=108.0.5359.71 in cache (valid until 10:17:15 12/01/2023 COT)
19:44:57.684 [main] INFO io.github.bonigarcia.wdm.WebDriverManager - Using chromedriver 108.0.5359.71 (resolved driver for Chrome 108)
19:44:57.694 [main] DEBUG io.github.bonigarcia.wdm.WebDriverManager - Driver chromedriver 108.0.5359.71 found in cache
19:44:57.695 [main] INFO io.github.bonigarcia.wdm.WebDriverManager - Exporting webdriver.chrome.driver as C:\Users\MSI\.cache\selenium\chromedriver\win32\108.0.5359.71\chromedriver.exe
19:44:57.763 [main] INFO net.serenitybdd.core.webdriver.driverproviders.ChromeDriverProvider - Starting Chrome driver instance with capabilities:
19:44:57.765 [main] INFO net.serenitybdd.core.webdriver.driverproviders.ChromeDriverProvider - Capabilities {acceptInsecureCerts: false, browserName: chrome, goog:chromeOptions: {args: [], extensions: []}}
19:44:57.818 [main] DEBUG io.netty.util.internal.logging.InternalLoggerFactory - Using SLF4J as the default logging framework
19:44:57.821 [main] DEBUG io.netty.util.ResourceLeakDetector - -Dio.netty.leakDetection.level: simple
19:44:57.821 [main] DEBUG io.netty.util.ResourceLeakDetector - -Dio.netty.leakDetection.targetRecords: 4
19:44:57.824 [main] DEBUG io.netty.util.ResourceLeakDetectorFactory - Loaded default ResourceLeakDetector: io.netty.util.ResourceLeakDetector@5feb82b3
19:44:57.841 [main] DEBUG io.netty.util.internal.PlatformDependent0 - -Dio.netty.noUnsafe: false
19:44:57.841 [main] DEBUG io.netty.util.internal.PlatformDependent0 - Java version: 11
19:44:57.841 [main] DEBUG io.netty.util.internal.PlatformDependent0 - sun.misc.Unsafe.theUnsafe: available
19:44:57.842 [main] DEBUG io.netty.util.internal.PlatformDependent0 - sun.misc.Unsafe.copyMemory: available
19:44:57.842 [main] DEBUG io.netty.util.internal.PlatformDependent0 - sun.misc.Unsafe.storeFence: available
19:44:57.842 [main] DEBUG io.netty.util.internal.PlatformDependent0 - java.nio.Buffer.address: available
19:44:57.843 [main] DEBUG io.netty.util.internal.PlatformDependent0 - direct buffer constructor: unavailable: Reflective setAccessible(true) disabled
19:44:57.843 [main] DEBUG io.netty.util.internal.PlatformDependent0 - java.nio.Bits.unaligned: available, true
19:44:57.844 [main] DEBUG io.netty.util.internal.PlatformDependent0 - jdk.internal.misc.Unsafe.allocateUninitializedArray(int): unavailable: class io.netty.util.internal.PlatformDependent0$7 cannot access class jdk.internal.misc.Unsafe (in module java.base) because module java.base does not export jdk.internal.misc to unnamed module @5f577419
19:44:57.845 [main] DEBUG io.netty.util.internal.PlatformDependent0 - java.nio.DirectByteBuffer.<init>(long, int): unavailable
19:44:57.845 [main] DEBUG io.netty.util.internal.PlatformDependent - sun.misc.Unsafe: available
19:44:57.846 [main] DEBUG io.netty.util.internal.PlatformDependent - maxDirectMemory: 4248829952 bytes (maybe)
19:44:57.846 [main] DEBUG io.netty.util.internal.PlatformDependent - -Dio.netty.tmpdir: C:\Users\MSI\AppData\Local\Temp (java.io.tmpdir)
19:44:57.847 [main] DEBUG io.netty.util.internal.PlatformDependent - -Dio.netty.bitMode: 64 (sun.arch.data.model)
19:44:57.847 [main] DEBUG io.netty.util.internal.PlatformDependent - Platform: Windows
19:44:57.848 [main] DEBUG io.netty.util.internal.PlatformDependent - -Dio.netty.maxDirectMemory: -1 bytes
19:44:57.848 [main] DEBUG io.netty.util.internal.PlatformDependent - -Dio.netty.uninitializedArrayAllocationThreshold: -1
19:44:57.849 [main] DEBUG io.netty.util.internal.CleanerJava9 - java.nio.ByteBuffer.cleaner(): available
19:44:57.849 [main] DEBUG io.netty.util.internal.PlatformDependent - -Dio.netty.noPreferDirect: false
19:44:57.855 [main] DEBUG io.netty.util.internal.PlatformDependent - org.jctools-core.MpscChunkedArrayQueue: available
19:44:57.873 [main] DEBUG io.netty.util.internal.InternalThreadLocalMap - -Dio.netty.threadLocalMap.stringBuilder.initialSize: 1024
19:44:57.873 [main] DEBUG io.netty.util.internal.InternalThreadLocalMap - -Dio.netty.threadLocalMap.stringBuilder.maxSize: 4096
19:44:57.905 [main] DEBUG io.netty.handler.ssl.JdkSslContext - Default protocols (JDK): [TLSv1.3, TLSv1.2] 
19:44:57.905 [main] DEBUG io.netty.handler.ssl.JdkSslContext - Default cipher suites (JDK): [TLS_ECDHE_ECDSA_WITH_AES_256_GCM_SHA384, TLS_ECDHE_ECDSA_WITH_AES_128_GCM_SHA256, TLS_ECDHE_RSA_WITH_AES_128_GCM_SHA256, TLS_ECDHE_RSA_WITH_AES_256_GCM_SHA384, TLS_ECDHE_RSA_WITH_AES_128_CBC_SHA, TLS_ECDHE_RSA_WITH_AES_256_CBC_SHA, TLS_RSA_WITH_AES_128_GCM_SHA256, TLS_RSA_WITH_AES_128_CBC_SHA, TLS_RSA_WITH_AES_256_CBC_SHA, TLS_AES_128_GCM_SHA256, TLS_AES_256_GCM_SHA384]
19:44:57.928 [main] DEBUG io.netty.channel.MultithreadEventLoopGroup - -Dio.netty.eventLoopThreads: 24
19:44:57.935 [main] DEBUG io.netty.channel.nio.NioEventLoop - -Dio.netty.noKeySetOptimization: false
19:44:57.936 [main] DEBUG io.netty.channel.nio.NioEventLoop - -Dio.netty.selectorAutoRebuildThreshold: 512
19:44:57.973 [main] DEBUG io.netty.buffer.PooledByteBufAllocator - -Dio.netty.allocator.numHeapArenas: 24
19:44:57.973 [main] DEBUG io.netty.buffer.PooledByteBufAllocator - -Dio.netty.allocator.numDirectArenas: 24
19:44:57.973 [main] DEBUG io.netty.buffer.PooledByteBufAllocator - -Dio.netty.allocator.pageSize: 8192
19:44:57.973 [main] DEBUG io.netty.buffer.PooledByteBufAllocator - -Dio.netty.allocator.maxOrder: 9
19:44:57.973 [main] DEBUG io.netty.buffer.PooledByteBufAllocator - -Dio.netty.allocator.chunkSize: 4194304
19:44:57.973 [main] DEBUG io.netty.buffer.PooledByteBufAllocator - -Dio.netty.allocator.smallCacheSize: 256
19:44:57.973 [main] DEBUG io.netty.buffer.PooledByteBufAllocator - -Dio.netty.allocator.normalCacheSize: 64
19:44:57.973 [main] DEBUG io.netty.buffer.PooledByteBufAllocator - -Dio.netty.allocator.maxCachedBufferCapacity: 32768
19:44:57.973 [main] DEBUG io.netty.buffer.PooledByteBufAllocator - -Dio.netty.allocator.cacheTrimInterval: 8192
19:44:57.973 [main] DEBUG io.netty.buffer.PooledByteBufAllocator - -Dio.netty.allocator.cacheTrimIntervalMillis: 0
19:44:57.973 [main] DEBUG io.netty.buffer.PooledByteBufAllocator - -Dio.netty.allocator.useCacheForAllThreads: false
19:44:57.973 [main] DEBUG io.netty.buffer.PooledByteBufAllocator - -Dio.netty.allocator.maxCachedByteBuffersPerChunk: 1023
19:44:57.982 [main] DEBUG io.netty.buffer.ByteBufUtil - -Dio.netty.allocator.type: pooled
19:44:57.983 [main] DEBUG io.netty.buffer.ByteBufUtil - -Dio.netty.threadLocalDirectBufferSize: 0
19:44:57.983 [main] DEBUG io.netty.buffer.ByteBufUtil - -Dio.netty.maxThreadLocalCharBufferSize: 16384
19:44:58.696 [Forwarding newSession on session null to remote] DEBUG io.netty.channel.DefaultChannelId - -Dio.netty.processId: 19416 (auto-detected)
19:44:58.698 [Forwarding newSession on session null to remote] DEBUG io.netty.util.NetUtil - -Djava.net.preferIPv4Stack: false
19:44:58.698 [Forwarding newSession on session null to remote] DEBUG io.netty.util.NetUtil - -Djava.net.preferIPv6Addresses: false
19:44:58.784 [Forwarding newSession on session null to remote] DEBUG io.netty.util.NetUtilInitializations - Loopback interface: lo (Software Loopback Interface 1, 127.0.0.1)
19:44:58.785 [Forwarding newSession on session null to remote] DEBUG io.netty.util.NetUtil - Failed to get SOMAXCONN from sysctl and file \proc\sys\net\core\somaxconn. Default: 200
19:44:58.875 [Forwarding newSession on session null to remote] DEBUG io.netty.channel.DefaultChannelId - -Dio.netty.machineId: 34:c9:3d:ff:fe:a7:bc:d7 (auto-detected)
19:44:58.921 [AsyncHttpClient-1-2] DEBUG io.netty.buffer.AbstractByteBuf - -Dio.netty.buffer.checkAccessible: true
19:44:58.921 [AsyncHttpClient-1-2] DEBUG io.netty.buffer.AbstractByteBuf - -Dio.netty.buffer.checkBounds: true
19:44:58.921 [AsyncHttpClient-1-2] DEBUG io.netty.util.ResourceLeakDetectorFactory - Loaded default ResourceLeakDetector: io.netty.util.ResourceLeakDetector@476fad14
19:44:58.932 [AsyncHttpClient-1-2] DEBUG org.asynchttpclient.netty.channel.NettyConnectListener - Using new Channel '[id: 0x9bb442fe, L:/127.0.0.1:64207 - R:localhost/127.0.0.1:58436]' for 'POST' to '/session'
19:44:58.946 [AsyncHttpClient-1-2] DEBUG io.netty.util.Recycler - -Dio.netty.recycler.maxCapacityPerThread: 4096
19:44:58.946 [AsyncHttpClient-1-2] DEBUG io.netty.util.Recycler - -Dio.netty.recycler.ratio: 8
19:44:58.946 [AsyncHttpClient-1-2] DEBUG io.netty.util.Recycler - -Dio.netty.recycler.chunkSize: 32
19:44:58.946 [AsyncHttpClient-1-2] DEBUG io.netty.util.Recycler - -Dio.netty.recycler.blocking: false
19:44:59.539 [AsyncHttpClient-1-2] DEBUG io.netty.handler.codec.compression.Brotli - brotli4j not in the classpath; Brotli support will be unavailable.
19:44:59.539 [AsyncHttpClient-1-2] DEBUG org.asynchttpclient.netty.handler.HttpHandler - 

Request DefaultHttpRequest(decodeResult: success, version: HTTP/1.1)
POST /session HTTP/1.1
User-Agent: selenium/4.4.0 (java windows)
Content-Length: 437
Content-Type: application/json; charset=utf-8
host: localhost:58436
accept: */*

Response DefaultHttpResponse(decodeResult: success, version: HTTP/1.1)
HTTP/1.1 200 OK
Content-Type: application/json; charset=utf-8
cache-control: no-cache
content-length: 790

19:44:59.545 [AsyncHttpClient-1-2] DEBUG org.asynchttpclient.netty.channel.ChannelManager - Adding key: http://localhost:58436 for channel [id: 0x9bb442fe, L:/127.0.0.1:64207 - R:localhost/127.0.0.1:58436]
19:44:59.636 [AsyncHttpClient-1-3] DEBUG org.asynchttpclient.netty.channel.NettyConnectListener - Using new Channel '[id: 0x7e5f51d7, L:/127.0.0.1:64217 - R:localhost/127.0.0.1:64210]' for 'GET' to '/json/version'
19:44:59.638 [AsyncHttpClient-1-3] DEBUG org.asynchttpclient.netty.handler.HttpHandler - 

Request DefaultFullHttpRequest(decodeResult: success, version: HTTP/1.1, content: EmptyByteBufBE)
GET /json/version HTTP/1.1
User-Agent: selenium/4.4.0 (java windows)
host: localhost:64210
accept: */*

Response DefaultHttpResponse(decodeResult: success, version: HTTP/1.1)
HTTP/1.1 200 OK
Content-Type: application/json; charset=UTF-8
content-length: 424

19:44:59.638 [AsyncHttpClient-1-3] DEBUG org.asynchttpclient.netty.channel.ChannelManager - Adding key: http://localhost:64210 for channel [id: 0x7e5f51d7, L:/127.0.0.1:64217 - R:localhost/127.0.0.1:64210]
19:44:59.649 [main] DEBUG io.netty.util.internal.ThreadLocalRandom - -Dio.netty.initialSeedUniquifier: 0xc2af52b69443bcb1
19:44:59.657 [AsyncHttpClient-1-4] DEBUG org.asynchttpclient.netty.channel.NettyConnectListener - Using new Channel '[id: 0x34f8e04f, L:/127.0.0.1:64218 - R:localhost/127.0.0.1:64210]' for 'GET' to '/devtools/browser/b75d2b57-0caa-4749-8ceb-df2f9e609728'
19:44:59.660 [AsyncHttpClient-1-4] DEBUG org.asynchttpclient.netty.handler.WebSocketHandler - 

Request DefaultFullHttpRequest(decodeResult: success, version: HTTP/1.1, content: EmptyByteBufBE)
GET /devtools/browser/b75d2b57-0caa-4749-8ceb-df2f9e609728 HTTP/1.1
upgrade: websocket
connection: upgrade
sec-websocket-key: sjRia8g1lKXkGHSybSVaDg==
sec-websocket-version: 13
origin: http://localhost:64210
host: localhost:64210
accept: */*
user-agent: AHC/2.1

Response DefaultHttpResponse(decodeResult: success, version: HTTP/1.1)
HTTP/1.1 101 WebSocket Protocol Handshake
Upgrade: WebSocket
Connection: Upgrade
Sec-WebSocket-Accept: lJVIjgcDvFKgH31LSMoSCp29ffo=

19:45:00.059 [AsyncHttpClient-1-1] DEBUG org.asynchttpclient.netty.channel.DefaultChannelPool - Entry count for : http://localhost:58436 : 1
19:45:00.059 [AsyncHttpClient-1-1] DEBUG org.asynchttpclient.netty.channel.DefaultChannelPool - Entry count for : http://localhost:64210 : 1
19:45:00.395 [main] DEBUG net.thucydides.core.reflection.ClassFinder - Could not load class .actions.SelectOptions
19:45:00.395 [main] DEBUG net.thucydides.core.reflection.ClassFinder - Could not load class .pageobject.Appointment
19:45:00.395 [main] DEBUG net.thucydides.core.reflection.ClassFinder - Could not load class .pageobject.Home
19:45:00.395 [main] DEBUG net.thucydides.core.reflection.ClassFinder - Could not load class .pageobject.Login
19:45:00.395 [main] DEBUG net.thucydides.core.reflection.ClassFinder - Could not load class .pageobject.MakeAppointment
19:45:00.395 [main] DEBUG net.thucydides.core.reflection.ClassFinder - Could not load class .runners.CucumberTestSuite
19:45:00.395 [main] DEBUG net.thucydides.core.reflection.ClassFinder - Could not load class .stepsdefinitions.AppointmentStepsDefinitions
19:45:00.396 [main] DEBUG net.thucydides.core.reflection.ClassFinder - Could not load class META-INF.versions.9.com.sun.istack.logging.StackHelper
19:45:00.397 [main] DEBUG net.thucydides.core.reflection.ClassFinder - Could not load class META-INF.versions.9.com.sun.xml.bind.v2.runtime.reflect.opt.AccessorInjector
19:45:00.397 [main] DEBUG net.thucydides.core.reflection.ClassFinder - Could not load class META-INF.versions.9.com.sun.xml.bind.v2.runtime.reflect.opt.Injector
19:45:00.397 [main] DEBUG net.thucydides.core.reflection.ClassFinder - Could not load class META-INF.versions.9.com.sun.xml.bind.v2.runtime.reflect.opt.OptimizedAccessorFactory
19:45:00.398 [main] DEBUG net.thucydides.core.reflection.ClassFinder - Could not load class META-INF.versions.9.com.sun.xml.bind.v2.runtime.reflect.opt.OptimizedTransducedAccessorFactory
19:45:00.398 [main] DEBUG net.thucydides.core.reflection.ClassFinder - Could not load class META-INF.versions.9.io.opentelemetry.sdk.internal.CurrentJavaVersionSpecific
19:45:00.398 [main] DEBUG net.thucydides.core.reflection.ClassFinder - Could not load class META-INF.versions.9.io.opentelemetry.sdk.internal.Java9VersionSpecific
19:45:00.399 [main] DEBUG net.thucydides.core.reflection.ClassFinder - Could not load class META-INF.versions.9.javax.xml.bind.ModuleUtil
19:45:00.399 [main] DEBUG net.thucydides.core.reflection.ClassFinder - Could not load class META-INF.versions.9.module-info
19:45:00.400 [main] DEBUG net.thucydides.core.reflection.ClassFinder - Could not load class META-INF.versions.9.org.junit.platform.commons.util.ModuleUtils
19:45:00.796 [main] DEBUG net.thucydides.core.reflection.ClassFinder - Could not load class com.google.gson.internal.
19:45:01.027 [main] DEBUG net.thucydides.core.reflection.ClassFinder - Could not load class com.sun.xml.bind.v2.runtime.output.FastInfosetStreamWriterOutput
19:45:01.163 [AsyncHttpClient-1-1] DEBUG org.asynchttpclient.netty.channel.DefaultChannelPool - Entry count for : http://localhost:58436 : 1
19:45:01.163 [AsyncHttpClient-1-1] DEBUG org.asynchttpclient.netty.channel.DefaultChannelPool - Entry count for : http://localhost:64210 : 1
19:45:01.505 [main] DEBUG net.thucydides.core.reflection.ClassFinder - Could not load class module-info
19:45:02.269 [AsyncHttpClient-1-1] DEBUG org.asynchttpclient.netty.channel.DefaultChannelPool - Entry count for : http://localhost:58436 : 1
19:45:02.269 [AsyncHttpClient-1-1] DEBUG org.asynchttpclient.netty.channel.DefaultChannelPool - Entry count for : http://localhost:64210 : 1
19:45:03.359 [AsyncHttpClient-1-1] DEBUG org.asynchttpclient.netty.channel.DefaultChannelPool - Entry count for : http://localhost:58436 : 1
19:45:03.359 [AsyncHttpClient-1-1] DEBUG org.asynchttpclient.netty.channel.DefaultChannelPool - Entry count for : http://localhost:64210 : 1
19:45:04.001 [Forwarding get on session 5d26fa4adb8f24efb33bdefc3d69120c to remote] DEBUG org.asynchttpclient.netty.request.NettyRequestSender - Using pooled Channel '[id: 0x9bb442fe, L:/127.0.0.1:64207 - R:localhost/127.0.0.1:58436]' for 'POST' to 'http://localhost:58436/session/5d26fa4adb8f24efb33bdefc3d69120c/url'
19:45:04.001 [Forwarding get on session 5d26fa4adb8f24efb33bdefc3d69120c to remote] DEBUG org.asynchttpclient.netty.request.NettyRequestSender - Using open Channel [id: 0x9bb442fe, L:/127.0.0.1:64207 - R:localhost/127.0.0.1:58436] for POST '/session/5d26fa4adb8f24efb33bdefc3d69120c/url'
19:45:04.461 [AsyncHttpClient-1-1] DEBUG org.asynchttpclient.netty.channel.DefaultChannelPool - Entry count for : http://localhost:64210 : 1
19:45:05.266 [AsyncHttpClient-1-2] DEBUG org.asynchttpclient.netty.handler.HttpHandler - 

Request DefaultHttpRequest(decodeResult: success, version: HTTP/1.1)
POST /session/5d26fa4adb8f24efb33bdefc3d69120c/url HTTP/1.1
User-Agent: selenium/4.4.0 (java windows)
Content-Length: 70
Content-Type: application/json; charset=utf-8
host: localhost:58436
accept: */*

Response DefaultHttpResponse(decodeResult: success, version: HTTP/1.1)
HTTP/1.1 200 OK
Content-Type: application/json; charset=utf-8
cache-control: no-cache
content-length: 14

19:45:05.267 [AsyncHttpClient-1-2] DEBUG org.asynchttpclient.netty.channel.ChannelManager - Adding key: http://localhost:58436 for channel [id: 0x9bb442fe, L:/127.0.0.1:64207 - R:localhost/127.0.0.1:58436]
19:45:05.273 [Forwarding setTimeout on session 5d26fa4adb8f24efb33bdefc3d69120c to remote] DEBUG org.asynchttpclient.netty.request.NettyRequestSender - Using pooled Channel '[id: 0x9bb442fe, L:/127.0.0.1:64207 - R:localhost/127.0.0.1:58436]' for 'POST' to 'http://localhost:58436/session/5d26fa4adb8f24efb33bdefc3d69120c/timeouts'
19:45:05.273 [Forwarding setTimeout on session 5d26fa4adb8f24efb33bdefc3d69120c to remote] DEBUG org.asynchttpclient.netty.request.NettyRequestSender - Using open Channel [id: 0x9bb442fe, L:/127.0.0.1:64207 - R:localhost/127.0.0.1:58436] for POST '/session/5d26fa4adb8f24efb33bdefc3d69120c/timeouts'
19:45:05.275 [AsyncHttpClient-1-2] DEBUG org.asynchttpclient.netty.handler.HttpHandler - 

Request DefaultHttpRequest(decodeResult: success, version: HTTP/1.1)
POST /session/5d26fa4adb8f24efb33bdefc3d69120c/timeouts HTTP/1.1
User-Agent: selenium/4.4.0 (java windows)
Content-Length: 22
Content-Type: application/json; charset=utf-8
host: localhost:58436
accept: */*

Response DefaultHttpResponse(decodeResult: success, version: HTTP/1.1)
HTTP/1.1 200 OK
Content-Type: application/json; charset=utf-8
cache-control: no-cache
content-length: 14

19:45:05.276 [AsyncHttpClient-1-2] DEBUG org.asynchttpclient.netty.channel.ChannelManager - Adding key: http://localhost:58436 for channel [id: 0x9bb442fe, L:/127.0.0.1:64207 - R:localhost/127.0.0.1:58436]
19:45:05.281 [Forwarding getCurrentUrl on session 5d26fa4adb8f24efb33bdefc3d69120c to remote] DEBUG org.asynchttpclient.netty.request.NettyRequestSender - Using pooled Channel '[id: 0x9bb442fe, L:/127.0.0.1:64207 - R:localhost/127.0.0.1:58436]' for 'GET' to 'http://localhost:58436/session/5d26fa4adb8f24efb33bdefc3d69120c/url'
19:45:05.281 [Forwarding getCurrentUrl on session 5d26fa4adb8f24efb33bdefc3d69120c to remote] DEBUG org.asynchttpclient.netty.request.NettyRequestSender - Using open Channel [id: 0x9bb442fe, L:/127.0.0.1:64207 - R:localhost/127.0.0.1:58436] for GET '/session/5d26fa4adb8f24efb33bdefc3d69120c/url'
19:45:05.286 [AsyncHttpClient-1-2] DEBUG org.asynchttpclient.netty.handler.HttpHandler - 

Request DefaultFullHttpRequest(decodeResult: success, version: HTTP/1.1, content: EmptyByteBufBE)
GET /session/5d26fa4adb8f24efb33bdefc3d69120c/url HTTP/1.1
User-Agent: selenium/4.4.0 (java windows)
Cache-Control: no-cache
Content-Type: application/json; charset=utf-8
host: localhost:58436
accept: */*

Response DefaultHttpResponse(decodeResult: success, version: HTTP/1.1)
HTTP/1.1 200 OK
Content-Type: application/json; charset=utf-8
cache-control: no-cache
content-length: 52

19:45:05.286 [AsyncHttpClient-1-2] DEBUG org.asynchttpclient.netty.channel.ChannelManager - Adding key: http://localhost:58436 for channel [id: 0x9bb442fe, L:/127.0.0.1:64207 - R:localhost/127.0.0.1:58436]
19:45:05.290 [Forwarding getCurrentUrl on session 5d26fa4adb8f24efb33bdefc3d69120c to remote] DEBUG org.asynchttpclient.netty.request.NettyRequestSender - Using pooled Channel '[id: 0x9bb442fe, L:/127.0.0.1:64207 - R:localhost/127.0.0.1:58436]' for 'GET' to 'http://localhost:58436/session/5d26fa4adb8f24efb33bdefc3d69120c/url'
19:45:05.290 [Forwarding getCurrentUrl on session 5d26fa4adb8f24efb33bdefc3d69120c to remote] DEBUG org.asynchttpclient.netty.request.NettyRequestSender - Using open Channel [id: 0x9bb442fe, L:/127.0.0.1:64207 - R:localhost/127.0.0.1:58436] for GET '/session/5d26fa4adb8f24efb33bdefc3d69120c/url'
19:45:05.294 [AsyncHttpClient-1-2] DEBUG org.asynchttpclient.netty.handler.HttpHandler - 

Request DefaultFullHttpRequest(decodeResult: success, version: HTTP/1.1, content: EmptyByteBufBE)
GET /session/5d26fa4adb8f24efb33bdefc3d69120c/url HTTP/1.1
User-Agent: selenium/4.4.0 (java windows)
Cache-Control: no-cache
Content-Type: application/json; charset=utf-8
host: localhost:58436
accept: */*

Response DefaultHttpResponse(decodeResult: success, version: HTTP/1.1)
HTTP/1.1 200 OK
Content-Type: application/json; charset=utf-8
cache-control: no-cache
content-length: 52

19:45:05.294 [AsyncHttpClient-1-2] DEBUG org.asynchttpclient.netty.channel.ChannelManager - Adding key: http://localhost:58436 for channel [id: 0x9bb442fe, L:/127.0.0.1:64207 - R:localhost/127.0.0.1:58436]
19:45:05.352 [Forwarding findElement on session 5d26fa4adb8f24efb33bdefc3d69120c to remote] DEBUG org.asynchttpclient.netty.request.NettyRequestSender - Using pooled Channel '[id: 0x9bb442fe, L:/127.0.0.1:64207 - R:localhost/127.0.0.1:58436]' for 'POST' to 'http://localhost:58436/session/5d26fa4adb8f24efb33bdefc3d69120c/element'
19:45:05.352 [Forwarding findElement on session 5d26fa4adb8f24efb33bdefc3d69120c to remote] DEBUG org.asynchttpclient.netty.request.NettyRequestSender - Using open Channel [id: 0x9bb442fe, L:/127.0.0.1:64207 - R:localhost/127.0.0.1:58436] for POST '/session/5d26fa4adb8f24efb33bdefc3d69120c/element'
19:45:05.363 [AsyncHttpClient-1-2] DEBUG org.asynchttpclient.netty.handler.HttpHandler - 

Request DefaultHttpRequest(decodeResult: success, version: HTTP/1.1)
POST /session/5d26fa4adb8f24efb33bdefc3d69120c/element HTTP/1.1
User-Agent: selenium/4.4.0 (java windows)
Content-Length: 69
Content-Type: application/json; charset=utf-8
host: localhost:58436
accept: */*

Response DefaultHttpResponse(decodeResult: success, version: HTTP/1.1)
HTTP/1.1 200 OK
Content-Type: application/json; charset=utf-8
cache-control: no-cache
content-length: 88

19:45:05.363 [AsyncHttpClient-1-2] DEBUG org.asynchttpclient.netty.channel.ChannelManager - Adding key: http://localhost:58436 for channel [id: 0x9bb442fe, L:/127.0.0.1:64207 - R:localhost/127.0.0.1:58436]
19:45:05.369 [Forwarding isElementDisplayed on session 5d26fa4adb8f24efb33bdefc3d69120c to remote] DEBUG org.asynchttpclient.netty.request.NettyRequestSender - Using pooled Channel '[id: 0x9bb442fe, L:/127.0.0.1:64207 - R:localhost/127.0.0.1:58436]' for 'POST' to 'http://localhost:58436/session/5d26fa4adb8f24efb33bdefc3d69120c/execute/sync'
19:45:05.369 [Forwarding isElementDisplayed on session 5d26fa4adb8f24efb33bdefc3d69120c to remote] DEBUG org.asynchttpclient.netty.request.NettyRequestSender - Using open Channel [id: 0x9bb442fe, L:/127.0.0.1:64207 - R:localhost/127.0.0.1:58436] for POST '/session/5d26fa4adb8f24efb33bdefc3d69120c/execute/sync'
19:45:05.385 [AsyncHttpClient-1-2] DEBUG org.asynchttpclient.netty.handler.HttpHandler - 

Request DefaultHttpRequest(decodeResult: success, version: HTTP/1.1)
POST /session/5d26fa4adb8f24efb33bdefc3d69120c/execute/sync HTTP/1.1
User-Agent: selenium/4.4.0 (java windows)
Content-Length: 48780
Content-Type: application/json; charset=utf-8
host: localhost:58436
accept: */*

Response DefaultHttpResponse(decodeResult: success, version: HTTP/1.1)
HTTP/1.1 200 OK
Content-Type: application/json; charset=utf-8
cache-control: no-cache
content-length: 14

19:45:05.386 [AsyncHttpClient-1-2] DEBUG org.asynchttpclient.netty.channel.ChannelManager - Adding key: http://localhost:58436 for channel [id: 0x9bb442fe, L:/127.0.0.1:64207 - R:localhost/127.0.0.1:58436]
19:45:05.387 [Forwarding getElementTagName on session 5d26fa4adb8f24efb33bdefc3d69120c to remote] DEBUG org.asynchttpclient.netty.request.NettyRequestSender - Using pooled Channel '[id: 0x9bb442fe, L:/127.0.0.1:64207 - R:localhost/127.0.0.1:58436]' for 'GET' to 'http://localhost:58436/session/5d26fa4adb8f24efb33bdefc3d69120c/element/4676a968-2044-43f9-a934-da54a63c41ae/name'
19:45:05.387 [Forwarding getElementTagName on session 5d26fa4adb8f24efb33bdefc3d69120c to remote] DEBUG org.asynchttpclient.netty.request.NettyRequestSender - Using open Channel [id: 0x9bb442fe, L:/127.0.0.1:64207 - R:localhost/127.0.0.1:58436] for GET '/session/5d26fa4adb8f24efb33bdefc3d69120c/element/4676a968-2044-43f9-a934-da54a63c41ae/name'
19:45:05.391 [AsyncHttpClient-1-2] DEBUG org.asynchttpclient.netty.handler.HttpHandler - 

Request DefaultFullHttpRequest(decodeResult: success, version: HTTP/1.1, content: EmptyByteBufBE)
GET /session/5d26fa4adb8f24efb33bdefc3d69120c/element/4676a968-2044-43f9-a934-da54a63c41ae/name HTTP/1.1
User-Agent: selenium/4.4.0 (java windows)
Cache-Control: no-cache
Content-Type: application/json; charset=utf-8
host: localhost:58436
accept: */*

Response DefaultHttpResponse(decodeResult: success, version: HTTP/1.1)
HTTP/1.1 200 OK
Content-Type: application/json; charset=utf-8
cache-control: no-cache
content-length: 13

19:45:05.391 [AsyncHttpClient-1-2] DEBUG org.asynchttpclient.netty.channel.ChannelManager - Adding key: http://localhost:58436 for channel [id: 0x9bb442fe, L:/127.0.0.1:64207 - R:localhost/127.0.0.1:58436]
19:45:05.393 [Forwarding getElementTagName on session 5d26fa4adb8f24efb33bdefc3d69120c to remote] DEBUG org.asynchttpclient.netty.request.NettyRequestSender - Using pooled Channel '[id: 0x9bb442fe, L:/127.0.0.1:64207 - R:localhost/127.0.0.1:58436]' for 'GET' to 'http://localhost:58436/session/5d26fa4adb8f24efb33bdefc3d69120c/element/4676a968-2044-43f9-a934-da54a63c41ae/name'
19:45:05.393 [Forwarding getElementTagName on session 5d26fa4adb8f24efb33bdefc3d69120c to remote] DEBUG org.asynchttpclient.netty.request.NettyRequestSender - Using open Channel [id: 0x9bb442fe, L:/127.0.0.1:64207 - R:localhost/127.0.0.1:58436] for GET '/session/5d26fa4adb8f24efb33bdefc3d69120c/element/4676a968-2044-43f9-a934-da54a63c41ae/name'
19:45:05.396 [AsyncHttpClient-1-2] DEBUG org.asynchttpclient.netty.handler.HttpHandler - 

Request DefaultFullHttpRequest(decodeResult: success, version: HTTP/1.1, content: EmptyByteBufBE)
GET /session/5d26fa4adb8f24efb33bdefc3d69120c/element/4676a968-2044-43f9-a934-da54a63c41ae/name HTTP/1.1
User-Agent: selenium/4.4.0 (java windows)
Cache-Control: no-cache
Content-Type: application/json; charset=utf-8
host: localhost:58436
accept: */*

Response DefaultHttpResponse(decodeResult: success, version: HTTP/1.1)
HTTP/1.1 200 OK
Content-Type: application/json; charset=utf-8
cache-control: no-cache
content-length: 13

19:45:05.396 [AsyncHttpClient-1-2] DEBUG org.asynchttpclient.netty.channel.ChannelManager - Adding key: http://localhost:58436 for channel [id: 0x9bb442fe, L:/127.0.0.1:64207 - R:localhost/127.0.0.1:58436]
19:45:05.399 [Forwarding findElement on session 5d26fa4adb8f24efb33bdefc3d69120c to remote] DEBUG org.asynchttpclient.netty.request.NettyRequestSender - Using pooled Channel '[id: 0x9bb442fe, L:/127.0.0.1:64207 - R:localhost/127.0.0.1:58436]' for 'POST' to 'http://localhost:58436/session/5d26fa4adb8f24efb33bdefc3d69120c/element'
19:45:05.399 [Forwarding findElement on session 5d26fa4adb8f24efb33bdefc3d69120c to remote] DEBUG org.asynchttpclient.netty.request.NettyRequestSender - Using open Channel [id: 0x9bb442fe, L:/127.0.0.1:64207 - R:localhost/127.0.0.1:58436] for POST '/session/5d26fa4adb8f24efb33bdefc3d69120c/element'
19:45:05.407 [AsyncHttpClient-1-2] DEBUG org.asynchttpclient.netty.handler.HttpHandler - 

Request DefaultHttpRequest(decodeResult: success, version: HTTP/1.1)
POST /session/5d26fa4adb8f24efb33bdefc3d69120c/element HTTP/1.1
User-Agent: selenium/4.4.0 (java windows)
Content-Length: 69
Content-Type: application/json; charset=utf-8
host: localhost:58436
accept: */*

Response DefaultHttpResponse(decodeResult: success, version: HTTP/1.1)
HTTP/1.1 200 OK
Content-Type: application/json; charset=utf-8
cache-control: no-cache
content-length: 88

19:45:05.407 [AsyncHttpClient-1-2] DEBUG org.asynchttpclient.netty.channel.ChannelManager - Adding key: http://localhost:58436 for channel [id: 0x9bb442fe, L:/127.0.0.1:64207 - R:localhost/127.0.0.1:58436]
19:45:05.413 [Forwarding isElementDisplayed on session 5d26fa4adb8f24efb33bdefc3d69120c to remote] DEBUG org.asynchttpclient.netty.request.NettyRequestSender - Using pooled Channel '[id: 0x9bb442fe, L:/127.0.0.1:64207 - R:localhost/127.0.0.1:58436]' for 'POST' to 'http://localhost:58436/session/5d26fa4adb8f24efb33bdefc3d69120c/execute/sync'
19:45:05.413 [Forwarding isElementDisplayed on session 5d26fa4adb8f24efb33bdefc3d69120c to remote] DEBUG org.asynchttpclient.netty.request.NettyRequestSender - Using open Channel [id: 0x9bb442fe, L:/127.0.0.1:64207 - R:localhost/127.0.0.1:58436] for POST '/session/5d26fa4adb8f24efb33bdefc3d69120c/execute/sync'
19:45:05.425 [AsyncHttpClient-1-2] DEBUG org.asynchttpclient.netty.handler.HttpHandler - 

Request DefaultHttpRequest(decodeResult: success, version: HTTP/1.1)
POST /session/5d26fa4adb8f24efb33bdefc3d69120c/execute/sync HTTP/1.1
User-Agent: selenium/4.4.0 (java windows)
Content-Length: 48780
Content-Type: application/json; charset=utf-8
host: localhost:58436
accept: */*

Response DefaultHttpResponse(decodeResult: success, version: HTTP/1.1)
HTTP/1.1 200 OK
Content-Type: application/json; charset=utf-8
cache-control: no-cache
content-length: 14

19:45:05.426 [AsyncHttpClient-1-2] DEBUG org.asynchttpclient.netty.channel.ChannelManager - Adding key: http://localhost:58436 for channel [id: 0x9bb442fe, L:/127.0.0.1:64207 - R:localhost/127.0.0.1:58436]
19:45:05.427 [Forwarding clickElement on session 5d26fa4adb8f24efb33bdefc3d69120c to remote] DEBUG org.asynchttpclient.netty.request.NettyRequestSender - Using pooled Channel '[id: 0x9bb442fe, L:/127.0.0.1:64207 - R:localhost/127.0.0.1:58436]' for 'POST' to 'http://localhost:58436/session/5d26fa4adb8f24efb33bdefc3d69120c/element/4676a968-2044-43f9-a934-da54a63c41ae/click'
19:45:05.427 [Forwarding clickElement on session 5d26fa4adb8f24efb33bdefc3d69120c to remote] DEBUG org.asynchttpclient.netty.request.NettyRequestSender - Using open Channel [id: 0x9bb442fe, L:/127.0.0.1:64207 - R:localhost/127.0.0.1:58436] for POST '/session/5d26fa4adb8f24efb33bdefc3d69120c/element/4676a968-2044-43f9-a934-da54a63c41ae/click'
19:45:05.561 [AsyncHttpClient-1-1] DEBUG org.asynchttpclient.netty.channel.DefaultChannelPool - Entry count for : http://localhost:64210 : 1
19:45:05.768 [AsyncHttpClient-1-2] DEBUG org.asynchttpclient.netty.handler.HttpHandler - 

Request DefaultHttpRequest(decodeResult: success, version: HTTP/1.1)
POST /session/5d26fa4adb8f24efb33bdefc3d69120c/element/4676a968-2044-43f9-a934-da54a63c41ae/click HTTP/1.1
User-Agent: selenium/4.4.0 (java windows)
Content-Length: 50
Content-Type: application/json; charset=utf-8
host: localhost:58436
accept: */*

Response DefaultHttpResponse(decodeResult: success, version: HTTP/1.1)
HTTP/1.1 200 OK
Content-Type: application/json; charset=utf-8
cache-control: no-cache
content-length: 14

19:45:05.768 [AsyncHttpClient-1-2] DEBUG org.asynchttpclient.netty.channel.ChannelManager - Adding key: http://localhost:58436 for channel [id: 0x9bb442fe, L:/127.0.0.1:64207 - R:localhost/127.0.0.1:58436]
19:45:05.794 [main] DEBUG net.serenitybdd.core.photography.Darkroom - Opening darkroom
19:45:05.798 [Darkroom Processing Line] DEBUG net.serenitybdd.core.photography.DarkroomProcessingLine - Darkroom processing line starting up
19:45:05.802 [Forwarding getCurrentWindowHandle on session 5d26fa4adb8f24efb33bdefc3d69120c to remote] DEBUG org.asynchttpclient.netty.request.NettyRequestSender - Using pooled Channel '[id: 0x9bb442fe, L:/127.0.0.1:64207 - R:localhost/127.0.0.1:58436]' for 'GET' to 'http://localhost:58436/session/5d26fa4adb8f24efb33bdefc3d69120c/window'
19:45:05.802 [Forwarding getCurrentWindowHandle on session 5d26fa4adb8f24efb33bdefc3d69120c to remote] DEBUG org.asynchttpclient.netty.request.NettyRequestSender - Using open Channel [id: 0x9bb442fe, L:/127.0.0.1:64207 - R:localhost/127.0.0.1:58436] for GET '/session/5d26fa4adb8f24efb33bdefc3d69120c/window'
19:45:05.805 [AsyncHttpClient-1-2] DEBUG org.asynchttpclient.netty.handler.HttpHandler - 

Request DefaultFullHttpRequest(decodeResult: success, version: HTTP/1.1, content: EmptyByteBufBE)
GET /session/5d26fa4adb8f24efb33bdefc3d69120c/window HTTP/1.1
User-Agent: selenium/4.4.0 (java windows)
Cache-Control: no-cache
Content-Type: application/json; charset=utf-8
host: localhost:58436
accept: */*

Response DefaultHttpResponse(decodeResult: success, version: HTTP/1.1)
HTTP/1.1 200 OK
Content-Type: application/json; charset=utf-8
cache-control: no-cache
content-length: 53

19:45:05.806 [AsyncHttpClient-1-2] DEBUG org.asynchttpclient.netty.channel.ChannelManager - Adding key: http://localhost:58436 for channel [id: 0x9bb442fe, L:/127.0.0.1:64207 - R:localhost/127.0.0.1:58436]
19:45:05.807 [Forwarding getAlertText on session 5d26fa4adb8f24efb33bdefc3d69120c to remote] DEBUG org.asynchttpclient.netty.request.NettyRequestSender - Using pooled Channel '[id: 0x9bb442fe, L:/127.0.0.1:64207 - R:localhost/127.0.0.1:58436]' for 'GET' to 'http://localhost:58436/session/5d26fa4adb8f24efb33bdefc3d69120c/alert/text'
19:45:05.807 [Forwarding getAlertText on session 5d26fa4adb8f24efb33bdefc3d69120c to remote] DEBUG org.asynchttpclient.netty.request.NettyRequestSender - Using open Channel [id: 0x9bb442fe, L:/127.0.0.1:64207 - R:localhost/127.0.0.1:58436] for GET '/session/5d26fa4adb8f24efb33bdefc3d69120c/alert/text'
19:45:05.812 [AsyncHttpClient-1-2] DEBUG org.asynchttpclient.netty.handler.HttpHandler - 

Request DefaultFullHttpRequest(decodeResult: success, version: HTTP/1.1, content: EmptyByteBufBE)
GET /session/5d26fa4adb8f24efb33bdefc3d69120c/alert/text HTTP/1.1
User-Agent: selenium/4.4.0 (java windows)
Cache-Control: no-cache
Content-Type: application/json; charset=utf-8
host: localhost:58436
accept: */*

Response DefaultHttpResponse(decodeResult: success, version: HTTP/1.1)
HTTP/1.1 404 Not Found
Content-Type: application/json; charset=utf-8
cache-control: no-cache
content-length: 815

19:45:05.812 [AsyncHttpClient-1-2] DEBUG org.asynchttpclient.netty.channel.ChannelManager - Adding key: http://localhost:58436 for channel [id: 0x9bb442fe, L:/127.0.0.1:64207 - R:localhost/127.0.0.1:58436]
19:45:05.817 [Forwarding switchToWindow on session 5d26fa4adb8f24efb33bdefc3d69120c to remote] DEBUG org.asynchttpclient.netty.request.NettyRequestSender - Using pooled Channel '[id: 0x9bb442fe, L:/127.0.0.1:64207 - R:localhost/127.0.0.1:58436]' for 'POST' to 'http://localhost:58436/session/5d26fa4adb8f24efb33bdefc3d69120c/window'
19:45:05.817 [Forwarding switchToWindow on session 5d26fa4adb8f24efb33bdefc3d69120c to remote] DEBUG org.asynchttpclient.netty.request.NettyRequestSender - Using open Channel [id: 0x9bb442fe, L:/127.0.0.1:64207 - R:localhost/127.0.0.1:58436] for POST '/session/5d26fa4adb8f24efb33bdefc3d69120c/window'
19:45:05.821 [AsyncHttpClient-1-2] DEBUG org.asynchttpclient.netty.handler.HttpHandler - 

Request DefaultHttpRequest(decodeResult: success, version: HTTP/1.1)
POST /session/5d26fa4adb8f24efb33bdefc3d69120c/window HTTP/1.1
User-Agent: selenium/4.4.0 (java windows)
Content-Length: 59
Content-Type: application/json; charset=utf-8
host: localhost:58436
accept: */*

Response DefaultHttpResponse(decodeResult: success, version: HTTP/1.1)
HTTP/1.1 200 OK
Content-Type: application/json; charset=utf-8
cache-control: no-cache
content-length: 14

19:45:05.821 [AsyncHttpClient-1-2] DEBUG org.asynchttpclient.netty.channel.ChannelManager - Adding key: http://localhost:58436 for channel [id: 0x9bb442fe, L:/127.0.0.1:64207 - R:localhost/127.0.0.1:58436]
19:45:05.822 [Forwarding getCurrentUrl on session 5d26fa4adb8f24efb33bdefc3d69120c to remote] DEBUG org.asynchttpclient.netty.request.NettyRequestSender - Using pooled Channel '[id: 0x9bb442fe, L:/127.0.0.1:64207 - R:localhost/127.0.0.1:58436]' for 'GET' to 'http://localhost:58436/session/5d26fa4adb8f24efb33bdefc3d69120c/url'
19:45:05.822 [Forwarding getCurrentUrl on session 5d26fa4adb8f24efb33bdefc3d69120c to remote] DEBUG org.asynchttpclient.netty.request.NettyRequestSender - Using open Channel [id: 0x9bb442fe, L:/127.0.0.1:64207 - R:localhost/127.0.0.1:58436] for GET '/session/5d26fa4adb8f24efb33bdefc3d69120c/url'
19:45:05.826 [AsyncHttpClient-1-2] DEBUG org.asynchttpclient.netty.handler.HttpHandler - 

Request DefaultFullHttpRequest(decodeResult: success, version: HTTP/1.1, content: EmptyByteBufBE)
GET /session/5d26fa4adb8f24efb33bdefc3d69120c/url HTTP/1.1
User-Agent: selenium/4.4.0 (java windows)
Cache-Control: no-cache
Content-Type: application/json; charset=utf-8
host: localhost:58436
accept: */*

Response DefaultHttpResponse(decodeResult: success, version: HTTP/1.1)
HTTP/1.1 200 OK
Content-Type: application/json; charset=utf-8
cache-control: no-cache
content-length: 69

19:45:05.826 [AsyncHttpClient-1-2] DEBUG org.asynchttpclient.netty.channel.ChannelManager - Adding key: http://localhost:58436 for channel [id: 0x9bb442fe, L:/127.0.0.1:64207 - R:localhost/127.0.0.1:58436]
19:45:05.828 [Forwarding screenshot on session 5d26fa4adb8f24efb33bdefc3d69120c to remote] DEBUG org.asynchttpclient.netty.request.NettyRequestSender - Using pooled Channel '[id: 0x9bb442fe, L:/127.0.0.1:64207 - R:localhost/127.0.0.1:58436]' for 'GET' to 'http://localhost:58436/session/5d26fa4adb8f24efb33bdefc3d69120c/screenshot'
19:45:05.828 [Forwarding screenshot on session 5d26fa4adb8f24efb33bdefc3d69120c to remote] DEBUG org.asynchttpclient.netty.request.NettyRequestSender - Using open Channel [id: 0x9bb442fe, L:/127.0.0.1:64207 - R:localhost/127.0.0.1:58436] for GET '/session/5d26fa4adb8f24efb33bdefc3d69120c/screenshot'
19:45:05.922 [AsyncHttpClient-1-2] DEBUG org.asynchttpclient.netty.handler.HttpHandler - 

Request DefaultFullHttpRequest(decodeResult: success, version: HTTP/1.1, content: EmptyByteBufBE)
GET /session/5d26fa4adb8f24efb33bdefc3d69120c/screenshot HTTP/1.1
User-Agent: selenium/4.4.0 (java windows)
Cache-Control: no-cache
Content-Type: application/json; charset=utf-8
host: localhost:58436
accept: */*

Response DefaultHttpResponse(decodeResult: success, version: HTTP/1.1)
HTTP/1.1 200 OK
Content-Type: application/json; charset=utf-8
cache-control: no-cache
content-length: 18920

19:45:05.922 [AsyncHttpClient-1-2] DEBUG org.asynchttpclient.netty.channel.ChannelManager - Adding key: http://localhost:58436 for channel [id: 0x9bb442fe, L:/127.0.0.1:64207 - R:localhost/127.0.0.1:58436]
19:45:05.977 [main] DEBUG net.serenitybdd.core.photography.Darkroom - Send negative for processing for target\site\serenity\99240aa820035720ab1dff2910dad729ff8bac5080815d2bfaa66c19b8211aef.png
19:45:05.978 [Darkroom Processing Line] DEBUG net.serenitybdd.core.photography.DarkroomProcessingLine - Processing screenshot image in /var/screenshots/screenshot-5346518661790037828
19:45:05.978 [Darkroom Processing Line] DEBUG net.serenitybdd.core.photography.DarkroomProcessingLine - Saving screenshot to target\site\serenity\99240aa820035720ab1dff2910dad729ff8bac5080815d2bfaa66c19b8211aef.png
19:45:05.991 [Forwarding getPageSource on session 5d26fa4adb8f24efb33bdefc3d69120c to remote] DEBUG org.asynchttpclient.netty.request.NettyRequestSender - Using pooled Channel '[id: 0x9bb442fe, L:/127.0.0.1:64207 - R:localhost/127.0.0.1:58436]' for 'POST' to 'http://localhost:58436/session/5d26fa4adb8f24efb33bdefc3d69120c/execute/sync'
19:45:05.991 [Forwarding getPageSource on session 5d26fa4adb8f24efb33bdefc3d69120c to remote] DEBUG org.asynchttpclient.netty.request.NettyRequestSender - Using open Channel [id: 0x9bb442fe, L:/127.0.0.1:64207 - R:localhost/127.0.0.1:58436] for POST '/session/5d26fa4adb8f24efb33bdefc3d69120c/execute/sync'
19:45:05.997 [AsyncHttpClient-1-2] DEBUG org.asynchttpclient.netty.handler.HttpHandler - 

Request DefaultHttpRequest(decodeResult: success, version: HTTP/1.1)
POST /session/5d26fa4adb8f24efb33bdefc3d69120c/execute/sync HTTP/1.1
User-Agent: selenium/4.4.0 (java windows)
Content-Length: 176
Content-Type: application/json; charset=utf-8
host: localhost:58436
accept: */*

Response DefaultHttpResponse(decodeResult: success, version: HTTP/1.1)
HTTP/1.1 200 OK
Content-Type: application/json; charset=utf-8
cache-control: no-cache
content-length: 8791

19:45:05.997 [AsyncHttpClient-1-2] DEBUG org.asynchttpclient.netty.channel.ChannelManager - Adding key: http://localhost:58436 for channel [id: 0x9bb442fe, L:/127.0.0.1:64207 - R:localhost/127.0.0.1:58436]
19:45:06.066 [Forwarding getCurrentUrl on session 5d26fa4adb8f24efb33bdefc3d69120c to remote] DEBUG org.asynchttpclient.netty.request.NettyRequestSender - Using pooled Channel '[id: 0x9bb442fe, L:/127.0.0.1:64207 - R:localhost/127.0.0.1:58436]' for 'GET' to 'http://localhost:58436/session/5d26fa4adb8f24efb33bdefc3d69120c/url'
19:45:06.067 [Forwarding getCurrentUrl on session 5d26fa4adb8f24efb33bdefc3d69120c to remote] DEBUG org.asynchttpclient.netty.request.NettyRequestSender - Using open Channel [id: 0x9bb442fe, L:/127.0.0.1:64207 - R:localhost/127.0.0.1:58436] for GET '/session/5d26fa4adb8f24efb33bdefc3d69120c/url'
19:45:06.070 [AsyncHttpClient-1-2] DEBUG org.asynchttpclient.netty.handler.HttpHandler - 

Request DefaultFullHttpRequest(decodeResult: success, version: HTTP/1.1, content: EmptyByteBufBE)
GET /session/5d26fa4adb8f24efb33bdefc3d69120c/url HTTP/1.1
User-Agent: selenium/4.4.0 (java windows)
Cache-Control: no-cache
Content-Type: application/json; charset=utf-8
host: localhost:58436
accept: */*

Response DefaultHttpResponse(decodeResult: success, version: HTTP/1.1)
HTTP/1.1 200 OK
Content-Type: application/json; charset=utf-8
cache-control: no-cache
content-length: 69

19:45:06.071 [AsyncHttpClient-1-2] DEBUG org.asynchttpclient.netty.channel.ChannelManager - Adding key: http://localhost:58436 for channel [id: 0x9bb442fe, L:/127.0.0.1:64207 - R:localhost/127.0.0.1:58436]
19:45:06.079 [Forwarding findElement on session 5d26fa4adb8f24efb33bdefc3d69120c to remote] DEBUG org.asynchttpclient.netty.request.NettyRequestSender - Using pooled Channel '[id: 0x9bb442fe, L:/127.0.0.1:64207 - R:localhost/127.0.0.1:58436]' for 'POST' to 'http://localhost:58436/session/5d26fa4adb8f24efb33bdefc3d69120c/element'
19:45:06.079 [Forwarding findElement on session 5d26fa4adb8f24efb33bdefc3d69120c to remote] DEBUG org.asynchttpclient.netty.request.NettyRequestSender - Using open Channel [id: 0x9bb442fe, L:/127.0.0.1:64207 - R:localhost/127.0.0.1:58436] for POST '/session/5d26fa4adb8f24efb33bdefc3d69120c/element'
19:45:06.088 [AsyncHttpClient-1-2] DEBUG org.asynchttpclient.netty.handler.HttpHandler - 

Request DefaultHttpRequest(decodeResult: success, version: HTTP/1.1)
POST /session/5d26fa4adb8f24efb33bdefc3d69120c/element HTTP/1.1
User-Agent: selenium/4.4.0 (java windows)
Content-Length: 59
Content-Type: application/json; charset=utf-8
host: localhost:58436
accept: */*

Response DefaultHttpResponse(decodeResult: success, version: HTTP/1.1)
HTTP/1.1 200 OK
Content-Type: application/json; charset=utf-8
cache-control: no-cache
content-length: 88

19:45:06.088 [AsyncHttpClient-1-2] DEBUG org.asynchttpclient.netty.channel.ChannelManager - Adding key: http://localhost:58436 for channel [id: 0x9bb442fe, L:/127.0.0.1:64207 - R:localhost/127.0.0.1:58436]
19:45:06.091 [Forwarding isElementDisplayed on session 5d26fa4adb8f24efb33bdefc3d69120c to remote] DEBUG org.asynchttpclient.netty.request.NettyRequestSender - Using pooled Channel '[id: 0x9bb442fe, L:/127.0.0.1:64207 - R:localhost/127.0.0.1:58436]' for 'POST' to 'http://localhost:58436/session/5d26fa4adb8f24efb33bdefc3d69120c/execute/sync'
19:45:06.091 [Forwarding isElementDisplayed on session 5d26fa4adb8f24efb33bdefc3d69120c to remote] DEBUG org.asynchttpclient.netty.request.NettyRequestSender - Using open Channel [id: 0x9bb442fe, L:/127.0.0.1:64207 - R:localhost/127.0.0.1:58436] for POST '/session/5d26fa4adb8f24efb33bdefc3d69120c/execute/sync'
19:45:06.105 [AsyncHttpClient-1-2] DEBUG org.asynchttpclient.netty.handler.HttpHandler - 

Request DefaultHttpRequest(decodeResult: success, version: HTTP/1.1)
POST /session/5d26fa4adb8f24efb33bdefc3d69120c/execute/sync HTTP/1.1
User-Agent: selenium/4.4.0 (java windows)
Content-Length: 48780
Content-Type: application/json; charset=utf-8
host: localhost:58436
accept: */*

Response DefaultHttpResponse(decodeResult: success, version: HTTP/1.1)
HTTP/1.1 200 OK
Content-Type: application/json; charset=utf-8
cache-control: no-cache
content-length: 14

19:45:06.105 [AsyncHttpClient-1-2] DEBUG org.asynchttpclient.netty.channel.ChannelManager - Adding key: http://localhost:58436 for channel [id: 0x9bb442fe, L:/127.0.0.1:64207 - R:localhost/127.0.0.1:58436]
19:45:06.106 [Forwarding clearElement on session 5d26fa4adb8f24efb33bdefc3d69120c to remote] DEBUG org.asynchttpclient.netty.request.NettyRequestSender - Using pooled Channel '[id: 0x9bb442fe, L:/127.0.0.1:64207 - R:localhost/127.0.0.1:58436]' for 'POST' to 'http://localhost:58436/session/5d26fa4adb8f24efb33bdefc3d69120c/element/4a76b0b3-a8ed-4f45-b4d9-f49860aa56a6/clear'
19:45:06.106 [Forwarding clearElement on session 5d26fa4adb8f24efb33bdefc3d69120c to remote] DEBUG org.asynchttpclient.netty.request.NettyRequestSender - Using open Channel [id: 0x9bb442fe, L:/127.0.0.1:64207 - R:localhost/127.0.0.1:58436] for POST '/session/5d26fa4adb8f24efb33bdefc3d69120c/element/4a76b0b3-a8ed-4f45-b4d9-f49860aa56a6/clear'
19:45:06.129 [AsyncHttpClient-1-2] DEBUG org.asynchttpclient.netty.handler.HttpHandler - 

Request DefaultHttpRequest(decodeResult: success, version: HTTP/1.1)
POST /session/5d26fa4adb8f24efb33bdefc3d69120c/element/4a76b0b3-a8ed-4f45-b4d9-f49860aa56a6/clear HTTP/1.1
User-Agent: selenium/4.4.0 (java windows)
Content-Length: 50
Content-Type: application/json; charset=utf-8
host: localhost:58436
accept: */*

Response DefaultHttpResponse(decodeResult: success, version: HTTP/1.1)
HTTP/1.1 200 OK
Content-Type: application/json; charset=utf-8
cache-control: no-cache
content-length: 14

19:45:06.129 [AsyncHttpClient-1-2] DEBUG org.asynchttpclient.netty.channel.ChannelManager - Adding key: http://localhost:58436 for channel [id: 0x9bb442fe, L:/127.0.0.1:64207 - R:localhost/127.0.0.1:58436]
19:45:06.133 [Forwarding sendKeysToElement on session 5d26fa4adb8f24efb33bdefc3d69120c to remote] DEBUG org.asynchttpclient.netty.request.NettyRequestSender - Using pooled Channel '[id: 0x9bb442fe, L:/127.0.0.1:64207 - R:localhost/127.0.0.1:58436]' for 'POST' to 'http://localhost:58436/session/5d26fa4adb8f24efb33bdefc3d69120c/element/4a76b0b3-a8ed-4f45-b4d9-f49860aa56a6/value'
19:45:06.133 [Forwarding sendKeysToElement on session 5d26fa4adb8f24efb33bdefc3d69120c to remote] DEBUG org.asynchttpclient.netty.request.NettyRequestSender - Using open Channel [id: 0x9bb442fe, L:/127.0.0.1:64207 - R:localhost/127.0.0.1:58436] for POST '/session/5d26fa4adb8f24efb33bdefc3d69120c/element/4a76b0b3-a8ed-4f45-b4d9-f49860aa56a6/value'
19:45:06.171 [AsyncHttpClient-1-2] DEBUG org.asynchttpclient.netty.handler.HttpHandler - 

Request DefaultHttpRequest(decodeResult: success, version: HTTP/1.1)
POST /session/5d26fa4adb8f24efb33bdefc3d69120c/element/4a76b0b3-a8ed-4f45-b4d9-f49860aa56a6/value HTTP/1.1
User-Agent: selenium/4.4.0 (java windows)
Content-Length: 161
Content-Type: application/json; charset=utf-8
host: localhost:58436
accept: */*

Response DefaultHttpResponse(decodeResult: success, version: HTTP/1.1)
HTTP/1.1 200 OK
Content-Type: application/json; charset=utf-8
cache-control: no-cache
content-length: 14

19:45:06.171 [AsyncHttpClient-1-2] DEBUG org.asynchttpclient.netty.channel.ChannelManager - Adding key: http://localhost:58436 for channel [id: 0x9bb442fe, L:/127.0.0.1:64207 - R:localhost/127.0.0.1:58436]
19:45:06.177 [Forwarding findElement on session 5d26fa4adb8f24efb33bdefc3d69120c to remote] DEBUG org.asynchttpclient.netty.request.NettyRequestSender - Using pooled Channel '[id: 0x9bb442fe, L:/127.0.0.1:64207 - R:localhost/127.0.0.1:58436]' for 'POST' to 'http://localhost:58436/session/5d26fa4adb8f24efb33bdefc3d69120c/element'
19:45:06.177 [Forwarding findElement on session 5d26fa4adb8f24efb33bdefc3d69120c to remote] DEBUG org.asynchttpclient.netty.request.NettyRequestSender - Using open Channel [id: 0x9bb442fe, L:/127.0.0.1:64207 - R:localhost/127.0.0.1:58436] for POST '/session/5d26fa4adb8f24efb33bdefc3d69120c/element'
19:45:06.187 [AsyncHttpClient-1-2] DEBUG org.asynchttpclient.netty.handler.HttpHandler - 

Request DefaultHttpRequest(decodeResult: success, version: HTTP/1.1)
POST /session/5d26fa4adb8f24efb33bdefc3d69120c/element HTTP/1.1
User-Agent: selenium/4.4.0 (java windows)
Content-Length: 59
Content-Type: application/json; charset=utf-8
host: localhost:58436
accept: */*

Response DefaultHttpResponse(decodeResult: success, version: HTTP/1.1)
HTTP/1.1 200 OK
Content-Type: application/json; charset=utf-8
cache-control: no-cache
content-length: 88

19:45:06.187 [AsyncHttpClient-1-2] DEBUG org.asynchttpclient.netty.channel.ChannelManager - Adding key: http://localhost:58436 for channel [id: 0x9bb442fe, L:/127.0.0.1:64207 - R:localhost/127.0.0.1:58436]
19:45:06.190 [Forwarding isElementDisplayed on session 5d26fa4adb8f24efb33bdefc3d69120c to remote] DEBUG org.asynchttpclient.netty.request.NettyRequestSender - Using pooled Channel '[id: 0x9bb442fe, L:/127.0.0.1:64207 - R:localhost/127.0.0.1:58436]' for 'POST' to 'http://localhost:58436/session/5d26fa4adb8f24efb33bdefc3d69120c/execute/sync'
19:45:06.190 [Forwarding isElementDisplayed on session 5d26fa4adb8f24efb33bdefc3d69120c to remote] DEBUG org.asynchttpclient.netty.request.NettyRequestSender - Using open Channel [id: 0x9bb442fe, L:/127.0.0.1:64207 - R:localhost/127.0.0.1:58436] for POST '/session/5d26fa4adb8f24efb33bdefc3d69120c/execute/sync'
19:45:06.200 [AsyncHttpClient-1-2] DEBUG org.asynchttpclient.netty.handler.HttpHandler - 

Request DefaultHttpRequest(decodeResult: success, version: HTTP/1.1)
POST /session/5d26fa4adb8f24efb33bdefc3d69120c/execute/sync HTTP/1.1
User-Agent: selenium/4.4.0 (java windows)
Content-Length: 48780
Content-Type: application/json; charset=utf-8
host: localhost:58436
accept: */*

Response DefaultHttpResponse(decodeResult: success, version: HTTP/1.1)
HTTP/1.1 200 OK
Content-Type: application/json; charset=utf-8
cache-control: no-cache
content-length: 14

19:45:06.201 [AsyncHttpClient-1-2] DEBUG org.asynchttpclient.netty.channel.ChannelManager - Adding key: http://localhost:58436 for channel [id: 0x9bb442fe, L:/127.0.0.1:64207 - R:localhost/127.0.0.1:58436]
19:45:06.202 [Forwarding clearElement on session 5d26fa4adb8f24efb33bdefc3d69120c to remote] DEBUG org.asynchttpclient.netty.request.NettyRequestSender - Using pooled Channel '[id: 0x9bb442fe, L:/127.0.0.1:64207 - R:localhost/127.0.0.1:58436]' for 'POST' to 'http://localhost:58436/session/5d26fa4adb8f24efb33bdefc3d69120c/element/b5ee3c4d-df26-4db6-ba3a-33b10260073d/clear'
19:45:06.202 [Forwarding clearElement on session 5d26fa4adb8f24efb33bdefc3d69120c to remote] DEBUG org.asynchttpclient.netty.request.NettyRequestSender - Using open Channel [id: 0x9bb442fe, L:/127.0.0.1:64207 - R:localhost/127.0.0.1:58436] for POST '/session/5d26fa4adb8f24efb33bdefc3d69120c/element/b5ee3c4d-df26-4db6-ba3a-33b10260073d/clear'
19:45:06.231 [AsyncHttpClient-1-2] DEBUG org.asynchttpclient.netty.handler.HttpHandler - 

Request DefaultHttpRequest(decodeResult: success, version: HTTP/1.1)
POST /session/5d26fa4adb8f24efb33bdefc3d69120c/element/b5ee3c4d-df26-4db6-ba3a-33b10260073d/clear HTTP/1.1
User-Agent: selenium/4.4.0 (java windows)
Content-Length: 50
Content-Type: application/json; charset=utf-8
host: localhost:58436
accept: */*

Response DefaultHttpResponse(decodeResult: success, version: HTTP/1.1)
HTTP/1.1 200 OK
Content-Type: application/json; charset=utf-8
cache-control: no-cache
content-length: 14

19:45:06.232 [AsyncHttpClient-1-2] DEBUG org.asynchttpclient.netty.channel.ChannelManager - Adding key: http://localhost:58436 for channel [id: 0x9bb442fe, L:/127.0.0.1:64207 - R:localhost/127.0.0.1:58436]
19:45:06.234 [Forwarding sendKeysToElement on session 5d26fa4adb8f24efb33bdefc3d69120c to remote] DEBUG org.asynchttpclient.netty.request.NettyRequestSender - Using pooled Channel '[id: 0x9bb442fe, L:/127.0.0.1:64207 - R:localhost/127.0.0.1:58436]' for 'POST' to 'http://localhost:58436/session/5d26fa4adb8f24efb33bdefc3d69120c/element/b5ee3c4d-df26-4db6-ba3a-33b10260073d/value'
19:45:06.234 [Forwarding sendKeysToElement on session 5d26fa4adb8f24efb33bdefc3d69120c to remote] DEBUG org.asynchttpclient.netty.request.NettyRequestSender - Using open Channel [id: 0x9bb442fe, L:/127.0.0.1:64207 - R:localhost/127.0.0.1:58436] for POST '/session/5d26fa4adb8f24efb33bdefc3d69120c/element/b5ee3c4d-df26-4db6-ba3a-33b10260073d/value'
19:45:06.276 [AsyncHttpClient-1-2] DEBUG org.asynchttpclient.netty.handler.HttpHandler - 

Request DefaultHttpRequest(decodeResult: success, version: HTTP/1.1)
POST /session/5d26fa4adb8f24efb33bdefc3d69120c/element/b5ee3c4d-df26-4db6-ba3a-33b10260073d/value HTTP/1.1
User-Agent: selenium/4.4.0 (java windows)
Content-Length: 261
Content-Type: application/json; charset=utf-8
host: localhost:58436
accept: */*

Response DefaultHttpResponse(decodeResult: success, version: HTTP/1.1)
HTTP/1.1 200 OK
Content-Type: application/json; charset=utf-8
cache-control: no-cache
content-length: 14

19:45:06.276 [AsyncHttpClient-1-2] DEBUG org.asynchttpclient.netty.channel.ChannelManager - Adding key: http://localhost:58436 for channel [id: 0x9bb442fe, L:/127.0.0.1:64207 - R:localhost/127.0.0.1:58436]
19:45:06.281 [Forwarding findElement on session 5d26fa4adb8f24efb33bdefc3d69120c to remote] DEBUG org.asynchttpclient.netty.request.NettyRequestSender - Using pooled Channel '[id: 0x9bb442fe, L:/127.0.0.1:64207 - R:localhost/127.0.0.1:58436]' for 'POST' to 'http://localhost:58436/session/5d26fa4adb8f24efb33bdefc3d69120c/element'
19:45:06.281 [Forwarding findElement on session 5d26fa4adb8f24efb33bdefc3d69120c to remote] DEBUG org.asynchttpclient.netty.request.NettyRequestSender - Using open Channel [id: 0x9bb442fe, L:/127.0.0.1:64207 - R:localhost/127.0.0.1:58436] for POST '/session/5d26fa4adb8f24efb33bdefc3d69120c/element'
19:45:06.290 [AsyncHttpClient-1-2] DEBUG org.asynchttpclient.netty.handler.HttpHandler - 

Request DefaultHttpRequest(decodeResult: success, version: HTTP/1.1)
POST /session/5d26fa4adb8f24efb33bdefc3d69120c/element HTTP/1.1
User-Agent: selenium/4.4.0 (java windows)
Content-Length: 56
Content-Type: application/json; charset=utf-8
host: localhost:58436
accept: */*

Response DefaultHttpResponse(decodeResult: success, version: HTTP/1.1)
HTTP/1.1 200 OK
Content-Type: application/json; charset=utf-8
cache-control: no-cache
content-length: 88

19:45:06.290 [AsyncHttpClient-1-2] DEBUG org.asynchttpclient.netty.channel.ChannelManager - Adding key: http://localhost:58436 for channel [id: 0x9bb442fe, L:/127.0.0.1:64207 - R:localhost/127.0.0.1:58436]
19:45:06.293 [Forwarding isElementDisplayed on session 5d26fa4adb8f24efb33bdefc3d69120c to remote] DEBUG org.asynchttpclient.netty.request.NettyRequestSender - Using pooled Channel '[id: 0x9bb442fe, L:/127.0.0.1:64207 - R:localhost/127.0.0.1:58436]' for 'POST' to 'http://localhost:58436/session/5d26fa4adb8f24efb33bdefc3d69120c/execute/sync'
19:45:06.293 [Forwarding isElementDisplayed on session 5d26fa4adb8f24efb33bdefc3d69120c to remote] DEBUG org.asynchttpclient.netty.request.NettyRequestSender - Using open Channel [id: 0x9bb442fe, L:/127.0.0.1:64207 - R:localhost/127.0.0.1:58436] for POST '/session/5d26fa4adb8f24efb33bdefc3d69120c/execute/sync'
19:45:06.301 [AsyncHttpClient-1-2] DEBUG org.asynchttpclient.netty.handler.HttpHandler - 

Request DefaultHttpRequest(decodeResult: success, version: HTTP/1.1)
POST /session/5d26fa4adb8f24efb33bdefc3d69120c/execute/sync HTTP/1.1
User-Agent: selenium/4.4.0 (java windows)
Content-Length: 48780
Content-Type: application/json; charset=utf-8
host: localhost:58436
accept: */*

Response DefaultHttpResponse(decodeResult: success, version: HTTP/1.1)
HTTP/1.1 200 OK
Content-Type: application/json; charset=utf-8
cache-control: no-cache
content-length: 14

19:45:06.301 [AsyncHttpClient-1-2] DEBUG org.asynchttpclient.netty.channel.ChannelManager - Adding key: http://localhost:58436 for channel [id: 0x9bb442fe, L:/127.0.0.1:64207 - R:localhost/127.0.0.1:58436]
19:45:06.303 [Forwarding getElementTagName on session 5d26fa4adb8f24efb33bdefc3d69120c to remote] DEBUG org.asynchttpclient.netty.request.NettyRequestSender - Using pooled Channel '[id: 0x9bb442fe, L:/127.0.0.1:64207 - R:localhost/127.0.0.1:58436]' for 'GET' to 'http://localhost:58436/session/5d26fa4adb8f24efb33bdefc3d69120c/element/c3c5fbea-bfec-42e8-8e6b-ac866a265add/name'
19:45:06.303 [Forwarding getElementTagName on session 5d26fa4adb8f24efb33bdefc3d69120c to remote] DEBUG org.asynchttpclient.netty.request.NettyRequestSender - Using open Channel [id: 0x9bb442fe, L:/127.0.0.1:64207 - R:localhost/127.0.0.1:58436] for GET '/session/5d26fa4adb8f24efb33bdefc3d69120c/element/c3c5fbea-bfec-42e8-8e6b-ac866a265add/name'
19:45:06.307 [AsyncHttpClient-1-2] DEBUG org.asynchttpclient.netty.handler.HttpHandler - 

Request DefaultFullHttpRequest(decodeResult: success, version: HTTP/1.1, content: EmptyByteBufBE)
GET /session/5d26fa4adb8f24efb33bdefc3d69120c/element/c3c5fbea-bfec-42e8-8e6b-ac866a265add/name HTTP/1.1
User-Agent: selenium/4.4.0 (java windows)
Cache-Control: no-cache
Content-Type: application/json; charset=utf-8
host: localhost:58436
accept: */*

Response DefaultHttpResponse(decodeResult: success, version: HTTP/1.1)
HTTP/1.1 200 OK
Content-Type: application/json; charset=utf-8
cache-control: no-cache
content-length: 18

19:45:06.308 [AsyncHttpClient-1-2] DEBUG org.asynchttpclient.netty.channel.ChannelManager - Adding key: http://localhost:58436 for channel [id: 0x9bb442fe, L:/127.0.0.1:64207 - R:localhost/127.0.0.1:58436]
19:45:06.309 [Forwarding getElementTagName on session 5d26fa4adb8f24efb33bdefc3d69120c to remote] DEBUG org.asynchttpclient.netty.request.NettyRequestSender - Using pooled Channel '[id: 0x9bb442fe, L:/127.0.0.1:64207 - R:localhost/127.0.0.1:58436]' for 'GET' to 'http://localhost:58436/session/5d26fa4adb8f24efb33bdefc3d69120c/element/c3c5fbea-bfec-42e8-8e6b-ac866a265add/name'
19:45:06.309 [Forwarding getElementTagName on session 5d26fa4adb8f24efb33bdefc3d69120c to remote] DEBUG org.asynchttpclient.netty.request.NettyRequestSender - Using open Channel [id: 0x9bb442fe, L:/127.0.0.1:64207 - R:localhost/127.0.0.1:58436] for GET '/session/5d26fa4adb8f24efb33bdefc3d69120c/element/c3c5fbea-bfec-42e8-8e6b-ac866a265add/name'
19:45:06.312 [AsyncHttpClient-1-2] DEBUG org.asynchttpclient.netty.handler.HttpHandler - 

Request DefaultFullHttpRequest(decodeResult: success, version: HTTP/1.1, content: EmptyByteBufBE)
GET /session/5d26fa4adb8f24efb33bdefc3d69120c/element/c3c5fbea-bfec-42e8-8e6b-ac866a265add/name HTTP/1.1
User-Agent: selenium/4.4.0 (java windows)
Cache-Control: no-cache
Content-Type: application/json; charset=utf-8
host: localhost:58436
accept: */*

Response DefaultHttpResponse(decodeResult: success, version: HTTP/1.1)
HTTP/1.1 200 OK
Content-Type: application/json; charset=utf-8
cache-control: no-cache
content-length: 18

19:45:06.312 [AsyncHttpClient-1-2] DEBUG org.asynchttpclient.netty.channel.ChannelManager - Adding key: http://localhost:58436 for channel [id: 0x9bb442fe, L:/127.0.0.1:64207 - R:localhost/127.0.0.1:58436]
19:45:06.316 [Forwarding isElementEnabled on session 5d26fa4adb8f24efb33bdefc3d69120c to remote] DEBUG org.asynchttpclient.netty.request.NettyRequestSender - Using pooled Channel '[id: 0x9bb442fe, L:/127.0.0.1:64207 - R:localhost/127.0.0.1:58436]' for 'GET' to 'http://localhost:58436/session/5d26fa4adb8f24efb33bdefc3d69120c/element/c3c5fbea-bfec-42e8-8e6b-ac866a265add/enabled'
19:45:06.316 [Forwarding isElementEnabled on session 5d26fa4adb8f24efb33bdefc3d69120c to remote] DEBUG org.asynchttpclient.netty.request.NettyRequestSender - Using open Channel [id: 0x9bb442fe, L:/127.0.0.1:64207 - R:localhost/127.0.0.1:58436] for GET '/session/5d26fa4adb8f24efb33bdefc3d69120c/element/c3c5fbea-bfec-42e8-8e6b-ac866a265add/enabled'
19:45:06.324 [AsyncHttpClient-1-2] DEBUG org.asynchttpclient.netty.handler.HttpHandler - 

Request DefaultFullHttpRequest(decodeResult: success, version: HTTP/1.1, content: EmptyByteBufBE)
GET /session/5d26fa4adb8f24efb33bdefc3d69120c/element/c3c5fbea-bfec-42e8-8e6b-ac866a265add/enabled HTTP/1.1
User-Agent: selenium/4.4.0 (java windows)
Cache-Control: no-cache
Content-Type: application/json; charset=utf-8
host: localhost:58436
accept: */*

Response DefaultHttpResponse(decodeResult: success, version: HTTP/1.1)
HTTP/1.1 200 OK
Content-Type: application/json; charset=utf-8
cache-control: no-cache
content-length: 14

19:45:06.324 [AsyncHttpClient-1-2] DEBUG org.asynchttpclient.netty.channel.ChannelManager - Adding key: http://localhost:58436 for channel [id: 0x9bb442fe, L:/127.0.0.1:64207 - R:localhost/127.0.0.1:58436]
19:45:06.326 [Forwarding isElementEnabled on session 5d26fa4adb8f24efb33bdefc3d69120c to remote] DEBUG org.asynchttpclient.netty.request.NettyRequestSender - Using pooled Channel '[id: 0x9bb442fe, L:/127.0.0.1:64207 - R:localhost/127.0.0.1:58436]' for 'GET' to 'http://localhost:58436/session/5d26fa4adb8f24efb33bdefc3d69120c/element/c3c5fbea-bfec-42e8-8e6b-ac866a265add/enabled'
19:45:06.326 [Forwarding isElementEnabled on session 5d26fa4adb8f24efb33bdefc3d69120c to remote] DEBUG org.asynchttpclient.netty.request.NettyRequestSender - Using open Channel [id: 0x9bb442fe, L:/127.0.0.1:64207 - R:localhost/127.0.0.1:58436] for GET '/session/5d26fa4adb8f24efb33bdefc3d69120c/element/c3c5fbea-bfec-42e8-8e6b-ac866a265add/enabled'
19:45:06.330 [AsyncHttpClient-1-2] DEBUG org.asynchttpclient.netty.handler.HttpHandler - 

Request DefaultFullHttpRequest(decodeResult: success, version: HTTP/1.1, content: EmptyByteBufBE)
GET /session/5d26fa4adb8f24efb33bdefc3d69120c/element/c3c5fbea-bfec-42e8-8e6b-ac866a265add/enabled HTTP/1.1
User-Agent: selenium/4.4.0 (java windows)
Cache-Control: no-cache
Content-Type: application/json; charset=utf-8
host: localhost:58436
accept: */*

Response DefaultHttpResponse(decodeResult: success, version: HTTP/1.1)
HTTP/1.1 200 OK
Content-Type: application/json; charset=utf-8
cache-control: no-cache
content-length: 14

19:45:06.331 [AsyncHttpClient-1-2] DEBUG org.asynchttpclient.netty.channel.ChannelManager - Adding key: http://localhost:58436 for channel [id: 0x9bb442fe, L:/127.0.0.1:64207 - R:localhost/127.0.0.1:58436]
19:45:06.334 [Forwarding findElement on session 5d26fa4adb8f24efb33bdefc3d69120c to remote] DEBUG org.asynchttpclient.netty.request.NettyRequestSender - Using pooled Channel '[id: 0x9bb442fe, L:/127.0.0.1:64207 - R:localhost/127.0.0.1:58436]' for 'POST' to 'http://localhost:58436/session/5d26fa4adb8f24efb33bdefc3d69120c/element'
19:45:06.334 [Forwarding findElement on session 5d26fa4adb8f24efb33bdefc3d69120c to remote] DEBUG org.asynchttpclient.netty.request.NettyRequestSender - Using open Channel [id: 0x9bb442fe, L:/127.0.0.1:64207 - R:localhost/127.0.0.1:58436] for POST '/session/5d26fa4adb8f24efb33bdefc3d69120c/element'
19:45:06.340 [AsyncHttpClient-1-2] DEBUG org.asynchttpclient.netty.handler.HttpHandler - 

Request DefaultHttpRequest(decodeResult: success, version: HTTP/1.1)
POST /session/5d26fa4adb8f24efb33bdefc3d69120c/element HTTP/1.1
User-Agent: selenium/4.4.0 (java windows)
Content-Length: 56
Content-Type: application/json; charset=utf-8
host: localhost:58436
accept: */*

Response DefaultHttpResponse(decodeResult: success, version: HTTP/1.1)
HTTP/1.1 200 OK
Content-Type: application/json; charset=utf-8
cache-control: no-cache
content-length: 88

19:45:06.340 [AsyncHttpClient-1-2] DEBUG org.asynchttpclient.netty.channel.ChannelManager - Adding key: http://localhost:58436 for channel [id: 0x9bb442fe, L:/127.0.0.1:64207 - R:localhost/127.0.0.1:58436]
19:45:06.342 [Forwarding isElementDisplayed on session 5d26fa4adb8f24efb33bdefc3d69120c to remote] DEBUG org.asynchttpclient.netty.request.NettyRequestSender - Using pooled Channel '[id: 0x9bb442fe, L:/127.0.0.1:64207 - R:localhost/127.0.0.1:58436]' for 'POST' to 'http://localhost:58436/session/5d26fa4adb8f24efb33bdefc3d69120c/execute/sync'
19:45:06.343 [Forwarding isElementDisplayed on session 5d26fa4adb8f24efb33bdefc3d69120c to remote] DEBUG org.asynchttpclient.netty.request.NettyRequestSender - Using open Channel [id: 0x9bb442fe, L:/127.0.0.1:64207 - R:localhost/127.0.0.1:58436] for POST '/session/5d26fa4adb8f24efb33bdefc3d69120c/execute/sync'
19:45:06.351 [AsyncHttpClient-1-2] DEBUG org.asynchttpclient.netty.handler.HttpHandler - 

Request DefaultHttpRequest(decodeResult: success, version: HTTP/1.1)
POST /session/5d26fa4adb8f24efb33bdefc3d69120c/execute/sync HTTP/1.1
User-Agent: selenium/4.4.0 (java windows)
Content-Length: 48780
Content-Type: application/json; charset=utf-8
host: localhost:58436
accept: */*

Response DefaultHttpResponse(decodeResult: success, version: HTTP/1.1)
HTTP/1.1 200 OK
Content-Type: application/json; charset=utf-8
cache-control: no-cache
content-length: 14

19:45:06.351 [AsyncHttpClient-1-2] DEBUG org.asynchttpclient.netty.channel.ChannelManager - Adding key: http://localhost:58436 for channel [id: 0x9bb442fe, L:/127.0.0.1:64207 - R:localhost/127.0.0.1:58436]
19:45:06.352 [Forwarding clickElement on session 5d26fa4adb8f24efb33bdefc3d69120c to remote] DEBUG org.asynchttpclient.netty.request.NettyRequestSender - Using pooled Channel '[id: 0x9bb442fe, L:/127.0.0.1:64207 - R:localhost/127.0.0.1:58436]' for 'POST' to 'http://localhost:58436/session/5d26fa4adb8f24efb33bdefc3d69120c/element/c3c5fbea-bfec-42e8-8e6b-ac866a265add/click'
19:45:06.352 [Forwarding clickElement on session 5d26fa4adb8f24efb33bdefc3d69120c to remote] DEBUG org.asynchttpclient.netty.request.NettyRequestSender - Using open Channel [id: 0x9bb442fe, L:/127.0.0.1:64207 - R:localhost/127.0.0.1:58436] for POST '/session/5d26fa4adb8f24efb33bdefc3d69120c/element/c3c5fbea-bfec-42e8-8e6b-ac866a265add/click'
19:45:06.624 [AsyncHttpClient-1-2] DEBUG org.asynchttpclient.netty.handler.HttpHandler - 

Request DefaultHttpRequest(decodeResult: success, version: HTTP/1.1)
POST /session/5d26fa4adb8f24efb33bdefc3d69120c/element/c3c5fbea-bfec-42e8-8e6b-ac866a265add/click HTTP/1.1
User-Agent: selenium/4.4.0 (java windows)
Content-Length: 50
Content-Type: application/json; charset=utf-8
host: localhost:58436
accept: */*

Response DefaultHttpResponse(decodeResult: success, version: HTTP/1.1)
HTTP/1.1 200 OK
Content-Type: application/json; charset=utf-8
cache-control: no-cache
content-length: 14

19:45:06.624 [AsyncHttpClient-1-2] DEBUG org.asynchttpclient.netty.channel.ChannelManager - Adding key: http://localhost:58436 for channel [id: 0x9bb442fe, L:/127.0.0.1:64207 - R:localhost/127.0.0.1:58436]
19:45:06.632 [Forwarding getCurrentWindowHandle on session 5d26fa4adb8f24efb33bdefc3d69120c to remote] DEBUG org.asynchttpclient.netty.request.NettyRequestSender - Using pooled Channel '[id: 0x9bb442fe, L:/127.0.0.1:64207 - R:localhost/127.0.0.1:58436]' for 'GET' to 'http://localhost:58436/session/5d26fa4adb8f24efb33bdefc3d69120c/window'
19:45:06.632 [Forwarding getCurrentWindowHandle on session 5d26fa4adb8f24efb33bdefc3d69120c to remote] DEBUG org.asynchttpclient.netty.request.NettyRequestSender - Using open Channel [id: 0x9bb442fe, L:/127.0.0.1:64207 - R:localhost/127.0.0.1:58436] for GET '/session/5d26fa4adb8f24efb33bdefc3d69120c/window'
19:45:06.633 [AsyncHttpClient-1-2] DEBUG org.asynchttpclient.netty.handler.HttpHandler - 

Request DefaultFullHttpRequest(decodeResult: success, version: HTTP/1.1, content: EmptyByteBufBE)
GET /session/5d26fa4adb8f24efb33bdefc3d69120c/window HTTP/1.1
User-Agent: selenium/4.4.0 (java windows)
Cache-Control: no-cache
Content-Type: application/json; charset=utf-8
host: localhost:58436
accept: */*

Response DefaultHttpResponse(decodeResult: success, version: HTTP/1.1)
HTTP/1.1 200 OK
Content-Type: application/json; charset=utf-8
cache-control: no-cache
content-length: 53

19:45:06.634 [AsyncHttpClient-1-2] DEBUG org.asynchttpclient.netty.channel.ChannelManager - Adding key: http://localhost:58436 for channel [id: 0x9bb442fe, L:/127.0.0.1:64207 - R:localhost/127.0.0.1:58436]
19:45:06.635 [Forwarding getAlertText on session 5d26fa4adb8f24efb33bdefc3d69120c to remote] DEBUG org.asynchttpclient.netty.request.NettyRequestSender - Using pooled Channel '[id: 0x9bb442fe, L:/127.0.0.1:64207 - R:localhost/127.0.0.1:58436]' for 'GET' to 'http://localhost:58436/session/5d26fa4adb8f24efb33bdefc3d69120c/alert/text'
19:45:06.635 [Forwarding getAlertText on session 5d26fa4adb8f24efb33bdefc3d69120c to remote] DEBUG org.asynchttpclient.netty.request.NettyRequestSender - Using open Channel [id: 0x9bb442fe, L:/127.0.0.1:64207 - R:localhost/127.0.0.1:58436] for GET '/session/5d26fa4adb8f24efb33bdefc3d69120c/alert/text'
19:45:06.638 [AsyncHttpClient-1-2] DEBUG org.asynchttpclient.netty.handler.HttpHandler - 

Request DefaultFullHttpRequest(decodeResult: success, version: HTTP/1.1, content: EmptyByteBufBE)
GET /session/5d26fa4adb8f24efb33bdefc3d69120c/alert/text HTTP/1.1
User-Agent: selenium/4.4.0 (java windows)
Cache-Control: no-cache
Content-Type: application/json; charset=utf-8
host: localhost:58436
accept: */*

Response DefaultHttpResponse(decodeResult: success, version: HTTP/1.1)
HTTP/1.1 404 Not Found
Content-Type: application/json; charset=utf-8
cache-control: no-cache
content-length: 815

19:45:06.638 [AsyncHttpClient-1-2] DEBUG org.asynchttpclient.netty.channel.ChannelManager - Adding key: http://localhost:58436 for channel [id: 0x9bb442fe, L:/127.0.0.1:64207 - R:localhost/127.0.0.1:58436]
19:45:06.640 [Forwarding switchToWindow on session 5d26fa4adb8f24efb33bdefc3d69120c to remote] DEBUG org.asynchttpclient.netty.request.NettyRequestSender - Using pooled Channel '[id: 0x9bb442fe, L:/127.0.0.1:64207 - R:localhost/127.0.0.1:58436]' for 'POST' to 'http://localhost:58436/session/5d26fa4adb8f24efb33bdefc3d69120c/window'
19:45:06.640 [Forwarding switchToWindow on session 5d26fa4adb8f24efb33bdefc3d69120c to remote] DEBUG org.asynchttpclient.netty.request.NettyRequestSender - Using open Channel [id: 0x9bb442fe, L:/127.0.0.1:64207 - R:localhost/127.0.0.1:58436] for POST '/session/5d26fa4adb8f24efb33bdefc3d69120c/window'
19:45:06.643 [AsyncHttpClient-1-2] DEBUG org.asynchttpclient.netty.handler.HttpHandler - 

Request DefaultHttpRequest(decodeResult: success, version: HTTP/1.1)
POST /session/5d26fa4adb8f24efb33bdefc3d69120c/window HTTP/1.1
User-Agent: selenium/4.4.0 (java windows)
Content-Length: 59
Content-Type: application/json; charset=utf-8
host: localhost:58436
accept: */*

Response DefaultHttpResponse(decodeResult: success, version: HTTP/1.1)
HTTP/1.1 200 OK
Content-Type: application/json; charset=utf-8
cache-control: no-cache
content-length: 14

19:45:06.644 [AsyncHttpClient-1-2] DEBUG org.asynchttpclient.netty.channel.ChannelManager - Adding key: http://localhost:58436 for channel [id: 0x9bb442fe, L:/127.0.0.1:64207 - R:localhost/127.0.0.1:58436]
19:45:06.646 [Forwarding getCurrentUrl on session 5d26fa4adb8f24efb33bdefc3d69120c to remote] DEBUG org.asynchttpclient.netty.request.NettyRequestSender - Using pooled Channel '[id: 0x9bb442fe, L:/127.0.0.1:64207 - R:localhost/127.0.0.1:58436]' for 'GET' to 'http://localhost:58436/session/5d26fa4adb8f24efb33bdefc3d69120c/url'
19:45:06.646 [Forwarding getCurrentUrl on session 5d26fa4adb8f24efb33bdefc3d69120c to remote] DEBUG org.asynchttpclient.netty.request.NettyRequestSender - Using open Channel [id: 0x9bb442fe, L:/127.0.0.1:64207 - R:localhost/127.0.0.1:58436] for GET '/session/5d26fa4adb8f24efb33bdefc3d69120c/url'
19:45:06.660 [AsyncHttpClient-1-1] DEBUG org.asynchttpclient.netty.channel.DefaultChannelPool - Entry count for : http://localhost:64210 : 1
19:45:06.660 [AsyncHttpClient-1-2] DEBUG org.asynchttpclient.netty.handler.HttpHandler - 

Request DefaultFullHttpRequest(decodeResult: success, version: HTTP/1.1, content: EmptyByteBufBE)
GET /session/5d26fa4adb8f24efb33bdefc3d69120c/url HTTP/1.1
User-Agent: selenium/4.4.0 (java windows)
Cache-Control: no-cache
Content-Type: application/json; charset=utf-8
host: localhost:58436
accept: */*

Response DefaultHttpResponse(decodeResult: success, version: HTTP/1.1)
HTTP/1.1 200 OK
Content-Type: application/json; charset=utf-8
cache-control: no-cache
content-length: 64

19:45:06.661 [AsyncHttpClient-1-2] DEBUG org.asynchttpclient.netty.channel.ChannelManager - Adding key: http://localhost:58436 for channel [id: 0x9bb442fe, L:/127.0.0.1:64207 - R:localhost/127.0.0.1:58436]
19:45:06.663 [Forwarding screenshot on session 5d26fa4adb8f24efb33bdefc3d69120c to remote] DEBUG org.asynchttpclient.netty.request.NettyRequestSender - Using pooled Channel '[id: 0x9bb442fe, L:/127.0.0.1:64207 - R:localhost/127.0.0.1:58436]' for 'GET' to 'http://localhost:58436/session/5d26fa4adb8f24efb33bdefc3d69120c/screenshot'
19:45:06.663 [Forwarding screenshot on session 5d26fa4adb8f24efb33bdefc3d69120c to remote] DEBUG org.asynchttpclient.netty.request.NettyRequestSender - Using open Channel [id: 0x9bb442fe, L:/127.0.0.1:64207 - R:localhost/127.0.0.1:58436] for GET '/session/5d26fa4adb8f24efb33bdefc3d69120c/screenshot'
19:45:06.936 [AsyncHttpClient-1-2] DEBUG org.asynchttpclient.netty.handler.HttpHandler - 

Request DefaultFullHttpRequest(decodeResult: success, version: HTTP/1.1, content: EmptyByteBufBE)
GET /session/5d26fa4adb8f24efb33bdefc3d69120c/screenshot HTTP/1.1
User-Agent: selenium/4.4.0 (java windows)
Cache-Control: no-cache
Content-Type: application/json; charset=utf-8
host: localhost:58436
accept: */*

Response DefaultHttpResponse(decodeResult: success, version: HTTP/1.1)
HTTP/1.1 200 OK
Content-Type: application/json; charset=utf-8
cache-control: no-cache
content-length: 19916

19:45:06.937 [AsyncHttpClient-1-2] DEBUG org.asynchttpclient.netty.channel.ChannelManager - Adding key: http://localhost:58436 for channel [id: 0x9bb442fe, L:/127.0.0.1:64207 - R:localhost/127.0.0.1:58436]
19:45:06.938 [main] DEBUG net.serenitybdd.core.photography.Darkroom - Send negative for processing for target\site\serenity\9e8616b8b532cd799a1caf42918866a559463beeb3f387dce41fcb7142d97e1d.png
19:45:06.938 [Darkroom Processing Line] DEBUG net.serenitybdd.core.photography.DarkroomProcessingLine - Processing screenshot image in /var/screenshots/screenshot-3519828679432205974
19:45:06.939 [Darkroom Processing Line] DEBUG net.serenitybdd.core.photography.DarkroomProcessingLine - Saving screenshot to target\site\serenity\9e8616b8b532cd799a1caf42918866a559463beeb3f387dce41fcb7142d97e1d.png
19:45:06.943 [Forwarding getPageSource on session 5d26fa4adb8f24efb33bdefc3d69120c to remote] DEBUG org.asynchttpclient.netty.request.NettyRequestSender - Using pooled Channel '[id: 0x9bb442fe, L:/127.0.0.1:64207 - R:localhost/127.0.0.1:58436]' for 'POST' to 'http://localhost:58436/session/5d26fa4adb8f24efb33bdefc3d69120c/execute/sync'
19:45:06.944 [Forwarding getPageSource on session 5d26fa4adb8f24efb33bdefc3d69120c to remote] DEBUG org.asynchttpclient.netty.request.NettyRequestSender - Using open Channel [id: 0x9bb442fe, L:/127.0.0.1:64207 - R:localhost/127.0.0.1:58436] for POST '/session/5d26fa4adb8f24efb33bdefc3d69120c/execute/sync'
19:45:06.947 [AsyncHttpClient-1-2] DEBUG org.asynchttpclient.netty.handler.HttpHandler - 

Request DefaultHttpRequest(decodeResult: success, version: HTTP/1.1)
POST /session/5d26fa4adb8f24efb33bdefc3d69120c/execute/sync HTTP/1.1
User-Agent: selenium/4.4.0 (java windows)
Content-Length: 176
Content-Type: application/json; charset=utf-8
host: localhost:58436
accept: */*

Response DefaultHttpResponse(decodeResult: success, version: HTTP/1.1)
HTTP/1.1 200 OK
Content-Type: application/json; charset=utf-8
cache-control: no-cache
content-length: 9968

19:45:06.948 [AsyncHttpClient-1-2] DEBUG org.asynchttpclient.netty.channel.ChannelManager - Adding key: http://localhost:58436 for channel [id: 0x9bb442fe, L:/127.0.0.1:64207 - R:localhost/127.0.0.1:58436]
19:45:06.954 [Forwarding getCurrentUrl on session 5d26fa4adb8f24efb33bdefc3d69120c to remote] DEBUG org.asynchttpclient.netty.request.NettyRequestSender - Using pooled Channel '[id: 0x9bb442fe, L:/127.0.0.1:64207 - R:localhost/127.0.0.1:58436]' for 'GET' to 'http://localhost:58436/session/5d26fa4adb8f24efb33bdefc3d69120c/url'
19:45:06.954 [Forwarding getCurrentUrl on session 5d26fa4adb8f24efb33bdefc3d69120c to remote] DEBUG org.asynchttpclient.netty.request.NettyRequestSender - Using open Channel [id: 0x9bb442fe, L:/127.0.0.1:64207 - R:localhost/127.0.0.1:58436] for GET '/session/5d26fa4adb8f24efb33bdefc3d69120c/url'
19:45:06.958 [AsyncHttpClient-1-2] DEBUG org.asynchttpclient.netty.handler.HttpHandler - 

Request DefaultFullHttpRequest(decodeResult: success, version: HTTP/1.1, content: EmptyByteBufBE)
GET /session/5d26fa4adb8f24efb33bdefc3d69120c/url HTTP/1.1
User-Agent: selenium/4.4.0 (java windows)
Cache-Control: no-cache
Content-Type: application/json; charset=utf-8
host: localhost:58436
accept: */*

Response DefaultHttpResponse(decodeResult: success, version: HTTP/1.1)
HTTP/1.1 200 OK
Content-Type: application/json; charset=utf-8
cache-control: no-cache
content-length: 64

19:45:06.958 [AsyncHttpClient-1-2] DEBUG org.asynchttpclient.netty.channel.ChannelManager - Adding key: http://localhost:58436 for channel [id: 0x9bb442fe, L:/127.0.0.1:64207 - R:localhost/127.0.0.1:58436]
19:45:06.966 [Forwarding setTimeout on session 5d26fa4adb8f24efb33bdefc3d69120c to remote] DEBUG org.asynchttpclient.netty.request.NettyRequestSender - Using pooled Channel '[id: 0x9bb442fe, L:/127.0.0.1:64207 - R:localhost/127.0.0.1:58436]' for 'POST' to 'http://localhost:58436/session/5d26fa4adb8f24efb33bdefc3d69120c/timeouts'
19:45:06.966 [Forwarding setTimeout on session 5d26fa4adb8f24efb33bdefc3d69120c to remote] DEBUG org.asynchttpclient.netty.request.NettyRequestSender - Using open Channel [id: 0x9bb442fe, L:/127.0.0.1:64207 - R:localhost/127.0.0.1:58436] for POST '/session/5d26fa4adb8f24efb33bdefc3d69120c/timeouts'
19:45:06.966 [AsyncHttpClient-1-2] DEBUG org.asynchttpclient.netty.handler.HttpHandler - 

Request DefaultHttpRequest(decodeResult: success, version: HTTP/1.1)
POST /session/5d26fa4adb8f24efb33bdefc3d69120c/timeouts HTTP/1.1
User-Agent: selenium/4.4.0 (java windows)
Content-Length: 19
Content-Type: application/json; charset=utf-8
host: localhost:58436
accept: */*

Response DefaultHttpResponse(decodeResult: success, version: HTTP/1.1)
HTTP/1.1 200 OK
Content-Type: application/json; charset=utf-8
cache-control: no-cache
content-length: 14

19:45:06.967 [AsyncHttpClient-1-2] DEBUG org.asynchttpclient.netty.channel.ChannelManager - Adding key: http://localhost:58436 for channel [id: 0x9bb442fe, L:/127.0.0.1:64207 - R:localhost/127.0.0.1:58436]
19:45:06.968 [Forwarding findElement on session 5d26fa4adb8f24efb33bdefc3d69120c to remote] DEBUG org.asynchttpclient.netty.request.NettyRequestSender - Using pooled Channel '[id: 0x9bb442fe, L:/127.0.0.1:64207 - R:localhost/127.0.0.1:58436]' for 'POST' to 'http://localhost:58436/session/5d26fa4adb8f24efb33bdefc3d69120c/element'
19:45:06.968 [Forwarding findElement on session 5d26fa4adb8f24efb33bdefc3d69120c to remote] DEBUG org.asynchttpclient.netty.request.NettyRequestSender - Using open Channel [id: 0x9bb442fe, L:/127.0.0.1:64207 - R:localhost/127.0.0.1:58436] for POST '/session/5d26fa4adb8f24efb33bdefc3d69120c/element'
19:45:06.977 [AsyncHttpClient-1-2] DEBUG org.asynchttpclient.netty.handler.HttpHandler - 

Request DefaultHttpRequest(decodeResult: success, version: HTTP/1.1)
POST /session/5d26fa4adb8f24efb33bdefc3d69120c/element HTTP/1.1
User-Agent: selenium/4.4.0 (java windows)
Content-Length: 69
Content-Type: application/json; charset=utf-8
host: localhost:58436
accept: */*

Response DefaultHttpResponse(decodeResult: success, version: HTTP/1.1)
HTTP/1.1 200 OK
Content-Type: application/json; charset=utf-8
cache-control: no-cache
content-length: 88

19:45:06.977 [AsyncHttpClient-1-2] DEBUG org.asynchttpclient.netty.channel.ChannelManager - Adding key: http://localhost:58436 for channel [id: 0x9bb442fe, L:/127.0.0.1:64207 - R:localhost/127.0.0.1:58436]
19:45:06.979 [Forwarding setTimeout on session 5d26fa4adb8f24efb33bdefc3d69120c to remote] DEBUG org.asynchttpclient.netty.request.NettyRequestSender - Using pooled Channel '[id: 0x9bb442fe, L:/127.0.0.1:64207 - R:localhost/127.0.0.1:58436]' for 'POST' to 'http://localhost:58436/session/5d26fa4adb8f24efb33bdefc3d69120c/timeouts'
19:45:06.979 [Forwarding setTimeout on session 5d26fa4adb8f24efb33bdefc3d69120c to remote] DEBUG org.asynchttpclient.netty.request.NettyRequestSender - Using open Channel [id: 0x9bb442fe, L:/127.0.0.1:64207 - R:localhost/127.0.0.1:58436] for POST '/session/5d26fa4adb8f24efb33bdefc3d69120c/timeouts'
19:45:06.980 [AsyncHttpClient-1-2] DEBUG org.asynchttpclient.netty.handler.HttpHandler - 

Request DefaultHttpRequest(decodeResult: success, version: HTTP/1.1)
POST /session/5d26fa4adb8f24efb33bdefc3d69120c/timeouts HTTP/1.1
User-Agent: selenium/4.4.0 (java windows)
Content-Length: 22
Content-Type: application/json; charset=utf-8
host: localhost:58436
accept: */*

Response DefaultHttpResponse(decodeResult: success, version: HTTP/1.1)
HTTP/1.1 200 OK
Content-Type: application/json; charset=utf-8
cache-control: no-cache
content-length: 14

19:45:06.980 [AsyncHttpClient-1-2] DEBUG org.asynchttpclient.netty.channel.ChannelManager - Adding key: http://localhost:58436 for channel [id: 0x9bb442fe, L:/127.0.0.1:64207 - R:localhost/127.0.0.1:58436]
19:45:06.982 [Forwarding isElementDisplayed on session 5d26fa4adb8f24efb33bdefc3d69120c to remote] DEBUG org.asynchttpclient.netty.request.NettyRequestSender - Using pooled Channel '[id: 0x9bb442fe, L:/127.0.0.1:64207 - R:localhost/127.0.0.1:58436]' for 'POST' to 'http://localhost:58436/session/5d26fa4adb8f24efb33bdefc3d69120c/execute/sync'
19:45:06.982 [Forwarding isElementDisplayed on session 5d26fa4adb8f24efb33bdefc3d69120c to remote] DEBUG org.asynchttpclient.netty.request.NettyRequestSender - Using open Channel [id: 0x9bb442fe, L:/127.0.0.1:64207 - R:localhost/127.0.0.1:58436] for POST '/session/5d26fa4adb8f24efb33bdefc3d69120c/execute/sync'
19:45:06.993 [AsyncHttpClient-1-2] DEBUG org.asynchttpclient.netty.handler.HttpHandler - 

Request DefaultHttpRequest(decodeResult: success, version: HTTP/1.1)
POST /session/5d26fa4adb8f24efb33bdefc3d69120c/execute/sync HTTP/1.1
User-Agent: selenium/4.4.0 (java windows)
Content-Length: 48780
Content-Type: application/json; charset=utf-8
host: localhost:58436
accept: */*

Response DefaultHttpResponse(decodeResult: success, version: HTTP/1.1)
HTTP/1.1 200 OK
Content-Type: application/json; charset=utf-8
cache-control: no-cache
content-length: 14

19:45:06.993 [AsyncHttpClient-1-2] DEBUG org.asynchttpclient.netty.channel.ChannelManager - Adding key: http://localhost:58436 for channel [id: 0x9bb442fe, L:/127.0.0.1:64207 - R:localhost/127.0.0.1:58436]
19:45:06.996 [Forwarding setTimeout on session 5d26fa4adb8f24efb33bdefc3d69120c to remote] DEBUG org.asynchttpclient.netty.request.NettyRequestSender - Using pooled Channel '[id: 0x9bb442fe, L:/127.0.0.1:64207 - R:localhost/127.0.0.1:58436]' for 'POST' to 'http://localhost:58436/session/5d26fa4adb8f24efb33bdefc3d69120c/timeouts'
19:45:06.997 [Forwarding setTimeout on session 5d26fa4adb8f24efb33bdefc3d69120c to remote] DEBUG org.asynchttpclient.netty.request.NettyRequestSender - Using open Channel [id: 0x9bb442fe, L:/127.0.0.1:64207 - R:localhost/127.0.0.1:58436] for POST '/session/5d26fa4adb8f24efb33bdefc3d69120c/timeouts'
19:45:06.998 [AsyncHttpClient-1-2] DEBUG org.asynchttpclient.netty.handler.HttpHandler - 

Request DefaultHttpRequest(decodeResult: success, version: HTTP/1.1)
POST /session/5d26fa4adb8f24efb33bdefc3d69120c/timeouts HTTP/1.1
User-Agent: selenium/4.4.0 (java windows)
Content-Length: 19
Content-Type: application/json; charset=utf-8
host: localhost:58436
accept: */*

Response DefaultHttpResponse(decodeResult: success, version: HTTP/1.1)
HTTP/1.1 200 OK
Content-Type: application/json; charset=utf-8
cache-control: no-cache
content-length: 14

19:45:06.998 [AsyncHttpClient-1-2] DEBUG org.asynchttpclient.netty.channel.ChannelManager - Adding key: http://localhost:58436 for channel [id: 0x9bb442fe, L:/127.0.0.1:64207 - R:localhost/127.0.0.1:58436]
19:45:07.000 [Forwarding findElement on session 5d26fa4adb8f24efb33bdefc3d69120c to remote] DEBUG org.asynchttpclient.netty.request.NettyRequestSender - Using pooled Channel '[id: 0x9bb442fe, L:/127.0.0.1:64207 - R:localhost/127.0.0.1:58436]' for 'POST' to 'http://localhost:58436/session/5d26fa4adb8f24efb33bdefc3d69120c/element'
19:45:07.000 [Forwarding findElement on session 5d26fa4adb8f24efb33bdefc3d69120c to remote] DEBUG org.asynchttpclient.netty.request.NettyRequestSender - Using open Channel [id: 0x9bb442fe, L:/127.0.0.1:64207 - R:localhost/127.0.0.1:58436] for POST '/session/5d26fa4adb8f24efb33bdefc3d69120c/element'
19:45:07.009 [AsyncHttpClient-1-2] DEBUG org.asynchttpclient.netty.handler.HttpHandler - 

Request DefaultHttpRequest(decodeResult: success, version: HTTP/1.1)
POST /session/5d26fa4adb8f24efb33bdefc3d69120c/element HTTP/1.1
User-Agent: selenium/4.4.0 (java windows)
Content-Length: 59
Content-Type: application/json; charset=utf-8
host: localhost:58436
accept: */*

Response DefaultHttpResponse(decodeResult: success, version: HTTP/1.1)
HTTP/1.1 200 OK
Content-Type: application/json; charset=utf-8
cache-control: no-cache
content-length: 88

19:45:07.010 [AsyncHttpClient-1-2] DEBUG org.asynchttpclient.netty.channel.ChannelManager - Adding key: http://localhost:58436 for channel [id: 0x9bb442fe, L:/127.0.0.1:64207 - R:localhost/127.0.0.1:58436]
19:45:07.012 [Forwarding setTimeout on session 5d26fa4adb8f24efb33bdefc3d69120c to remote] DEBUG org.asynchttpclient.netty.request.NettyRequestSender - Using pooled Channel '[id: 0x9bb442fe, L:/127.0.0.1:64207 - R:localhost/127.0.0.1:58436]' for 'POST' to 'http://localhost:58436/session/5d26fa4adb8f24efb33bdefc3d69120c/timeouts'
19:45:07.012 [Forwarding setTimeout on session 5d26fa4adb8f24efb33bdefc3d69120c to remote] DEBUG org.asynchttpclient.netty.request.NettyRequestSender - Using open Channel [id: 0x9bb442fe, L:/127.0.0.1:64207 - R:localhost/127.0.0.1:58436] for POST '/session/5d26fa4adb8f24efb33bdefc3d69120c/timeouts'
19:45:07.013 [AsyncHttpClient-1-2] DEBUG org.asynchttpclient.netty.handler.HttpHandler - 

Request DefaultHttpRequest(decodeResult: success, version: HTTP/1.1)
POST /session/5d26fa4adb8f24efb33bdefc3d69120c/timeouts HTTP/1.1
User-Agent: selenium/4.4.0 (java windows)
Content-Length: 22
Content-Type: application/json; charset=utf-8
host: localhost:58436
accept: */*

Response DefaultHttpResponse(decodeResult: success, version: HTTP/1.1)
HTTP/1.1 200 OK
Content-Type: application/json; charset=utf-8
cache-control: no-cache
content-length: 14

19:45:07.013 [AsyncHttpClient-1-2] DEBUG org.asynchttpclient.netty.channel.ChannelManager - Adding key: http://localhost:58436 for channel [id: 0x9bb442fe, L:/127.0.0.1:64207 - R:localhost/127.0.0.1:58436]
19:45:07.014 [Forwarding getElementTagName on session 5d26fa4adb8f24efb33bdefc3d69120c to remote] DEBUG org.asynchttpclient.netty.request.NettyRequestSender - Using pooled Channel '[id: 0x9bb442fe, L:/127.0.0.1:64207 - R:localhost/127.0.0.1:58436]' for 'GET' to 'http://localhost:58436/session/5d26fa4adb8f24efb33bdefc3d69120c/element/aac7147a-ef00-4000-9f06-c79bfee72656/name'
19:45:07.014 [Forwarding getElementTagName on session 5d26fa4adb8f24efb33bdefc3d69120c to remote] DEBUG org.asynchttpclient.netty.request.NettyRequestSender - Using open Channel [id: 0x9bb442fe, L:/127.0.0.1:64207 - R:localhost/127.0.0.1:58436] for GET '/session/5d26fa4adb8f24efb33bdefc3d69120c/element/aac7147a-ef00-4000-9f06-c79bfee72656/name'
19:45:07.018 [AsyncHttpClient-1-2] DEBUG org.asynchttpclient.netty.handler.HttpHandler - 

Request DefaultFullHttpRequest(decodeResult: success, version: HTTP/1.1, content: EmptyByteBufBE)
GET /session/5d26fa4adb8f24efb33bdefc3d69120c/element/aac7147a-ef00-4000-9f06-c79bfee72656/name HTTP/1.1
User-Agent: selenium/4.4.0 (java windows)
Cache-Control: no-cache
Content-Type: application/json; charset=utf-8
host: localhost:58436
accept: */*

Response DefaultHttpResponse(decodeResult: success, version: HTTP/1.1)
HTTP/1.1 200 OK
Content-Type: application/json; charset=utf-8
cache-control: no-cache
content-length: 18

19:45:07.018 [AsyncHttpClient-1-2] DEBUG org.asynchttpclient.netty.channel.ChannelManager - Adding key: http://localhost:58436 for channel [id: 0x9bb442fe, L:/127.0.0.1:64207 - R:localhost/127.0.0.1:58436]
19:45:07.021 [Forwarding setTimeout on session 5d26fa4adb8f24efb33bdefc3d69120c to remote] DEBUG org.asynchttpclient.netty.request.NettyRequestSender - Using pooled Channel '[id: 0x9bb442fe, L:/127.0.0.1:64207 - R:localhost/127.0.0.1:58436]' for 'POST' to 'http://localhost:58436/session/5d26fa4adb8f24efb33bdefc3d69120c/timeouts'
19:45:07.021 [Forwarding setTimeout on session 5d26fa4adb8f24efb33bdefc3d69120c to remote] DEBUG org.asynchttpclient.netty.request.NettyRequestSender - Using open Channel [id: 0x9bb442fe, L:/127.0.0.1:64207 - R:localhost/127.0.0.1:58436] for POST '/session/5d26fa4adb8f24efb33bdefc3d69120c/timeouts'
19:45:07.021 [AsyncHttpClient-1-2] DEBUG org.asynchttpclient.netty.handler.HttpHandler - 

Request DefaultHttpRequest(decodeResult: success, version: HTTP/1.1)
POST /session/5d26fa4adb8f24efb33bdefc3d69120c/timeouts HTTP/1.1
User-Agent: selenium/4.4.0 (java windows)
Content-Length: 19
Content-Type: application/json; charset=utf-8
host: localhost:58436
accept: */*

Response DefaultHttpResponse(decodeResult: success, version: HTTP/1.1)
HTTP/1.1 200 OK
Content-Type: application/json; charset=utf-8
cache-control: no-cache
content-length: 14

19:45:07.021 [AsyncHttpClient-1-2] DEBUG org.asynchttpclient.netty.channel.ChannelManager - Adding key: http://localhost:58436 for channel [id: 0x9bb442fe, L:/127.0.0.1:64207 - R:localhost/127.0.0.1:58436]
19:45:07.023 [Forwarding findElement on session 5d26fa4adb8f24efb33bdefc3d69120c to remote] DEBUG org.asynchttpclient.netty.request.NettyRequestSender - Using pooled Channel '[id: 0x9bb442fe, L:/127.0.0.1:64207 - R:localhost/127.0.0.1:58436]' for 'POST' to 'http://localhost:58436/session/5d26fa4adb8f24efb33bdefc3d69120c/element'
19:45:07.023 [Forwarding findElement on session 5d26fa4adb8f24efb33bdefc3d69120c to remote] DEBUG org.asynchttpclient.netty.request.NettyRequestSender - Using open Channel [id: 0x9bb442fe, L:/127.0.0.1:64207 - R:localhost/127.0.0.1:58436] for POST '/session/5d26fa4adb8f24efb33bdefc3d69120c/element'
19:45:07.028 [AsyncHttpClient-1-2] DEBUG org.asynchttpclient.netty.handler.HttpHandler - 

Request DefaultHttpRequest(decodeResult: success, version: HTTP/1.1)
POST /session/5d26fa4adb8f24efb33bdefc3d69120c/element HTTP/1.1
User-Agent: selenium/4.4.0 (java windows)
Content-Length: 59
Content-Type: application/json; charset=utf-8
host: localhost:58436
accept: */*

Response DefaultHttpResponse(decodeResult: success, version: HTTP/1.1)
HTTP/1.1 200 OK
Content-Type: application/json; charset=utf-8
cache-control: no-cache
content-length: 88

19:45:07.028 [AsyncHttpClient-1-2] DEBUG org.asynchttpclient.netty.channel.ChannelManager - Adding key: http://localhost:58436 for channel [id: 0x9bb442fe, L:/127.0.0.1:64207 - R:localhost/127.0.0.1:58436]
19:45:07.030 [Forwarding setTimeout on session 5d26fa4adb8f24efb33bdefc3d69120c to remote] DEBUG org.asynchttpclient.netty.request.NettyRequestSender - Using pooled Channel '[id: 0x9bb442fe, L:/127.0.0.1:64207 - R:localhost/127.0.0.1:58436]' for 'POST' to 'http://localhost:58436/session/5d26fa4adb8f24efb33bdefc3d69120c/timeouts'
19:45:07.030 [Forwarding setTimeout on session 5d26fa4adb8f24efb33bdefc3d69120c to remote] DEBUG org.asynchttpclient.netty.request.NettyRequestSender - Using open Channel [id: 0x9bb442fe, L:/127.0.0.1:64207 - R:localhost/127.0.0.1:58436] for POST '/session/5d26fa4adb8f24efb33bdefc3d69120c/timeouts'
19:45:07.031 [AsyncHttpClient-1-2] DEBUG org.asynchttpclient.netty.handler.HttpHandler - 

Request DefaultHttpRequest(decodeResult: success, version: HTTP/1.1)
POST /session/5d26fa4adb8f24efb33bdefc3d69120c/timeouts HTTP/1.1
User-Agent: selenium/4.4.0 (java windows)
Content-Length: 22
Content-Type: application/json; charset=utf-8
host: localhost:58436
accept: */*

Response DefaultHttpResponse(decodeResult: success, version: HTTP/1.1)
HTTP/1.1 200 OK
Content-Type: application/json; charset=utf-8
cache-control: no-cache
content-length: 14

19:45:07.031 [AsyncHttpClient-1-2] DEBUG org.asynchttpclient.netty.channel.ChannelManager - Adding key: http://localhost:58436 for channel [id: 0x9bb442fe, L:/127.0.0.1:64207 - R:localhost/127.0.0.1:58436]
19:45:07.032 [Forwarding getElementDomAttribute on session 5d26fa4adb8f24efb33bdefc3d69120c to remote] DEBUG org.asynchttpclient.netty.request.NettyRequestSender - Using pooled Channel '[id: 0x9bb442fe, L:/127.0.0.1:64207 - R:localhost/127.0.0.1:58436]' for 'GET' to 'http://localhost:58436/session/5d26fa4adb8f24efb33bdefc3d69120c/element/aac7147a-ef00-4000-9f06-c79bfee72656/attribute/multiple'
19:45:07.032 [Forwarding getElementDomAttribute on session 5d26fa4adb8f24efb33bdefc3d69120c to remote] DEBUG org.asynchttpclient.netty.request.NettyRequestSender - Using open Channel [id: 0x9bb442fe, L:/127.0.0.1:64207 - R:localhost/127.0.0.1:58436] for GET '/session/5d26fa4adb8f24efb33bdefc3d69120c/element/aac7147a-ef00-4000-9f06-c79bfee72656/attribute/multiple'
19:45:07.036 [AsyncHttpClient-1-2] DEBUG org.asynchttpclient.netty.handler.HttpHandler - 

Request DefaultFullHttpRequest(decodeResult: success, version: HTTP/1.1, content: EmptyByteBufBE)
GET /session/5d26fa4adb8f24efb33bdefc3d69120c/element/aac7147a-ef00-4000-9f06-c79bfee72656/attribute/multiple HTTP/1.1
User-Agent: selenium/4.4.0 (java windows)
Cache-Control: no-cache
Content-Type: application/json; charset=utf-8
host: localhost:58436
accept: */*

Response DefaultHttpResponse(decodeResult: success, version: HTTP/1.1)
HTTP/1.1 200 OK
Content-Type: application/json; charset=utf-8
cache-control: no-cache
content-length: 14

19:45:07.037 [AsyncHttpClient-1-2] DEBUG org.asynchttpclient.netty.channel.ChannelManager - Adding key: http://localhost:58436 for channel [id: 0x9bb442fe, L:/127.0.0.1:64207 - R:localhost/127.0.0.1:58436]
19:45:07.040 [Forwarding setTimeout on session 5d26fa4adb8f24efb33bdefc3d69120c to remote] DEBUG org.asynchttpclient.netty.request.NettyRequestSender - Using pooled Channel '[id: 0x9bb442fe, L:/127.0.0.1:64207 - R:localhost/127.0.0.1:58436]' for 'POST' to 'http://localhost:58436/session/5d26fa4adb8f24efb33bdefc3d69120c/timeouts'
19:45:07.040 [Forwarding setTimeout on session 5d26fa4adb8f24efb33bdefc3d69120c to remote] DEBUG org.asynchttpclient.netty.request.NettyRequestSender - Using open Channel [id: 0x9bb442fe, L:/127.0.0.1:64207 - R:localhost/127.0.0.1:58436] for POST '/session/5d26fa4adb8f24efb33bdefc3d69120c/timeouts'
19:45:07.041 [AsyncHttpClient-1-2] DEBUG org.asynchttpclient.netty.handler.HttpHandler - 

Request DefaultHttpRequest(decodeResult: success, version: HTTP/1.1)
POST /session/5d26fa4adb8f24efb33bdefc3d69120c/timeouts HTTP/1.1
User-Agent: selenium/4.4.0 (java windows)
Content-Length: 19
Content-Type: application/json; charset=utf-8
host: localhost:58436
accept: */*

Response DefaultHttpResponse(decodeResult: success, version: HTTP/1.1)
HTTP/1.1 200 OK
Content-Type: application/json; charset=utf-8
cache-control: no-cache
content-length: 14

19:45:07.041 [AsyncHttpClient-1-2] DEBUG org.asynchttpclient.netty.channel.ChannelManager - Adding key: http://localhost:58436 for channel [id: 0x9bb442fe, L:/127.0.0.1:64207 - R:localhost/127.0.0.1:58436]
19:45:07.042 [Forwarding findElement on session 5d26fa4adb8f24efb33bdefc3d69120c to remote] DEBUG org.asynchttpclient.netty.request.NettyRequestSender - Using pooled Channel '[id: 0x9bb442fe, L:/127.0.0.1:64207 - R:localhost/127.0.0.1:58436]' for 'POST' to 'http://localhost:58436/session/5d26fa4adb8f24efb33bdefc3d69120c/element'
19:45:07.042 [Forwarding findElement on session 5d26fa4adb8f24efb33bdefc3d69120c to remote] DEBUG org.asynchttpclient.netty.request.NettyRequestSender - Using open Channel [id: 0x9bb442fe, L:/127.0.0.1:64207 - R:localhost/127.0.0.1:58436] for POST '/session/5d26fa4adb8f24efb33bdefc3d69120c/element'
19:45:07.046 [AsyncHttpClient-1-2] DEBUG org.asynchttpclient.netty.handler.HttpHandler - 

Request DefaultHttpRequest(decodeResult: success, version: HTTP/1.1)
POST /session/5d26fa4adb8f24efb33bdefc3d69120c/element HTTP/1.1
User-Agent: selenium/4.4.0 (java windows)
Content-Length: 59
Content-Type: application/json; charset=utf-8
host: localhost:58436
accept: */*

Response DefaultHttpResponse(decodeResult: success, version: HTTP/1.1)
HTTP/1.1 200 OK
Content-Type: application/json; charset=utf-8
cache-control: no-cache
content-length: 88

19:45:07.047 [AsyncHttpClient-1-2] DEBUG org.asynchttpclient.netty.channel.ChannelManager - Adding key: http://localhost:58436 for channel [id: 0x9bb442fe, L:/127.0.0.1:64207 - R:localhost/127.0.0.1:58436]
19:45:07.048 [Forwarding setTimeout on session 5d26fa4adb8f24efb33bdefc3d69120c to remote] DEBUG org.asynchttpclient.netty.request.NettyRequestSender - Using pooled Channel '[id: 0x9bb442fe, L:/127.0.0.1:64207 - R:localhost/127.0.0.1:58436]' for 'POST' to 'http://localhost:58436/session/5d26fa4adb8f24efb33bdefc3d69120c/timeouts'
19:45:07.048 [Forwarding setTimeout on session 5d26fa4adb8f24efb33bdefc3d69120c to remote] DEBUG org.asynchttpclient.netty.request.NettyRequestSender - Using open Channel [id: 0x9bb442fe, L:/127.0.0.1:64207 - R:localhost/127.0.0.1:58436] for POST '/session/5d26fa4adb8f24efb33bdefc3d69120c/timeouts'
19:45:07.049 [AsyncHttpClient-1-2] DEBUG org.asynchttpclient.netty.handler.HttpHandler - 

Request DefaultHttpRequest(decodeResult: success, version: HTTP/1.1)
POST /session/5d26fa4adb8f24efb33bdefc3d69120c/timeouts HTTP/1.1
User-Agent: selenium/4.4.0 (java windows)
Content-Length: 22
Content-Type: application/json; charset=utf-8
host: localhost:58436
accept: */*

Response DefaultHttpResponse(decodeResult: success, version: HTTP/1.1)
HTTP/1.1 200 OK
Content-Type: application/json; charset=utf-8
cache-control: no-cache
content-length: 14

19:45:07.049 [AsyncHttpClient-1-2] DEBUG org.asynchttpclient.netty.channel.ChannelManager - Adding key: http://localhost:58436 for channel [id: 0x9bb442fe, L:/127.0.0.1:64207 - R:localhost/127.0.0.1:58436]
19:45:07.050 [Forwarding findChildElements on session 5d26fa4adb8f24efb33bdefc3d69120c to remote] DEBUG org.asynchttpclient.netty.request.NettyRequestSender - Using pooled Channel '[id: 0x9bb442fe, L:/127.0.0.1:64207 - R:localhost/127.0.0.1:58436]' for 'POST' to 'http://localhost:58436/session/5d26fa4adb8f24efb33bdefc3d69120c/element/aac7147a-ef00-4000-9f06-c79bfee72656/elements'
19:45:07.051 [Forwarding findChildElements on session 5d26fa4adb8f24efb33bdefc3d69120c to remote] DEBUG org.asynchttpclient.netty.request.NettyRequestSender - Using open Channel [id: 0x9bb442fe, L:/127.0.0.1:64207 - R:localhost/127.0.0.1:58436] for POST '/session/5d26fa4adb8f24efb33bdefc3d69120c/element/aac7147a-ef00-4000-9f06-c79bfee72656/elements'
19:45:07.059 [AsyncHttpClient-1-2] DEBUG org.asynchttpclient.netty.handler.HttpHandler - 

Request DefaultHttpRequest(decodeResult: success, version: HTTP/1.1)
POST /session/5d26fa4adb8f24efb33bdefc3d69120c/element/aac7147a-ef00-4000-9f06-c79bfee72656/elements HTTP/1.1
User-Agent: selenium/4.4.0 (java windows)
Content-Length: 159
Content-Type: application/json; charset=utf-8
host: localhost:58436
accept: */*

Response DefaultHttpResponse(decodeResult: success, version: HTTP/1.1)
HTTP/1.1 200 OK
Content-Type: application/json; charset=utf-8
cache-control: no-cache
content-length: 90

19:45:07.059 [AsyncHttpClient-1-2] DEBUG org.asynchttpclient.netty.channel.ChannelManager - Adding key: http://localhost:58436 for channel [id: 0x9bb442fe, L:/127.0.0.1:64207 - R:localhost/127.0.0.1:58436]
19:45:07.060 [Forwarding isElementSelected on session 5d26fa4adb8f24efb33bdefc3d69120c to remote] DEBUG org.asynchttpclient.netty.request.NettyRequestSender - Using pooled Channel '[id: 0x9bb442fe, L:/127.0.0.1:64207 - R:localhost/127.0.0.1:58436]' for 'GET' to 'http://localhost:58436/session/5d26fa4adb8f24efb33bdefc3d69120c/element/31a0fe5a-3e02-4e06-b30e-a2d726c5de93/selected'
19:45:07.060 [Forwarding isElementSelected on session 5d26fa4adb8f24efb33bdefc3d69120c to remote] DEBUG org.asynchttpclient.netty.request.NettyRequestSender - Using open Channel [id: 0x9bb442fe, L:/127.0.0.1:64207 - R:localhost/127.0.0.1:58436] for GET '/session/5d26fa4adb8f24efb33bdefc3d69120c/element/31a0fe5a-3e02-4e06-b30e-a2d726c5de93/selected'
19:45:07.068 [AsyncHttpClient-1-2] DEBUG org.asynchttpclient.netty.handler.HttpHandler - 

Request DefaultFullHttpRequest(decodeResult: success, version: HTTP/1.1, content: EmptyByteBufBE)
GET /session/5d26fa4adb8f24efb33bdefc3d69120c/element/31a0fe5a-3e02-4e06-b30e-a2d726c5de93/selected HTTP/1.1
User-Agent: selenium/4.4.0 (java windows)
Cache-Control: no-cache
Content-Type: application/json; charset=utf-8
host: localhost:58436
accept: */*

Response DefaultHttpResponse(decodeResult: success, version: HTTP/1.1)
HTTP/1.1 200 OK
Content-Type: application/json; charset=utf-8
cache-control: no-cache
content-length: 15

19:45:07.068 [AsyncHttpClient-1-2] DEBUG org.asynchttpclient.netty.channel.ChannelManager - Adding key: http://localhost:58436 for channel [id: 0x9bb442fe, L:/127.0.0.1:64207 - R:localhost/127.0.0.1:58436]
19:45:07.069 [Forwarding clickElement on session 5d26fa4adb8f24efb33bdefc3d69120c to remote] DEBUG org.asynchttpclient.netty.request.NettyRequestSender - Using pooled Channel '[id: 0x9bb442fe, L:/127.0.0.1:64207 - R:localhost/127.0.0.1:58436]' for 'POST' to 'http://localhost:58436/session/5d26fa4adb8f24efb33bdefc3d69120c/element/31a0fe5a-3e02-4e06-b30e-a2d726c5de93/click'
19:45:07.069 [Forwarding clickElement on session 5d26fa4adb8f24efb33bdefc3d69120c to remote] DEBUG org.asynchttpclient.netty.request.NettyRequestSender - Using open Channel [id: 0x9bb442fe, L:/127.0.0.1:64207 - R:localhost/127.0.0.1:58436] for POST '/session/5d26fa4adb8f24efb33bdefc3d69120c/element/31a0fe5a-3e02-4e06-b30e-a2d726c5de93/click'
19:45:07.087 [AsyncHttpClient-1-2] DEBUG org.asynchttpclient.netty.handler.HttpHandler - 

Request DefaultHttpRequest(decodeResult: success, version: HTTP/1.1)
POST /session/5d26fa4adb8f24efb33bdefc3d69120c/element/31a0fe5a-3e02-4e06-b30e-a2d726c5de93/click HTTP/1.1
User-Agent: selenium/4.4.0 (java windows)
Content-Length: 50
Content-Type: application/json; charset=utf-8
host: localhost:58436
accept: */*

Response DefaultHttpResponse(decodeResult: success, version: HTTP/1.1)
HTTP/1.1 200 OK
Content-Type: application/json; charset=utf-8
cache-control: no-cache
content-length: 14

19:45:07.087 [AsyncHttpClient-1-2] DEBUG org.asynchttpclient.netty.channel.ChannelManager - Adding key: http://localhost:58436 for channel [id: 0x9bb442fe, L:/127.0.0.1:64207 - R:localhost/127.0.0.1:58436]
19:45:07.092 [Forwarding findElements on session 5d26fa4adb8f24efb33bdefc3d69120c to remote] DEBUG org.asynchttpclient.netty.request.NettyRequestSender - Using pooled Channel '[id: 0x9bb442fe, L:/127.0.0.1:64207 - R:localhost/127.0.0.1:58436]' for 'POST' to 'http://localhost:58436/session/5d26fa4adb8f24efb33bdefc3d69120c/elements'
19:45:07.092 [Forwarding findElements on session 5d26fa4adb8f24efb33bdefc3d69120c to remote] DEBUG org.asynchttpclient.netty.request.NettyRequestSender - Using open Channel [id: 0x9bb442fe, L:/127.0.0.1:64207 - R:localhost/127.0.0.1:58436] for POST '/session/5d26fa4adb8f24efb33bdefc3d69120c/elements'
19:45:07.103 [AsyncHttpClient-1-2] DEBUG org.asynchttpclient.netty.handler.HttpHandler - 

Request DefaultHttpRequest(decodeResult: success, version: HTTP/1.1)
POST /session/5d26fa4adb8f24efb33bdefc3d69120c/elements HTTP/1.1
User-Agent: selenium/4.4.0 (java windows)
Content-Length: 77
Content-Type: application/json; charset=utf-8
host: localhost:58436
accept: */*

Response DefaultHttpResponse(decodeResult: success, version: HTTP/1.1)
HTTP/1.1 200 OK
Content-Type: application/json; charset=utf-8
cache-control: no-cache
content-length: 248

19:45:07.103 [AsyncHttpClient-1-2] DEBUG org.asynchttpclient.netty.channel.ChannelManager - Adding key: http://localhost:58436 for channel [id: 0x9bb442fe, L:/127.0.0.1:64207 - R:localhost/127.0.0.1:58436]
19:45:07.108 [Forwarding getElementText on session 5d26fa4adb8f24efb33bdefc3d69120c to remote] DEBUG org.asynchttpclient.netty.request.NettyRequestSender - Using pooled Channel '[id: 0x9bb442fe, L:/127.0.0.1:64207 - R:localhost/127.0.0.1:58436]' for 'GET' to 'http://localhost:58436/session/5d26fa4adb8f24efb33bdefc3d69120c/element/62e83ada-5445-419d-9aa1-917455cdb371/text'
19:45:07.108 [Forwarding getElementText on session 5d26fa4adb8f24efb33bdefc3d69120c to remote] DEBUG org.asynchttpclient.netty.request.NettyRequestSender - Using open Channel [id: 0x9bb442fe, L:/127.0.0.1:64207 - R:localhost/127.0.0.1:58436] for GET '/session/5d26fa4adb8f24efb33bdefc3d69120c/element/62e83ada-5445-419d-9aa1-917455cdb371/text'
19:45:07.123 [AsyncHttpClient-1-2] DEBUG org.asynchttpclient.netty.handler.HttpHandler - 

Request DefaultFullHttpRequest(decodeResult: success, version: HTTP/1.1, content: EmptyByteBufBE)
GET /session/5d26fa4adb8f24efb33bdefc3d69120c/element/62e83ada-5445-419d-9aa1-917455cdb371/text HTTP/1.1
User-Agent: selenium/4.4.0 (java windows)
Cache-Control: no-cache
Content-Type: application/json; charset=utf-8
host: localhost:58436
accept: */*

Response DefaultHttpResponse(decodeResult: success, version: HTTP/1.1)
HTTP/1.1 200 OK
Content-Type: application/json; charset=utf-8
cache-control: no-cache
content-length: 20

19:45:07.123 [AsyncHttpClient-1-2] DEBUG org.asynchttpclient.netty.channel.ChannelManager - Adding key: http://localhost:58436 for channel [id: 0x9bb442fe, L:/127.0.0.1:64207 - R:localhost/127.0.0.1:58436]
19:45:07.125 [Forwarding executeScript on session 5d26fa4adb8f24efb33bdefc3d69120c to remote] DEBUG org.asynchttpclient.netty.request.NettyRequestSender - Using pooled Channel '[id: 0x9bb442fe, L:/127.0.0.1:64207 - R:localhost/127.0.0.1:58436]' for 'POST' to 'http://localhost:58436/session/5d26fa4adb8f24efb33bdefc3d69120c/execute/sync'
19:45:07.125 [Forwarding executeScript on session 5d26fa4adb8f24efb33bdefc3d69120c to remote] DEBUG org.asynchttpclient.netty.request.NettyRequestSender - Using open Channel [id: 0x9bb442fe, L:/127.0.0.1:64207 - R:localhost/127.0.0.1:58436] for POST '/session/5d26fa4adb8f24efb33bdefc3d69120c/execute/sync'
19:45:07.131 [AsyncHttpClient-1-2] DEBUG org.asynchttpclient.netty.handler.HttpHandler - 

Request DefaultHttpRequest(decodeResult: success, version: HTTP/1.1)
POST /session/5d26fa4adb8f24efb33bdefc3d69120c/execute/sync HTTP/1.1
User-Agent: selenium/4.4.0 (java windows)
Content-Length: 209
Content-Type: application/json; charset=utf-8
host: localhost:58436
accept: */*

Response DefaultHttpResponse(decodeResult: success, version: HTTP/1.1)
HTTP/1.1 200 OK
Content-Type: application/json; charset=utf-8
cache-control: no-cache
content-length: 14

19:45:07.131 [AsyncHttpClient-1-2] DEBUG org.asynchttpclient.netty.channel.ChannelManager - Adding key: http://localhost:58436 for channel [id: 0x9bb442fe, L:/127.0.0.1:64207 - R:localhost/127.0.0.1:58436]
19:45:07.135 [Forwarding findElement on session 5d26fa4adb8f24efb33bdefc3d69120c to remote] DEBUG org.asynchttpclient.netty.request.NettyRequestSender - Using pooled Channel '[id: 0x9bb442fe, L:/127.0.0.1:64207 - R:localhost/127.0.0.1:58436]' for 'POST' to 'http://localhost:58436/session/5d26fa4adb8f24efb33bdefc3d69120c/element'
19:45:07.135 [Forwarding findElement on session 5d26fa4adb8f24efb33bdefc3d69120c to remote] DEBUG org.asynchttpclient.netty.request.NettyRequestSender - Using open Channel [id: 0x9bb442fe, L:/127.0.0.1:64207 - R:localhost/127.0.0.1:58436] for POST '/session/5d26fa4adb8f24efb33bdefc3d69120c/element'
19:45:07.145 [AsyncHttpClient-1-2] DEBUG org.asynchttpclient.netty.handler.HttpHandler - 

Request DefaultHttpRequest(decodeResult: success, version: HTTP/1.1)
POST /session/5d26fa4adb8f24efb33bdefc3d69120c/element HTTP/1.1
User-Agent: selenium/4.4.0 (java windows)
Content-Length: 59
Content-Type: application/json; charset=utf-8
host: localhost:58436
accept: */*

Response DefaultHttpResponse(decodeResult: success, version: HTTP/1.1)
HTTP/1.1 200 OK
Content-Type: application/json; charset=utf-8
cache-control: no-cache
content-length: 88

19:45:07.145 [AsyncHttpClient-1-2] DEBUG org.asynchttpclient.netty.channel.ChannelManager - Adding key: http://localhost:58436 for channel [id: 0x9bb442fe, L:/127.0.0.1:64207 - R:localhost/127.0.0.1:58436]
19:45:07.148 [Forwarding isElementDisplayed on session 5d26fa4adb8f24efb33bdefc3d69120c to remote] DEBUG org.asynchttpclient.netty.request.NettyRequestSender - Using pooled Channel '[id: 0x9bb442fe, L:/127.0.0.1:64207 - R:localhost/127.0.0.1:58436]' for 'POST' to 'http://localhost:58436/session/5d26fa4adb8f24efb33bdefc3d69120c/execute/sync'
19:45:07.148 [Forwarding isElementDisplayed on session 5d26fa4adb8f24efb33bdefc3d69120c to remote] DEBUG org.asynchttpclient.netty.request.NettyRequestSender - Using open Channel [id: 0x9bb442fe, L:/127.0.0.1:64207 - R:localhost/127.0.0.1:58436] for POST '/session/5d26fa4adb8f24efb33bdefc3d69120c/execute/sync'
19:45:07.158 [AsyncHttpClient-1-2] DEBUG org.asynchttpclient.netty.handler.HttpHandler - 

Request DefaultHttpRequest(decodeResult: success, version: HTTP/1.1)
POST /session/5d26fa4adb8f24efb33bdefc3d69120c/execute/sync HTTP/1.1
User-Agent: selenium/4.4.0 (java windows)
Content-Length: 48780
Content-Type: application/json; charset=utf-8
host: localhost:58436
accept: */*

Response DefaultHttpResponse(decodeResult: success, version: HTTP/1.1)
HTTP/1.1 200 OK
Content-Type: application/json; charset=utf-8
cache-control: no-cache
content-length: 14

19:45:07.158 [AsyncHttpClient-1-2] DEBUG org.asynchttpclient.netty.channel.ChannelManager - Adding key: http://localhost:58436 for channel [id: 0x9bb442fe, L:/127.0.0.1:64207 - R:localhost/127.0.0.1:58436]
19:45:07.160 [Forwarding clearElement on session 5d26fa4adb8f24efb33bdefc3d69120c to remote] DEBUG org.asynchttpclient.netty.request.NettyRequestSender - Using pooled Channel '[id: 0x9bb442fe, L:/127.0.0.1:64207 - R:localhost/127.0.0.1:58436]' for 'POST' to 'http://localhost:58436/session/5d26fa4adb8f24efb33bdefc3d69120c/element/64725b69-7902-47d9-bb4f-ecfd7025fe94/clear'
19:45:07.160 [Forwarding clearElement on session 5d26fa4adb8f24efb33bdefc3d69120c to remote] DEBUG org.asynchttpclient.netty.request.NettyRequestSender - Using open Channel [id: 0x9bb442fe, L:/127.0.0.1:64207 - R:localhost/127.0.0.1:58436] for POST '/session/5d26fa4adb8f24efb33bdefc3d69120c/element/64725b69-7902-47d9-bb4f-ecfd7025fe94/clear'
19:45:07.184 [AsyncHttpClient-1-2] DEBUG org.asynchttpclient.netty.handler.HttpHandler - 

Request DefaultHttpRequest(decodeResult: success, version: HTTP/1.1)
POST /session/5d26fa4adb8f24efb33bdefc3d69120c/element/64725b69-7902-47d9-bb4f-ecfd7025fe94/clear HTTP/1.1
User-Agent: selenium/4.4.0 (java windows)
Content-Length: 50
Content-Type: application/json; charset=utf-8
host: localhost:58436
accept: */*

Response DefaultHttpResponse(decodeResult: success, version: HTTP/1.1)
HTTP/1.1 200 OK
Content-Type: application/json; charset=utf-8
cache-control: no-cache
content-length: 14

19:45:07.185 [AsyncHttpClient-1-2] DEBUG org.asynchttpclient.netty.channel.ChannelManager - Adding key: http://localhost:58436 for channel [id: 0x9bb442fe, L:/127.0.0.1:64207 - R:localhost/127.0.0.1:58436]
19:45:07.186 [Forwarding sendKeysToElement on session 5d26fa4adb8f24efb33bdefc3d69120c to remote] DEBUG org.asynchttpclient.netty.request.NettyRequestSender - Using pooled Channel '[id: 0x9bb442fe, L:/127.0.0.1:64207 - R:localhost/127.0.0.1:58436]' for 'POST' to 'http://localhost:58436/session/5d26fa4adb8f24efb33bdefc3d69120c/element/64725b69-7902-47d9-bb4f-ecfd7025fe94/value'
19:45:07.186 [Forwarding sendKeysToElement on session 5d26fa4adb8f24efb33bdefc3d69120c to remote] DEBUG org.asynchttpclient.netty.request.NettyRequestSender - Using open Channel [id: 0x9bb442fe, L:/127.0.0.1:64207 - R:localhost/127.0.0.1:58436] for POST '/session/5d26fa4adb8f24efb33bdefc3d69120c/element/64725b69-7902-47d9-bb4f-ecfd7025fe94/value'
19:45:07.269 [AsyncHttpClient-1-2] DEBUG org.asynchttpclient.netty.handler.HttpHandler - 

Request DefaultHttpRequest(decodeResult: success, version: HTTP/1.1)
POST /session/5d26fa4adb8f24efb33bdefc3d69120c/element/64725b69-7902-47d9-bb4f-ecfd7025fe94/value HTTP/1.1
User-Agent: selenium/4.4.0 (java windows)
Content-Length: 201
Content-Type: application/json; charset=utf-8
host: localhost:58436
accept: */*

Response DefaultHttpResponse(decodeResult: success, version: HTTP/1.1)
HTTP/1.1 200 OK
Content-Type: application/json; charset=utf-8
cache-control: no-cache
content-length: 14

19:45:07.269 [AsyncHttpClient-1-2] DEBUG org.asynchttpclient.netty.channel.ChannelManager - Adding key: http://localhost:58436 for channel [id: 0x9bb442fe, L:/127.0.0.1:64207 - R:localhost/127.0.0.1:58436]
19:45:07.275 [Forwarding findElement on session 5d26fa4adb8f24efb33bdefc3d69120c to remote] DEBUG org.asynchttpclient.netty.request.NettyRequestSender - Using pooled Channel '[id: 0x9bb442fe, L:/127.0.0.1:64207 - R:localhost/127.0.0.1:58436]' for 'POST' to 'http://localhost:58436/session/5d26fa4adb8f24efb33bdefc3d69120c/element'
19:45:07.275 [Forwarding findElement on session 5d26fa4adb8f24efb33bdefc3d69120c to remote] DEBUG org.asynchttpclient.netty.request.NettyRequestSender - Using open Channel [id: 0x9bb442fe, L:/127.0.0.1:64207 - R:localhost/127.0.0.1:58436] for POST '/session/5d26fa4adb8f24efb33bdefc3d69120c/element'
19:45:07.286 [AsyncHttpClient-1-2] DEBUG org.asynchttpclient.netty.handler.HttpHandler - 

Request DefaultHttpRequest(decodeResult: success, version: HTTP/1.1)
POST /session/5d26fa4adb8f24efb33bdefc3d69120c/element HTTP/1.1
User-Agent: selenium/4.4.0 (java windows)
Content-Length: 56
Content-Type: application/json; charset=utf-8
host: localhost:58436
accept: */*

Response DefaultHttpResponse(decodeResult: success, version: HTTP/1.1)
HTTP/1.1 200 OK
Content-Type: application/json; charset=utf-8
cache-control: no-cache
content-length: 88

19:45:07.286 [AsyncHttpClient-1-2] DEBUG org.asynchttpclient.netty.channel.ChannelManager - Adding key: http://localhost:58436 for channel [id: 0x9bb442fe, L:/127.0.0.1:64207 - R:localhost/127.0.0.1:58436]
19:45:07.290 [Forwarding isElementDisplayed on session 5d26fa4adb8f24efb33bdefc3d69120c to remote] DEBUG org.asynchttpclient.netty.request.NettyRequestSender - Using pooled Channel '[id: 0x9bb442fe, L:/127.0.0.1:64207 - R:localhost/127.0.0.1:58436]' for 'POST' to 'http://localhost:58436/session/5d26fa4adb8f24efb33bdefc3d69120c/execute/sync'
19:45:07.291 [Forwarding isElementDisplayed on session 5d26fa4adb8f24efb33bdefc3d69120c to remote] DEBUG org.asynchttpclient.netty.request.NettyRequestSender - Using open Channel [id: 0x9bb442fe, L:/127.0.0.1:64207 - R:localhost/127.0.0.1:58436] for POST '/session/5d26fa4adb8f24efb33bdefc3d69120c/execute/sync'
19:45:07.301 [AsyncHttpClient-1-2] DEBUG org.asynchttpclient.netty.handler.HttpHandler - 

Request DefaultHttpRequest(decodeResult: success, version: HTTP/1.1)
POST /session/5d26fa4adb8f24efb33bdefc3d69120c/execute/sync HTTP/1.1
User-Agent: selenium/4.4.0 (java windows)
Content-Length: 48780
Content-Type: application/json; charset=utf-8
host: localhost:58436
accept: */*

Response DefaultHttpResponse(decodeResult: success, version: HTTP/1.1)
HTTP/1.1 200 OK
Content-Type: application/json; charset=utf-8
cache-control: no-cache
content-length: 14

19:45:07.302 [AsyncHttpClient-1-2] DEBUG org.asynchttpclient.netty.channel.ChannelManager - Adding key: http://localhost:58436 for channel [id: 0x9bb442fe, L:/127.0.0.1:64207 - R:localhost/127.0.0.1:58436]
19:45:07.303 [Forwarding clearElement on session 5d26fa4adb8f24efb33bdefc3d69120c to remote] DEBUG org.asynchttpclient.netty.request.NettyRequestSender - Using pooled Channel '[id: 0x9bb442fe, L:/127.0.0.1:64207 - R:localhost/127.0.0.1:58436]' for 'POST' to 'http://localhost:58436/session/5d26fa4adb8f24efb33bdefc3d69120c/element/55ed23e7-1e98-43cf-894b-23bf5274f920/clear'
19:45:07.304 [Forwarding clearElement on session 5d26fa4adb8f24efb33bdefc3d69120c to remote] DEBUG org.asynchttpclient.netty.request.NettyRequestSender - Using open Channel [id: 0x9bb442fe, L:/127.0.0.1:64207 - R:localhost/127.0.0.1:58436] for POST '/session/5d26fa4adb8f24efb33bdefc3d69120c/element/55ed23e7-1e98-43cf-894b-23bf5274f920/clear'
19:45:07.330 [AsyncHttpClient-1-2] DEBUG org.asynchttpclient.netty.handler.HttpHandler - 

Request DefaultHttpRequest(decodeResult: success, version: HTTP/1.1)
POST /session/5d26fa4adb8f24efb33bdefc3d69120c/element/55ed23e7-1e98-43cf-894b-23bf5274f920/clear HTTP/1.1
User-Agent: selenium/4.4.0 (java windows)
Content-Length: 50
Content-Type: application/json; charset=utf-8
host: localhost:58436
accept: */*

Response DefaultHttpResponse(decodeResult: success, version: HTTP/1.1)
HTTP/1.1 200 OK
Content-Type: application/json; charset=utf-8
cache-control: no-cache
content-length: 14

19:45:07.331 [AsyncHttpClient-1-2] DEBUG org.asynchttpclient.netty.channel.ChannelManager - Adding key: http://localhost:58436 for channel [id: 0x9bb442fe, L:/127.0.0.1:64207 - R:localhost/127.0.0.1:58436]
19:45:07.333 [Forwarding sendKeysToElement on session 5d26fa4adb8f24efb33bdefc3d69120c to remote] DEBUG org.asynchttpclient.netty.request.NettyRequestSender - Using pooled Channel '[id: 0x9bb442fe, L:/127.0.0.1:64207 - R:localhost/127.0.0.1:58436]' for 'POST' to 'http://localhost:58436/session/5d26fa4adb8f24efb33bdefc3d69120c/element/55ed23e7-1e98-43cf-894b-23bf5274f920/value'
19:45:07.333 [Forwarding sendKeysToElement on session 5d26fa4adb8f24efb33bdefc3d69120c to remote] DEBUG org.asynchttpclient.netty.request.NettyRequestSender - Using open Channel [id: 0x9bb442fe, L:/127.0.0.1:64207 - R:localhost/127.0.0.1:58436] for POST '/session/5d26fa4adb8f24efb33bdefc3d69120c/element/55ed23e7-1e98-43cf-894b-23bf5274f920/value'
19:45:07.376 [AsyncHttpClient-1-2] DEBUG org.asynchttpclient.netty.handler.HttpHandler - 

Request DefaultHttpRequest(decodeResult: success, version: HTTP/1.1)
POST /session/5d26fa4adb8f24efb33bdefc3d69120c/element/55ed23e7-1e98-43cf-894b-23bf5274f920/value HTTP/1.1
User-Agent: selenium/4.4.0 (java windows)
Content-Length: 161
Content-Type: application/json; charset=utf-8
host: localhost:58436
accept: */*

Response DefaultHttpResponse(decodeResult: success, version: HTTP/1.1)
HTTP/1.1 200 OK
Content-Type: application/json; charset=utf-8
cache-control: no-cache
content-length: 14

19:45:07.377 [AsyncHttpClient-1-2] DEBUG org.asynchttpclient.netty.channel.ChannelManager - Adding key: http://localhost:58436 for channel [id: 0x9bb442fe, L:/127.0.0.1:64207 - R:localhost/127.0.0.1:58436]
19:45:07.382 [Forwarding findElement on session 5d26fa4adb8f24efb33bdefc3d69120c to remote] DEBUG org.asynchttpclient.netty.request.NettyRequestSender - Using pooled Channel '[id: 0x9bb442fe, L:/127.0.0.1:64207 - R:localhost/127.0.0.1:58436]' for 'POST' to 'http://localhost:58436/session/5d26fa4adb8f24efb33bdefc3d69120c/element'
19:45:07.382 [Forwarding findElement on session 5d26fa4adb8f24efb33bdefc3d69120c to remote] DEBUG org.asynchttpclient.netty.request.NettyRequestSender - Using open Channel [id: 0x9bb442fe, L:/127.0.0.1:64207 - R:localhost/127.0.0.1:58436] for POST '/session/5d26fa4adb8f24efb33bdefc3d69120c/element'
19:45:07.391 [AsyncHttpClient-1-2] DEBUG org.asynchttpclient.netty.handler.HttpHandler - 

Request DefaultHttpRequest(decodeResult: success, version: HTTP/1.1)
POST /session/5d26fa4adb8f24efb33bdefc3d69120c/element HTTP/1.1
User-Agent: selenium/4.4.0 (java windows)
Content-Length: 69
Content-Type: application/json; charset=utf-8
host: localhost:58436
accept: */*

Response DefaultHttpResponse(decodeResult: success, version: HTTP/1.1)
HTTP/1.1 200 OK
Content-Type: application/json; charset=utf-8
cache-control: no-cache
content-length: 88

19:45:07.391 [AsyncHttpClient-1-2] DEBUG org.asynchttpclient.netty.channel.ChannelManager - Adding key: http://localhost:58436 for channel [id: 0x9bb442fe, L:/127.0.0.1:64207 - R:localhost/127.0.0.1:58436]
19:45:07.394 [Forwarding isElementDisplayed on session 5d26fa4adb8f24efb33bdefc3d69120c to remote] DEBUG org.asynchttpclient.netty.request.NettyRequestSender - Using pooled Channel '[id: 0x9bb442fe, L:/127.0.0.1:64207 - R:localhost/127.0.0.1:58436]' for 'POST' to 'http://localhost:58436/session/5d26fa4adb8f24efb33bdefc3d69120c/execute/sync'
19:45:07.394 [Forwarding isElementDisplayed on session 5d26fa4adb8f24efb33bdefc3d69120c to remote] DEBUG org.asynchttpclient.netty.request.NettyRequestSender - Using open Channel [id: 0x9bb442fe, L:/127.0.0.1:64207 - R:localhost/127.0.0.1:58436] for POST '/session/5d26fa4adb8f24efb33bdefc3d69120c/execute/sync'
19:45:07.402 [AsyncHttpClient-1-2] DEBUG org.asynchttpclient.netty.handler.HttpHandler - 

Request DefaultHttpRequest(decodeResult: success, version: HTTP/1.1)
POST /session/5d26fa4adb8f24efb33bdefc3d69120c/execute/sync HTTP/1.1
User-Agent: selenium/4.4.0 (java windows)
Content-Length: 48780
Content-Type: application/json; charset=utf-8
host: localhost:58436
accept: */*

Response DefaultHttpResponse(decodeResult: success, version: HTTP/1.1)
HTTP/1.1 200 OK
Content-Type: application/json; charset=utf-8
cache-control: no-cache
content-length: 14

19:45:07.402 [AsyncHttpClient-1-2] DEBUG org.asynchttpclient.netty.channel.ChannelManager - Adding key: http://localhost:58436 for channel [id: 0x9bb442fe, L:/127.0.0.1:64207 - R:localhost/127.0.0.1:58436]
19:45:07.403 [Forwarding getElementTagName on session 5d26fa4adb8f24efb33bdefc3d69120c to remote] DEBUG org.asynchttpclient.netty.request.NettyRequestSender - Using pooled Channel '[id: 0x9bb442fe, L:/127.0.0.1:64207 - R:localhost/127.0.0.1:58436]' for 'GET' to 'http://localhost:58436/session/5d26fa4adb8f24efb33bdefc3d69120c/element/a38f026c-67b8-4c85-b8c6-34454222cba2/name'
19:45:07.403 [Forwarding getElementTagName on session 5d26fa4adb8f24efb33bdefc3d69120c to remote] DEBUG org.asynchttpclient.netty.request.NettyRequestSender - Using open Channel [id: 0x9bb442fe, L:/127.0.0.1:64207 - R:localhost/127.0.0.1:58436] for GET '/session/5d26fa4adb8f24efb33bdefc3d69120c/element/a38f026c-67b8-4c85-b8c6-34454222cba2/name'
19:45:07.407 [AsyncHttpClient-1-2] DEBUG org.asynchttpclient.netty.handler.HttpHandler - 

Request DefaultFullHttpRequest(decodeResult: success, version: HTTP/1.1, content: EmptyByteBufBE)
GET /session/5d26fa4adb8f24efb33bdefc3d69120c/element/a38f026c-67b8-4c85-b8c6-34454222cba2/name HTTP/1.1
User-Agent: selenium/4.4.0 (java windows)
Cache-Control: no-cache
Content-Type: application/json; charset=utf-8
host: localhost:58436
accept: */*

Response DefaultHttpResponse(decodeResult: success, version: HTTP/1.1)
HTTP/1.1 200 OK
Content-Type: application/json; charset=utf-8
cache-control: no-cache
content-length: 18

19:45:07.407 [AsyncHttpClient-1-2] DEBUG org.asynchttpclient.netty.channel.ChannelManager - Adding key: http://localhost:58436 for channel [id: 0x9bb442fe, L:/127.0.0.1:64207 - R:localhost/127.0.0.1:58436]
19:45:07.408 [Forwarding getElementTagName on session 5d26fa4adb8f24efb33bdefc3d69120c to remote] DEBUG org.asynchttpclient.netty.request.NettyRequestSender - Using pooled Channel '[id: 0x9bb442fe, L:/127.0.0.1:64207 - R:localhost/127.0.0.1:58436]' for 'GET' to 'http://localhost:58436/session/5d26fa4adb8f24efb33bdefc3d69120c/element/a38f026c-67b8-4c85-b8c6-34454222cba2/name'
19:45:07.408 [Forwarding getElementTagName on session 5d26fa4adb8f24efb33bdefc3d69120c to remote] DEBUG org.asynchttpclient.netty.request.NettyRequestSender - Using open Channel [id: 0x9bb442fe, L:/127.0.0.1:64207 - R:localhost/127.0.0.1:58436] for GET '/session/5d26fa4adb8f24efb33bdefc3d69120c/element/a38f026c-67b8-4c85-b8c6-34454222cba2/name'
19:45:07.411 [AsyncHttpClient-1-2] DEBUG org.asynchttpclient.netty.handler.HttpHandler - 

Request DefaultFullHttpRequest(decodeResult: success, version: HTTP/1.1, content: EmptyByteBufBE)
GET /session/5d26fa4adb8f24efb33bdefc3d69120c/element/a38f026c-67b8-4c85-b8c6-34454222cba2/name HTTP/1.1
User-Agent: selenium/4.4.0 (java windows)
Cache-Control: no-cache
Content-Type: application/json; charset=utf-8
host: localhost:58436
accept: */*

Response DefaultHttpResponse(decodeResult: success, version: HTTP/1.1)
HTTP/1.1 200 OK
Content-Type: application/json; charset=utf-8
cache-control: no-cache
content-length: 18

19:45:07.412 [AsyncHttpClient-1-2] DEBUG org.asynchttpclient.netty.channel.ChannelManager - Adding key: http://localhost:58436 for channel [id: 0x9bb442fe, L:/127.0.0.1:64207 - R:localhost/127.0.0.1:58436]
19:45:07.415 [Forwarding isElementEnabled on session 5d26fa4adb8f24efb33bdefc3d69120c to remote] DEBUG org.asynchttpclient.netty.request.NettyRequestSender - Using pooled Channel '[id: 0x9bb442fe, L:/127.0.0.1:64207 - R:localhost/127.0.0.1:58436]' for 'GET' to 'http://localhost:58436/session/5d26fa4adb8f24efb33bdefc3d69120c/element/a38f026c-67b8-4c85-b8c6-34454222cba2/enabled'
19:45:07.415 [Forwarding isElementEnabled on session 5d26fa4adb8f24efb33bdefc3d69120c to remote] DEBUG org.asynchttpclient.netty.request.NettyRequestSender - Using open Channel [id: 0x9bb442fe, L:/127.0.0.1:64207 - R:localhost/127.0.0.1:58436] for GET '/session/5d26fa4adb8f24efb33bdefc3d69120c/element/a38f026c-67b8-4c85-b8c6-34454222cba2/enabled'
19:45:07.421 [AsyncHttpClient-1-2] DEBUG org.asynchttpclient.netty.handler.HttpHandler - 

Request DefaultFullHttpRequest(decodeResult: success, version: HTTP/1.1, content: EmptyByteBufBE)
GET /session/5d26fa4adb8f24efb33bdefc3d69120c/element/a38f026c-67b8-4c85-b8c6-34454222cba2/enabled HTTP/1.1
User-Agent: selenium/4.4.0 (java windows)
Cache-Control: no-cache
Content-Type: application/json; charset=utf-8
host: localhost:58436
accept: */*

Response DefaultHttpResponse(decodeResult: success, version: HTTP/1.1)
HTTP/1.1 200 OK
Content-Type: application/json; charset=utf-8
cache-control: no-cache
content-length: 14

19:45:07.421 [AsyncHttpClient-1-2] DEBUG org.asynchttpclient.netty.channel.ChannelManager - Adding key: http://localhost:58436 for channel [id: 0x9bb442fe, L:/127.0.0.1:64207 - R:localhost/127.0.0.1:58436]
19:45:07.423 [Forwarding isElementEnabled on session 5d26fa4adb8f24efb33bdefc3d69120c to remote] DEBUG org.asynchttpclient.netty.request.NettyRequestSender - Using pooled Channel '[id: 0x9bb442fe, L:/127.0.0.1:64207 - R:localhost/127.0.0.1:58436]' for 'GET' to 'http://localhost:58436/session/5d26fa4adb8f24efb33bdefc3d69120c/element/a38f026c-67b8-4c85-b8c6-34454222cba2/enabled'
19:45:07.423 [Forwarding isElementEnabled on session 5d26fa4adb8f24efb33bdefc3d69120c to remote] DEBUG org.asynchttpclient.netty.request.NettyRequestSender - Using open Channel [id: 0x9bb442fe, L:/127.0.0.1:64207 - R:localhost/127.0.0.1:58436] for GET '/session/5d26fa4adb8f24efb33bdefc3d69120c/element/a38f026c-67b8-4c85-b8c6-34454222cba2/enabled'
19:45:07.428 [AsyncHttpClient-1-2] DEBUG org.asynchttpclient.netty.handler.HttpHandler - 

Request DefaultFullHttpRequest(decodeResult: success, version: HTTP/1.1, content: EmptyByteBufBE)
GET /session/5d26fa4adb8f24efb33bdefc3d69120c/element/a38f026c-67b8-4c85-b8c6-34454222cba2/enabled HTTP/1.1
User-Agent: selenium/4.4.0 (java windows)
Cache-Control: no-cache
Content-Type: application/json; charset=utf-8
host: localhost:58436
accept: */*

Response DefaultHttpResponse(decodeResult: success, version: HTTP/1.1)
HTTP/1.1 200 OK
Content-Type: application/json; charset=utf-8
cache-control: no-cache
content-length: 14

19:45:07.428 [AsyncHttpClient-1-2] DEBUG org.asynchttpclient.netty.channel.ChannelManager - Adding key: http://localhost:58436 for channel [id: 0x9bb442fe, L:/127.0.0.1:64207 - R:localhost/127.0.0.1:58436]
19:45:07.431 [Forwarding findElement on session 5d26fa4adb8f24efb33bdefc3d69120c to remote] DEBUG org.asynchttpclient.netty.request.NettyRequestSender - Using pooled Channel '[id: 0x9bb442fe, L:/127.0.0.1:64207 - R:localhost/127.0.0.1:58436]' for 'POST' to 'http://localhost:58436/session/5d26fa4adb8f24efb33bdefc3d69120c/element'
19:45:07.431 [Forwarding findElement on session 5d26fa4adb8f24efb33bdefc3d69120c to remote] DEBUG org.asynchttpclient.netty.request.NettyRequestSender - Using open Channel [id: 0x9bb442fe, L:/127.0.0.1:64207 - R:localhost/127.0.0.1:58436] for POST '/session/5d26fa4adb8f24efb33bdefc3d69120c/element'
19:45:07.437 [AsyncHttpClient-1-2] DEBUG org.asynchttpclient.netty.handler.HttpHandler - 

Request DefaultHttpRequest(decodeResult: success, version: HTTP/1.1)
POST /session/5d26fa4adb8f24efb33bdefc3d69120c/element HTTP/1.1
User-Agent: selenium/4.4.0 (java windows)
Content-Length: 69
Content-Type: application/json; charset=utf-8
host: localhost:58436
accept: */*

Response DefaultHttpResponse(decodeResult: success, version: HTTP/1.1)
HTTP/1.1 200 OK
Content-Type: application/json; charset=utf-8
cache-control: no-cache
content-length: 88

19:45:07.437 [AsyncHttpClient-1-2] DEBUG org.asynchttpclient.netty.channel.ChannelManager - Adding key: http://localhost:58436 for channel [id: 0x9bb442fe, L:/127.0.0.1:64207 - R:localhost/127.0.0.1:58436]
19:45:07.440 [Forwarding isElementDisplayed on session 5d26fa4adb8f24efb33bdefc3d69120c to remote] DEBUG org.asynchttpclient.netty.request.NettyRequestSender - Using pooled Channel '[id: 0x9bb442fe, L:/127.0.0.1:64207 - R:localhost/127.0.0.1:58436]' for 'POST' to 'http://localhost:58436/session/5d26fa4adb8f24efb33bdefc3d69120c/execute/sync'
19:45:07.440 [Forwarding isElementDisplayed on session 5d26fa4adb8f24efb33bdefc3d69120c to remote] DEBUG org.asynchttpclient.netty.request.NettyRequestSender - Using open Channel [id: 0x9bb442fe, L:/127.0.0.1:64207 - R:localhost/127.0.0.1:58436] for POST '/session/5d26fa4adb8f24efb33bdefc3d69120c/execute/sync'
19:45:07.449 [AsyncHttpClient-1-2] DEBUG org.asynchttpclient.netty.handler.HttpHandler - 

Request DefaultHttpRequest(decodeResult: success, version: HTTP/1.1)
POST /session/5d26fa4adb8f24efb33bdefc3d69120c/execute/sync HTTP/1.1
User-Agent: selenium/4.4.0 (java windows)
Content-Length: 48780
Content-Type: application/json; charset=utf-8
host: localhost:58436
accept: */*

Response DefaultHttpResponse(decodeResult: success, version: HTTP/1.1)
HTTP/1.1 200 OK
Content-Type: application/json; charset=utf-8
cache-control: no-cache
content-length: 14

19:45:07.449 [AsyncHttpClient-1-2] DEBUG org.asynchttpclient.netty.channel.ChannelManager - Adding key: http://localhost:58436 for channel [id: 0x9bb442fe, L:/127.0.0.1:64207 - R:localhost/127.0.0.1:58436]
19:45:07.451 [Forwarding clickElement on session 5d26fa4adb8f24efb33bdefc3d69120c to remote] DEBUG org.asynchttpclient.netty.request.NettyRequestSender - Using pooled Channel '[id: 0x9bb442fe, L:/127.0.0.1:64207 - R:localhost/127.0.0.1:58436]' for 'POST' to 'http://localhost:58436/session/5d26fa4adb8f24efb33bdefc3d69120c/element/a38f026c-67b8-4c85-b8c6-34454222cba2/click'
19:45:07.451 [Forwarding clickElement on session 5d26fa4adb8f24efb33bdefc3d69120c to remote] DEBUG org.asynchttpclient.netty.request.NettyRequestSender - Using open Channel [id: 0x9bb442fe, L:/127.0.0.1:64207 - R:localhost/127.0.0.1:58436] for POST '/session/5d26fa4adb8f24efb33bdefc3d69120c/element/a38f026c-67b8-4c85-b8c6-34454222cba2/click'
19:45:07.616 [AsyncHttpClient-1-2] DEBUG org.asynchttpclient.netty.handler.HttpHandler - 

Request DefaultHttpRequest(decodeResult: success, version: HTTP/1.1)
POST /session/5d26fa4adb8f24efb33bdefc3d69120c/element/a38f026c-67b8-4c85-b8c6-34454222cba2/click HTTP/1.1
User-Agent: selenium/4.4.0 (java windows)
Content-Length: 50
Content-Type: application/json; charset=utf-8
host: localhost:58436
accept: */*

Response DefaultHttpResponse(decodeResult: success, version: HTTP/1.1)
HTTP/1.1 200 OK
Content-Type: application/json; charset=utf-8
cache-control: no-cache
content-length: 14

19:45:07.616 [AsyncHttpClient-1-2] DEBUG org.asynchttpclient.netty.channel.ChannelManager - Adding key: http://localhost:58436 for channel [id: 0x9bb442fe, L:/127.0.0.1:64207 - R:localhost/127.0.0.1:58436]
19:45:07.626 [Forwarding getCurrentWindowHandle on session 5d26fa4adb8f24efb33bdefc3d69120c to remote] DEBUG org.asynchttpclient.netty.request.NettyRequestSender - Using pooled Channel '[id: 0x9bb442fe, L:/127.0.0.1:64207 - R:localhost/127.0.0.1:58436]' for 'GET' to 'http://localhost:58436/session/5d26fa4adb8f24efb33bdefc3d69120c/window'
19:45:07.626 [Forwarding getCurrentWindowHandle on session 5d26fa4adb8f24efb33bdefc3d69120c to remote] DEBUG org.asynchttpclient.netty.request.NettyRequestSender - Using open Channel [id: 0x9bb442fe, L:/127.0.0.1:64207 - R:localhost/127.0.0.1:58436] for GET '/session/5d26fa4adb8f24efb33bdefc3d69120c/window'
19:45:07.627 [AsyncHttpClient-1-2] DEBUG org.asynchttpclient.netty.handler.HttpHandler - 

Request DefaultFullHttpRequest(decodeResult: success, version: HTTP/1.1, content: EmptyByteBufBE)
GET /session/5d26fa4adb8f24efb33bdefc3d69120c/window HTTP/1.1
User-Agent: selenium/4.4.0 (java windows)
Cache-Control: no-cache
Content-Type: application/json; charset=utf-8
host: localhost:58436
accept: */*

Response DefaultHttpResponse(decodeResult: success, version: HTTP/1.1)
HTTP/1.1 200 OK
Content-Type: application/json; charset=utf-8
cache-control: no-cache
content-length: 53

19:45:07.627 [AsyncHttpClient-1-2] DEBUG org.asynchttpclient.netty.channel.ChannelManager - Adding key: http://localhost:58436 for channel [id: 0x9bb442fe, L:/127.0.0.1:64207 - R:localhost/127.0.0.1:58436]
19:45:07.629 [Forwarding getAlertText on session 5d26fa4adb8f24efb33bdefc3d69120c to remote] DEBUG org.asynchttpclient.netty.request.NettyRequestSender - Using pooled Channel '[id: 0x9bb442fe, L:/127.0.0.1:64207 - R:localhost/127.0.0.1:58436]' for 'GET' to 'http://localhost:58436/session/5d26fa4adb8f24efb33bdefc3d69120c/alert/text'
19:45:07.629 [Forwarding getAlertText on session 5d26fa4adb8f24efb33bdefc3d69120c to remote] DEBUG org.asynchttpclient.netty.request.NettyRequestSender - Using open Channel [id: 0x9bb442fe, L:/127.0.0.1:64207 - R:localhost/127.0.0.1:58436] for GET '/session/5d26fa4adb8f24efb33bdefc3d69120c/alert/text'
19:45:07.651 [AsyncHttpClient-1-2] DEBUG org.asynchttpclient.netty.handler.HttpHandler - 

Request DefaultFullHttpRequest(decodeResult: success, version: HTTP/1.1, content: EmptyByteBufBE)
GET /session/5d26fa4adb8f24efb33bdefc3d69120c/alert/text HTTP/1.1
User-Agent: selenium/4.4.0 (java windows)
Cache-Control: no-cache
Content-Type: application/json; charset=utf-8
host: localhost:58436
accept: */*

Response DefaultHttpResponse(decodeResult: success, version: HTTP/1.1)
HTTP/1.1 404 Not Found
Content-Type: application/json; charset=utf-8
cache-control: no-cache
content-length: 815

19:45:07.652 [AsyncHttpClient-1-2] DEBUG org.asynchttpclient.netty.channel.ChannelManager - Adding key: http://localhost:58436 for channel [id: 0x9bb442fe, L:/127.0.0.1:64207 - R:localhost/127.0.0.1:58436]
19:45:07.654 [Forwarding switchToWindow on session 5d26fa4adb8f24efb33bdefc3d69120c to remote] DEBUG org.asynchttpclient.netty.request.NettyRequestSender - Using pooled Channel '[id: 0x9bb442fe, L:/127.0.0.1:64207 - R:localhost/127.0.0.1:58436]' for 'POST' to 'http://localhost:58436/session/5d26fa4adb8f24efb33bdefc3d69120c/window'
19:45:07.654 [Forwarding switchToWindow on session 5d26fa4adb8f24efb33bdefc3d69120c to remote] DEBUG org.asynchttpclient.netty.request.NettyRequestSender - Using open Channel [id: 0x9bb442fe, L:/127.0.0.1:64207 - R:localhost/127.0.0.1:58436] for POST '/session/5d26fa4adb8f24efb33bdefc3d69120c/window'
19:45:07.658 [AsyncHttpClient-1-2] DEBUG org.asynchttpclient.netty.handler.HttpHandler - 

Request DefaultHttpRequest(decodeResult: success, version: HTTP/1.1)
POST /session/5d26fa4adb8f24efb33bdefc3d69120c/window HTTP/1.1
User-Agent: selenium/4.4.0 (java windows)
Content-Length: 59
Content-Type: application/json; charset=utf-8
host: localhost:58436
accept: */*

Response DefaultHttpResponse(decodeResult: success, version: HTTP/1.1)
HTTP/1.1 200 OK
Content-Type: application/json; charset=utf-8
cache-control: no-cache
content-length: 14

19:45:07.658 [AsyncHttpClient-1-2] DEBUG org.asynchttpclient.netty.channel.ChannelManager - Adding key: http://localhost:58436 for channel [id: 0x9bb442fe, L:/127.0.0.1:64207 - R:localhost/127.0.0.1:58436]
19:45:07.659 [Forwarding getCurrentUrl on session 5d26fa4adb8f24efb33bdefc3d69120c to remote] DEBUG org.asynchttpclient.netty.request.NettyRequestSender - Using pooled Channel '[id: 0x9bb442fe, L:/127.0.0.1:64207 - R:localhost/127.0.0.1:58436]' for 'GET' to 'http://localhost:58436/session/5d26fa4adb8f24efb33bdefc3d69120c/url'
19:45:07.659 [Forwarding getCurrentUrl on session 5d26fa4adb8f24efb33bdefc3d69120c to remote] DEBUG org.asynchttpclient.netty.request.NettyRequestSender - Using open Channel [id: 0x9bb442fe, L:/127.0.0.1:64207 - R:localhost/127.0.0.1:58436] for GET '/session/5d26fa4adb8f24efb33bdefc3d69120c/url'
19:45:07.663 [AsyncHttpClient-1-2] DEBUG org.asynchttpclient.netty.handler.HttpHandler - 

Request DefaultFullHttpRequest(decodeResult: success, version: HTTP/1.1, content: EmptyByteBufBE)
GET /session/5d26fa4adb8f24efb33bdefc3d69120c/url HTTP/1.1
User-Agent: selenium/4.4.0 (java windows)
Cache-Control: no-cache
Content-Type: application/json; charset=utf-8
host: localhost:58436
accept: */*

Response DefaultHttpResponse(decodeResult: success, version: HTTP/1.1)
HTTP/1.1 200 OK
Content-Type: application/json; charset=utf-8
cache-control: no-cache
content-length: 75

19:45:07.663 [AsyncHttpClient-1-2] DEBUG org.asynchttpclient.netty.channel.ChannelManager - Adding key: http://localhost:58436 for channel [id: 0x9bb442fe, L:/127.0.0.1:64207 - R:localhost/127.0.0.1:58436]
19:45:07.665 [Forwarding screenshot on session 5d26fa4adb8f24efb33bdefc3d69120c to remote] DEBUG org.asynchttpclient.netty.request.NettyRequestSender - Using pooled Channel '[id: 0x9bb442fe, L:/127.0.0.1:64207 - R:localhost/127.0.0.1:58436]' for 'GET' to 'http://localhost:58436/session/5d26fa4adb8f24efb33bdefc3d69120c/screenshot'
19:45:07.665 [Forwarding screenshot on session 5d26fa4adb8f24efb33bdefc3d69120c to remote] DEBUG org.asynchttpclient.netty.request.NettyRequestSender - Using open Channel [id: 0x9bb442fe, L:/127.0.0.1:64207 - R:localhost/127.0.0.1:58436] for GET '/session/5d26fa4adb8f24efb33bdefc3d69120c/screenshot'
19:45:07.740 [AsyncHttpClient-1-2] DEBUG org.asynchttpclient.netty.handler.HttpHandler - 

Request DefaultFullHttpRequest(decodeResult: success, version: HTTP/1.1, content: EmptyByteBufBE)
GET /session/5d26fa4adb8f24efb33bdefc3d69120c/screenshot HTTP/1.1
User-Agent: selenium/4.4.0 (java windows)
Cache-Control: no-cache
Content-Type: application/json; charset=utf-8
host: localhost:58436
accept: */*

Response DefaultHttpResponse(decodeResult: success, version: HTTP/1.1)
HTTP/1.1 200 OK
Content-Type: application/json; charset=utf-8
cache-control: no-cache
content-length: 20756

19:45:07.740 [AsyncHttpClient-1-2] DEBUG org.asynchttpclient.netty.channel.ChannelManager - Adding key: http://localhost:58436 for channel [id: 0x9bb442fe, L:/127.0.0.1:64207 - R:localhost/127.0.0.1:58436]
19:45:07.742 [main] DEBUG net.serenitybdd.core.photography.Darkroom - Send negative for processing for target\site\serenity\d512cedde3f309aed3595bac5abf421c572003e2ca45847dae1335ea45a6d4ac.png
19:45:07.742 [Darkroom Processing Line] DEBUG net.serenitybdd.core.photography.DarkroomProcessingLine - Processing screenshot image in /var/screenshots/screenshot-11009936898649207003
19:45:07.742 [Darkroom Processing Line] DEBUG net.serenitybdd.core.photography.DarkroomProcessingLine - Saving screenshot to target\site\serenity\d512cedde3f309aed3595bac5abf421c572003e2ca45847dae1335ea45a6d4ac.png
19:45:07.748 [Forwarding getPageSource on session 5d26fa4adb8f24efb33bdefc3d69120c to remote] DEBUG org.asynchttpclient.netty.request.NettyRequestSender - Using pooled Channel '[id: 0x9bb442fe, L:/127.0.0.1:64207 - R:localhost/127.0.0.1:58436]' for 'POST' to 'http://localhost:58436/session/5d26fa4adb8f24efb33bdefc3d69120c/execute/sync'
19:45:07.748 [Forwarding getPageSource on session 5d26fa4adb8f24efb33bdefc3d69120c to remote] DEBUG org.asynchttpclient.netty.request.NettyRequestSender - Using open Channel [id: 0x9bb442fe, L:/127.0.0.1:64207 - R:localhost/127.0.0.1:58436] for POST '/session/5d26fa4adb8f24efb33bdefc3d69120c/execute/sync'
19:45:07.752 [AsyncHttpClient-1-2] DEBUG org.asynchttpclient.netty.handler.HttpHandler - 

Request DefaultHttpRequest(decodeResult: success, version: HTTP/1.1)
POST /session/5d26fa4adb8f24efb33bdefc3d69120c/execute/sync HTTP/1.1
User-Agent: selenium/4.4.0 (java windows)
Content-Length: 176
Content-Type: application/json; charset=utf-8
host: localhost:58436
accept: */*

Response DefaultHttpResponse(decodeResult: success, version: HTTP/1.1)
HTTP/1.1 200 OK
Content-Type: application/json; charset=utf-8
cache-control: no-cache
content-length: 8214

19:45:07.753 [AsyncHttpClient-1-2] DEBUG org.asynchttpclient.netty.channel.ChannelManager - Adding key: http://localhost:58436 for channel [id: 0x9bb442fe, L:/127.0.0.1:64207 - R:localhost/127.0.0.1:58436]
19:45:07.757 [Forwarding getCurrentUrl on session 5d26fa4adb8f24efb33bdefc3d69120c to remote] DEBUG org.asynchttpclient.netty.request.NettyRequestSender - Using pooled Channel '[id: 0x9bb442fe, L:/127.0.0.1:64207 - R:localhost/127.0.0.1:58436]' for 'GET' to 'http://localhost:58436/session/5d26fa4adb8f24efb33bdefc3d69120c/url'
19:45:07.757 [Forwarding getCurrentUrl on session 5d26fa4adb8f24efb33bdefc3d69120c to remote] DEBUG org.asynchttpclient.netty.request.NettyRequestSender - Using open Channel [id: 0x9bb442fe, L:/127.0.0.1:64207 - R:localhost/127.0.0.1:58436] for GET '/session/5d26fa4adb8f24efb33bdefc3d69120c/url'
19:45:07.761 [AsyncHttpClient-1-2] DEBUG org.asynchttpclient.netty.handler.HttpHandler - 

Request DefaultFullHttpRequest(decodeResult: success, version: HTTP/1.1, content: EmptyByteBufBE)
GET /session/5d26fa4adb8f24efb33bdefc3d69120c/url HTTP/1.1
User-Agent: selenium/4.4.0 (java windows)
Cache-Control: no-cache
Content-Type: application/json; charset=utf-8
host: localhost:58436
accept: */*

Response DefaultHttpResponse(decodeResult: success, version: HTTP/1.1)
HTTP/1.1 200 OK
Content-Type: application/json; charset=utf-8
cache-control: no-cache
content-length: 75

19:45:07.761 [AsyncHttpClient-1-2] DEBUG org.asynchttpclient.netty.channel.ChannelManager - Adding key: http://localhost:58436 for channel [id: 0x9bb442fe, L:/127.0.0.1:64207 - R:localhost/127.0.0.1:58436]
19:45:07.765 [AsyncHttpClient-1-1] DEBUG org.asynchttpclient.netty.channel.DefaultChannelPool - Entry count for : http://localhost:58436 : 1
19:45:07.765 [AsyncHttpClient-1-1] DEBUG org.asynchttpclient.netty.channel.DefaultChannelPool - Entry count for : http://localhost:64210 : 1
19:45:07.766 [Forwarding setTimeout on session 5d26fa4adb8f24efb33bdefc3d69120c to remote] DEBUG org.asynchttpclient.netty.request.NettyRequestSender - Using pooled Channel '[id: 0x9bb442fe, L:/127.0.0.1:64207 - R:localhost/127.0.0.1:58436]' for 'POST' to 'http://localhost:58436/session/5d26fa4adb8f24efb33bdefc3d69120c/timeouts'
19:45:07.766 [Forwarding setTimeout on session 5d26fa4adb8f24efb33bdefc3d69120c to remote] DEBUG org.asynchttpclient.netty.request.NettyRequestSender - Using open Channel [id: 0x9bb442fe, L:/127.0.0.1:64207 - R:localhost/127.0.0.1:58436] for POST '/session/5d26fa4adb8f24efb33bdefc3d69120c/timeouts'
19:45:07.767 [AsyncHttpClient-1-2] DEBUG org.asynchttpclient.netty.handler.HttpHandler - 

Request DefaultHttpRequest(decodeResult: success, version: HTTP/1.1)
POST /session/5d26fa4adb8f24efb33bdefc3d69120c/timeouts HTTP/1.1
User-Agent: selenium/4.4.0 (java windows)
Content-Length: 19
Content-Type: application/json; charset=utf-8
host: localhost:58436
accept: */*

Response DefaultHttpResponse(decodeResult: success, version: HTTP/1.1)
HTTP/1.1 200 OK
Content-Type: application/json; charset=utf-8
cache-control: no-cache
content-length: 14

19:45:07.767 [AsyncHttpClient-1-2] DEBUG org.asynchttpclient.netty.channel.ChannelManager - Adding key: http://localhost:58436 for channel [id: 0x9bb442fe, L:/127.0.0.1:64207 - R:localhost/127.0.0.1:58436]
19:45:07.769 [Forwarding findElement on session 5d26fa4adb8f24efb33bdefc3d69120c to remote] DEBUG org.asynchttpclient.netty.request.NettyRequestSender - Using pooled Channel '[id: 0x9bb442fe, L:/127.0.0.1:64207 - R:localhost/127.0.0.1:58436]' for 'POST' to 'http://localhost:58436/session/5d26fa4adb8f24efb33bdefc3d69120c/element'
19:45:07.769 [Forwarding findElement on session 5d26fa4adb8f24efb33bdefc3d69120c to remote] DEBUG org.asynchttpclient.netty.request.NettyRequestSender - Using open Channel [id: 0x9bb442fe, L:/127.0.0.1:64207 - R:localhost/127.0.0.1:58436] for POST '/session/5d26fa4adb8f24efb33bdefc3d69120c/element'
19:45:07.778 [AsyncHttpClient-1-2] DEBUG org.asynchttpclient.netty.handler.HttpHandler - 

Request DefaultHttpRequest(decodeResult: success, version: HTTP/1.1)
POST /session/5d26fa4adb8f24efb33bdefc3d69120c/element HTTP/1.1
User-Agent: selenium/4.4.0 (java windows)
Content-Length: 53
Content-Type: application/json; charset=utf-8
host: localhost:58436
accept: */*

Response DefaultHttpResponse(decodeResult: success, version: HTTP/1.1)
HTTP/1.1 200 OK
Content-Type: application/json; charset=utf-8
cache-control: no-cache
content-length: 88

19:45:07.779 [AsyncHttpClient-1-2] DEBUG org.asynchttpclient.netty.channel.ChannelManager - Adding key: http://localhost:58436 for channel [id: 0x9bb442fe, L:/127.0.0.1:64207 - R:localhost/127.0.0.1:58436]
19:45:07.780 [Forwarding setTimeout on session 5d26fa4adb8f24efb33bdefc3d69120c to remote] DEBUG org.asynchttpclient.netty.request.NettyRequestSender - Using pooled Channel '[id: 0x9bb442fe, L:/127.0.0.1:64207 - R:localhost/127.0.0.1:58436]' for 'POST' to 'http://localhost:58436/session/5d26fa4adb8f24efb33bdefc3d69120c/timeouts'
19:45:07.780 [Forwarding setTimeout on session 5d26fa4adb8f24efb33bdefc3d69120c to remote] DEBUG org.asynchttpclient.netty.request.NettyRequestSender - Using open Channel [id: 0x9bb442fe, L:/127.0.0.1:64207 - R:localhost/127.0.0.1:58436] for POST '/session/5d26fa4adb8f24efb33bdefc3d69120c/timeouts'
19:45:07.781 [AsyncHttpClient-1-2] DEBUG org.asynchttpclient.netty.handler.HttpHandler - 

Request DefaultHttpRequest(decodeResult: success, version: HTTP/1.1)
POST /session/5d26fa4adb8f24efb33bdefc3d69120c/timeouts HTTP/1.1
User-Agent: selenium/4.4.0 (java windows)
Content-Length: 22
Content-Type: application/json; charset=utf-8
host: localhost:58436
accept: */*

Response DefaultHttpResponse(decodeResult: success, version: HTTP/1.1)
HTTP/1.1 200 OK
Content-Type: application/json; charset=utf-8
cache-control: no-cache
content-length: 14

19:45:07.782 [AsyncHttpClient-1-2] DEBUG org.asynchttpclient.netty.channel.ChannelManager - Adding key: http://localhost:58436 for channel [id: 0x9bb442fe, L:/127.0.0.1:64207 - R:localhost/127.0.0.1:58436]
19:45:07.784 [Forwarding isElementDisplayed on session 5d26fa4adb8f24efb33bdefc3d69120c to remote] DEBUG org.asynchttpclient.netty.request.NettyRequestSender - Using pooled Channel '[id: 0x9bb442fe, L:/127.0.0.1:64207 - R:localhost/127.0.0.1:58436]' for 'POST' to 'http://localhost:58436/session/5d26fa4adb8f24efb33bdefc3d69120c/execute/sync'
19:45:07.785 [Forwarding isElementDisplayed on session 5d26fa4adb8f24efb33bdefc3d69120c to remote] DEBUG org.asynchttpclient.netty.request.NettyRequestSender - Using open Channel [id: 0x9bb442fe, L:/127.0.0.1:64207 - R:localhost/127.0.0.1:58436] for POST '/session/5d26fa4adb8f24efb33bdefc3d69120c/execute/sync'
19:45:07.795 [AsyncHttpClient-1-2] DEBUG org.asynchttpclient.netty.handler.HttpHandler - 

Request DefaultHttpRequest(decodeResult: success, version: HTTP/1.1)
POST /session/5d26fa4adb8f24efb33bdefc3d69120c/execute/sync HTTP/1.1
User-Agent: selenium/4.4.0 (java windows)
Content-Length: 48780
Content-Type: application/json; charset=utf-8
host: localhost:58436
accept: */*

Response DefaultHttpResponse(decodeResult: success, version: HTTP/1.1)
HTTP/1.1 200 OK
Content-Type: application/json; charset=utf-8
cache-control: no-cache
content-length: 14

19:45:07.796 [AsyncHttpClient-1-2] DEBUG org.asynchttpclient.netty.channel.ChannelManager - Adding key: http://localhost:58436 for channel [id: 0x9bb442fe, L:/127.0.0.1:64207 - R:localhost/127.0.0.1:58436]
19:45:07.800 [Forwarding findElement on session 5d26fa4adb8f24efb33bdefc3d69120c to remote] DEBUG org.asynchttpclient.netty.request.NettyRequestSender - Using pooled Channel '[id: 0x9bb442fe, L:/127.0.0.1:64207 - R:localhost/127.0.0.1:58436]' for 'POST' to 'http://localhost:58436/session/5d26fa4adb8f24efb33bdefc3d69120c/element'
19:45:07.800 [Forwarding findElement on session 5d26fa4adb8f24efb33bdefc3d69120c to remote] DEBUG org.asynchttpclient.netty.request.NettyRequestSender - Using open Channel [id: 0x9bb442fe, L:/127.0.0.1:64207 - R:localhost/127.0.0.1:58436] for POST '/session/5d26fa4adb8f24efb33bdefc3d69120c/element'
19:45:07.806 [AsyncHttpClient-1-2] DEBUG org.asynchttpclient.netty.handler.HttpHandler - 

Request DefaultHttpRequest(decodeResult: success, version: HTTP/1.1)
POST /session/5d26fa4adb8f24efb33bdefc3d69120c/element HTTP/1.1
User-Agent: selenium/4.4.0 (java windows)
Content-Length: 53
Content-Type: application/json; charset=utf-8
host: localhost:58436
accept: */*

Response DefaultHttpResponse(decodeResult: success, version: HTTP/1.1)
HTTP/1.1 200 OK
Content-Type: application/json; charset=utf-8
cache-control: no-cache
content-length: 88

19:45:07.806 [AsyncHttpClient-1-2] DEBUG org.asynchttpclient.netty.channel.ChannelManager - Adding key: http://localhost:58436 for channel [id: 0x9bb442fe, L:/127.0.0.1:64207 - R:localhost/127.0.0.1:58436]
19:45:07.809 [Forwarding isElementDisplayed on session 5d26fa4adb8f24efb33bdefc3d69120c to remote] DEBUG org.asynchttpclient.netty.request.NettyRequestSender - Using pooled Channel '[id: 0x9bb442fe, L:/127.0.0.1:64207 - R:localhost/127.0.0.1:58436]' for 'POST' to 'http://localhost:58436/session/5d26fa4adb8f24efb33bdefc3d69120c/execute/sync'
19:45:07.809 [Forwarding isElementDisplayed on session 5d26fa4adb8f24efb33bdefc3d69120c to remote] DEBUG org.asynchttpclient.netty.request.NettyRequestSender - Using open Channel [id: 0x9bb442fe, L:/127.0.0.1:64207 - R:localhost/127.0.0.1:58436] for POST '/session/5d26fa4adb8f24efb33bdefc3d69120c/execute/sync'
19:45:07.817 [AsyncHttpClient-1-2] DEBUG org.asynchttpclient.netty.handler.HttpHandler - 

Request DefaultHttpRequest(decodeResult: success, version: HTTP/1.1)
POST /session/5d26fa4adb8f24efb33bdefc3d69120c/execute/sync HTTP/1.1
User-Agent: selenium/4.4.0 (java windows)
Content-Length: 48780
Content-Type: application/json; charset=utf-8
host: localhost:58436
accept: */*

Response DefaultHttpResponse(decodeResult: success, version: HTTP/1.1)
HTTP/1.1 200 OK
Content-Type: application/json; charset=utf-8
cache-control: no-cache
content-length: 14

19:45:07.818 [AsyncHttpClient-1-2] DEBUG org.asynchttpclient.netty.channel.ChannelManager - Adding key: http://localhost:58436 for channel [id: 0x9bb442fe, L:/127.0.0.1:64207 - R:localhost/127.0.0.1:58436]
19:45:07.819 [Forwarding getElementText on session 5d26fa4adb8f24efb33bdefc3d69120c to remote] DEBUG org.asynchttpclient.netty.request.NettyRequestSender - Using pooled Channel '[id: 0x9bb442fe, L:/127.0.0.1:64207 - R:localhost/127.0.0.1:58436]' for 'GET' to 'http://localhost:58436/session/5d26fa4adb8f24efb33bdefc3d69120c/element/c358baf5-abe4-4796-802c-fb6d12b696e7/text'
19:45:07.819 [Forwarding getElementText on session 5d26fa4adb8f24efb33bdefc3d69120c to remote] DEBUG org.asynchttpclient.netty.request.NettyRequestSender - Using open Channel [id: 0x9bb442fe, L:/127.0.0.1:64207 - R:localhost/127.0.0.1:58436] for GET '/session/5d26fa4adb8f24efb33bdefc3d69120c/element/c358baf5-abe4-4796-802c-fb6d12b696e7/text'
19:45:07.830 [AsyncHttpClient-1-2] DEBUG org.asynchttpclient.netty.handler.HttpHandler - 

Request DefaultFullHttpRequest(decodeResult: success, version: HTTP/1.1, content: EmptyByteBufBE)
GET /session/5d26fa4adb8f24efb33bdefc3d69120c/element/c358baf5-abe4-4796-802c-fb6d12b696e7/text HTTP/1.1
User-Agent: selenium/4.4.0 (java windows)
Cache-Control: no-cache
Content-Type: application/json; charset=utf-8
host: localhost:58436
accept: */*

Response DefaultHttpResponse(decodeResult: success, version: HTTP/1.1)
HTTP/1.1 200 OK
Content-Type: application/json; charset=utf-8
cache-control: no-cache
content-length: 40

19:45:07.830 [AsyncHttpClient-1-2] DEBUG org.asynchttpclient.netty.channel.ChannelManager - Adding key: http://localhost:58436 for channel [id: 0x9bb442fe, L:/127.0.0.1:64207 - R:localhost/127.0.0.1:58436]
19:45:07.834 [Forwarding findElement on session 5d26fa4adb8f24efb33bdefc3d69120c to remote] DEBUG org.asynchttpclient.netty.request.NettyRequestSender - Using pooled Channel '[id: 0x9bb442fe, L:/127.0.0.1:64207 - R:localhost/127.0.0.1:58436]' for 'POST' to 'http://localhost:58436/session/5d26fa4adb8f24efb33bdefc3d69120c/element'
19:45:07.834 [Forwarding findElement on session 5d26fa4adb8f24efb33bdefc3d69120c to remote] DEBUG org.asynchttpclient.netty.request.NettyRequestSender - Using open Channel [id: 0x9bb442fe, L:/127.0.0.1:64207 - R:localhost/127.0.0.1:58436] for POST '/session/5d26fa4adb8f24efb33bdefc3d69120c/element'
19:45:07.843 [AsyncHttpClient-1-2] DEBUG org.asynchttpclient.netty.handler.HttpHandler - 

Request DefaultHttpRequest(decodeResult: success, version: HTTP/1.1)
POST /session/5d26fa4adb8f24efb33bdefc3d69120c/element HTTP/1.1
User-Agent: selenium/4.4.0 (java windows)
Content-Length: 65
Content-Type: application/json; charset=utf-8
host: localhost:58436
accept: */*

Response DefaultHttpResponse(decodeResult: success, version: HTTP/1.1)
HTTP/1.1 200 OK
Content-Type: application/json; charset=utf-8
cache-control: no-cache
content-length: 88

19:45:07.843 [AsyncHttpClient-1-2] DEBUG org.asynchttpclient.netty.channel.ChannelManager - Adding key: http://localhost:58436 for channel [id: 0x9bb442fe, L:/127.0.0.1:64207 - R:localhost/127.0.0.1:58436]
19:45:07.846 [Forwarding isElementDisplayed on session 5d26fa4adb8f24efb33bdefc3d69120c to remote] DEBUG org.asynchttpclient.netty.request.NettyRequestSender - Using pooled Channel '[id: 0x9bb442fe, L:/127.0.0.1:64207 - R:localhost/127.0.0.1:58436]' for 'POST' to 'http://localhost:58436/session/5d26fa4adb8f24efb33bdefc3d69120c/execute/sync'
19:45:07.846 [Forwarding isElementDisplayed on session 5d26fa4adb8f24efb33bdefc3d69120c to remote] DEBUG org.asynchttpclient.netty.request.NettyRequestSender - Using open Channel [id: 0x9bb442fe, L:/127.0.0.1:64207 - R:localhost/127.0.0.1:58436] for POST '/session/5d26fa4adb8f24efb33bdefc3d69120c/execute/sync'
19:45:07.853 [AsyncHttpClient-1-2] DEBUG org.asynchttpclient.netty.handler.HttpHandler - 

Request DefaultHttpRequest(decodeResult: success, version: HTTP/1.1)
POST /session/5d26fa4adb8f24efb33bdefc3d69120c/execute/sync HTTP/1.1
User-Agent: selenium/4.4.0 (java windows)
Content-Length: 48780
Content-Type: application/json; charset=utf-8
host: localhost:58436
accept: */*

Response DefaultHttpResponse(decodeResult: success, version: HTTP/1.1)
HTTP/1.1 200 OK
Content-Type: application/json; charset=utf-8
cache-control: no-cache
content-length: 14

19:45:07.853 [AsyncHttpClient-1-2] DEBUG org.asynchttpclient.netty.channel.ChannelManager - Adding key: http://localhost:58436 for channel [id: 0x9bb442fe, L:/127.0.0.1:64207 - R:localhost/127.0.0.1:58436]
19:45:07.854 [Forwarding getElementText on session 5d26fa4adb8f24efb33bdefc3d69120c to remote] DEBUG org.asynchttpclient.netty.request.NettyRequestSender - Using pooled Channel '[id: 0x9bb442fe, L:/127.0.0.1:64207 - R:localhost/127.0.0.1:58436]' for 'GET' to 'http://localhost:58436/session/5d26fa4adb8f24efb33bdefc3d69120c/element/e07e6caa-3cb0-4aaa-a993-4ffdb3d428ff/text'
19:45:07.854 [Forwarding getElementText on session 5d26fa4adb8f24efb33bdefc3d69120c to remote] DEBUG org.asynchttpclient.netty.request.NettyRequestSender - Using open Channel [id: 0x9bb442fe, L:/127.0.0.1:64207 - R:localhost/127.0.0.1:58436] for GET '/session/5d26fa4adb8f24efb33bdefc3d69120c/element/e07e6caa-3cb0-4aaa-a993-4ffdb3d428ff/text'
19:45:07.864 [AsyncHttpClient-1-2] DEBUG org.asynchttpclient.netty.handler.HttpHandler - 

Request DefaultFullHttpRequest(decodeResult: success, version: HTTP/1.1, content: EmptyByteBufBE)
GET /session/5d26fa4adb8f24efb33bdefc3d69120c/element/e07e6caa-3cb0-4aaa-a993-4ffdb3d428ff/text HTTP/1.1
User-Agent: selenium/4.4.0 (java windows)
Cache-Control: no-cache
Content-Type: application/json; charset=utf-8
host: localhost:58436
accept: */*

Response DefaultHttpResponse(decodeResult: success, version: HTTP/1.1)
HTTP/1.1 200 OK
Content-Type: application/json; charset=utf-8
cache-control: no-cache
content-length: 14

19:45:07.865 [AsyncHttpClient-1-2] DEBUG org.asynchttpclient.netty.channel.ChannelManager - Adding key: http://localhost:58436 for channel [id: 0x9bb442fe, L:/127.0.0.1:64207 - R:localhost/127.0.0.1:58436]
19:45:07.868 [Forwarding findElement on session 5d26fa4adb8f24efb33bdefc3d69120c to remote] DEBUG org.asynchttpclient.netty.request.NettyRequestSender - Using pooled Channel '[id: 0x9bb442fe, L:/127.0.0.1:64207 - R:localhost/127.0.0.1:58436]' for 'POST' to 'http://localhost:58436/session/5d26fa4adb8f24efb33bdefc3d69120c/element'
19:45:07.868 [Forwarding findElement on session 5d26fa4adb8f24efb33bdefc3d69120c to remote] DEBUG org.asynchttpclient.netty.request.NettyRequestSender - Using open Channel [id: 0x9bb442fe, L:/127.0.0.1:64207 - R:localhost/127.0.0.1:58436] for POST '/session/5d26fa4adb8f24efb33bdefc3d69120c/element'
19:45:07.876 [AsyncHttpClient-1-2] DEBUG org.asynchttpclient.netty.handler.HttpHandler - 

Request DefaultHttpRequest(decodeResult: success, version: HTTP/1.1)
POST /session/5d26fa4adb8f24efb33bdefc3d69120c/element HTTP/1.1
User-Agent: selenium/4.4.0 (java windows)
Content-Length: 52
Content-Type: application/json; charset=utf-8
host: localhost:58436
accept: */*

Response DefaultHttpResponse(decodeResult: success, version: HTTP/1.1)
HTTP/1.1 200 OK
Content-Type: application/json; charset=utf-8
cache-control: no-cache
content-length: 88

19:45:07.876 [AsyncHttpClient-1-2] DEBUG org.asynchttpclient.netty.channel.ChannelManager - Adding key: http://localhost:58436 for channel [id: 0x9bb442fe, L:/127.0.0.1:64207 - R:localhost/127.0.0.1:58436]
19:45:07.879 [Forwarding isElementDisplayed on session 5d26fa4adb8f24efb33bdefc3d69120c to remote] DEBUG org.asynchttpclient.netty.request.NettyRequestSender - Using pooled Channel '[id: 0x9bb442fe, L:/127.0.0.1:64207 - R:localhost/127.0.0.1:58436]' for 'POST' to 'http://localhost:58436/session/5d26fa4adb8f24efb33bdefc3d69120c/execute/sync'
19:45:07.879 [Forwarding isElementDisplayed on session 5d26fa4adb8f24efb33bdefc3d69120c to remote] DEBUG org.asynchttpclient.netty.request.NettyRequestSender - Using open Channel [id: 0x9bb442fe, L:/127.0.0.1:64207 - R:localhost/127.0.0.1:58436] for POST '/session/5d26fa4adb8f24efb33bdefc3d69120c/execute/sync'
19:45:07.886 [AsyncHttpClient-1-2] DEBUG org.asynchttpclient.netty.handler.HttpHandler - 

Request DefaultHttpRequest(decodeResult: success, version: HTTP/1.1)
POST /session/5d26fa4adb8f24efb33bdefc3d69120c/execute/sync HTTP/1.1
User-Agent: selenium/4.4.0 (java windows)
Content-Length: 48780
Content-Type: application/json; charset=utf-8
host: localhost:58436
accept: */*

Response DefaultHttpResponse(decodeResult: success, version: HTTP/1.1)
HTTP/1.1 200 OK
Content-Type: application/json; charset=utf-8
cache-control: no-cache
content-length: 14

19:45:07.886 [AsyncHttpClient-1-2] DEBUG org.asynchttpclient.netty.channel.ChannelManager - Adding key: http://localhost:58436 for channel [id: 0x9bb442fe, L:/127.0.0.1:64207 - R:localhost/127.0.0.1:58436]
19:45:07.888 [Forwarding getElementText on session 5d26fa4adb8f24efb33bdefc3d69120c to remote] DEBUG org.asynchttpclient.netty.request.NettyRequestSender - Using pooled Channel '[id: 0x9bb442fe, L:/127.0.0.1:64207 - R:localhost/127.0.0.1:58436]' for 'GET' to 'http://localhost:58436/session/5d26fa4adb8f24efb33bdefc3d69120c/element/92550c2b-3847-4b6f-aa8f-7d6d2d3c7baa/text'
19:45:07.888 [Forwarding getElementText on session 5d26fa4adb8f24efb33bdefc3d69120c to remote] DEBUG org.asynchttpclient.netty.request.NettyRequestSender - Using open Channel [id: 0x9bb442fe, L:/127.0.0.1:64207 - R:localhost/127.0.0.1:58436] for GET '/session/5d26fa4adb8f24efb33bdefc3d69120c/element/92550c2b-3847-4b6f-aa8f-7d6d2d3c7baa/text'
19:45:07.898 [AsyncHttpClient-1-2] DEBUG org.asynchttpclient.netty.handler.HttpHandler - 

Request DefaultFullHttpRequest(decodeResult: success, version: HTTP/1.1, content: EmptyByteBufBE)
GET /session/5d26fa4adb8f24efb33bdefc3d69120c/element/92550c2b-3847-4b6f-aa8f-7d6d2d3c7baa/text HTTP/1.1
User-Agent: selenium/4.4.0 (java windows)
Cache-Control: no-cache
Content-Type: application/json; charset=utf-8
host: localhost:58436
accept: */*

Response DefaultHttpResponse(decodeResult: success, version: HTTP/1.1)
HTTP/1.1 200 OK
Content-Type: application/json; charset=utf-8
cache-control: no-cache
content-length: 20

19:45:07.898 [AsyncHttpClient-1-2] DEBUG org.asynchttpclient.netty.channel.ChannelManager - Adding key: http://localhost:58436 for channel [id: 0x9bb442fe, L:/127.0.0.1:64207 - R:localhost/127.0.0.1:58436]
19:45:07.902 [Forwarding findElement on session 5d26fa4adb8f24efb33bdefc3d69120c to remote] DEBUG org.asynchttpclient.netty.request.NettyRequestSender - Using pooled Channel '[id: 0x9bb442fe, L:/127.0.0.1:64207 - R:localhost/127.0.0.1:58436]' for 'POST' to 'http://localhost:58436/session/5d26fa4adb8f24efb33bdefc3d69120c/element'
19:45:07.902 [Forwarding findElement on session 5d26fa4adb8f24efb33bdefc3d69120c to remote] DEBUG org.asynchttpclient.netty.request.NettyRequestSender - Using open Channel [id: 0x9bb442fe, L:/127.0.0.1:64207 - R:localhost/127.0.0.1:58436] for POST '/session/5d26fa4adb8f24efb33bdefc3d69120c/element'
19:45:07.910 [AsyncHttpClient-1-2] DEBUG org.asynchttpclient.netty.handler.HttpHandler - 

Request DefaultHttpRequest(decodeResult: success, version: HTTP/1.1)
POST /session/5d26fa4adb8f24efb33bdefc3d69120c/element HTTP/1.1
User-Agent: selenium/4.4.0 (java windows)
Content-Length: 55
Content-Type: application/json; charset=utf-8
host: localhost:58436
accept: */*

Response DefaultHttpResponse(decodeResult: success, version: HTTP/1.1)
HTTP/1.1 200 OK
Content-Type: application/json; charset=utf-8
cache-control: no-cache
content-length: 88

19:45:07.910 [AsyncHttpClient-1-2] DEBUG org.asynchttpclient.netty.channel.ChannelManager - Adding key: http://localhost:58436 for channel [id: 0x9bb442fe, L:/127.0.0.1:64207 - R:localhost/127.0.0.1:58436]
19:45:07.913 [Forwarding isElementDisplayed on session 5d26fa4adb8f24efb33bdefc3d69120c to remote] DEBUG org.asynchttpclient.netty.request.NettyRequestSender - Using pooled Channel '[id: 0x9bb442fe, L:/127.0.0.1:64207 - R:localhost/127.0.0.1:58436]' for 'POST' to 'http://localhost:58436/session/5d26fa4adb8f24efb33bdefc3d69120c/execute/sync'
19:45:07.913 [Forwarding isElementDisplayed on session 5d26fa4adb8f24efb33bdefc3d69120c to remote] DEBUG org.asynchttpclient.netty.request.NettyRequestSender - Using open Channel [id: 0x9bb442fe, L:/127.0.0.1:64207 - R:localhost/127.0.0.1:58436] for POST '/session/5d26fa4adb8f24efb33bdefc3d69120c/execute/sync'
19:45:07.920 [AsyncHttpClient-1-2] DEBUG org.asynchttpclient.netty.handler.HttpHandler - 

Request DefaultHttpRequest(decodeResult: success, version: HTTP/1.1)
POST /session/5d26fa4adb8f24efb33bdefc3d69120c/execute/sync HTTP/1.1
User-Agent: selenium/4.4.0 (java windows)
Content-Length: 48780
Content-Type: application/json; charset=utf-8
host: localhost:58436
accept: */*

Response DefaultHttpResponse(decodeResult: success, version: HTTP/1.1)
HTTP/1.1 200 OK
Content-Type: application/json; charset=utf-8
cache-control: no-cache
content-length: 14

19:45:07.920 [AsyncHttpClient-1-2] DEBUG org.asynchttpclient.netty.channel.ChannelManager - Adding key: http://localhost:58436 for channel [id: 0x9bb442fe, L:/127.0.0.1:64207 - R:localhost/127.0.0.1:58436]
19:45:07.922 [Forwarding getElementText on session 5d26fa4adb8f24efb33bdefc3d69120c to remote] DEBUG org.asynchttpclient.netty.request.NettyRequestSender - Using pooled Channel '[id: 0x9bb442fe, L:/127.0.0.1:64207 - R:localhost/127.0.0.1:58436]' for 'GET' to 'http://localhost:58436/session/5d26fa4adb8f24efb33bdefc3d69120c/element/4c6a8c48-ba52-4510-a7c4-cc121eafeb21/text'
19:45:07.922 [Forwarding getElementText on session 5d26fa4adb8f24efb33bdefc3d69120c to remote] DEBUG org.asynchttpclient.netty.request.NettyRequestSender - Using open Channel [id: 0x9bb442fe, L:/127.0.0.1:64207 - R:localhost/127.0.0.1:58436] for GET '/session/5d26fa4adb8f24efb33bdefc3d69120c/element/4c6a8c48-ba52-4510-a7c4-cc121eafeb21/text'
19:45:07.931 [AsyncHttpClient-1-2] DEBUG org.asynchttpclient.netty.handler.HttpHandler - 

Request DefaultFullHttpRequest(decodeResult: success, version: HTTP/1.1, content: EmptyByteBufBE)
GET /session/5d26fa4adb8f24efb33bdefc3d69120c/element/4c6a8c48-ba52-4510-a7c4-cc121eafeb21/text HTTP/1.1
User-Agent: selenium/4.4.0 (java windows)
Cache-Control: no-cache
Content-Type: application/json; charset=utf-8
host: localhost:58436
accept: */*

Response DefaultHttpResponse(decodeResult: success, version: HTTP/1.1)
HTTP/1.1 200 OK
Content-Type: application/json; charset=utf-8
cache-control: no-cache
content-length: 22

19:45:07.931 [AsyncHttpClient-1-2] DEBUG org.asynchttpclient.netty.channel.ChannelManager - Adding key: http://localhost:58436 for channel [id: 0x9bb442fe, L:/127.0.0.1:64207 - R:localhost/127.0.0.1:58436]
19:45:07.934 [Forwarding findElement on session 5d26fa4adb8f24efb33bdefc3d69120c to remote] DEBUG org.asynchttpclient.netty.request.NettyRequestSender - Using pooled Channel '[id: 0x9bb442fe, L:/127.0.0.1:64207 - R:localhost/127.0.0.1:58436]' for 'POST' to 'http://localhost:58436/session/5d26fa4adb8f24efb33bdefc3d69120c/element'
19:45:07.934 [Forwarding findElement on session 5d26fa4adb8f24efb33bdefc3d69120c to remote] DEBUG org.asynchttpclient.netty.request.NettyRequestSender - Using open Channel [id: 0x9bb442fe, L:/127.0.0.1:64207 - R:localhost/127.0.0.1:58436] for POST '/session/5d26fa4adb8f24efb33bdefc3d69120c/element'
19:45:07.943 [AsyncHttpClient-1-2] DEBUG org.asynchttpclient.netty.handler.HttpHandler - 

Request DefaultHttpRequest(decodeResult: success, version: HTTP/1.1)
POST /session/5d26fa4adb8f24efb33bdefc3d69120c/element HTTP/1.1
User-Agent: selenium/4.4.0 (java windows)
Content-Length: 52
Content-Type: application/json; charset=utf-8
host: localhost:58436
accept: */*

Response DefaultHttpResponse(decodeResult: success, version: HTTP/1.1)
HTTP/1.1 200 OK
Content-Type: application/json; charset=utf-8
cache-control: no-cache
content-length: 88

19:45:07.943 [AsyncHttpClient-1-2] DEBUG org.asynchttpclient.netty.channel.ChannelManager - Adding key: http://localhost:58436 for channel [id: 0x9bb442fe, L:/127.0.0.1:64207 - R:localhost/127.0.0.1:58436]
19:45:07.945 [Forwarding isElementDisplayed on session 5d26fa4adb8f24efb33bdefc3d69120c to remote] DEBUG org.asynchttpclient.netty.request.NettyRequestSender - Using pooled Channel '[id: 0x9bb442fe, L:/127.0.0.1:64207 - R:localhost/127.0.0.1:58436]' for 'POST' to 'http://localhost:58436/session/5d26fa4adb8f24efb33bdefc3d69120c/execute/sync'
19:45:07.945 [Forwarding isElementDisplayed on session 5d26fa4adb8f24efb33bdefc3d69120c to remote] DEBUG org.asynchttpclient.netty.request.NettyRequestSender - Using open Channel [id: 0x9bb442fe, L:/127.0.0.1:64207 - R:localhost/127.0.0.1:58436] for POST '/session/5d26fa4adb8f24efb33bdefc3d69120c/execute/sync'
19:45:07.953 [AsyncHttpClient-1-2] DEBUG org.asynchttpclient.netty.handler.HttpHandler - 

Request DefaultHttpRequest(decodeResult: success, version: HTTP/1.1)
POST /session/5d26fa4adb8f24efb33bdefc3d69120c/execute/sync HTTP/1.1
User-Agent: selenium/4.4.0 (java windows)
Content-Length: 48780
Content-Type: application/json; charset=utf-8
host: localhost:58436
accept: */*

Response DefaultHttpResponse(decodeResult: success, version: HTTP/1.1)
HTTP/1.1 200 OK
Content-Type: application/json; charset=utf-8
cache-control: no-cache
content-length: 14

19:45:07.953 [AsyncHttpClient-1-2] DEBUG org.asynchttpclient.netty.channel.ChannelManager - Adding key: http://localhost:58436 for channel [id: 0x9bb442fe, L:/127.0.0.1:64207 - R:localhost/127.0.0.1:58436]
19:45:07.953 [Forwarding getElementText on session 5d26fa4adb8f24efb33bdefc3d69120c to remote] DEBUG org.asynchttpclient.netty.request.NettyRequestSender - Using pooled Channel '[id: 0x9bb442fe, L:/127.0.0.1:64207 - R:localhost/127.0.0.1:58436]' for 'GET' to 'http://localhost:58436/session/5d26fa4adb8f24efb33bdefc3d69120c/element/5912c7fe-fc24-49da-afba-cdee5a0d553b/text'
19:45:07.953 [Forwarding getElementText on session 5d26fa4adb8f24efb33bdefc3d69120c to remote] DEBUG org.asynchttpclient.netty.request.NettyRequestSender - Using open Channel [id: 0x9bb442fe, L:/127.0.0.1:64207 - R:localhost/127.0.0.1:58436] for GET '/session/5d26fa4adb8f24efb33bdefc3d69120c/element/5912c7fe-fc24-49da-afba-cdee5a0d553b/text'
19:45:07.963 [AsyncHttpClient-1-2] DEBUG org.asynchttpclient.netty.handler.HttpHandler - 

Request DefaultFullHttpRequest(decodeResult: success, version: HTTP/1.1, content: EmptyByteBufBE)
GET /session/5d26fa4adb8f24efb33bdefc3d69120c/element/5912c7fe-fc24-49da-afba-cdee5a0d553b/text HTTP/1.1
User-Agent: selenium/4.4.0 (java windows)
Cache-Control: no-cache
Content-Type: application/json; charset=utf-8
host: localhost:58436
accept: */*

Response DefaultHttpResponse(decodeResult: success, version: HTTP/1.1)
HTTP/1.1 200 OK
Content-Type: application/json; charset=utf-8
cache-control: no-cache
content-length: 20

19:45:07.963 [AsyncHttpClient-1-2] DEBUG org.asynchttpclient.netty.channel.ChannelManager - Adding key: http://localhost:58436 for channel [id: 0x9bb442fe, L:/127.0.0.1:64207 - R:localhost/127.0.0.1:58436]
19:45:07.968 [Forwarding getCurrentWindowHandle on session 5d26fa4adb8f24efb33bdefc3d69120c to remote] DEBUG org.asynchttpclient.netty.request.NettyRequestSender - Using pooled Channel '[id: 0x9bb442fe, L:/127.0.0.1:64207 - R:localhost/127.0.0.1:58436]' for 'GET' to 'http://localhost:58436/session/5d26fa4adb8f24efb33bdefc3d69120c/window'
19:45:07.968 [Forwarding getCurrentWindowHandle on session 5d26fa4adb8f24efb33bdefc3d69120c to remote] DEBUG org.asynchttpclient.netty.request.NettyRequestSender - Using open Channel [id: 0x9bb442fe, L:/127.0.0.1:64207 - R:localhost/127.0.0.1:58436] for GET '/session/5d26fa4adb8f24efb33bdefc3d69120c/window'
19:45:07.970 [AsyncHttpClient-1-2] DEBUG org.asynchttpclient.netty.handler.HttpHandler - 

Request DefaultFullHttpRequest(decodeResult: success, version: HTTP/1.1, content: EmptyByteBufBE)
GET /session/5d26fa4adb8f24efb33bdefc3d69120c/window HTTP/1.1
User-Agent: selenium/4.4.0 (java windows)
Cache-Control: no-cache
Content-Type: application/json; charset=utf-8
host: localhost:58436
accept: */*

Response DefaultHttpResponse(decodeResult: success, version: HTTP/1.1)
HTTP/1.1 200 OK
Content-Type: application/json; charset=utf-8
cache-control: no-cache
content-length: 53

19:45:07.970 [AsyncHttpClient-1-2] DEBUG org.asynchttpclient.netty.channel.ChannelManager - Adding key: http://localhost:58436 for channel [id: 0x9bb442fe, L:/127.0.0.1:64207 - R:localhost/127.0.0.1:58436]
19:45:07.971 [Forwarding getAlertText on session 5d26fa4adb8f24efb33bdefc3d69120c to remote] DEBUG org.asynchttpclient.netty.request.NettyRequestSender - Using pooled Channel '[id: 0x9bb442fe, L:/127.0.0.1:64207 - R:localhost/127.0.0.1:58436]' for 'GET' to 'http://localhost:58436/session/5d26fa4adb8f24efb33bdefc3d69120c/alert/text'
19:45:07.971 [Forwarding getAlertText on session 5d26fa4adb8f24efb33bdefc3d69120c to remote] DEBUG org.asynchttpclient.netty.request.NettyRequestSender - Using open Channel [id: 0x9bb442fe, L:/127.0.0.1:64207 - R:localhost/127.0.0.1:58436] for GET '/session/5d26fa4adb8f24efb33bdefc3d69120c/alert/text'
19:45:07.973 [AsyncHttpClient-1-2] DEBUG org.asynchttpclient.netty.handler.HttpHandler - 

Request DefaultFullHttpRequest(decodeResult: success, version: HTTP/1.1, content: EmptyByteBufBE)
GET /session/5d26fa4adb8f24efb33bdefc3d69120c/alert/text HTTP/1.1
User-Agent: selenium/4.4.0 (java windows)
Cache-Control: no-cache
Content-Type: application/json; charset=utf-8
host: localhost:58436
accept: */*

Response DefaultHttpResponse(decodeResult: success, version: HTTP/1.1)
HTTP/1.1 404 Not Found
Content-Type: application/json; charset=utf-8
cache-control: no-cache
content-length: 815

19:45:07.974 [AsyncHttpClient-1-2] DEBUG org.asynchttpclient.netty.channel.ChannelManager - Adding key: http://localhost:58436 for channel [id: 0x9bb442fe, L:/127.0.0.1:64207 - R:localhost/127.0.0.1:58436]
19:45:07.975 [Forwarding switchToWindow on session 5d26fa4adb8f24efb33bdefc3d69120c to remote] DEBUG org.asynchttpclient.netty.request.NettyRequestSender - Using pooled Channel '[id: 0x9bb442fe, L:/127.0.0.1:64207 - R:localhost/127.0.0.1:58436]' for 'POST' to 'http://localhost:58436/session/5d26fa4adb8f24efb33bdefc3d69120c/window'
19:45:07.975 [Forwarding switchToWindow on session 5d26fa4adb8f24efb33bdefc3d69120c to remote] DEBUG org.asynchttpclient.netty.request.NettyRequestSender - Using open Channel [id: 0x9bb442fe, L:/127.0.0.1:64207 - R:localhost/127.0.0.1:58436] for POST '/session/5d26fa4adb8f24efb33bdefc3d69120c/window'
19:45:07.977 [AsyncHttpClient-1-2] DEBUG org.asynchttpclient.netty.handler.HttpHandler - 

Request DefaultHttpRequest(decodeResult: success, version: HTTP/1.1)
POST /session/5d26fa4adb8f24efb33bdefc3d69120c/window HTTP/1.1
User-Agent: selenium/4.4.0 (java windows)
Content-Length: 59
Content-Type: application/json; charset=utf-8
host: localhost:58436
accept: */*

Response DefaultHttpResponse(decodeResult: success, version: HTTP/1.1)
HTTP/1.1 200 OK
Content-Type: application/json; charset=utf-8
cache-control: no-cache
content-length: 14

19:45:07.977 [AsyncHttpClient-1-2] DEBUG org.asynchttpclient.netty.channel.ChannelManager - Adding key: http://localhost:58436 for channel [id: 0x9bb442fe, L:/127.0.0.1:64207 - R:localhost/127.0.0.1:58436]
19:45:07.977 [Forwarding getCurrentUrl on session 5d26fa4adb8f24efb33bdefc3d69120c to remote] DEBUG org.asynchttpclient.netty.request.NettyRequestSender - Using pooled Channel '[id: 0x9bb442fe, L:/127.0.0.1:64207 - R:localhost/127.0.0.1:58436]' for 'GET' to 'http://localhost:58436/session/5d26fa4adb8f24efb33bdefc3d69120c/url'
19:45:07.977 [Forwarding getCurrentUrl on session 5d26fa4adb8f24efb33bdefc3d69120c to remote] DEBUG org.asynchttpclient.netty.request.NettyRequestSender - Using open Channel [id: 0x9bb442fe, L:/127.0.0.1:64207 - R:localhost/127.0.0.1:58436] for GET '/session/5d26fa4adb8f24efb33bdefc3d69120c/url'
19:45:07.979 [AsyncHttpClient-1-2] DEBUG org.asynchttpclient.netty.handler.HttpHandler - 

Request DefaultFullHttpRequest(decodeResult: success, version: HTTP/1.1, content: EmptyByteBufBE)
GET /session/5d26fa4adb8f24efb33bdefc3d69120c/url HTTP/1.1
User-Agent: selenium/4.4.0 (java windows)
Cache-Control: no-cache
Content-Type: application/json; charset=utf-8
host: localhost:58436
accept: */*

Response DefaultHttpResponse(decodeResult: success, version: HTTP/1.1)
HTTP/1.1 200 OK
Content-Type: application/json; charset=utf-8
cache-control: no-cache
content-length: 75

19:45:07.980 [AsyncHttpClient-1-2] DEBUG org.asynchttpclient.netty.channel.ChannelManager - Adding key: http://localhost:58436 for channel [id: 0x9bb442fe, L:/127.0.0.1:64207 - R:localhost/127.0.0.1:58436]
19:45:07.980 [Forwarding screenshot on session 5d26fa4adb8f24efb33bdefc3d69120c to remote] DEBUG org.asynchttpclient.netty.request.NettyRequestSender - Using pooled Channel '[id: 0x9bb442fe, L:/127.0.0.1:64207 - R:localhost/127.0.0.1:58436]' for 'GET' to 'http://localhost:58436/session/5d26fa4adb8f24efb33bdefc3d69120c/screenshot'
19:45:07.980 [Forwarding screenshot on session 5d26fa4adb8f24efb33bdefc3d69120c to remote] DEBUG org.asynchttpclient.netty.request.NettyRequestSender - Using open Channel [id: 0x9bb442fe, L:/127.0.0.1:64207 - R:localhost/127.0.0.1:58436] for GET '/session/5d26fa4adb8f24efb33bdefc3d69120c/screenshot'
19:45:08.053 [AsyncHttpClient-1-2] DEBUG org.asynchttpclient.netty.handler.HttpHandler - 

Request DefaultFullHttpRequest(decodeResult: success, version: HTTP/1.1, content: EmptyByteBufBE)
GET /session/5d26fa4adb8f24efb33bdefc3d69120c/screenshot HTTP/1.1
User-Agent: selenium/4.4.0 (java windows)
Cache-Control: no-cache
Content-Type: application/json; charset=utf-8
host: localhost:58436
accept: */*

Response DefaultHttpResponse(decodeResult: success, version: HTTP/1.1)
HTTP/1.1 200 OK
Content-Type: application/json; charset=utf-8
cache-control: no-cache
content-length: 20932

19:45:08.053 [AsyncHttpClient-1-2] DEBUG org.asynchttpclient.netty.channel.ChannelManager - Adding key: http://localhost:58436 for channel [id: 0x9bb442fe, L:/127.0.0.1:64207 - R:localhost/127.0.0.1:58436]
19:45:08.054 [main] DEBUG net.serenitybdd.core.photography.Darkroom - Send negative for processing for target\site\serenity\87d69315b715c35af5cc394d305531342ef3efe9aac8087354213edebb28c057.png
19:45:08.054 [Darkroom Processing Line] DEBUG net.serenitybdd.core.photography.DarkroomProcessingLine - Processing screenshot image in /var/screenshots/screenshot-3218338225721247857
19:45:08.054 [Darkroom Processing Line] DEBUG net.serenitybdd.core.photography.DarkroomProcessingLine - Saving screenshot to target\site\serenity\87d69315b715c35af5cc394d305531342ef3efe9aac8087354213edebb28c057.png
19:45:08.097 [Driver Command Executor] DEBUG org.asynchttpclient.netty.request.NettyRequestSender - Using pooled Channel '[id: 0x9bb442fe, L:/127.0.0.1:64207 - R:localhost/127.0.0.1:58436]' for 'DELETE' to 'http://localhost:58436/session/5d26fa4adb8f24efb33bdefc3d69120c'
19:45:08.097 [Driver Command Executor] DEBUG org.asynchttpclient.netty.request.NettyRequestSender - Using open Channel [id: 0x9bb442fe, L:/127.0.0.1:64207 - R:localhost/127.0.0.1:58436] for DELETE '/session/5d26fa4adb8f24efb33bdefc3d69120c'
19:45:08.098 [AsyncHttpClient-1-4] DEBUG org.asynchttpclient.netty.handler.WebSocketHandler - Channel Closed: [id: 0x34f8e04f, L:/127.0.0.1:64218 ! R:localhost/127.0.0.1:64210] with attribute NettyResponseFuture{currentRetry=0,
	isDone=1,
	isCancelled=0,
	asyncHandler=org.asynchttpclient.ws.WebSocketUpgradeHandler@4e74b41e,
	nettyRequest=org.asynchttpclient.netty.request.NettyRequest@67092474,
	future=java.util.concurrent.CompletableFuture@4fc1f1de[Completed normally],
	uri=ws://localhost:64210/devtools/browser/b75d2b57-0caa-4749-8ceb-df2f9e609728,
	keepAlive=true,
	redirectCount=0,
	timeoutsHolder=null,
	inAuth=0,
	touch=1673484299673}
19:45:08.099 [AsyncHttpClient-1-4] DEBUG org.asynchttpclient.netty.channel.ChannelManager - Closing Channel [id: 0x34f8e04f, L:/127.0.0.1:64218 ! R:localhost/127.0.0.1:64210] 
19:45:08.115 [AsyncHttpClient-1-3] DEBUG org.asynchttpclient.netty.handler.HttpHandler - Unexpected I/O exception on channel [id: 0x7e5f51d7, L:/127.0.0.1:64217 - R:localhost/127.0.0.1:64210]
java.io.IOException: Se ha forzado la interrupción de una conexión existente por el host remoto
	at java.base/sun.nio.ch.SocketDispatcher.read0(Native Method)
	at java.base/sun.nio.ch.SocketDispatcher.read(SocketDispatcher.java:43)
	at java.base/sun.nio.ch.IOUtil.readIntoNativeBuffer(IOUtil.java:276)
	at java.base/sun.nio.ch.IOUtil.read(IOUtil.java:233)
	at java.base/sun.nio.ch.IOUtil.read(IOUtil.java:223)
	at java.base/sun.nio.ch.SocketChannelImpl.read(SocketChannelImpl.java:358)
	at io.netty.buffer.PooledByteBuf.setBytes(PooledByteBuf.java:258)
	at io.netty.buffer.AbstractByteBuf.writeBytes(AbstractByteBuf.java:1132)
	at io.netty.channel.socket.nio.NioSocketChannel.doReadBytes(NioSocketChannel.java:357)
	at io.netty.channel.nio.AbstractNioByteChannel$NioByteUnsafe.read(AbstractNioByteChannel.java:151)
	at io.netty.channel.nio.NioEventLoop.processSelectedKey(NioEventLoop.java:722)
	at io.netty.channel.nio.NioEventLoop.processSelectedKeysOptimized(NioEventLoop.java:658)
	at io.netty.channel.nio.NioEventLoop.processSelectedKeys(NioEventLoop.java:584)
	at io.netty.channel.nio.NioEventLoop.run(NioEventLoop.java:496)
	at io.netty.util.concurrent.SingleThreadEventExecutor$4.run(SingleThreadEventExecutor.java:997)
	at io.netty.util.internal.ThreadExecutorMap$2.run(ThreadExecutorMap.java:74)
	at io.netty.util.concurrent.FastThreadLocalRunnable.run(FastThreadLocalRunnable.java:30)
	at java.base/java.lang.Thread.run(Thread.java:834)
19:45:08.116 [AsyncHttpClient-1-3] DEBUG org.asynchttpclient.netty.channel.ChannelManager - Closing Channel [id: 0x7e5f51d7, L:/127.0.0.1:64217 - R:localhost/127.0.0.1:64210] 
19:45:08.117 [AsyncHttpClient-1-3] DEBUG org.asynchttpclient.netty.handler.HttpHandler - Channel Closed: [id: 0x7e5f51d7, L:/127.0.0.1:64217 ! R:localhost/127.0.0.1:64210] with attribute DISCARD
19:45:08.140 [AsyncHttpClient-1-2] DEBUG org.asynchttpclient.netty.handler.HttpHandler - 

Request DefaultFullHttpRequest(decodeResult: success, version: HTTP/1.1, content: EmptyByteBufBE)
DELETE /session/5d26fa4adb8f24efb33bdefc3d69120c HTTP/1.1
User-Agent: selenium/4.4.0 (java windows)
Content-Type: application/json; charset=utf-8
host: localhost:58436
accept: */*

Response DefaultHttpResponse(decodeResult: success, version: HTTP/1.1)
HTTP/1.1 200 OK
Content-Type: application/json; charset=utf-8
cache-control: no-cache
content-length: 14

19:45:08.140 [AsyncHttpClient-1-2] DEBUG org.asynchttpclient.netty.channel.ChannelManager - Adding key: http://localhost:58436 for channel [id: 0x9bb442fe, L:/127.0.0.1:64207 - R:localhost/127.0.0.1:58436]
19:45:08.183 [AsyncHttpClient-1-2] DEBUG org.asynchttpclient.netty.handler.HttpHandler - Channel Closed: [id: 0x9bb442fe, L:/127.0.0.1:64207 ! R:localhost/127.0.0.1:58436] with attribute DISCARD
19:45:08.697 [main] INFO  - 
  _____   ___   ___   _____     ___     _     ___   ___   ___   ___  
 |_   _| | __| / __| |_   _|   | _ \   /_\   / __| / __| | __| |   \ 
   | |   | _|  \__ \   | |     |  _/  / _ \  \__ \ \__ \ | _|  | |) |
   |_|   |___| |___/   |_|     |_|   /_/ \_\ |___/ |___/ |___| |___/ 

Validar que make appointment fue exitosa
----------------------------------------------------------------------
]]></system-out>
    <system-err><![CDATA[Starting ChromeDriver 108.0.5359.71 (1e0e3868ee06e91ad636a874420e3ca3ae3756ac-refs/branch-heads/5359@{#1016}) on port 58436
Only local connections are allowed.
Please see https://chromedriver.chromium.org/security-considerations for suggestions on keeping ChromeDriver safe.
ChromeDriver was started successfully.
ene. 11, 2023 7:44:59 P. M. org.openqa.selenium.remote.ProtocolHandshake createSession
INFO: Detected upstream dialect: W3C
ene. 11, 2023 7:44:59 P. M. org.openqa.selenium.devtools.CdpVersionFinder findNearestMatch
WARNING: Unable to find an exact match for CDP version 108, so returning the closest version found: 104
ene. 11, 2023 7:44:59 P. M. org.openqa.selenium.devtools.CdpVersionFinder findNearestMatch
INFO: Found CDP implementation for version 108 of 104
]]></system-err>
  </testcase>
  <testcase name="Validar que make appointment fue exitosa #2" classname="Funcionalidad make appointment" time="5.322">
    <failure type="org.junit.ComparisonFailure"><![CDATA[org.junit.ComparisonFailure: expected:<No[]> but was:<No[d]>
]]></failure>
    <system-out><![CDATA[19:45:08.705 [main] INFO io.cucumber.core.plugin.SerenityReporter - Running feature from file:///C:/Users/MSI/Downloads/serenityBDD-master/ProyectoSerenityBDD/src/test/resources/features/loginkatalon.feature
19:45:08.795 [main] INFO net.serenitybdd.core.webdriver.driverproviders.ChromeDriverProvider - Starting Chrome driver instance with capabilities:
19:45:08.796 [main] INFO net.serenitybdd.core.webdriver.driverproviders.ChromeDriverProvider - Capabilities {acceptInsecureCerts: false, browserName: chrome, goog:chromeOptions: {args: [], extensions: []}}
19:45:08.868 [AsyncHttpClient-1-1] DEBUG org.asynchttpclient.netty.channel.DefaultChannelPool - Entry count for : http://localhost:58436 : 1
19:45:08.868 [AsyncHttpClient-1-1] DEBUG org.asynchttpclient.netty.channel.DefaultChannelPool - Entry count for : http://localhost:64210 : 1
19:45:08.868 [AsyncHttpClient-1-1] DEBUG org.asynchttpclient.netty.channel.DefaultChannelPool - Adding Candidate expired Channel [id: 0x9bb442fe, L:/127.0.0.1:64207 ! R:localhost/127.0.0.1:58436] isIdleTimeoutExpired=false isRemotelyClosed=true isTtlExpired=false
19:45:08.868 [AsyncHttpClient-1-1] DEBUG org.asynchttpclient.netty.channel.DefaultChannelPool - Closing Idle Channel [id: 0x9bb442fe, L:/127.0.0.1:64207 ! R:localhost/127.0.0.1:58436]
19:45:08.868 [AsyncHttpClient-1-1] DEBUG org.asynchttpclient.netty.channel.DefaultChannelPool - Adding Candidate expired Channel [id: 0x7e5f51d7, L:/127.0.0.1:64217 ! R:localhost/127.0.0.1:64210] isIdleTimeoutExpired=false isRemotelyClosed=true isTtlExpired=false
19:45:08.868 [AsyncHttpClient-1-1] DEBUG org.asynchttpclient.netty.channel.DefaultChannelPool - Closing Idle Channel [id: 0x7e5f51d7, L:/127.0.0.1:64217 ! R:localhost/127.0.0.1:64210]
19:45:08.868 [AsyncHttpClient-1-1] DEBUG org.asynchttpclient.netty.channel.DefaultChannelPool - Closed 2 connections out of 2 in 0 ms
19:45:09.335 [AsyncHttpClient-1-5] DEBUG org.asynchttpclient.netty.channel.NettyConnectListener - Using new Channel '[id: 0x467ba2f7, L:/127.0.0.1:64260 - R:localhost/127.0.0.1:64405]' for 'POST' to '/session'
19:45:09.798 [AsyncHttpClient-1-5] DEBUG org.asynchttpclient.netty.handler.HttpHandler - 

Request DefaultHttpRequest(decodeResult: success, version: HTTP/1.1)
POST /session HTTP/1.1
User-Agent: selenium/4.4.0 (java windows)
Content-Length: 437
Content-Type: application/json; charset=utf-8
host: localhost:64405
accept: */*

Response DefaultHttpResponse(decodeResult: success, version: HTTP/1.1)
HTTP/1.1 200 OK
Content-Type: application/json; charset=utf-8
cache-control: no-cache
content-length: 789

19:45:09.798 [AsyncHttpClient-1-5] DEBUG org.asynchttpclient.netty.channel.ChannelManager - Adding key: http://localhost:64405 for channel [id: 0x467ba2f7, L:/127.0.0.1:64260 - R:localhost/127.0.0.1:64405]
19:45:09.807 [AsyncHttpClient-1-6] DEBUG org.asynchttpclient.netty.channel.NettyConnectListener - Using new Channel '[id: 0xec319552, L:/127.0.0.1:64268 - R:localhost/127.0.0.1:64261]' for 'GET' to '/json/version'
19:45:09.810 [AsyncHttpClient-1-6] DEBUG org.asynchttpclient.netty.handler.HttpHandler - 

Request DefaultFullHttpRequest(decodeResult: success, version: HTTP/1.1, content: EmptyByteBufBE)
GET /json/version HTTP/1.1
User-Agent: selenium/4.4.0 (java windows)
host: localhost:64261
accept: */*

Response DefaultHttpResponse(decodeResult: success, version: HTTP/1.1)
HTTP/1.1 200 OK
Content-Type: application/json; charset=UTF-8
content-length: 424

19:45:09.810 [AsyncHttpClient-1-6] DEBUG org.asynchttpclient.netty.channel.ChannelManager - Adding key: http://localhost:64261 for channel [id: 0xec319552, L:/127.0.0.1:64268 - R:localhost/127.0.0.1:64261]
19:45:09.813 [AsyncHttpClient-1-7] DEBUG org.asynchttpclient.netty.channel.NettyConnectListener - Using new Channel '[id: 0x6fa5d944, L:/127.0.0.1:64269 - R:localhost/127.0.0.1:64261]' for 'GET' to '/devtools/browser/79909a46-0b9c-4294-ae43-4f4cff1914de'
19:45:09.815 [AsyncHttpClient-1-7] DEBUG org.asynchttpclient.netty.handler.WebSocketHandler - 

Request DefaultFullHttpRequest(decodeResult: success, version: HTTP/1.1, content: EmptyByteBufBE)
GET /devtools/browser/79909a46-0b9c-4294-ae43-4f4cff1914de HTTP/1.1
upgrade: websocket
connection: upgrade
sec-websocket-key: qrgH0G2RxRX3To38VLo1/A==
sec-websocket-version: 13
origin: http://localhost:64261
host: localhost:64261
accept: */*
user-agent: AHC/2.1

Response DefaultHttpResponse(decodeResult: success, version: HTTP/1.1)
HTTP/1.1 101 WebSocket Protocol Handshake
Upgrade: WebSocket
Connection: Upgrade
Sec-WebSocket-Accept: 6C5wL8zEXXkCabAOfNoPOwSRFPY=

19:45:09.822 [Forwarding get on session 86809c9cb53dc19f3b323e1f6f6fbcf4 to remote] DEBUG org.asynchttpclient.netty.request.NettyRequestSender - Using pooled Channel '[id: 0x467ba2f7, L:/127.0.0.1:64260 - R:localhost/127.0.0.1:64405]' for 'POST' to 'http://localhost:64405/session/86809c9cb53dc19f3b323e1f6f6fbcf4/url'
19:45:09.822 [Forwarding get on session 86809c9cb53dc19f3b323e1f6f6fbcf4 to remote] DEBUG org.asynchttpclient.netty.request.NettyRequestSender - Using open Channel [id: 0x467ba2f7, L:/127.0.0.1:64260 - R:localhost/127.0.0.1:64405] for POST '/session/86809c9cb53dc19f3b323e1f6f6fbcf4/url'
19:45:09.959 [AsyncHttpClient-1-1] DEBUG org.asynchttpclient.netty.channel.DefaultChannelPool - Entry count for : http://localhost:64261 : 1
19:45:11.012 [AsyncHttpClient-1-5] DEBUG org.asynchttpclient.netty.handler.HttpHandler - 

Request DefaultHttpRequest(decodeResult: success, version: HTTP/1.1)
POST /session/86809c9cb53dc19f3b323e1f6f6fbcf4/url HTTP/1.1
User-Agent: selenium/4.4.0 (java windows)
Content-Length: 70
Content-Type: application/json; charset=utf-8
host: localhost:64405
accept: */*

Response DefaultHttpResponse(decodeResult: success, version: HTTP/1.1)
HTTP/1.1 200 OK
Content-Type: application/json; charset=utf-8
cache-control: no-cache
content-length: 14

19:45:11.013 [AsyncHttpClient-1-5] DEBUG org.asynchttpclient.netty.channel.ChannelManager - Adding key: http://localhost:64405 for channel [id: 0x467ba2f7, L:/127.0.0.1:64260 - R:localhost/127.0.0.1:64405]
19:45:11.014 [Forwarding setTimeout on session 86809c9cb53dc19f3b323e1f6f6fbcf4 to remote] DEBUG org.asynchttpclient.netty.request.NettyRequestSender - Using pooled Channel '[id: 0x467ba2f7, L:/127.0.0.1:64260 - R:localhost/127.0.0.1:64405]' for 'POST' to 'http://localhost:64405/session/86809c9cb53dc19f3b323e1f6f6fbcf4/timeouts'
19:45:11.014 [Forwarding setTimeout on session 86809c9cb53dc19f3b323e1f6f6fbcf4 to remote] DEBUG org.asynchttpclient.netty.request.NettyRequestSender - Using open Channel [id: 0x467ba2f7, L:/127.0.0.1:64260 - R:localhost/127.0.0.1:64405] for POST '/session/86809c9cb53dc19f3b323e1f6f6fbcf4/timeouts'
19:45:11.015 [AsyncHttpClient-1-5] DEBUG org.asynchttpclient.netty.handler.HttpHandler - 

Request DefaultHttpRequest(decodeResult: success, version: HTTP/1.1)
POST /session/86809c9cb53dc19f3b323e1f6f6fbcf4/timeouts HTTP/1.1
User-Agent: selenium/4.4.0 (java windows)
Content-Length: 22
Content-Type: application/json; charset=utf-8
host: localhost:64405
accept: */*

Response DefaultHttpResponse(decodeResult: success, version: HTTP/1.1)
HTTP/1.1 200 OK
Content-Type: application/json; charset=utf-8
cache-control: no-cache
content-length: 14

19:45:11.015 [AsyncHttpClient-1-5] DEBUG org.asynchttpclient.netty.channel.ChannelManager - Adding key: http://localhost:64405 for channel [id: 0x467ba2f7, L:/127.0.0.1:64260 - R:localhost/127.0.0.1:64405]
19:45:11.017 [Forwarding getCurrentUrl on session 86809c9cb53dc19f3b323e1f6f6fbcf4 to remote] DEBUG org.asynchttpclient.netty.request.NettyRequestSender - Using pooled Channel '[id: 0x467ba2f7, L:/127.0.0.1:64260 - R:localhost/127.0.0.1:64405]' for 'GET' to 'http://localhost:64405/session/86809c9cb53dc19f3b323e1f6f6fbcf4/url'
19:45:11.017 [Forwarding getCurrentUrl on session 86809c9cb53dc19f3b323e1f6f6fbcf4 to remote] DEBUG org.asynchttpclient.netty.request.NettyRequestSender - Using open Channel [id: 0x467ba2f7, L:/127.0.0.1:64260 - R:localhost/127.0.0.1:64405] for GET '/session/86809c9cb53dc19f3b323e1f6f6fbcf4/url'
19:45:11.020 [AsyncHttpClient-1-5] DEBUG org.asynchttpclient.netty.handler.HttpHandler - 

Request DefaultFullHttpRequest(decodeResult: success, version: HTTP/1.1, content: EmptyByteBufBE)
GET /session/86809c9cb53dc19f3b323e1f6f6fbcf4/url HTTP/1.1
User-Agent: selenium/4.4.0 (java windows)
Cache-Control: no-cache
Content-Type: application/json; charset=utf-8
host: localhost:64405
accept: */*

Response DefaultHttpResponse(decodeResult: success, version: HTTP/1.1)
HTTP/1.1 200 OK
Content-Type: application/json; charset=utf-8
cache-control: no-cache
content-length: 52

19:45:11.021 [AsyncHttpClient-1-5] DEBUG org.asynchttpclient.netty.channel.ChannelManager - Adding key: http://localhost:64405 for channel [id: 0x467ba2f7, L:/127.0.0.1:64260 - R:localhost/127.0.0.1:64405]
19:45:11.023 [Forwarding getCurrentUrl on session 86809c9cb53dc19f3b323e1f6f6fbcf4 to remote] DEBUG org.asynchttpclient.netty.request.NettyRequestSender - Using pooled Channel '[id: 0x467ba2f7, L:/127.0.0.1:64260 - R:localhost/127.0.0.1:64405]' for 'GET' to 'http://localhost:64405/session/86809c9cb53dc19f3b323e1f6f6fbcf4/url'
19:45:11.023 [Forwarding getCurrentUrl on session 86809c9cb53dc19f3b323e1f6f6fbcf4 to remote] DEBUG org.asynchttpclient.netty.request.NettyRequestSender - Using open Channel [id: 0x467ba2f7, L:/127.0.0.1:64260 - R:localhost/127.0.0.1:64405] for GET '/session/86809c9cb53dc19f3b323e1f6f6fbcf4/url'
19:45:11.026 [AsyncHttpClient-1-5] DEBUG org.asynchttpclient.netty.handler.HttpHandler - 

Request DefaultFullHttpRequest(decodeResult: success, version: HTTP/1.1, content: EmptyByteBufBE)
GET /session/86809c9cb53dc19f3b323e1f6f6fbcf4/url HTTP/1.1
User-Agent: selenium/4.4.0 (java windows)
Cache-Control: no-cache
Content-Type: application/json; charset=utf-8
host: localhost:64405
accept: */*

Response DefaultHttpResponse(decodeResult: success, version: HTTP/1.1)
HTTP/1.1 200 OK
Content-Type: application/json; charset=utf-8
cache-control: no-cache
content-length: 52

19:45:11.027 [AsyncHttpClient-1-5] DEBUG org.asynchttpclient.netty.channel.ChannelManager - Adding key: http://localhost:64405 for channel [id: 0x467ba2f7, L:/127.0.0.1:64260 - R:localhost/127.0.0.1:64405]
19:45:11.032 [Forwarding findElement on session 86809c9cb53dc19f3b323e1f6f6fbcf4 to remote] DEBUG org.asynchttpclient.netty.request.NettyRequestSender - Using pooled Channel '[id: 0x467ba2f7, L:/127.0.0.1:64260 - R:localhost/127.0.0.1:64405]' for 'POST' to 'http://localhost:64405/session/86809c9cb53dc19f3b323e1f6f6fbcf4/element'
19:45:11.032 [Forwarding findElement on session 86809c9cb53dc19f3b323e1f6f6fbcf4 to remote] DEBUG org.asynchttpclient.netty.request.NettyRequestSender - Using open Channel [id: 0x467ba2f7, L:/127.0.0.1:64260 - R:localhost/127.0.0.1:64405] for POST '/session/86809c9cb53dc19f3b323e1f6f6fbcf4/element'
19:45:11.043 [AsyncHttpClient-1-5] DEBUG org.asynchttpclient.netty.handler.HttpHandler - 

Request DefaultHttpRequest(decodeResult: success, version: HTTP/1.1)
POST /session/86809c9cb53dc19f3b323e1f6f6fbcf4/element HTTP/1.1
User-Agent: selenium/4.4.0 (java windows)
Content-Length: 69
Content-Type: application/json; charset=utf-8
host: localhost:64405
accept: */*

Response DefaultHttpResponse(decodeResult: success, version: HTTP/1.1)
HTTP/1.1 200 OK
Content-Type: application/json; charset=utf-8
cache-control: no-cache
content-length: 88

19:45:11.043 [AsyncHttpClient-1-5] DEBUG org.asynchttpclient.netty.channel.ChannelManager - Adding key: http://localhost:64405 for channel [id: 0x467ba2f7, L:/127.0.0.1:64260 - R:localhost/127.0.0.1:64405]
19:45:11.046 [Forwarding isElementDisplayed on session 86809c9cb53dc19f3b323e1f6f6fbcf4 to remote] DEBUG org.asynchttpclient.netty.request.NettyRequestSender - Using pooled Channel '[id: 0x467ba2f7, L:/127.0.0.1:64260 - R:localhost/127.0.0.1:64405]' for 'POST' to 'http://localhost:64405/session/86809c9cb53dc19f3b323e1f6f6fbcf4/execute/sync'
19:45:11.046 [Forwarding isElementDisplayed on session 86809c9cb53dc19f3b323e1f6f6fbcf4 to remote] DEBUG org.asynchttpclient.netty.request.NettyRequestSender - Using open Channel [id: 0x467ba2f7, L:/127.0.0.1:64260 - R:localhost/127.0.0.1:64405] for POST '/session/86809c9cb53dc19f3b323e1f6f6fbcf4/execute/sync'
19:45:11.061 [AsyncHttpClient-1-1] DEBUG org.asynchttpclient.netty.channel.DefaultChannelPool - Entry count for : http://localhost:64261 : 1
19:45:11.064 [AsyncHttpClient-1-5] DEBUG org.asynchttpclient.netty.handler.HttpHandler - 

Request DefaultHttpRequest(decodeResult: success, version: HTTP/1.1)
POST /session/86809c9cb53dc19f3b323e1f6f6fbcf4/execute/sync HTTP/1.1
User-Agent: selenium/4.4.0 (java windows)
Content-Length: 48780
Content-Type: application/json; charset=utf-8
host: localhost:64405
accept: */*

Response DefaultHttpResponse(decodeResult: success, version: HTTP/1.1)
HTTP/1.1 200 OK
Content-Type: application/json; charset=utf-8
cache-control: no-cache
content-length: 14

19:45:11.065 [AsyncHttpClient-1-5] DEBUG org.asynchttpclient.netty.channel.ChannelManager - Adding key: http://localhost:64405 for channel [id: 0x467ba2f7, L:/127.0.0.1:64260 - R:localhost/127.0.0.1:64405]
19:45:11.066 [Forwarding getElementTagName on session 86809c9cb53dc19f3b323e1f6f6fbcf4 to remote] DEBUG org.asynchttpclient.netty.request.NettyRequestSender - Using pooled Channel '[id: 0x467ba2f7, L:/127.0.0.1:64260 - R:localhost/127.0.0.1:64405]' for 'GET' to 'http://localhost:64405/session/86809c9cb53dc19f3b323e1f6f6fbcf4/element/5db7457d-16a5-4719-b72d-31a74aee41f3/name'
19:45:11.066 [Forwarding getElementTagName on session 86809c9cb53dc19f3b323e1f6f6fbcf4 to remote] DEBUG org.asynchttpclient.netty.request.NettyRequestSender - Using open Channel [id: 0x467ba2f7, L:/127.0.0.1:64260 - R:localhost/127.0.0.1:64405] for GET '/session/86809c9cb53dc19f3b323e1f6f6fbcf4/element/5db7457d-16a5-4719-b72d-31a74aee41f3/name'
19:45:11.068 [AsyncHttpClient-1-5] DEBUG org.asynchttpclient.netty.handler.HttpHandler - 

Request DefaultFullHttpRequest(decodeResult: success, version: HTTP/1.1, content: EmptyByteBufBE)
GET /session/86809c9cb53dc19f3b323e1f6f6fbcf4/element/5db7457d-16a5-4719-b72d-31a74aee41f3/name HTTP/1.1
User-Agent: selenium/4.4.0 (java windows)
Cache-Control: no-cache
Content-Type: application/json; charset=utf-8
host: localhost:64405
accept: */*

Response DefaultHttpResponse(decodeResult: success, version: HTTP/1.1)
HTTP/1.1 200 OK
Content-Type: application/json; charset=utf-8
cache-control: no-cache
content-length: 13

19:45:11.068 [AsyncHttpClient-1-5] DEBUG org.asynchttpclient.netty.channel.ChannelManager - Adding key: http://localhost:64405 for channel [id: 0x467ba2f7, L:/127.0.0.1:64260 - R:localhost/127.0.0.1:64405]
19:45:11.069 [Forwarding getElementTagName on session 86809c9cb53dc19f3b323e1f6f6fbcf4 to remote] DEBUG org.asynchttpclient.netty.request.NettyRequestSender - Using pooled Channel '[id: 0x467ba2f7, L:/127.0.0.1:64260 - R:localhost/127.0.0.1:64405]' for 'GET' to 'http://localhost:64405/session/86809c9cb53dc19f3b323e1f6f6fbcf4/element/5db7457d-16a5-4719-b72d-31a74aee41f3/name'
19:45:11.070 [Forwarding getElementTagName on session 86809c9cb53dc19f3b323e1f6f6fbcf4 to remote] DEBUG org.asynchttpclient.netty.request.NettyRequestSender - Using open Channel [id: 0x467ba2f7, L:/127.0.0.1:64260 - R:localhost/127.0.0.1:64405] for GET '/session/86809c9cb53dc19f3b323e1f6f6fbcf4/element/5db7457d-16a5-4719-b72d-31a74aee41f3/name'
19:45:11.072 [AsyncHttpClient-1-5] DEBUG org.asynchttpclient.netty.handler.HttpHandler - 

Request DefaultFullHttpRequest(decodeResult: success, version: HTTP/1.1, content: EmptyByteBufBE)
GET /session/86809c9cb53dc19f3b323e1f6f6fbcf4/element/5db7457d-16a5-4719-b72d-31a74aee41f3/name HTTP/1.1
User-Agent: selenium/4.4.0 (java windows)
Cache-Control: no-cache
Content-Type: application/json; charset=utf-8
host: localhost:64405
accept: */*

Response DefaultHttpResponse(decodeResult: success, version: HTTP/1.1)
HTTP/1.1 200 OK
Content-Type: application/json; charset=utf-8
cache-control: no-cache
content-length: 13

19:45:11.072 [AsyncHttpClient-1-5] DEBUG org.asynchttpclient.netty.channel.ChannelManager - Adding key: http://localhost:64405 for channel [id: 0x467ba2f7, L:/127.0.0.1:64260 - R:localhost/127.0.0.1:64405]
19:45:11.074 [Forwarding findElement on session 86809c9cb53dc19f3b323e1f6f6fbcf4 to remote] DEBUG org.asynchttpclient.netty.request.NettyRequestSender - Using pooled Channel '[id: 0x467ba2f7, L:/127.0.0.1:64260 - R:localhost/127.0.0.1:64405]' for 'POST' to 'http://localhost:64405/session/86809c9cb53dc19f3b323e1f6f6fbcf4/element'
19:45:11.074 [Forwarding findElement on session 86809c9cb53dc19f3b323e1f6f6fbcf4 to remote] DEBUG org.asynchttpclient.netty.request.NettyRequestSender - Using open Channel [id: 0x467ba2f7, L:/127.0.0.1:64260 - R:localhost/127.0.0.1:64405] for POST '/session/86809c9cb53dc19f3b323e1f6f6fbcf4/element'
19:45:11.078 [AsyncHttpClient-1-5] DEBUG org.asynchttpclient.netty.handler.HttpHandler - 

Request DefaultHttpRequest(decodeResult: success, version: HTTP/1.1)
POST /session/86809c9cb53dc19f3b323e1f6f6fbcf4/element HTTP/1.1
User-Agent: selenium/4.4.0 (java windows)
Content-Length: 69
Content-Type: application/json; charset=utf-8
host: localhost:64405
accept: */*

Response DefaultHttpResponse(decodeResult: success, version: HTTP/1.1)
HTTP/1.1 200 OK
Content-Type: application/json; charset=utf-8
cache-control: no-cache
content-length: 88

19:45:11.078 [AsyncHttpClient-1-5] DEBUG org.asynchttpclient.netty.channel.ChannelManager - Adding key: http://localhost:64405 for channel [id: 0x467ba2f7, L:/127.0.0.1:64260 - R:localhost/127.0.0.1:64405]
19:45:11.081 [Forwarding isElementDisplayed on session 86809c9cb53dc19f3b323e1f6f6fbcf4 to remote] DEBUG org.asynchttpclient.netty.request.NettyRequestSender - Using pooled Channel '[id: 0x467ba2f7, L:/127.0.0.1:64260 - R:localhost/127.0.0.1:64405]' for 'POST' to 'http://localhost:64405/session/86809c9cb53dc19f3b323e1f6f6fbcf4/execute/sync'
19:45:11.081 [Forwarding isElementDisplayed on session 86809c9cb53dc19f3b323e1f6f6fbcf4 to remote] DEBUG org.asynchttpclient.netty.request.NettyRequestSender - Using open Channel [id: 0x467ba2f7, L:/127.0.0.1:64260 - R:localhost/127.0.0.1:64405] for POST '/session/86809c9cb53dc19f3b323e1f6f6fbcf4/execute/sync'
19:45:11.089 [AsyncHttpClient-1-5] DEBUG org.asynchttpclient.netty.handler.HttpHandler - 

Request DefaultHttpRequest(decodeResult: success, version: HTTP/1.1)
POST /session/86809c9cb53dc19f3b323e1f6f6fbcf4/execute/sync HTTP/1.1
User-Agent: selenium/4.4.0 (java windows)
Content-Length: 48780
Content-Type: application/json; charset=utf-8
host: localhost:64405
accept: */*

Response DefaultHttpResponse(decodeResult: success, version: HTTP/1.1)
HTTP/1.1 200 OK
Content-Type: application/json; charset=utf-8
cache-control: no-cache
content-length: 14

19:45:11.090 [AsyncHttpClient-1-5] DEBUG org.asynchttpclient.netty.channel.ChannelManager - Adding key: http://localhost:64405 for channel [id: 0x467ba2f7, L:/127.0.0.1:64260 - R:localhost/127.0.0.1:64405]
19:45:11.091 [Forwarding clickElement on session 86809c9cb53dc19f3b323e1f6f6fbcf4 to remote] DEBUG org.asynchttpclient.netty.request.NettyRequestSender - Using pooled Channel '[id: 0x467ba2f7, L:/127.0.0.1:64260 - R:localhost/127.0.0.1:64405]' for 'POST' to 'http://localhost:64405/session/86809c9cb53dc19f3b323e1f6f6fbcf4/element/5db7457d-16a5-4719-b72d-31a74aee41f3/click'
19:45:11.091 [Forwarding clickElement on session 86809c9cb53dc19f3b323e1f6f6fbcf4 to remote] DEBUG org.asynchttpclient.netty.request.NettyRequestSender - Using open Channel [id: 0x467ba2f7, L:/127.0.0.1:64260 - R:localhost/127.0.0.1:64405] for POST '/session/86809c9cb53dc19f3b323e1f6f6fbcf4/element/5db7457d-16a5-4719-b72d-31a74aee41f3/click'
19:45:11.402 [AsyncHttpClient-1-5] DEBUG org.asynchttpclient.netty.handler.HttpHandler - 

Request DefaultHttpRequest(decodeResult: success, version: HTTP/1.1)
POST /session/86809c9cb53dc19f3b323e1f6f6fbcf4/element/5db7457d-16a5-4719-b72d-31a74aee41f3/click HTTP/1.1
User-Agent: selenium/4.4.0 (java windows)
Content-Length: 50
Content-Type: application/json; charset=utf-8
host: localhost:64405
accept: */*

Response DefaultHttpResponse(decodeResult: success, version: HTTP/1.1)
HTTP/1.1 200 OK
Content-Type: application/json; charset=utf-8
cache-control: no-cache
content-length: 14

19:45:11.403 [AsyncHttpClient-1-5] DEBUG org.asynchttpclient.netty.channel.ChannelManager - Adding key: http://localhost:64405 for channel [id: 0x467ba2f7, L:/127.0.0.1:64260 - R:localhost/127.0.0.1:64405]
19:45:11.408 [Forwarding getCurrentWindowHandle on session 86809c9cb53dc19f3b323e1f6f6fbcf4 to remote] DEBUG org.asynchttpclient.netty.request.NettyRequestSender - Using pooled Channel '[id: 0x467ba2f7, L:/127.0.0.1:64260 - R:localhost/127.0.0.1:64405]' for 'GET' to 'http://localhost:64405/session/86809c9cb53dc19f3b323e1f6f6fbcf4/window'
19:45:11.408 [Forwarding getCurrentWindowHandle on session 86809c9cb53dc19f3b323e1f6f6fbcf4 to remote] DEBUG org.asynchttpclient.netty.request.NettyRequestSender - Using open Channel [id: 0x467ba2f7, L:/127.0.0.1:64260 - R:localhost/127.0.0.1:64405] for GET '/session/86809c9cb53dc19f3b323e1f6f6fbcf4/window'
19:45:11.409 [AsyncHttpClient-1-5] DEBUG org.asynchttpclient.netty.handler.HttpHandler - 

Request DefaultFullHttpRequest(decodeResult: success, version: HTTP/1.1, content: EmptyByteBufBE)
GET /session/86809c9cb53dc19f3b323e1f6f6fbcf4/window HTTP/1.1
User-Agent: selenium/4.4.0 (java windows)
Cache-Control: no-cache
Content-Type: application/json; charset=utf-8
host: localhost:64405
accept: */*

Response DefaultHttpResponse(decodeResult: success, version: HTTP/1.1)
HTTP/1.1 200 OK
Content-Type: application/json; charset=utf-8
cache-control: no-cache
content-length: 53

19:45:11.409 [AsyncHttpClient-1-5] DEBUG org.asynchttpclient.netty.channel.ChannelManager - Adding key: http://localhost:64405 for channel [id: 0x467ba2f7, L:/127.0.0.1:64260 - R:localhost/127.0.0.1:64405]
19:45:11.410 [Forwarding getAlertText on session 86809c9cb53dc19f3b323e1f6f6fbcf4 to remote] DEBUG org.asynchttpclient.netty.request.NettyRequestSender - Using pooled Channel '[id: 0x467ba2f7, L:/127.0.0.1:64260 - R:localhost/127.0.0.1:64405]' for 'GET' to 'http://localhost:64405/session/86809c9cb53dc19f3b323e1f6f6fbcf4/alert/text'
19:45:11.410 [Forwarding getAlertText on session 86809c9cb53dc19f3b323e1f6f6fbcf4 to remote] DEBUG org.asynchttpclient.netty.request.NettyRequestSender - Using open Channel [id: 0x467ba2f7, L:/127.0.0.1:64260 - R:localhost/127.0.0.1:64405] for GET '/session/86809c9cb53dc19f3b323e1f6f6fbcf4/alert/text'
19:45:11.412 [AsyncHttpClient-1-5] DEBUG org.asynchttpclient.netty.handler.HttpHandler - 

Request DefaultFullHttpRequest(decodeResult: success, version: HTTP/1.1, content: EmptyByteBufBE)
GET /session/86809c9cb53dc19f3b323e1f6f6fbcf4/alert/text HTTP/1.1
User-Agent: selenium/4.4.0 (java windows)
Cache-Control: no-cache
Content-Type: application/json; charset=utf-8
host: localhost:64405
accept: */*

Response DefaultHttpResponse(decodeResult: success, version: HTTP/1.1)
HTTP/1.1 404 Not Found
Content-Type: application/json; charset=utf-8
cache-control: no-cache
content-length: 815

19:45:11.412 [AsyncHttpClient-1-5] DEBUG org.asynchttpclient.netty.channel.ChannelManager - Adding key: http://localhost:64405 for channel [id: 0x467ba2f7, L:/127.0.0.1:64260 - R:localhost/127.0.0.1:64405]
19:45:11.413 [Forwarding switchToWindow on session 86809c9cb53dc19f3b323e1f6f6fbcf4 to remote] DEBUG org.asynchttpclient.netty.request.NettyRequestSender - Using pooled Channel '[id: 0x467ba2f7, L:/127.0.0.1:64260 - R:localhost/127.0.0.1:64405]' for 'POST' to 'http://localhost:64405/session/86809c9cb53dc19f3b323e1f6f6fbcf4/window'
19:45:11.413 [Forwarding switchToWindow on session 86809c9cb53dc19f3b323e1f6f6fbcf4 to remote] DEBUG org.asynchttpclient.netty.request.NettyRequestSender - Using open Channel [id: 0x467ba2f7, L:/127.0.0.1:64260 - R:localhost/127.0.0.1:64405] for POST '/session/86809c9cb53dc19f3b323e1f6f6fbcf4/window'
19:45:11.415 [AsyncHttpClient-1-5] DEBUG org.asynchttpclient.netty.handler.HttpHandler - 

Request DefaultHttpRequest(decodeResult: success, version: HTTP/1.1)
POST /session/86809c9cb53dc19f3b323e1f6f6fbcf4/window HTTP/1.1
User-Agent: selenium/4.4.0 (java windows)
Content-Length: 59
Content-Type: application/json; charset=utf-8
host: localhost:64405
accept: */*

Response DefaultHttpResponse(decodeResult: success, version: HTTP/1.1)
HTTP/1.1 200 OK
Content-Type: application/json; charset=utf-8
cache-control: no-cache
content-length: 14

19:45:11.416 [AsyncHttpClient-1-5] DEBUG org.asynchttpclient.netty.channel.ChannelManager - Adding key: http://localhost:64405 for channel [id: 0x467ba2f7, L:/127.0.0.1:64260 - R:localhost/127.0.0.1:64405]
19:45:11.416 [Forwarding getCurrentUrl on session 86809c9cb53dc19f3b323e1f6f6fbcf4 to remote] DEBUG org.asynchttpclient.netty.request.NettyRequestSender - Using pooled Channel '[id: 0x467ba2f7, L:/127.0.0.1:64260 - R:localhost/127.0.0.1:64405]' for 'GET' to 'http://localhost:64405/session/86809c9cb53dc19f3b323e1f6f6fbcf4/url'
19:45:11.417 [Forwarding getCurrentUrl on session 86809c9cb53dc19f3b323e1f6f6fbcf4 to remote] DEBUG org.asynchttpclient.netty.request.NettyRequestSender - Using open Channel [id: 0x467ba2f7, L:/127.0.0.1:64260 - R:localhost/127.0.0.1:64405] for GET '/session/86809c9cb53dc19f3b323e1f6f6fbcf4/url'
19:45:11.419 [AsyncHttpClient-1-5] DEBUG org.asynchttpclient.netty.handler.HttpHandler - 

Request DefaultFullHttpRequest(decodeResult: success, version: HTTP/1.1, content: EmptyByteBufBE)
GET /session/86809c9cb53dc19f3b323e1f6f6fbcf4/url HTTP/1.1
User-Agent: selenium/4.4.0 (java windows)
Cache-Control: no-cache
Content-Type: application/json; charset=utf-8
host: localhost:64405
accept: */*

Response DefaultHttpResponse(decodeResult: success, version: HTTP/1.1)
HTTP/1.1 200 OK
Content-Type: application/json; charset=utf-8
cache-control: no-cache
content-length: 69

19:45:11.419 [AsyncHttpClient-1-5] DEBUG org.asynchttpclient.netty.channel.ChannelManager - Adding key: http://localhost:64405 for channel [id: 0x467ba2f7, L:/127.0.0.1:64260 - R:localhost/127.0.0.1:64405]
19:45:11.420 [Forwarding screenshot on session 86809c9cb53dc19f3b323e1f6f6fbcf4 to remote] DEBUG org.asynchttpclient.netty.request.NettyRequestSender - Using pooled Channel '[id: 0x467ba2f7, L:/127.0.0.1:64260 - R:localhost/127.0.0.1:64405]' for 'GET' to 'http://localhost:64405/session/86809c9cb53dc19f3b323e1f6f6fbcf4/screenshot'
19:45:11.420 [Forwarding screenshot on session 86809c9cb53dc19f3b323e1f6f6fbcf4 to remote] DEBUG org.asynchttpclient.netty.request.NettyRequestSender - Using open Channel [id: 0x467ba2f7, L:/127.0.0.1:64260 - R:localhost/127.0.0.1:64405] for GET '/session/86809c9cb53dc19f3b323e1f6f6fbcf4/screenshot'
19:45:11.517 [AsyncHttpClient-1-5] DEBUG org.asynchttpclient.netty.handler.HttpHandler - 

Request DefaultFullHttpRequest(decodeResult: success, version: HTTP/1.1, content: EmptyByteBufBE)
GET /session/86809c9cb53dc19f3b323e1f6f6fbcf4/screenshot HTTP/1.1
User-Agent: selenium/4.4.0 (java windows)
Cache-Control: no-cache
Content-Type: application/json; charset=utf-8
host: localhost:64405
accept: */*

Response DefaultHttpResponse(decodeResult: success, version: HTTP/1.1)
HTTP/1.1 200 OK
Content-Type: application/json; charset=utf-8
cache-control: no-cache
content-length: 18880

19:45:11.517 [AsyncHttpClient-1-5] DEBUG org.asynchttpclient.netty.channel.ChannelManager - Adding key: http://localhost:64405 for channel [id: 0x467ba2f7, L:/127.0.0.1:64260 - R:localhost/127.0.0.1:64405]
19:45:11.519 [main] DEBUG net.serenitybdd.core.photography.Darkroom - Send negative for processing for target\site\serenity\2f79f7998b853114e4650ee555c66112c99f0b2ad8add041a7435511a3c8a5dc.png
19:45:11.519 [Darkroom Processing Line] DEBUG net.serenitybdd.core.photography.DarkroomProcessingLine - Processing screenshot image in /var/screenshots/screenshot-16517227897743490574
19:45:11.519 [Darkroom Processing Line] DEBUG net.serenitybdd.core.photography.DarkroomProcessingLine - Saving screenshot to target\site\serenity\2f79f7998b853114e4650ee555c66112c99f0b2ad8add041a7435511a3c8a5dc.png
19:45:11.523 [Forwarding getPageSource on session 86809c9cb53dc19f3b323e1f6f6fbcf4 to remote] DEBUG org.asynchttpclient.netty.request.NettyRequestSender - Using pooled Channel '[id: 0x467ba2f7, L:/127.0.0.1:64260 - R:localhost/127.0.0.1:64405]' for 'POST' to 'http://localhost:64405/session/86809c9cb53dc19f3b323e1f6f6fbcf4/execute/sync'
19:45:11.523 [Forwarding getPageSource on session 86809c9cb53dc19f3b323e1f6f6fbcf4 to remote] DEBUG org.asynchttpclient.netty.request.NettyRequestSender - Using open Channel [id: 0x467ba2f7, L:/127.0.0.1:64260 - R:localhost/127.0.0.1:64405] for POST '/session/86809c9cb53dc19f3b323e1f6f6fbcf4/execute/sync'
19:45:11.527 [AsyncHttpClient-1-5] DEBUG org.asynchttpclient.netty.handler.HttpHandler - 

Request DefaultHttpRequest(decodeResult: success, version: HTTP/1.1)
POST /session/86809c9cb53dc19f3b323e1f6f6fbcf4/execute/sync HTTP/1.1
User-Agent: selenium/4.4.0 (java windows)
Content-Length: 176
Content-Type: application/json; charset=utf-8
host: localhost:64405
accept: */*

Response DefaultHttpResponse(decodeResult: success, version: HTTP/1.1)
HTTP/1.1 200 OK
Content-Type: application/json; charset=utf-8
cache-control: no-cache
content-length: 8792

19:45:11.527 [AsyncHttpClient-1-5] DEBUG org.asynchttpclient.netty.channel.ChannelManager - Adding key: http://localhost:64405 for channel [id: 0x467ba2f7, L:/127.0.0.1:64260 - R:localhost/127.0.0.1:64405]
19:45:11.532 [Forwarding getCurrentUrl on session 86809c9cb53dc19f3b323e1f6f6fbcf4 to remote] DEBUG org.asynchttpclient.netty.request.NettyRequestSender - Using pooled Channel '[id: 0x467ba2f7, L:/127.0.0.1:64260 - R:localhost/127.0.0.1:64405]' for 'GET' to 'http://localhost:64405/session/86809c9cb53dc19f3b323e1f6f6fbcf4/url'
19:45:11.532 [Forwarding getCurrentUrl on session 86809c9cb53dc19f3b323e1f6f6fbcf4 to remote] DEBUG org.asynchttpclient.netty.request.NettyRequestSender - Using open Channel [id: 0x467ba2f7, L:/127.0.0.1:64260 - R:localhost/127.0.0.1:64405] for GET '/session/86809c9cb53dc19f3b323e1f6f6fbcf4/url'
19:45:11.535 [AsyncHttpClient-1-5] DEBUG org.asynchttpclient.netty.handler.HttpHandler - 

Request DefaultFullHttpRequest(decodeResult: success, version: HTTP/1.1, content: EmptyByteBufBE)
GET /session/86809c9cb53dc19f3b323e1f6f6fbcf4/url HTTP/1.1
User-Agent: selenium/4.4.0 (java windows)
Cache-Control: no-cache
Content-Type: application/json; charset=utf-8
host: localhost:64405
accept: */*

Response DefaultHttpResponse(decodeResult: success, version: HTTP/1.1)
HTTP/1.1 200 OK
Content-Type: application/json; charset=utf-8
cache-control: no-cache
content-length: 69

19:45:11.535 [AsyncHttpClient-1-5] DEBUG org.asynchttpclient.netty.channel.ChannelManager - Adding key: http://localhost:64405 for channel [id: 0x467ba2f7, L:/127.0.0.1:64260 - R:localhost/127.0.0.1:64405]
19:45:11.541 [Forwarding findElement on session 86809c9cb53dc19f3b323e1f6f6fbcf4 to remote] DEBUG org.asynchttpclient.netty.request.NettyRequestSender - Using pooled Channel '[id: 0x467ba2f7, L:/127.0.0.1:64260 - R:localhost/127.0.0.1:64405]' for 'POST' to 'http://localhost:64405/session/86809c9cb53dc19f3b323e1f6f6fbcf4/element'
19:45:11.541 [Forwarding findElement on session 86809c9cb53dc19f3b323e1f6f6fbcf4 to remote] DEBUG org.asynchttpclient.netty.request.NettyRequestSender - Using open Channel [id: 0x467ba2f7, L:/127.0.0.1:64260 - R:localhost/127.0.0.1:64405] for POST '/session/86809c9cb53dc19f3b323e1f6f6fbcf4/element'
19:45:11.550 [AsyncHttpClient-1-5] DEBUG org.asynchttpclient.netty.handler.HttpHandler - 

Request DefaultHttpRequest(decodeResult: success, version: HTTP/1.1)
POST /session/86809c9cb53dc19f3b323e1f6f6fbcf4/element HTTP/1.1
User-Agent: selenium/4.4.0 (java windows)
Content-Length: 59
Content-Type: application/json; charset=utf-8
host: localhost:64405
accept: */*

Response DefaultHttpResponse(decodeResult: success, version: HTTP/1.1)
HTTP/1.1 200 OK
Content-Type: application/json; charset=utf-8
cache-control: no-cache
content-length: 88

19:45:11.550 [AsyncHttpClient-1-5] DEBUG org.asynchttpclient.netty.channel.ChannelManager - Adding key: http://localhost:64405 for channel [id: 0x467ba2f7, L:/127.0.0.1:64260 - R:localhost/127.0.0.1:64405]
19:45:11.552 [Forwarding isElementDisplayed on session 86809c9cb53dc19f3b323e1f6f6fbcf4 to remote] DEBUG org.asynchttpclient.netty.request.NettyRequestSender - Using pooled Channel '[id: 0x467ba2f7, L:/127.0.0.1:64260 - R:localhost/127.0.0.1:64405]' for 'POST' to 'http://localhost:64405/session/86809c9cb53dc19f3b323e1f6f6fbcf4/execute/sync'
19:45:11.552 [Forwarding isElementDisplayed on session 86809c9cb53dc19f3b323e1f6f6fbcf4 to remote] DEBUG org.asynchttpclient.netty.request.NettyRequestSender - Using open Channel [id: 0x467ba2f7, L:/127.0.0.1:64260 - R:localhost/127.0.0.1:64405] for POST '/session/86809c9cb53dc19f3b323e1f6f6fbcf4/execute/sync'
19:45:11.564 [AsyncHttpClient-1-5] DEBUG org.asynchttpclient.netty.handler.HttpHandler - 

Request DefaultHttpRequest(decodeResult: success, version: HTTP/1.1)
POST /session/86809c9cb53dc19f3b323e1f6f6fbcf4/execute/sync HTTP/1.1
User-Agent: selenium/4.4.0 (java windows)
Content-Length: 48780
Content-Type: application/json; charset=utf-8
host: localhost:64405
accept: */*

Response DefaultHttpResponse(decodeResult: success, version: HTTP/1.1)
HTTP/1.1 200 OK
Content-Type: application/json; charset=utf-8
cache-control: no-cache
content-length: 14

19:45:11.564 [AsyncHttpClient-1-5] DEBUG org.asynchttpclient.netty.channel.ChannelManager - Adding key: http://localhost:64405 for channel [id: 0x467ba2f7, L:/127.0.0.1:64260 - R:localhost/127.0.0.1:64405]
19:45:11.566 [Forwarding clearElement on session 86809c9cb53dc19f3b323e1f6f6fbcf4 to remote] DEBUG org.asynchttpclient.netty.request.NettyRequestSender - Using pooled Channel '[id: 0x467ba2f7, L:/127.0.0.1:64260 - R:localhost/127.0.0.1:64405]' for 'POST' to 'http://localhost:64405/session/86809c9cb53dc19f3b323e1f6f6fbcf4/element/b8f0a6e5-c790-449c-a2cc-99f9da463bfa/clear'
19:45:11.566 [Forwarding clearElement on session 86809c9cb53dc19f3b323e1f6f6fbcf4 to remote] DEBUG org.asynchttpclient.netty.request.NettyRequestSender - Using open Channel [id: 0x467ba2f7, L:/127.0.0.1:64260 - R:localhost/127.0.0.1:64405] for POST '/session/86809c9cb53dc19f3b323e1f6f6fbcf4/element/b8f0a6e5-c790-449c-a2cc-99f9da463bfa/clear'
19:45:11.591 [AsyncHttpClient-1-5] DEBUG org.asynchttpclient.netty.handler.HttpHandler - 

Request DefaultHttpRequest(decodeResult: success, version: HTTP/1.1)
POST /session/86809c9cb53dc19f3b323e1f6f6fbcf4/element/b8f0a6e5-c790-449c-a2cc-99f9da463bfa/clear HTTP/1.1
User-Agent: selenium/4.4.0 (java windows)
Content-Length: 50
Content-Type: application/json; charset=utf-8
host: localhost:64405
accept: */*

Response DefaultHttpResponse(decodeResult: success, version: HTTP/1.1)
HTTP/1.1 200 OK
Content-Type: application/json; charset=utf-8
cache-control: no-cache
content-length: 14

19:45:11.591 [AsyncHttpClient-1-5] DEBUG org.asynchttpclient.netty.channel.ChannelManager - Adding key: http://localhost:64405 for channel [id: 0x467ba2f7, L:/127.0.0.1:64260 - R:localhost/127.0.0.1:64405]
19:45:11.593 [Forwarding sendKeysToElement on session 86809c9cb53dc19f3b323e1f6f6fbcf4 to remote] DEBUG org.asynchttpclient.netty.request.NettyRequestSender - Using pooled Channel '[id: 0x467ba2f7, L:/127.0.0.1:64260 - R:localhost/127.0.0.1:64405]' for 'POST' to 'http://localhost:64405/session/86809c9cb53dc19f3b323e1f6f6fbcf4/element/b8f0a6e5-c790-449c-a2cc-99f9da463bfa/value'
19:45:11.593 [Forwarding sendKeysToElement on session 86809c9cb53dc19f3b323e1f6f6fbcf4 to remote] DEBUG org.asynchttpclient.netty.request.NettyRequestSender - Using open Channel [id: 0x467ba2f7, L:/127.0.0.1:64260 - R:localhost/127.0.0.1:64405] for POST '/session/86809c9cb53dc19f3b323e1f6f6fbcf4/element/b8f0a6e5-c790-449c-a2cc-99f9da463bfa/value'
19:45:11.624 [AsyncHttpClient-1-5] DEBUG org.asynchttpclient.netty.handler.HttpHandler - 

Request DefaultHttpRequest(decodeResult: success, version: HTTP/1.1)
POST /session/86809c9cb53dc19f3b323e1f6f6fbcf4/element/b8f0a6e5-c790-449c-a2cc-99f9da463bfa/value HTTP/1.1
User-Agent: selenium/4.4.0 (java windows)
Content-Length: 161
Content-Type: application/json; charset=utf-8
host: localhost:64405
accept: */*

Response DefaultHttpResponse(decodeResult: success, version: HTTP/1.1)
HTTP/1.1 200 OK
Content-Type: application/json; charset=utf-8
cache-control: no-cache
content-length: 14

19:45:11.624 [AsyncHttpClient-1-5] DEBUG org.asynchttpclient.netty.channel.ChannelManager - Adding key: http://localhost:64405 for channel [id: 0x467ba2f7, L:/127.0.0.1:64260 - R:localhost/127.0.0.1:64405]
19:45:11.629 [Forwarding findElement on session 86809c9cb53dc19f3b323e1f6f6fbcf4 to remote] DEBUG org.asynchttpclient.netty.request.NettyRequestSender - Using pooled Channel '[id: 0x467ba2f7, L:/127.0.0.1:64260 - R:localhost/127.0.0.1:64405]' for 'POST' to 'http://localhost:64405/session/86809c9cb53dc19f3b323e1f6f6fbcf4/element'
19:45:11.629 [Forwarding findElement on session 86809c9cb53dc19f3b323e1f6f6fbcf4 to remote] DEBUG org.asynchttpclient.netty.request.NettyRequestSender - Using open Channel [id: 0x467ba2f7, L:/127.0.0.1:64260 - R:localhost/127.0.0.1:64405] for POST '/session/86809c9cb53dc19f3b323e1f6f6fbcf4/element'
19:45:11.638 [AsyncHttpClient-1-5] DEBUG org.asynchttpclient.netty.handler.HttpHandler - 

Request DefaultHttpRequest(decodeResult: success, version: HTTP/1.1)
POST /session/86809c9cb53dc19f3b323e1f6f6fbcf4/element HTTP/1.1
User-Agent: selenium/4.4.0 (java windows)
Content-Length: 59
Content-Type: application/json; charset=utf-8
host: localhost:64405
accept: */*

Response DefaultHttpResponse(decodeResult: success, version: HTTP/1.1)
HTTP/1.1 200 OK
Content-Type: application/json; charset=utf-8
cache-control: no-cache
content-length: 88

19:45:11.638 [AsyncHttpClient-1-5] DEBUG org.asynchttpclient.netty.channel.ChannelManager - Adding key: http://localhost:64405 for channel [id: 0x467ba2f7, L:/127.0.0.1:64260 - R:localhost/127.0.0.1:64405]
19:45:11.641 [Forwarding isElementDisplayed on session 86809c9cb53dc19f3b323e1f6f6fbcf4 to remote] DEBUG org.asynchttpclient.netty.request.NettyRequestSender - Using pooled Channel '[id: 0x467ba2f7, L:/127.0.0.1:64260 - R:localhost/127.0.0.1:64405]' for 'POST' to 'http://localhost:64405/session/86809c9cb53dc19f3b323e1f6f6fbcf4/execute/sync'
19:45:11.641 [Forwarding isElementDisplayed on session 86809c9cb53dc19f3b323e1f6f6fbcf4 to remote] DEBUG org.asynchttpclient.netty.request.NettyRequestSender - Using open Channel [id: 0x467ba2f7, L:/127.0.0.1:64260 - R:localhost/127.0.0.1:64405] for POST '/session/86809c9cb53dc19f3b323e1f6f6fbcf4/execute/sync'
19:45:11.648 [AsyncHttpClient-1-5] DEBUG org.asynchttpclient.netty.handler.HttpHandler - 

Request DefaultHttpRequest(decodeResult: success, version: HTTP/1.1)
POST /session/86809c9cb53dc19f3b323e1f6f6fbcf4/execute/sync HTTP/1.1
User-Agent: selenium/4.4.0 (java windows)
Content-Length: 48780
Content-Type: application/json; charset=utf-8
host: localhost:64405
accept: */*

Response DefaultHttpResponse(decodeResult: success, version: HTTP/1.1)
HTTP/1.1 200 OK
Content-Type: application/json; charset=utf-8
cache-control: no-cache
content-length: 14

19:45:11.648 [AsyncHttpClient-1-5] DEBUG org.asynchttpclient.netty.channel.ChannelManager - Adding key: http://localhost:64405 for channel [id: 0x467ba2f7, L:/127.0.0.1:64260 - R:localhost/127.0.0.1:64405]
19:45:11.649 [Forwarding clearElement on session 86809c9cb53dc19f3b323e1f6f6fbcf4 to remote] DEBUG org.asynchttpclient.netty.request.NettyRequestSender - Using pooled Channel '[id: 0x467ba2f7, L:/127.0.0.1:64260 - R:localhost/127.0.0.1:64405]' for 'POST' to 'http://localhost:64405/session/86809c9cb53dc19f3b323e1f6f6fbcf4/element/f8950e33-90d6-48cb-8e76-81616158d5fd/clear'
19:45:11.649 [Forwarding clearElement on session 86809c9cb53dc19f3b323e1f6f6fbcf4 to remote] DEBUG org.asynchttpclient.netty.request.NettyRequestSender - Using open Channel [id: 0x467ba2f7, L:/127.0.0.1:64260 - R:localhost/127.0.0.1:64405] for POST '/session/86809c9cb53dc19f3b323e1f6f6fbcf4/element/f8950e33-90d6-48cb-8e76-81616158d5fd/clear'
19:45:11.672 [AsyncHttpClient-1-5] DEBUG org.asynchttpclient.netty.handler.HttpHandler - 

Request DefaultHttpRequest(decodeResult: success, version: HTTP/1.1)
POST /session/86809c9cb53dc19f3b323e1f6f6fbcf4/element/f8950e33-90d6-48cb-8e76-81616158d5fd/clear HTTP/1.1
User-Agent: selenium/4.4.0 (java windows)
Content-Length: 50
Content-Type: application/json; charset=utf-8
host: localhost:64405
accept: */*

Response DefaultHttpResponse(decodeResult: success, version: HTTP/1.1)
HTTP/1.1 200 OK
Content-Type: application/json; charset=utf-8
cache-control: no-cache
content-length: 14

19:45:11.673 [AsyncHttpClient-1-5] DEBUG org.asynchttpclient.netty.channel.ChannelManager - Adding key: http://localhost:64405 for channel [id: 0x467ba2f7, L:/127.0.0.1:64260 - R:localhost/127.0.0.1:64405]
19:45:11.674 [Forwarding sendKeysToElement on session 86809c9cb53dc19f3b323e1f6f6fbcf4 to remote] DEBUG org.asynchttpclient.netty.request.NettyRequestSender - Using pooled Channel '[id: 0x467ba2f7, L:/127.0.0.1:64260 - R:localhost/127.0.0.1:64405]' for 'POST' to 'http://localhost:64405/session/86809c9cb53dc19f3b323e1f6f6fbcf4/element/f8950e33-90d6-48cb-8e76-81616158d5fd/value'
19:45:11.674 [Forwarding sendKeysToElement on session 86809c9cb53dc19f3b323e1f6f6fbcf4 to remote] DEBUG org.asynchttpclient.netty.request.NettyRequestSender - Using open Channel [id: 0x467ba2f7, L:/127.0.0.1:64260 - R:localhost/127.0.0.1:64405] for POST '/session/86809c9cb53dc19f3b323e1f6f6fbcf4/element/f8950e33-90d6-48cb-8e76-81616158d5fd/value'
19:45:11.715 [AsyncHttpClient-1-5] DEBUG org.asynchttpclient.netty.handler.HttpHandler - 

Request DefaultHttpRequest(decodeResult: success, version: HTTP/1.1)
POST /session/86809c9cb53dc19f3b323e1f6f6fbcf4/element/f8950e33-90d6-48cb-8e76-81616158d5fd/value HTTP/1.1
User-Agent: selenium/4.4.0 (java windows)
Content-Length: 261
Content-Type: application/json; charset=utf-8
host: localhost:64405
accept: */*

Response DefaultHttpResponse(decodeResult: success, version: HTTP/1.1)
HTTP/1.1 200 OK
Content-Type: application/json; charset=utf-8
cache-control: no-cache
content-length: 14

19:45:11.716 [AsyncHttpClient-1-5] DEBUG org.asynchttpclient.netty.channel.ChannelManager - Adding key: http://localhost:64405 for channel [id: 0x467ba2f7, L:/127.0.0.1:64260 - R:localhost/127.0.0.1:64405]
19:45:11.720 [Forwarding findElement on session 86809c9cb53dc19f3b323e1f6f6fbcf4 to remote] DEBUG org.asynchttpclient.netty.request.NettyRequestSender - Using pooled Channel '[id: 0x467ba2f7, L:/127.0.0.1:64260 - R:localhost/127.0.0.1:64405]' for 'POST' to 'http://localhost:64405/session/86809c9cb53dc19f3b323e1f6f6fbcf4/element'
19:45:11.720 [Forwarding findElement on session 86809c9cb53dc19f3b323e1f6f6fbcf4 to remote] DEBUG org.asynchttpclient.netty.request.NettyRequestSender - Using open Channel [id: 0x467ba2f7, L:/127.0.0.1:64260 - R:localhost/127.0.0.1:64405] for POST '/session/86809c9cb53dc19f3b323e1f6f6fbcf4/element'
19:45:11.729 [AsyncHttpClient-1-5] DEBUG org.asynchttpclient.netty.handler.HttpHandler - 

Request DefaultHttpRequest(decodeResult: success, version: HTTP/1.1)
POST /session/86809c9cb53dc19f3b323e1f6f6fbcf4/element HTTP/1.1
User-Agent: selenium/4.4.0 (java windows)
Content-Length: 56
Content-Type: application/json; charset=utf-8
host: localhost:64405
accept: */*

Response DefaultHttpResponse(decodeResult: success, version: HTTP/1.1)
HTTP/1.1 200 OK
Content-Type: application/json; charset=utf-8
cache-control: no-cache
content-length: 88

19:45:11.729 [AsyncHttpClient-1-5] DEBUG org.asynchttpclient.netty.channel.ChannelManager - Adding key: http://localhost:64405 for channel [id: 0x467ba2f7, L:/127.0.0.1:64260 - R:localhost/127.0.0.1:64405]
19:45:11.733 [Forwarding isElementDisplayed on session 86809c9cb53dc19f3b323e1f6f6fbcf4 to remote] DEBUG org.asynchttpclient.netty.request.NettyRequestSender - Using pooled Channel '[id: 0x467ba2f7, L:/127.0.0.1:64260 - R:localhost/127.0.0.1:64405]' for 'POST' to 'http://localhost:64405/session/86809c9cb53dc19f3b323e1f6f6fbcf4/execute/sync'
19:45:11.733 [Forwarding isElementDisplayed on session 86809c9cb53dc19f3b323e1f6f6fbcf4 to remote] DEBUG org.asynchttpclient.netty.request.NettyRequestSender - Using open Channel [id: 0x467ba2f7, L:/127.0.0.1:64260 - R:localhost/127.0.0.1:64405] for POST '/session/86809c9cb53dc19f3b323e1f6f6fbcf4/execute/sync'
19:45:11.743 [AsyncHttpClient-1-5] DEBUG org.asynchttpclient.netty.handler.HttpHandler - 

Request DefaultHttpRequest(decodeResult: success, version: HTTP/1.1)
POST /session/86809c9cb53dc19f3b323e1f6f6fbcf4/execute/sync HTTP/1.1
User-Agent: selenium/4.4.0 (java windows)
Content-Length: 48780
Content-Type: application/json; charset=utf-8
host: localhost:64405
accept: */*

Response DefaultHttpResponse(decodeResult: success, version: HTTP/1.1)
HTTP/1.1 200 OK
Content-Type: application/json; charset=utf-8
cache-control: no-cache
content-length: 14

19:45:11.743 [AsyncHttpClient-1-5] DEBUG org.asynchttpclient.netty.channel.ChannelManager - Adding key: http://localhost:64405 for channel [id: 0x467ba2f7, L:/127.0.0.1:64260 - R:localhost/127.0.0.1:64405]
19:45:11.744 [Forwarding getElementTagName on session 86809c9cb53dc19f3b323e1f6f6fbcf4 to remote] DEBUG org.asynchttpclient.netty.request.NettyRequestSender - Using pooled Channel '[id: 0x467ba2f7, L:/127.0.0.1:64260 - R:localhost/127.0.0.1:64405]' for 'GET' to 'http://localhost:64405/session/86809c9cb53dc19f3b323e1f6f6fbcf4/element/4c6e077b-c8a9-4848-9abf-6a6f88e4af43/name'
19:45:11.744 [Forwarding getElementTagName on session 86809c9cb53dc19f3b323e1f6f6fbcf4 to remote] DEBUG org.asynchttpclient.netty.request.NettyRequestSender - Using open Channel [id: 0x467ba2f7, L:/127.0.0.1:64260 - R:localhost/127.0.0.1:64405] for GET '/session/86809c9cb53dc19f3b323e1f6f6fbcf4/element/4c6e077b-c8a9-4848-9abf-6a6f88e4af43/name'
19:45:11.749 [AsyncHttpClient-1-5] DEBUG org.asynchttpclient.netty.handler.HttpHandler - 

Request DefaultFullHttpRequest(decodeResult: success, version: HTTP/1.1, content: EmptyByteBufBE)
GET /session/86809c9cb53dc19f3b323e1f6f6fbcf4/element/4c6e077b-c8a9-4848-9abf-6a6f88e4af43/name HTTP/1.1
User-Agent: selenium/4.4.0 (java windows)
Cache-Control: no-cache
Content-Type: application/json; charset=utf-8
host: localhost:64405
accept: */*

Response DefaultHttpResponse(decodeResult: success, version: HTTP/1.1)
HTTP/1.1 200 OK
Content-Type: application/json; charset=utf-8
cache-control: no-cache
content-length: 18

19:45:11.749 [AsyncHttpClient-1-5] DEBUG org.asynchttpclient.netty.channel.ChannelManager - Adding key: http://localhost:64405 for channel [id: 0x467ba2f7, L:/127.0.0.1:64260 - R:localhost/127.0.0.1:64405]
19:45:11.750 [Forwarding getElementTagName on session 86809c9cb53dc19f3b323e1f6f6fbcf4 to remote] DEBUG org.asynchttpclient.netty.request.NettyRequestSender - Using pooled Channel '[id: 0x467ba2f7, L:/127.0.0.1:64260 - R:localhost/127.0.0.1:64405]' for 'GET' to 'http://localhost:64405/session/86809c9cb53dc19f3b323e1f6f6fbcf4/element/4c6e077b-c8a9-4848-9abf-6a6f88e4af43/name'
19:45:11.750 [Forwarding getElementTagName on session 86809c9cb53dc19f3b323e1f6f6fbcf4 to remote] DEBUG org.asynchttpclient.netty.request.NettyRequestSender - Using open Channel [id: 0x467ba2f7, L:/127.0.0.1:64260 - R:localhost/127.0.0.1:64405] for GET '/session/86809c9cb53dc19f3b323e1f6f6fbcf4/element/4c6e077b-c8a9-4848-9abf-6a6f88e4af43/name'
19:45:11.755 [AsyncHttpClient-1-5] DEBUG org.asynchttpclient.netty.handler.HttpHandler - 

Request DefaultFullHttpRequest(decodeResult: success, version: HTTP/1.1, content: EmptyByteBufBE)
GET /session/86809c9cb53dc19f3b323e1f6f6fbcf4/element/4c6e077b-c8a9-4848-9abf-6a6f88e4af43/name HTTP/1.1
User-Agent: selenium/4.4.0 (java windows)
Cache-Control: no-cache
Content-Type: application/json; charset=utf-8
host: localhost:64405
accept: */*

Response DefaultHttpResponse(decodeResult: success, version: HTTP/1.1)
HTTP/1.1 200 OK
Content-Type: application/json; charset=utf-8
cache-control: no-cache
content-length: 18

19:45:11.755 [AsyncHttpClient-1-5] DEBUG org.asynchttpclient.netty.channel.ChannelManager - Adding key: http://localhost:64405 for channel [id: 0x467ba2f7, L:/127.0.0.1:64260 - R:localhost/127.0.0.1:64405]
19:45:11.757 [Forwarding isElementEnabled on session 86809c9cb53dc19f3b323e1f6f6fbcf4 to remote] DEBUG org.asynchttpclient.netty.request.NettyRequestSender - Using pooled Channel '[id: 0x467ba2f7, L:/127.0.0.1:64260 - R:localhost/127.0.0.1:64405]' for 'GET' to 'http://localhost:64405/session/86809c9cb53dc19f3b323e1f6f6fbcf4/element/4c6e077b-c8a9-4848-9abf-6a6f88e4af43/enabled'
19:45:11.757 [Forwarding isElementEnabled on session 86809c9cb53dc19f3b323e1f6f6fbcf4 to remote] DEBUG org.asynchttpclient.netty.request.NettyRequestSender - Using open Channel [id: 0x467ba2f7, L:/127.0.0.1:64260 - R:localhost/127.0.0.1:64405] for GET '/session/86809c9cb53dc19f3b323e1f6f6fbcf4/element/4c6e077b-c8a9-4848-9abf-6a6f88e4af43/enabled'
19:45:11.764 [AsyncHttpClient-1-5] DEBUG org.asynchttpclient.netty.handler.HttpHandler - 

Request DefaultFullHttpRequest(decodeResult: success, version: HTTP/1.1, content: EmptyByteBufBE)
GET /session/86809c9cb53dc19f3b323e1f6f6fbcf4/element/4c6e077b-c8a9-4848-9abf-6a6f88e4af43/enabled HTTP/1.1
User-Agent: selenium/4.4.0 (java windows)
Cache-Control: no-cache
Content-Type: application/json; charset=utf-8
host: localhost:64405
accept: */*

Response DefaultHttpResponse(decodeResult: success, version: HTTP/1.1)
HTTP/1.1 200 OK
Content-Type: application/json; charset=utf-8
cache-control: no-cache
content-length: 14

19:45:11.764 [AsyncHttpClient-1-5] DEBUG org.asynchttpclient.netty.channel.ChannelManager - Adding key: http://localhost:64405 for channel [id: 0x467ba2f7, L:/127.0.0.1:64260 - R:localhost/127.0.0.1:64405]
19:45:11.765 [Forwarding isElementEnabled on session 86809c9cb53dc19f3b323e1f6f6fbcf4 to remote] DEBUG org.asynchttpclient.netty.request.NettyRequestSender - Using pooled Channel '[id: 0x467ba2f7, L:/127.0.0.1:64260 - R:localhost/127.0.0.1:64405]' for 'GET' to 'http://localhost:64405/session/86809c9cb53dc19f3b323e1f6f6fbcf4/element/4c6e077b-c8a9-4848-9abf-6a6f88e4af43/enabled'
19:45:11.765 [Forwarding isElementEnabled on session 86809c9cb53dc19f3b323e1f6f6fbcf4 to remote] DEBUG org.asynchttpclient.netty.request.NettyRequestSender - Using open Channel [id: 0x467ba2f7, L:/127.0.0.1:64260 - R:localhost/127.0.0.1:64405] for GET '/session/86809c9cb53dc19f3b323e1f6f6fbcf4/element/4c6e077b-c8a9-4848-9abf-6a6f88e4af43/enabled'
19:45:11.771 [AsyncHttpClient-1-5] DEBUG org.asynchttpclient.netty.handler.HttpHandler - 

Request DefaultFullHttpRequest(decodeResult: success, version: HTTP/1.1, content: EmptyByteBufBE)
GET /session/86809c9cb53dc19f3b323e1f6f6fbcf4/element/4c6e077b-c8a9-4848-9abf-6a6f88e4af43/enabled HTTP/1.1
User-Agent: selenium/4.4.0 (java windows)
Cache-Control: no-cache
Content-Type: application/json; charset=utf-8
host: localhost:64405
accept: */*

Response DefaultHttpResponse(decodeResult: success, version: HTTP/1.1)
HTTP/1.1 200 OK
Content-Type: application/json; charset=utf-8
cache-control: no-cache
content-length: 14

19:45:11.771 [AsyncHttpClient-1-5] DEBUG org.asynchttpclient.netty.channel.ChannelManager - Adding key: http://localhost:64405 for channel [id: 0x467ba2f7, L:/127.0.0.1:64260 - R:localhost/127.0.0.1:64405]
19:45:11.774 [Forwarding findElement on session 86809c9cb53dc19f3b323e1f6f6fbcf4 to remote] DEBUG org.asynchttpclient.netty.request.NettyRequestSender - Using pooled Channel '[id: 0x467ba2f7, L:/127.0.0.1:64260 - R:localhost/127.0.0.1:64405]' for 'POST' to 'http://localhost:64405/session/86809c9cb53dc19f3b323e1f6f6fbcf4/element'
19:45:11.774 [Forwarding findElement on session 86809c9cb53dc19f3b323e1f6f6fbcf4 to remote] DEBUG org.asynchttpclient.netty.request.NettyRequestSender - Using open Channel [id: 0x467ba2f7, L:/127.0.0.1:64260 - R:localhost/127.0.0.1:64405] for POST '/session/86809c9cb53dc19f3b323e1f6f6fbcf4/element'
19:45:11.781 [AsyncHttpClient-1-5] DEBUG org.asynchttpclient.netty.handler.HttpHandler - 

Request DefaultHttpRequest(decodeResult: success, version: HTTP/1.1)
POST /session/86809c9cb53dc19f3b323e1f6f6fbcf4/element HTTP/1.1
User-Agent: selenium/4.4.0 (java windows)
Content-Length: 56
Content-Type: application/json; charset=utf-8
host: localhost:64405
accept: */*

Response DefaultHttpResponse(decodeResult: success, version: HTTP/1.1)
HTTP/1.1 200 OK
Content-Type: application/json; charset=utf-8
cache-control: no-cache
content-length: 88

19:45:11.782 [AsyncHttpClient-1-5] DEBUG org.asynchttpclient.netty.channel.ChannelManager - Adding key: http://localhost:64405 for channel [id: 0x467ba2f7, L:/127.0.0.1:64260 - R:localhost/127.0.0.1:64405]
19:45:11.784 [Forwarding isElementDisplayed on session 86809c9cb53dc19f3b323e1f6f6fbcf4 to remote] DEBUG org.asynchttpclient.netty.request.NettyRequestSender - Using pooled Channel '[id: 0x467ba2f7, L:/127.0.0.1:64260 - R:localhost/127.0.0.1:64405]' for 'POST' to 'http://localhost:64405/session/86809c9cb53dc19f3b323e1f6f6fbcf4/execute/sync'
19:45:11.784 [Forwarding isElementDisplayed on session 86809c9cb53dc19f3b323e1f6f6fbcf4 to remote] DEBUG org.asynchttpclient.netty.request.NettyRequestSender - Using open Channel [id: 0x467ba2f7, L:/127.0.0.1:64260 - R:localhost/127.0.0.1:64405] for POST '/session/86809c9cb53dc19f3b323e1f6f6fbcf4/execute/sync'
19:45:11.794 [AsyncHttpClient-1-5] DEBUG org.asynchttpclient.netty.handler.HttpHandler - 

Request DefaultHttpRequest(decodeResult: success, version: HTTP/1.1)
POST /session/86809c9cb53dc19f3b323e1f6f6fbcf4/execute/sync HTTP/1.1
User-Agent: selenium/4.4.0 (java windows)
Content-Length: 48780
Content-Type: application/json; charset=utf-8
host: localhost:64405
accept: */*

Response DefaultHttpResponse(decodeResult: success, version: HTTP/1.1)
HTTP/1.1 200 OK
Content-Type: application/json; charset=utf-8
cache-control: no-cache
content-length: 14

19:45:11.794 [AsyncHttpClient-1-5] DEBUG org.asynchttpclient.netty.channel.ChannelManager - Adding key: http://localhost:64405 for channel [id: 0x467ba2f7, L:/127.0.0.1:64260 - R:localhost/127.0.0.1:64405]
19:45:11.795 [Forwarding clickElement on session 86809c9cb53dc19f3b323e1f6f6fbcf4 to remote] DEBUG org.asynchttpclient.netty.request.NettyRequestSender - Using pooled Channel '[id: 0x467ba2f7, L:/127.0.0.1:64260 - R:localhost/127.0.0.1:64405]' for 'POST' to 'http://localhost:64405/session/86809c9cb53dc19f3b323e1f6f6fbcf4/element/4c6e077b-c8a9-4848-9abf-6a6f88e4af43/click'
19:45:11.795 [Forwarding clickElement on session 86809c9cb53dc19f3b323e1f6f6fbcf4 to remote] DEBUG org.asynchttpclient.netty.request.NettyRequestSender - Using open Channel [id: 0x467ba2f7, L:/127.0.0.1:64260 - R:localhost/127.0.0.1:64405] for POST '/session/86809c9cb53dc19f3b323e1f6f6fbcf4/element/4c6e077b-c8a9-4848-9abf-6a6f88e4af43/click'
19:45:12.075 [AsyncHttpClient-1-5] DEBUG org.asynchttpclient.netty.handler.HttpHandler - 

Request DefaultHttpRequest(decodeResult: success, version: HTTP/1.1)
POST /session/86809c9cb53dc19f3b323e1f6f6fbcf4/element/4c6e077b-c8a9-4848-9abf-6a6f88e4af43/click HTTP/1.1
User-Agent: selenium/4.4.0 (java windows)
Content-Length: 50
Content-Type: application/json; charset=utf-8
host: localhost:64405
accept: */*

Response DefaultHttpResponse(decodeResult: success, version: HTTP/1.1)
HTTP/1.1 200 OK
Content-Type: application/json; charset=utf-8
cache-control: no-cache
content-length: 14

19:45:12.075 [AsyncHttpClient-1-5] DEBUG org.asynchttpclient.netty.channel.ChannelManager - Adding key: http://localhost:64405 for channel [id: 0x467ba2f7, L:/127.0.0.1:64260 - R:localhost/127.0.0.1:64405]
19:45:12.083 [Forwarding getCurrentWindowHandle on session 86809c9cb53dc19f3b323e1f6f6fbcf4 to remote] DEBUG org.asynchttpclient.netty.request.NettyRequestSender - Using pooled Channel '[id: 0x467ba2f7, L:/127.0.0.1:64260 - R:localhost/127.0.0.1:64405]' for 'GET' to 'http://localhost:64405/session/86809c9cb53dc19f3b323e1f6f6fbcf4/window'
19:45:12.083 [Forwarding getCurrentWindowHandle on session 86809c9cb53dc19f3b323e1f6f6fbcf4 to remote] DEBUG org.asynchttpclient.netty.request.NettyRequestSender - Using open Channel [id: 0x467ba2f7, L:/127.0.0.1:64260 - R:localhost/127.0.0.1:64405] for GET '/session/86809c9cb53dc19f3b323e1f6f6fbcf4/window'
19:45:12.084 [AsyncHttpClient-1-5] DEBUG org.asynchttpclient.netty.handler.HttpHandler - 

Request DefaultFullHttpRequest(decodeResult: success, version: HTTP/1.1, content: EmptyByteBufBE)
GET /session/86809c9cb53dc19f3b323e1f6f6fbcf4/window HTTP/1.1
User-Agent: selenium/4.4.0 (java windows)
Cache-Control: no-cache
Content-Type: application/json; charset=utf-8
host: localhost:64405
accept: */*

Response DefaultHttpResponse(decodeResult: success, version: HTTP/1.1)
HTTP/1.1 200 OK
Content-Type: application/json; charset=utf-8
cache-control: no-cache
content-length: 53

19:45:12.084 [AsyncHttpClient-1-5] DEBUG org.asynchttpclient.netty.channel.ChannelManager - Adding key: http://localhost:64405 for channel [id: 0x467ba2f7, L:/127.0.0.1:64260 - R:localhost/127.0.0.1:64405]
19:45:12.085 [Forwarding getAlertText on session 86809c9cb53dc19f3b323e1f6f6fbcf4 to remote] DEBUG org.asynchttpclient.netty.request.NettyRequestSender - Using pooled Channel '[id: 0x467ba2f7, L:/127.0.0.1:64260 - R:localhost/127.0.0.1:64405]' for 'GET' to 'http://localhost:64405/session/86809c9cb53dc19f3b323e1f6f6fbcf4/alert/text'
19:45:12.085 [Forwarding getAlertText on session 86809c9cb53dc19f3b323e1f6f6fbcf4 to remote] DEBUG org.asynchttpclient.netty.request.NettyRequestSender - Using open Channel [id: 0x467ba2f7, L:/127.0.0.1:64260 - R:localhost/127.0.0.1:64405] for GET '/session/86809c9cb53dc19f3b323e1f6f6fbcf4/alert/text'
19:45:12.103 [AsyncHttpClient-1-5] DEBUG org.asynchttpclient.netty.handler.HttpHandler - 

Request DefaultFullHttpRequest(decodeResult: success, version: HTTP/1.1, content: EmptyByteBufBE)
GET /session/86809c9cb53dc19f3b323e1f6f6fbcf4/alert/text HTTP/1.1
User-Agent: selenium/4.4.0 (java windows)
Cache-Control: no-cache
Content-Type: application/json; charset=utf-8
host: localhost:64405
accept: */*

Response DefaultHttpResponse(decodeResult: success, version: HTTP/1.1)
HTTP/1.1 404 Not Found
Content-Type: application/json; charset=utf-8
cache-control: no-cache
content-length: 815

19:45:12.103 [AsyncHttpClient-1-5] DEBUG org.asynchttpclient.netty.channel.ChannelManager - Adding key: http://localhost:64405 for channel [id: 0x467ba2f7, L:/127.0.0.1:64260 - R:localhost/127.0.0.1:64405]
19:45:12.105 [Forwarding switchToWindow on session 86809c9cb53dc19f3b323e1f6f6fbcf4 to remote] DEBUG org.asynchttpclient.netty.request.NettyRequestSender - Using pooled Channel '[id: 0x467ba2f7, L:/127.0.0.1:64260 - R:localhost/127.0.0.1:64405]' for 'POST' to 'http://localhost:64405/session/86809c9cb53dc19f3b323e1f6f6fbcf4/window'
19:45:12.105 [Forwarding switchToWindow on session 86809c9cb53dc19f3b323e1f6f6fbcf4 to remote] DEBUG org.asynchttpclient.netty.request.NettyRequestSender - Using open Channel [id: 0x467ba2f7, L:/127.0.0.1:64260 - R:localhost/127.0.0.1:64405] for POST '/session/86809c9cb53dc19f3b323e1f6f6fbcf4/window'
19:45:12.107 [AsyncHttpClient-1-5] DEBUG org.asynchttpclient.netty.handler.HttpHandler - 

Request DefaultHttpRequest(decodeResult: success, version: HTTP/1.1)
POST /session/86809c9cb53dc19f3b323e1f6f6fbcf4/window HTTP/1.1
User-Agent: selenium/4.4.0 (java windows)
Content-Length: 59
Content-Type: application/json; charset=utf-8
host: localhost:64405
accept: */*

Response DefaultHttpResponse(decodeResult: success, version: HTTP/1.1)
HTTP/1.1 200 OK
Content-Type: application/json; charset=utf-8
cache-control: no-cache
content-length: 14

19:45:12.107 [AsyncHttpClient-1-5] DEBUG org.asynchttpclient.netty.channel.ChannelManager - Adding key: http://localhost:64405 for channel [id: 0x467ba2f7, L:/127.0.0.1:64260 - R:localhost/127.0.0.1:64405]
19:45:12.108 [Forwarding getCurrentUrl on session 86809c9cb53dc19f3b323e1f6f6fbcf4 to remote] DEBUG org.asynchttpclient.netty.request.NettyRequestSender - Using pooled Channel '[id: 0x467ba2f7, L:/127.0.0.1:64260 - R:localhost/127.0.0.1:64405]' for 'GET' to 'http://localhost:64405/session/86809c9cb53dc19f3b323e1f6f6fbcf4/url'
19:45:12.108 [Forwarding getCurrentUrl on session 86809c9cb53dc19f3b323e1f6f6fbcf4 to remote] DEBUG org.asynchttpclient.netty.request.NettyRequestSender - Using open Channel [id: 0x467ba2f7, L:/127.0.0.1:64260 - R:localhost/127.0.0.1:64405] for GET '/session/86809c9cb53dc19f3b323e1f6f6fbcf4/url'
19:45:12.110 [AsyncHttpClient-1-5] DEBUG org.asynchttpclient.netty.handler.HttpHandler - 

Request DefaultFullHttpRequest(decodeResult: success, version: HTTP/1.1, content: EmptyByteBufBE)
GET /session/86809c9cb53dc19f3b323e1f6f6fbcf4/url HTTP/1.1
User-Agent: selenium/4.4.0 (java windows)
Cache-Control: no-cache
Content-Type: application/json; charset=utf-8
host: localhost:64405
accept: */*

Response DefaultHttpResponse(decodeResult: success, version: HTTP/1.1)
HTTP/1.1 200 OK
Content-Type: application/json; charset=utf-8
cache-control: no-cache
content-length: 64

19:45:12.110 [AsyncHttpClient-1-5] DEBUG org.asynchttpclient.netty.channel.ChannelManager - Adding key: http://localhost:64405 for channel [id: 0x467ba2f7, L:/127.0.0.1:64260 - R:localhost/127.0.0.1:64405]
19:45:12.110 [Forwarding screenshot on session 86809c9cb53dc19f3b323e1f6f6fbcf4 to remote] DEBUG org.asynchttpclient.netty.request.NettyRequestSender - Using pooled Channel '[id: 0x467ba2f7, L:/127.0.0.1:64260 - R:localhost/127.0.0.1:64405]' for 'GET' to 'http://localhost:64405/session/86809c9cb53dc19f3b323e1f6f6fbcf4/screenshot'
19:45:12.111 [Forwarding screenshot on session 86809c9cb53dc19f3b323e1f6f6fbcf4 to remote] DEBUG org.asynchttpclient.netty.request.NettyRequestSender - Using open Channel [id: 0x467ba2f7, L:/127.0.0.1:64260 - R:localhost/127.0.0.1:64405] for GET '/session/86809c9cb53dc19f3b323e1f6f6fbcf4/screenshot'
19:45:12.167 [AsyncHttpClient-1-1] DEBUG org.asynchttpclient.netty.channel.DefaultChannelPool - Entry count for : http://localhost:64261 : 1
19:45:12.355 [AsyncHttpClient-1-5] DEBUG org.asynchttpclient.netty.handler.HttpHandler - 

Request DefaultFullHttpRequest(decodeResult: success, version: HTTP/1.1, content: EmptyByteBufBE)
GET /session/86809c9cb53dc19f3b323e1f6f6fbcf4/screenshot HTTP/1.1
User-Agent: selenium/4.4.0 (java windows)
Cache-Control: no-cache
Content-Type: application/json; charset=utf-8
host: localhost:64405
accept: */*

Response DefaultHttpResponse(decodeResult: success, version: HTTP/1.1)
HTTP/1.1 200 OK
Content-Type: application/json; charset=utf-8
cache-control: no-cache
content-length: 19924

19:45:12.355 [AsyncHttpClient-1-5] DEBUG org.asynchttpclient.netty.channel.ChannelManager - Adding key: http://localhost:64405 for channel [id: 0x467ba2f7, L:/127.0.0.1:64260 - R:localhost/127.0.0.1:64405]
19:45:12.357 [main] DEBUG net.serenitybdd.core.photography.Darkroom - Send negative for processing for target\site\serenity\8cc0b6ccfbcedea41eb2eb7fda42e6d0b4a105268d45cb9d9285d38c2ed81a20.png
19:45:12.357 [Darkroom Processing Line] DEBUG net.serenitybdd.core.photography.DarkroomProcessingLine - Processing screenshot image in /var/screenshots/screenshot-6157806834489509312
19:45:12.357 [Darkroom Processing Line] DEBUG net.serenitybdd.core.photography.DarkroomProcessingLine - Saving screenshot to target\site\serenity\8cc0b6ccfbcedea41eb2eb7fda42e6d0b4a105268d45cb9d9285d38c2ed81a20.png
19:45:12.362 [Forwarding getPageSource on session 86809c9cb53dc19f3b323e1f6f6fbcf4 to remote] DEBUG org.asynchttpclient.netty.request.NettyRequestSender - Using pooled Channel '[id: 0x467ba2f7, L:/127.0.0.1:64260 - R:localhost/127.0.0.1:64405]' for 'POST' to 'http://localhost:64405/session/86809c9cb53dc19f3b323e1f6f6fbcf4/execute/sync'
19:45:12.362 [Forwarding getPageSource on session 86809c9cb53dc19f3b323e1f6f6fbcf4 to remote] DEBUG org.asynchttpclient.netty.request.NettyRequestSender - Using open Channel [id: 0x467ba2f7, L:/127.0.0.1:64260 - R:localhost/127.0.0.1:64405] for POST '/session/86809c9cb53dc19f3b323e1f6f6fbcf4/execute/sync'
19:45:12.365 [AsyncHttpClient-1-5] DEBUG org.asynchttpclient.netty.handler.HttpHandler - 

Request DefaultHttpRequest(decodeResult: success, version: HTTP/1.1)
POST /session/86809c9cb53dc19f3b323e1f6f6fbcf4/execute/sync HTTP/1.1
User-Agent: selenium/4.4.0 (java windows)
Content-Length: 176
Content-Type: application/json; charset=utf-8
host: localhost:64405
accept: */*

Response DefaultHttpResponse(decodeResult: success, version: HTTP/1.1)
HTTP/1.1 200 OK
Content-Type: application/json; charset=utf-8
cache-control: no-cache
content-length: 9968

19:45:12.365 [AsyncHttpClient-1-5] DEBUG org.asynchttpclient.netty.channel.ChannelManager - Adding key: http://localhost:64405 for channel [id: 0x467ba2f7, L:/127.0.0.1:64260 - R:localhost/127.0.0.1:64405]
19:45:12.370 [Forwarding getCurrentUrl on session 86809c9cb53dc19f3b323e1f6f6fbcf4 to remote] DEBUG org.asynchttpclient.netty.request.NettyRequestSender - Using pooled Channel '[id: 0x467ba2f7, L:/127.0.0.1:64260 - R:localhost/127.0.0.1:64405]' for 'GET' to 'http://localhost:64405/session/86809c9cb53dc19f3b323e1f6f6fbcf4/url'
19:45:12.370 [Forwarding getCurrentUrl on session 86809c9cb53dc19f3b323e1f6f6fbcf4 to remote] DEBUG org.asynchttpclient.netty.request.NettyRequestSender - Using open Channel [id: 0x467ba2f7, L:/127.0.0.1:64260 - R:localhost/127.0.0.1:64405] for GET '/session/86809c9cb53dc19f3b323e1f6f6fbcf4/url'
19:45:12.372 [AsyncHttpClient-1-5] DEBUG org.asynchttpclient.netty.handler.HttpHandler - 

Request DefaultFullHttpRequest(decodeResult: success, version: HTTP/1.1, content: EmptyByteBufBE)
GET /session/86809c9cb53dc19f3b323e1f6f6fbcf4/url HTTP/1.1
User-Agent: selenium/4.4.0 (java windows)
Cache-Control: no-cache
Content-Type: application/json; charset=utf-8
host: localhost:64405
accept: */*

Response DefaultHttpResponse(decodeResult: success, version: HTTP/1.1)
HTTP/1.1 200 OK
Content-Type: application/json; charset=utf-8
cache-control: no-cache
content-length: 64

19:45:12.372 [AsyncHttpClient-1-5] DEBUG org.asynchttpclient.netty.channel.ChannelManager - Adding key: http://localhost:64405 for channel [id: 0x467ba2f7, L:/127.0.0.1:64260 - R:localhost/127.0.0.1:64405]
19:45:12.378 [Forwarding setTimeout on session 86809c9cb53dc19f3b323e1f6f6fbcf4 to remote] DEBUG org.asynchttpclient.netty.request.NettyRequestSender - Using pooled Channel '[id: 0x467ba2f7, L:/127.0.0.1:64260 - R:localhost/127.0.0.1:64405]' for 'POST' to 'http://localhost:64405/session/86809c9cb53dc19f3b323e1f6f6fbcf4/timeouts'
19:45:12.378 [Forwarding setTimeout on session 86809c9cb53dc19f3b323e1f6f6fbcf4 to remote] DEBUG org.asynchttpclient.netty.request.NettyRequestSender - Using open Channel [id: 0x467ba2f7, L:/127.0.0.1:64260 - R:localhost/127.0.0.1:64405] for POST '/session/86809c9cb53dc19f3b323e1f6f6fbcf4/timeouts'
19:45:12.378 [AsyncHttpClient-1-5] DEBUG org.asynchttpclient.netty.handler.HttpHandler - 

Request DefaultHttpRequest(decodeResult: success, version: HTTP/1.1)
POST /session/86809c9cb53dc19f3b323e1f6f6fbcf4/timeouts HTTP/1.1
User-Agent: selenium/4.4.0 (java windows)
Content-Length: 19
Content-Type: application/json; charset=utf-8
host: localhost:64405
accept: */*

Response DefaultHttpResponse(decodeResult: success, version: HTTP/1.1)
HTTP/1.1 200 OK
Content-Type: application/json; charset=utf-8
cache-control: no-cache
content-length: 14

19:45:12.379 [AsyncHttpClient-1-5] DEBUG org.asynchttpclient.netty.channel.ChannelManager - Adding key: http://localhost:64405 for channel [id: 0x467ba2f7, L:/127.0.0.1:64260 - R:localhost/127.0.0.1:64405]
19:45:12.380 [Forwarding findElement on session 86809c9cb53dc19f3b323e1f6f6fbcf4 to remote] DEBUG org.asynchttpclient.netty.request.NettyRequestSender - Using pooled Channel '[id: 0x467ba2f7, L:/127.0.0.1:64260 - R:localhost/127.0.0.1:64405]' for 'POST' to 'http://localhost:64405/session/86809c9cb53dc19f3b323e1f6f6fbcf4/element'
19:45:12.380 [Forwarding findElement on session 86809c9cb53dc19f3b323e1f6f6fbcf4 to remote] DEBUG org.asynchttpclient.netty.request.NettyRequestSender - Using open Channel [id: 0x467ba2f7, L:/127.0.0.1:64260 - R:localhost/127.0.0.1:64405] for POST '/session/86809c9cb53dc19f3b323e1f6f6fbcf4/element'
19:45:12.389 [AsyncHttpClient-1-5] DEBUG org.asynchttpclient.netty.handler.HttpHandler - 

Request DefaultHttpRequest(decodeResult: success, version: HTTP/1.1)
POST /session/86809c9cb53dc19f3b323e1f6f6fbcf4/element HTTP/1.1
User-Agent: selenium/4.4.0 (java windows)
Content-Length: 69
Content-Type: application/json; charset=utf-8
host: localhost:64405
accept: */*

Response DefaultHttpResponse(decodeResult: success, version: HTTP/1.1)
HTTP/1.1 200 OK
Content-Type: application/json; charset=utf-8
cache-control: no-cache
content-length: 88

19:45:12.389 [AsyncHttpClient-1-5] DEBUG org.asynchttpclient.netty.channel.ChannelManager - Adding key: http://localhost:64405 for channel [id: 0x467ba2f7, L:/127.0.0.1:64260 - R:localhost/127.0.0.1:64405]
19:45:12.390 [Forwarding setTimeout on session 86809c9cb53dc19f3b323e1f6f6fbcf4 to remote] DEBUG org.asynchttpclient.netty.request.NettyRequestSender - Using pooled Channel '[id: 0x467ba2f7, L:/127.0.0.1:64260 - R:localhost/127.0.0.1:64405]' for 'POST' to 'http://localhost:64405/session/86809c9cb53dc19f3b323e1f6f6fbcf4/timeouts'
19:45:12.390 [Forwarding setTimeout on session 86809c9cb53dc19f3b323e1f6f6fbcf4 to remote] DEBUG org.asynchttpclient.netty.request.NettyRequestSender - Using open Channel [id: 0x467ba2f7, L:/127.0.0.1:64260 - R:localhost/127.0.0.1:64405] for POST '/session/86809c9cb53dc19f3b323e1f6f6fbcf4/timeouts'
19:45:12.391 [AsyncHttpClient-1-5] DEBUG org.asynchttpclient.netty.handler.HttpHandler - 

Request DefaultHttpRequest(decodeResult: success, version: HTTP/1.1)
POST /session/86809c9cb53dc19f3b323e1f6f6fbcf4/timeouts HTTP/1.1
User-Agent: selenium/4.4.0 (java windows)
Content-Length: 22
Content-Type: application/json; charset=utf-8
host: localhost:64405
accept: */*

Response DefaultHttpResponse(decodeResult: success, version: HTTP/1.1)
HTTP/1.1 200 OK
Content-Type: application/json; charset=utf-8
cache-control: no-cache
content-length: 14

19:45:12.391 [AsyncHttpClient-1-5] DEBUG org.asynchttpclient.netty.channel.ChannelManager - Adding key: http://localhost:64405 for channel [id: 0x467ba2f7, L:/127.0.0.1:64260 - R:localhost/127.0.0.1:64405]
19:45:12.393 [Forwarding isElementDisplayed on session 86809c9cb53dc19f3b323e1f6f6fbcf4 to remote] DEBUG org.asynchttpclient.netty.request.NettyRequestSender - Using pooled Channel '[id: 0x467ba2f7, L:/127.0.0.1:64260 - R:localhost/127.0.0.1:64405]' for 'POST' to 'http://localhost:64405/session/86809c9cb53dc19f3b323e1f6f6fbcf4/execute/sync'
19:45:12.393 [Forwarding isElementDisplayed on session 86809c9cb53dc19f3b323e1f6f6fbcf4 to remote] DEBUG org.asynchttpclient.netty.request.NettyRequestSender - Using open Channel [id: 0x467ba2f7, L:/127.0.0.1:64260 - R:localhost/127.0.0.1:64405] for POST '/session/86809c9cb53dc19f3b323e1f6f6fbcf4/execute/sync'
19:45:12.401 [AsyncHttpClient-1-5] DEBUG org.asynchttpclient.netty.handler.HttpHandler - 

Request DefaultHttpRequest(decodeResult: success, version: HTTP/1.1)
POST /session/86809c9cb53dc19f3b323e1f6f6fbcf4/execute/sync HTTP/1.1
User-Agent: selenium/4.4.0 (java windows)
Content-Length: 48780
Content-Type: application/json; charset=utf-8
host: localhost:64405
accept: */*

Response DefaultHttpResponse(decodeResult: success, version: HTTP/1.1)
HTTP/1.1 200 OK
Content-Type: application/json; charset=utf-8
cache-control: no-cache
content-length: 14

19:45:12.401 [AsyncHttpClient-1-5] DEBUG org.asynchttpclient.netty.channel.ChannelManager - Adding key: http://localhost:64405 for channel [id: 0x467ba2f7, L:/127.0.0.1:64260 - R:localhost/127.0.0.1:64405]
19:45:12.403 [Forwarding setTimeout on session 86809c9cb53dc19f3b323e1f6f6fbcf4 to remote] DEBUG org.asynchttpclient.netty.request.NettyRequestSender - Using pooled Channel '[id: 0x467ba2f7, L:/127.0.0.1:64260 - R:localhost/127.0.0.1:64405]' for 'POST' to 'http://localhost:64405/session/86809c9cb53dc19f3b323e1f6f6fbcf4/timeouts'
19:45:12.403 [Forwarding setTimeout on session 86809c9cb53dc19f3b323e1f6f6fbcf4 to remote] DEBUG org.asynchttpclient.netty.request.NettyRequestSender - Using open Channel [id: 0x467ba2f7, L:/127.0.0.1:64260 - R:localhost/127.0.0.1:64405] for POST '/session/86809c9cb53dc19f3b323e1f6f6fbcf4/timeouts'
19:45:12.404 [AsyncHttpClient-1-5] DEBUG org.asynchttpclient.netty.handler.HttpHandler - 

Request DefaultHttpRequest(decodeResult: success, version: HTTP/1.1)
POST /session/86809c9cb53dc19f3b323e1f6f6fbcf4/timeouts HTTP/1.1
User-Agent: selenium/4.4.0 (java windows)
Content-Length: 19
Content-Type: application/json; charset=utf-8
host: localhost:64405
accept: */*

Response DefaultHttpResponse(decodeResult: success, version: HTTP/1.1)
HTTP/1.1 200 OK
Content-Type: application/json; charset=utf-8
cache-control: no-cache
content-length: 14

19:45:12.404 [AsyncHttpClient-1-5] DEBUG org.asynchttpclient.netty.channel.ChannelManager - Adding key: http://localhost:64405 for channel [id: 0x467ba2f7, L:/127.0.0.1:64260 - R:localhost/127.0.0.1:64405]
19:45:12.406 [Forwarding findElement on session 86809c9cb53dc19f3b323e1f6f6fbcf4 to remote] DEBUG org.asynchttpclient.netty.request.NettyRequestSender - Using pooled Channel '[id: 0x467ba2f7, L:/127.0.0.1:64260 - R:localhost/127.0.0.1:64405]' for 'POST' to 'http://localhost:64405/session/86809c9cb53dc19f3b323e1f6f6fbcf4/element'
19:45:12.406 [Forwarding findElement on session 86809c9cb53dc19f3b323e1f6f6fbcf4 to remote] DEBUG org.asynchttpclient.netty.request.NettyRequestSender - Using open Channel [id: 0x467ba2f7, L:/127.0.0.1:64260 - R:localhost/127.0.0.1:64405] for POST '/session/86809c9cb53dc19f3b323e1f6f6fbcf4/element'
19:45:12.415 [AsyncHttpClient-1-5] DEBUG org.asynchttpclient.netty.handler.HttpHandler - 

Request DefaultHttpRequest(decodeResult: success, version: HTTP/1.1)
POST /session/86809c9cb53dc19f3b323e1f6f6fbcf4/element HTTP/1.1
User-Agent: selenium/4.4.0 (java windows)
Content-Length: 59
Content-Type: application/json; charset=utf-8
host: localhost:64405
accept: */*

Response DefaultHttpResponse(decodeResult: success, version: HTTP/1.1)
HTTP/1.1 200 OK
Content-Type: application/json; charset=utf-8
cache-control: no-cache
content-length: 88

19:45:12.415 [AsyncHttpClient-1-5] DEBUG org.asynchttpclient.netty.channel.ChannelManager - Adding key: http://localhost:64405 for channel [id: 0x467ba2f7, L:/127.0.0.1:64260 - R:localhost/127.0.0.1:64405]
19:45:12.416 [Forwarding setTimeout on session 86809c9cb53dc19f3b323e1f6f6fbcf4 to remote] DEBUG org.asynchttpclient.netty.request.NettyRequestSender - Using pooled Channel '[id: 0x467ba2f7, L:/127.0.0.1:64260 - R:localhost/127.0.0.1:64405]' for 'POST' to 'http://localhost:64405/session/86809c9cb53dc19f3b323e1f6f6fbcf4/timeouts'
19:45:12.416 [Forwarding setTimeout on session 86809c9cb53dc19f3b323e1f6f6fbcf4 to remote] DEBUG org.asynchttpclient.netty.request.NettyRequestSender - Using open Channel [id: 0x467ba2f7, L:/127.0.0.1:64260 - R:localhost/127.0.0.1:64405] for POST '/session/86809c9cb53dc19f3b323e1f6f6fbcf4/timeouts'
19:45:12.417 [AsyncHttpClient-1-5] DEBUG org.asynchttpclient.netty.handler.HttpHandler - 

Request DefaultHttpRequest(decodeResult: success, version: HTTP/1.1)
POST /session/86809c9cb53dc19f3b323e1f6f6fbcf4/timeouts HTTP/1.1
User-Agent: selenium/4.4.0 (java windows)
Content-Length: 22
Content-Type: application/json; charset=utf-8
host: localhost:64405
accept: */*

Response DefaultHttpResponse(decodeResult: success, version: HTTP/1.1)
HTTP/1.1 200 OK
Content-Type: application/json; charset=utf-8
cache-control: no-cache
content-length: 14

19:45:12.417 [AsyncHttpClient-1-5] DEBUG org.asynchttpclient.netty.channel.ChannelManager - Adding key: http://localhost:64405 for channel [id: 0x467ba2f7, L:/127.0.0.1:64260 - R:localhost/127.0.0.1:64405]
19:45:12.417 [Forwarding getElementTagName on session 86809c9cb53dc19f3b323e1f6f6fbcf4 to remote] DEBUG org.asynchttpclient.netty.request.NettyRequestSender - Using pooled Channel '[id: 0x467ba2f7, L:/127.0.0.1:64260 - R:localhost/127.0.0.1:64405]' for 'GET' to 'http://localhost:64405/session/86809c9cb53dc19f3b323e1f6f6fbcf4/element/896f8177-84b9-4d48-b530-7614486bc5dc/name'
19:45:12.417 [Forwarding getElementTagName on session 86809c9cb53dc19f3b323e1f6f6fbcf4 to remote] DEBUG org.asynchttpclient.netty.request.NettyRequestSender - Using open Channel [id: 0x467ba2f7, L:/127.0.0.1:64260 - R:localhost/127.0.0.1:64405] for GET '/session/86809c9cb53dc19f3b323e1f6f6fbcf4/element/896f8177-84b9-4d48-b530-7614486bc5dc/name'
19:45:12.420 [AsyncHttpClient-1-5] DEBUG org.asynchttpclient.netty.handler.HttpHandler - 

Request DefaultFullHttpRequest(decodeResult: success, version: HTTP/1.1, content: EmptyByteBufBE)
GET /session/86809c9cb53dc19f3b323e1f6f6fbcf4/element/896f8177-84b9-4d48-b530-7614486bc5dc/name HTTP/1.1
User-Agent: selenium/4.4.0 (java windows)
Cache-Control: no-cache
Content-Type: application/json; charset=utf-8
host: localhost:64405
accept: */*

Response DefaultHttpResponse(decodeResult: success, version: HTTP/1.1)
HTTP/1.1 200 OK
Content-Type: application/json; charset=utf-8
cache-control: no-cache
content-length: 18

19:45:12.420 [AsyncHttpClient-1-5] DEBUG org.asynchttpclient.netty.channel.ChannelManager - Adding key: http://localhost:64405 for channel [id: 0x467ba2f7, L:/127.0.0.1:64260 - R:localhost/127.0.0.1:64405]
19:45:12.424 [Forwarding setTimeout on session 86809c9cb53dc19f3b323e1f6f6fbcf4 to remote] DEBUG org.asynchttpclient.netty.request.NettyRequestSender - Using pooled Channel '[id: 0x467ba2f7, L:/127.0.0.1:64260 - R:localhost/127.0.0.1:64405]' for 'POST' to 'http://localhost:64405/session/86809c9cb53dc19f3b323e1f6f6fbcf4/timeouts'
19:45:12.424 [Forwarding setTimeout on session 86809c9cb53dc19f3b323e1f6f6fbcf4 to remote] DEBUG org.asynchttpclient.netty.request.NettyRequestSender - Using open Channel [id: 0x467ba2f7, L:/127.0.0.1:64260 - R:localhost/127.0.0.1:64405] for POST '/session/86809c9cb53dc19f3b323e1f6f6fbcf4/timeouts'
19:45:12.425 [AsyncHttpClient-1-5] DEBUG org.asynchttpclient.netty.handler.HttpHandler - 

Request DefaultHttpRequest(decodeResult: success, version: HTTP/1.1)
POST /session/86809c9cb53dc19f3b323e1f6f6fbcf4/timeouts HTTP/1.1
User-Agent: selenium/4.4.0 (java windows)
Content-Length: 19
Content-Type: application/json; charset=utf-8
host: localhost:64405
accept: */*

Response DefaultHttpResponse(decodeResult: success, version: HTTP/1.1)
HTTP/1.1 200 OK
Content-Type: application/json; charset=utf-8
cache-control: no-cache
content-length: 14

19:45:12.425 [AsyncHttpClient-1-5] DEBUG org.asynchttpclient.netty.channel.ChannelManager - Adding key: http://localhost:64405 for channel [id: 0x467ba2f7, L:/127.0.0.1:64260 - R:localhost/127.0.0.1:64405]
19:45:12.426 [Forwarding findElement on session 86809c9cb53dc19f3b323e1f6f6fbcf4 to remote] DEBUG org.asynchttpclient.netty.request.NettyRequestSender - Using pooled Channel '[id: 0x467ba2f7, L:/127.0.0.1:64260 - R:localhost/127.0.0.1:64405]' for 'POST' to 'http://localhost:64405/session/86809c9cb53dc19f3b323e1f6f6fbcf4/element'
19:45:12.426 [Forwarding findElement on session 86809c9cb53dc19f3b323e1f6f6fbcf4 to remote] DEBUG org.asynchttpclient.netty.request.NettyRequestSender - Using open Channel [id: 0x467ba2f7, L:/127.0.0.1:64260 - R:localhost/127.0.0.1:64405] for POST '/session/86809c9cb53dc19f3b323e1f6f6fbcf4/element'
19:45:12.431 [AsyncHttpClient-1-5] DEBUG org.asynchttpclient.netty.handler.HttpHandler - 

Request DefaultHttpRequest(decodeResult: success, version: HTTP/1.1)
POST /session/86809c9cb53dc19f3b323e1f6f6fbcf4/element HTTP/1.1
User-Agent: selenium/4.4.0 (java windows)
Content-Length: 59
Content-Type: application/json; charset=utf-8
host: localhost:64405
accept: */*

Response DefaultHttpResponse(decodeResult: success, version: HTTP/1.1)
HTTP/1.1 200 OK
Content-Type: application/json; charset=utf-8
cache-control: no-cache
content-length: 88

19:45:12.431 [AsyncHttpClient-1-5] DEBUG org.asynchttpclient.netty.channel.ChannelManager - Adding key: http://localhost:64405 for channel [id: 0x467ba2f7, L:/127.0.0.1:64260 - R:localhost/127.0.0.1:64405]
19:45:12.432 [Forwarding setTimeout on session 86809c9cb53dc19f3b323e1f6f6fbcf4 to remote] DEBUG org.asynchttpclient.netty.request.NettyRequestSender - Using pooled Channel '[id: 0x467ba2f7, L:/127.0.0.1:64260 - R:localhost/127.0.0.1:64405]' for 'POST' to 'http://localhost:64405/session/86809c9cb53dc19f3b323e1f6f6fbcf4/timeouts'
19:45:12.432 [Forwarding setTimeout on session 86809c9cb53dc19f3b323e1f6f6fbcf4 to remote] DEBUG org.asynchttpclient.netty.request.NettyRequestSender - Using open Channel [id: 0x467ba2f7, L:/127.0.0.1:64260 - R:localhost/127.0.0.1:64405] for POST '/session/86809c9cb53dc19f3b323e1f6f6fbcf4/timeouts'
19:45:12.433 [AsyncHttpClient-1-5] DEBUG org.asynchttpclient.netty.handler.HttpHandler - 

Request DefaultHttpRequest(decodeResult: success, version: HTTP/1.1)
POST /session/86809c9cb53dc19f3b323e1f6f6fbcf4/timeouts HTTP/1.1
User-Agent: selenium/4.4.0 (java windows)
Content-Length: 22
Content-Type: application/json; charset=utf-8
host: localhost:64405
accept: */*

Response DefaultHttpResponse(decodeResult: success, version: HTTP/1.1)
HTTP/1.1 200 OK
Content-Type: application/json; charset=utf-8
cache-control: no-cache
content-length: 14

19:45:12.433 [AsyncHttpClient-1-5] DEBUG org.asynchttpclient.netty.channel.ChannelManager - Adding key: http://localhost:64405 for channel [id: 0x467ba2f7, L:/127.0.0.1:64260 - R:localhost/127.0.0.1:64405]
19:45:12.434 [Forwarding getElementDomAttribute on session 86809c9cb53dc19f3b323e1f6f6fbcf4 to remote] DEBUG org.asynchttpclient.netty.request.NettyRequestSender - Using pooled Channel '[id: 0x467ba2f7, L:/127.0.0.1:64260 - R:localhost/127.0.0.1:64405]' for 'GET' to 'http://localhost:64405/session/86809c9cb53dc19f3b323e1f6f6fbcf4/element/896f8177-84b9-4d48-b530-7614486bc5dc/attribute/multiple'
19:45:12.434 [Forwarding getElementDomAttribute on session 86809c9cb53dc19f3b323e1f6f6fbcf4 to remote] DEBUG org.asynchttpclient.netty.request.NettyRequestSender - Using open Channel [id: 0x467ba2f7, L:/127.0.0.1:64260 - R:localhost/127.0.0.1:64405] for GET '/session/86809c9cb53dc19f3b323e1f6f6fbcf4/element/896f8177-84b9-4d48-b530-7614486bc5dc/attribute/multiple'
19:45:12.438 [AsyncHttpClient-1-5] DEBUG org.asynchttpclient.netty.handler.HttpHandler - 

Request DefaultFullHttpRequest(decodeResult: success, version: HTTP/1.1, content: EmptyByteBufBE)
GET /session/86809c9cb53dc19f3b323e1f6f6fbcf4/element/896f8177-84b9-4d48-b530-7614486bc5dc/attribute/multiple HTTP/1.1
User-Agent: selenium/4.4.0 (java windows)
Cache-Control: no-cache
Content-Type: application/json; charset=utf-8
host: localhost:64405
accept: */*

Response DefaultHttpResponse(decodeResult: success, version: HTTP/1.1)
HTTP/1.1 200 OK
Content-Type: application/json; charset=utf-8
cache-control: no-cache
content-length: 14

19:45:12.438 [AsyncHttpClient-1-5] DEBUG org.asynchttpclient.netty.channel.ChannelManager - Adding key: http://localhost:64405 for channel [id: 0x467ba2f7, L:/127.0.0.1:64260 - R:localhost/127.0.0.1:64405]
19:45:12.441 [Forwarding setTimeout on session 86809c9cb53dc19f3b323e1f6f6fbcf4 to remote] DEBUG org.asynchttpclient.netty.request.NettyRequestSender - Using pooled Channel '[id: 0x467ba2f7, L:/127.0.0.1:64260 - R:localhost/127.0.0.1:64405]' for 'POST' to 'http://localhost:64405/session/86809c9cb53dc19f3b323e1f6f6fbcf4/timeouts'
19:45:12.441 [Forwarding setTimeout on session 86809c9cb53dc19f3b323e1f6f6fbcf4 to remote] DEBUG org.asynchttpclient.netty.request.NettyRequestSender - Using open Channel [id: 0x467ba2f7, L:/127.0.0.1:64260 - R:localhost/127.0.0.1:64405] for POST '/session/86809c9cb53dc19f3b323e1f6f6fbcf4/timeouts'
19:45:12.442 [AsyncHttpClient-1-5] DEBUG org.asynchttpclient.netty.handler.HttpHandler - 

Request DefaultHttpRequest(decodeResult: success, version: HTTP/1.1)
POST /session/86809c9cb53dc19f3b323e1f6f6fbcf4/timeouts HTTP/1.1
User-Agent: selenium/4.4.0 (java windows)
Content-Length: 19
Content-Type: application/json; charset=utf-8
host: localhost:64405
accept: */*

Response DefaultHttpResponse(decodeResult: success, version: HTTP/1.1)
HTTP/1.1 200 OK
Content-Type: application/json; charset=utf-8
cache-control: no-cache
content-length: 14

19:45:12.442 [AsyncHttpClient-1-5] DEBUG org.asynchttpclient.netty.channel.ChannelManager - Adding key: http://localhost:64405 for channel [id: 0x467ba2f7, L:/127.0.0.1:64260 - R:localhost/127.0.0.1:64405]
19:45:12.443 [Forwarding findElement on session 86809c9cb53dc19f3b323e1f6f6fbcf4 to remote] DEBUG org.asynchttpclient.netty.request.NettyRequestSender - Using pooled Channel '[id: 0x467ba2f7, L:/127.0.0.1:64260 - R:localhost/127.0.0.1:64405]' for 'POST' to 'http://localhost:64405/session/86809c9cb53dc19f3b323e1f6f6fbcf4/element'
19:45:12.444 [Forwarding findElement on session 86809c9cb53dc19f3b323e1f6f6fbcf4 to remote] DEBUG org.asynchttpclient.netty.request.NettyRequestSender - Using open Channel [id: 0x467ba2f7, L:/127.0.0.1:64260 - R:localhost/127.0.0.1:64405] for POST '/session/86809c9cb53dc19f3b323e1f6f6fbcf4/element'
19:45:12.449 [AsyncHttpClient-1-5] DEBUG org.asynchttpclient.netty.handler.HttpHandler - 

Request DefaultHttpRequest(decodeResult: success, version: HTTP/1.1)
POST /session/86809c9cb53dc19f3b323e1f6f6fbcf4/element HTTP/1.1
User-Agent: selenium/4.4.0 (java windows)
Content-Length: 59
Content-Type: application/json; charset=utf-8
host: localhost:64405
accept: */*

Response DefaultHttpResponse(decodeResult: success, version: HTTP/1.1)
HTTP/1.1 200 OK
Content-Type: application/json; charset=utf-8
cache-control: no-cache
content-length: 88

19:45:12.450 [AsyncHttpClient-1-5] DEBUG org.asynchttpclient.netty.channel.ChannelManager - Adding key: http://localhost:64405 for channel [id: 0x467ba2f7, L:/127.0.0.1:64260 - R:localhost/127.0.0.1:64405]
19:45:12.451 [Forwarding setTimeout on session 86809c9cb53dc19f3b323e1f6f6fbcf4 to remote] DEBUG org.asynchttpclient.netty.request.NettyRequestSender - Using pooled Channel '[id: 0x467ba2f7, L:/127.0.0.1:64260 - R:localhost/127.0.0.1:64405]' for 'POST' to 'http://localhost:64405/session/86809c9cb53dc19f3b323e1f6f6fbcf4/timeouts'
19:45:12.451 [Forwarding setTimeout on session 86809c9cb53dc19f3b323e1f6f6fbcf4 to remote] DEBUG org.asynchttpclient.netty.request.NettyRequestSender - Using open Channel [id: 0x467ba2f7, L:/127.0.0.1:64260 - R:localhost/127.0.0.1:64405] for POST '/session/86809c9cb53dc19f3b323e1f6f6fbcf4/timeouts'
19:45:12.452 [AsyncHttpClient-1-5] DEBUG org.asynchttpclient.netty.handler.HttpHandler - 

Request DefaultHttpRequest(decodeResult: success, version: HTTP/1.1)
POST /session/86809c9cb53dc19f3b323e1f6f6fbcf4/timeouts HTTP/1.1
User-Agent: selenium/4.4.0 (java windows)
Content-Length: 22
Content-Type: application/json; charset=utf-8
host: localhost:64405
accept: */*

Response DefaultHttpResponse(decodeResult: success, version: HTTP/1.1)
HTTP/1.1 200 OK
Content-Type: application/json; charset=utf-8
cache-control: no-cache
content-length: 14

19:45:12.452 [AsyncHttpClient-1-5] DEBUG org.asynchttpclient.netty.channel.ChannelManager - Adding key: http://localhost:64405 for channel [id: 0x467ba2f7, L:/127.0.0.1:64260 - R:localhost/127.0.0.1:64405]
19:45:12.453 [Forwarding findChildElements on session 86809c9cb53dc19f3b323e1f6f6fbcf4 to remote] DEBUG org.asynchttpclient.netty.request.NettyRequestSender - Using pooled Channel '[id: 0x467ba2f7, L:/127.0.0.1:64260 - R:localhost/127.0.0.1:64405]' for 'POST' to 'http://localhost:64405/session/86809c9cb53dc19f3b323e1f6f6fbcf4/element/896f8177-84b9-4d48-b530-7614486bc5dc/elements'
19:45:12.453 [Forwarding findChildElements on session 86809c9cb53dc19f3b323e1f6f6fbcf4 to remote] DEBUG org.asynchttpclient.netty.request.NettyRequestSender - Using open Channel [id: 0x467ba2f7, L:/127.0.0.1:64260 - R:localhost/127.0.0.1:64405] for POST '/session/86809c9cb53dc19f3b323e1f6f6fbcf4/element/896f8177-84b9-4d48-b530-7614486bc5dc/elements'
19:45:12.461 [AsyncHttpClient-1-5] DEBUG org.asynchttpclient.netty.handler.HttpHandler - 

Request DefaultHttpRequest(decodeResult: success, version: HTTP/1.1)
POST /session/86809c9cb53dc19f3b323e1f6f6fbcf4/element/896f8177-84b9-4d48-b530-7614486bc5dc/elements HTTP/1.1
User-Agent: selenium/4.4.0 (java windows)
Content-Length: 162
Content-Type: application/json; charset=utf-8
host: localhost:64405
accept: */*

Response DefaultHttpResponse(decodeResult: success, version: HTTP/1.1)
HTTP/1.1 200 OK
Content-Type: application/json; charset=utf-8
cache-control: no-cache
content-length: 90

19:45:12.461 [AsyncHttpClient-1-5] DEBUG org.asynchttpclient.netty.channel.ChannelManager - Adding key: http://localhost:64405 for channel [id: 0x467ba2f7, L:/127.0.0.1:64260 - R:localhost/127.0.0.1:64405]
19:45:12.462 [Forwarding isElementSelected on session 86809c9cb53dc19f3b323e1f6f6fbcf4 to remote] DEBUG org.asynchttpclient.netty.request.NettyRequestSender - Using pooled Channel '[id: 0x467ba2f7, L:/127.0.0.1:64260 - R:localhost/127.0.0.1:64405]' for 'GET' to 'http://localhost:64405/session/86809c9cb53dc19f3b323e1f6f6fbcf4/element/fbdd61f8-840c-41b7-8282-19bf15f043fd/selected'
19:45:12.462 [Forwarding isElementSelected on session 86809c9cb53dc19f3b323e1f6f6fbcf4 to remote] DEBUG org.asynchttpclient.netty.request.NettyRequestSender - Using open Channel [id: 0x467ba2f7, L:/127.0.0.1:64260 - R:localhost/127.0.0.1:64405] for GET '/session/86809c9cb53dc19f3b323e1f6f6fbcf4/element/fbdd61f8-840c-41b7-8282-19bf15f043fd/selected'
19:45:12.469 [AsyncHttpClient-1-5] DEBUG org.asynchttpclient.netty.handler.HttpHandler - 

Request DefaultFullHttpRequest(decodeResult: success, version: HTTP/1.1, content: EmptyByteBufBE)
GET /session/86809c9cb53dc19f3b323e1f6f6fbcf4/element/fbdd61f8-840c-41b7-8282-19bf15f043fd/selected HTTP/1.1
User-Agent: selenium/4.4.0 (java windows)
Cache-Control: no-cache
Content-Type: application/json; charset=utf-8
host: localhost:64405
accept: */*

Response DefaultHttpResponse(decodeResult: success, version: HTTP/1.1)
HTTP/1.1 200 OK
Content-Type: application/json; charset=utf-8
cache-control: no-cache
content-length: 15

19:45:12.470 [AsyncHttpClient-1-5] DEBUG org.asynchttpclient.netty.channel.ChannelManager - Adding key: http://localhost:64405 for channel [id: 0x467ba2f7, L:/127.0.0.1:64260 - R:localhost/127.0.0.1:64405]
19:45:12.470 [Forwarding clickElement on session 86809c9cb53dc19f3b323e1f6f6fbcf4 to remote] DEBUG org.asynchttpclient.netty.request.NettyRequestSender - Using pooled Channel '[id: 0x467ba2f7, L:/127.0.0.1:64260 - R:localhost/127.0.0.1:64405]' for 'POST' to 'http://localhost:64405/session/86809c9cb53dc19f3b323e1f6f6fbcf4/element/fbdd61f8-840c-41b7-8282-19bf15f043fd/click'
19:45:12.471 [Forwarding clickElement on session 86809c9cb53dc19f3b323e1f6f6fbcf4 to remote] DEBUG org.asynchttpclient.netty.request.NettyRequestSender - Using open Channel [id: 0x467ba2f7, L:/127.0.0.1:64260 - R:localhost/127.0.0.1:64405] for POST '/session/86809c9cb53dc19f3b323e1f6f6fbcf4/element/fbdd61f8-840c-41b7-8282-19bf15f043fd/click'
19:45:12.486 [AsyncHttpClient-1-5] DEBUG org.asynchttpclient.netty.handler.HttpHandler - 

Request DefaultHttpRequest(decodeResult: success, version: HTTP/1.1)
POST /session/86809c9cb53dc19f3b323e1f6f6fbcf4/element/fbdd61f8-840c-41b7-8282-19bf15f043fd/click HTTP/1.1
User-Agent: selenium/4.4.0 (java windows)
Content-Length: 50
Content-Type: application/json; charset=utf-8
host: localhost:64405
accept: */*

Response DefaultHttpResponse(decodeResult: success, version: HTTP/1.1)
HTTP/1.1 200 OK
Content-Type: application/json; charset=utf-8
cache-control: no-cache
content-length: 14

19:45:12.486 [AsyncHttpClient-1-5] DEBUG org.asynchttpclient.netty.channel.ChannelManager - Adding key: http://localhost:64405 for channel [id: 0x467ba2f7, L:/127.0.0.1:64260 - R:localhost/127.0.0.1:64405]
19:45:12.488 [Forwarding findElements on session 86809c9cb53dc19f3b323e1f6f6fbcf4 to remote] DEBUG org.asynchttpclient.netty.request.NettyRequestSender - Using pooled Channel '[id: 0x467ba2f7, L:/127.0.0.1:64260 - R:localhost/127.0.0.1:64405]' for 'POST' to 'http://localhost:64405/session/86809c9cb53dc19f3b323e1f6f6fbcf4/elements'
19:45:12.488 [Forwarding findElements on session 86809c9cb53dc19f3b323e1f6f6fbcf4 to remote] DEBUG org.asynchttpclient.netty.request.NettyRequestSender - Using open Channel [id: 0x467ba2f7, L:/127.0.0.1:64260 - R:localhost/127.0.0.1:64405] for POST '/session/86809c9cb53dc19f3b323e1f6f6fbcf4/elements'
19:45:12.496 [AsyncHttpClient-1-5] DEBUG org.asynchttpclient.netty.handler.HttpHandler - 

Request DefaultHttpRequest(decodeResult: success, version: HTTP/1.1)
POST /session/86809c9cb53dc19f3b323e1f6f6fbcf4/elements HTTP/1.1
User-Agent: selenium/4.4.0 (java windows)
Content-Length: 77
Content-Type: application/json; charset=utf-8
host: localhost:64405
accept: */*

Response DefaultHttpResponse(decodeResult: success, version: HTTP/1.1)
HTTP/1.1 200 OK
Content-Type: application/json; charset=utf-8
cache-control: no-cache
content-length: 248

19:45:12.496 [AsyncHttpClient-1-5] DEBUG org.asynchttpclient.netty.channel.ChannelManager - Adding key: http://localhost:64405 for channel [id: 0x467ba2f7, L:/127.0.0.1:64260 - R:localhost/127.0.0.1:64405]
19:45:12.497 [Forwarding getElementText on session 86809c9cb53dc19f3b323e1f6f6fbcf4 to remote] DEBUG org.asynchttpclient.netty.request.NettyRequestSender - Using pooled Channel '[id: 0x467ba2f7, L:/127.0.0.1:64260 - R:localhost/127.0.0.1:64405]' for 'GET' to 'http://localhost:64405/session/86809c9cb53dc19f3b323e1f6f6fbcf4/element/b2d61138-ce32-4aa0-836a-ac2df36fb18a/text'
19:45:12.497 [Forwarding getElementText on session 86809c9cb53dc19f3b323e1f6f6fbcf4 to remote] DEBUG org.asynchttpclient.netty.request.NettyRequestSender - Using open Channel [id: 0x467ba2f7, L:/127.0.0.1:64260 - R:localhost/127.0.0.1:64405] for GET '/session/86809c9cb53dc19f3b323e1f6f6fbcf4/element/b2d61138-ce32-4aa0-836a-ac2df36fb18a/text'
19:45:12.507 [AsyncHttpClient-1-5] DEBUG org.asynchttpclient.netty.handler.HttpHandler - 

Request DefaultFullHttpRequest(decodeResult: success, version: HTTP/1.1, content: EmptyByteBufBE)
GET /session/86809c9cb53dc19f3b323e1f6f6fbcf4/element/b2d61138-ce32-4aa0-836a-ac2df36fb18a/text HTTP/1.1
User-Agent: selenium/4.4.0 (java windows)
Cache-Control: no-cache
Content-Type: application/json; charset=utf-8
host: localhost:64405
accept: */*

Response DefaultHttpResponse(decodeResult: success, version: HTTP/1.1)
HTTP/1.1 200 OK
Content-Type: application/json; charset=utf-8
cache-control: no-cache
content-length: 20

19:45:12.507 [AsyncHttpClient-1-5] DEBUG org.asynchttpclient.netty.channel.ChannelManager - Adding key: http://localhost:64405 for channel [id: 0x467ba2f7, L:/127.0.0.1:64260 - R:localhost/127.0.0.1:64405]
19:45:12.508 [Forwarding executeScript on session 86809c9cb53dc19f3b323e1f6f6fbcf4 to remote] DEBUG org.asynchttpclient.netty.request.NettyRequestSender - Using pooled Channel '[id: 0x467ba2f7, L:/127.0.0.1:64260 - R:localhost/127.0.0.1:64405]' for 'POST' to 'http://localhost:64405/session/86809c9cb53dc19f3b323e1f6f6fbcf4/execute/sync'
19:45:12.508 [Forwarding executeScript on session 86809c9cb53dc19f3b323e1f6f6fbcf4 to remote] DEBUG org.asynchttpclient.netty.request.NettyRequestSender - Using open Channel [id: 0x467ba2f7, L:/127.0.0.1:64260 - R:localhost/127.0.0.1:64405] for POST '/session/86809c9cb53dc19f3b323e1f6f6fbcf4/execute/sync'
19:45:12.513 [AsyncHttpClient-1-5] DEBUG org.asynchttpclient.netty.handler.HttpHandler - 

Request DefaultHttpRequest(decodeResult: success, version: HTTP/1.1)
POST /session/86809c9cb53dc19f3b323e1f6f6fbcf4/execute/sync HTTP/1.1
User-Agent: selenium/4.4.0 (java windows)
Content-Length: 209
Content-Type: application/json; charset=utf-8
host: localhost:64405
accept: */*

Response DefaultHttpResponse(decodeResult: success, version: HTTP/1.1)
HTTP/1.1 200 OK
Content-Type: application/json; charset=utf-8
cache-control: no-cache
content-length: 14

19:45:12.514 [AsyncHttpClient-1-5] DEBUG org.asynchttpclient.netty.channel.ChannelManager - Adding key: http://localhost:64405 for channel [id: 0x467ba2f7, L:/127.0.0.1:64260 - R:localhost/127.0.0.1:64405]
19:45:12.517 [Forwarding findElement on session 86809c9cb53dc19f3b323e1f6f6fbcf4 to remote] DEBUG org.asynchttpclient.netty.request.NettyRequestSender - Using pooled Channel '[id: 0x467ba2f7, L:/127.0.0.1:64260 - R:localhost/127.0.0.1:64405]' for 'POST' to 'http://localhost:64405/session/86809c9cb53dc19f3b323e1f6f6fbcf4/element'
19:45:12.517 [Forwarding findElement on session 86809c9cb53dc19f3b323e1f6f6fbcf4 to remote] DEBUG org.asynchttpclient.netty.request.NettyRequestSender - Using open Channel [id: 0x467ba2f7, L:/127.0.0.1:64260 - R:localhost/127.0.0.1:64405] for POST '/session/86809c9cb53dc19f3b323e1f6f6fbcf4/element'
19:45:12.525 [AsyncHttpClient-1-5] DEBUG org.asynchttpclient.netty.handler.HttpHandler - 

Request DefaultHttpRequest(decodeResult: success, version: HTTP/1.1)
POST /session/86809c9cb53dc19f3b323e1f6f6fbcf4/element HTTP/1.1
User-Agent: selenium/4.4.0 (java windows)
Content-Length: 59
Content-Type: application/json; charset=utf-8
host: localhost:64405
accept: */*

Response DefaultHttpResponse(decodeResult: success, version: HTTP/1.1)
HTTP/1.1 200 OK
Content-Type: application/json; charset=utf-8
cache-control: no-cache
content-length: 88

19:45:12.525 [AsyncHttpClient-1-5] DEBUG org.asynchttpclient.netty.channel.ChannelManager - Adding key: http://localhost:64405 for channel [id: 0x467ba2f7, L:/127.0.0.1:64260 - R:localhost/127.0.0.1:64405]
19:45:12.528 [Forwarding isElementDisplayed on session 86809c9cb53dc19f3b323e1f6f6fbcf4 to remote] DEBUG org.asynchttpclient.netty.request.NettyRequestSender - Using pooled Channel '[id: 0x467ba2f7, L:/127.0.0.1:64260 - R:localhost/127.0.0.1:64405]' for 'POST' to 'http://localhost:64405/session/86809c9cb53dc19f3b323e1f6f6fbcf4/execute/sync'
19:45:12.528 [Forwarding isElementDisplayed on session 86809c9cb53dc19f3b323e1f6f6fbcf4 to remote] DEBUG org.asynchttpclient.netty.request.NettyRequestSender - Using open Channel [id: 0x467ba2f7, L:/127.0.0.1:64260 - R:localhost/127.0.0.1:64405] for POST '/session/86809c9cb53dc19f3b323e1f6f6fbcf4/execute/sync'
19:45:12.535 [AsyncHttpClient-1-5] DEBUG org.asynchttpclient.netty.handler.HttpHandler - 

Request DefaultHttpRequest(decodeResult: success, version: HTTP/1.1)
POST /session/86809c9cb53dc19f3b323e1f6f6fbcf4/execute/sync HTTP/1.1
User-Agent: selenium/4.4.0 (java windows)
Content-Length: 48780
Content-Type: application/json; charset=utf-8
host: localhost:64405
accept: */*

Response DefaultHttpResponse(decodeResult: success, version: HTTP/1.1)
HTTP/1.1 200 OK
Content-Type: application/json; charset=utf-8
cache-control: no-cache
content-length: 14

19:45:12.535 [AsyncHttpClient-1-5] DEBUG org.asynchttpclient.netty.channel.ChannelManager - Adding key: http://localhost:64405 for channel [id: 0x467ba2f7, L:/127.0.0.1:64260 - R:localhost/127.0.0.1:64405]
19:45:12.536 [Forwarding clearElement on session 86809c9cb53dc19f3b323e1f6f6fbcf4 to remote] DEBUG org.asynchttpclient.netty.request.NettyRequestSender - Using pooled Channel '[id: 0x467ba2f7, L:/127.0.0.1:64260 - R:localhost/127.0.0.1:64405]' for 'POST' to 'http://localhost:64405/session/86809c9cb53dc19f3b323e1f6f6fbcf4/element/7981eeff-3f62-46ab-9fda-127f49322025/clear'
19:45:12.536 [Forwarding clearElement on session 86809c9cb53dc19f3b323e1f6f6fbcf4 to remote] DEBUG org.asynchttpclient.netty.request.NettyRequestSender - Using open Channel [id: 0x467ba2f7, L:/127.0.0.1:64260 - R:localhost/127.0.0.1:64405] for POST '/session/86809c9cb53dc19f3b323e1f6f6fbcf4/element/7981eeff-3f62-46ab-9fda-127f49322025/clear'
19:45:12.555 [AsyncHttpClient-1-5] DEBUG org.asynchttpclient.netty.handler.HttpHandler - 

Request DefaultHttpRequest(decodeResult: success, version: HTTP/1.1)
POST /session/86809c9cb53dc19f3b323e1f6f6fbcf4/element/7981eeff-3f62-46ab-9fda-127f49322025/clear HTTP/1.1
User-Agent: selenium/4.4.0 (java windows)
Content-Length: 50
Content-Type: application/json; charset=utf-8
host: localhost:64405
accept: */*

Response DefaultHttpResponse(decodeResult: success, version: HTTP/1.1)
HTTP/1.1 200 OK
Content-Type: application/json; charset=utf-8
cache-control: no-cache
content-length: 14

19:45:12.555 [AsyncHttpClient-1-5] DEBUG org.asynchttpclient.netty.channel.ChannelManager - Adding key: http://localhost:64405 for channel [id: 0x467ba2f7, L:/127.0.0.1:64260 - R:localhost/127.0.0.1:64405]
19:45:12.557 [Forwarding sendKeysToElement on session 86809c9cb53dc19f3b323e1f6f6fbcf4 to remote] DEBUG org.asynchttpclient.netty.request.NettyRequestSender - Using pooled Channel '[id: 0x467ba2f7, L:/127.0.0.1:64260 - R:localhost/127.0.0.1:64405]' for 'POST' to 'http://localhost:64405/session/86809c9cb53dc19f3b323e1f6f6fbcf4/element/7981eeff-3f62-46ab-9fda-127f49322025/value'
19:45:12.557 [Forwarding sendKeysToElement on session 86809c9cb53dc19f3b323e1f6f6fbcf4 to remote] DEBUG org.asynchttpclient.netty.request.NettyRequestSender - Using open Channel [id: 0x467ba2f7, L:/127.0.0.1:64260 - R:localhost/127.0.0.1:64405] for POST '/session/86809c9cb53dc19f3b323e1f6f6fbcf4/element/7981eeff-3f62-46ab-9fda-127f49322025/value'
19:45:12.627 [AsyncHttpClient-1-5] DEBUG org.asynchttpclient.netty.handler.HttpHandler - 

Request DefaultHttpRequest(decodeResult: success, version: HTTP/1.1)
POST /session/86809c9cb53dc19f3b323e1f6f6fbcf4/element/7981eeff-3f62-46ab-9fda-127f49322025/value HTTP/1.1
User-Agent: selenium/4.4.0 (java windows)
Content-Length: 201
Content-Type: application/json; charset=utf-8
host: localhost:64405
accept: */*

Response DefaultHttpResponse(decodeResult: success, version: HTTP/1.1)
HTTP/1.1 200 OK
Content-Type: application/json; charset=utf-8
cache-control: no-cache
content-length: 14

19:45:12.627 [AsyncHttpClient-1-5] DEBUG org.asynchttpclient.netty.channel.ChannelManager - Adding key: http://localhost:64405 for channel [id: 0x467ba2f7, L:/127.0.0.1:64260 - R:localhost/127.0.0.1:64405]
19:45:12.631 [Forwarding findElement on session 86809c9cb53dc19f3b323e1f6f6fbcf4 to remote] DEBUG org.asynchttpclient.netty.request.NettyRequestSender - Using pooled Channel '[id: 0x467ba2f7, L:/127.0.0.1:64260 - R:localhost/127.0.0.1:64405]' for 'POST' to 'http://localhost:64405/session/86809c9cb53dc19f3b323e1f6f6fbcf4/element'
19:45:12.631 [Forwarding findElement on session 86809c9cb53dc19f3b323e1f6f6fbcf4 to remote] DEBUG org.asynchttpclient.netty.request.NettyRequestSender - Using open Channel [id: 0x467ba2f7, L:/127.0.0.1:64260 - R:localhost/127.0.0.1:64405] for POST '/session/86809c9cb53dc19f3b323e1f6f6fbcf4/element'
19:45:12.639 [AsyncHttpClient-1-5] DEBUG org.asynchttpclient.netty.handler.HttpHandler - 

Request DefaultHttpRequest(decodeResult: success, version: HTTP/1.1)
POST /session/86809c9cb53dc19f3b323e1f6f6fbcf4/element HTTP/1.1
User-Agent: selenium/4.4.0 (java windows)
Content-Length: 56
Content-Type: application/json; charset=utf-8
host: localhost:64405
accept: */*

Response DefaultHttpResponse(decodeResult: success, version: HTTP/1.1)
HTTP/1.1 200 OK
Content-Type: application/json; charset=utf-8
cache-control: no-cache
content-length: 88

19:45:12.639 [AsyncHttpClient-1-5] DEBUG org.asynchttpclient.netty.channel.ChannelManager - Adding key: http://localhost:64405 for channel [id: 0x467ba2f7, L:/127.0.0.1:64260 - R:localhost/127.0.0.1:64405]
19:45:12.641 [Forwarding isElementDisplayed on session 86809c9cb53dc19f3b323e1f6f6fbcf4 to remote] DEBUG org.asynchttpclient.netty.request.NettyRequestSender - Using pooled Channel '[id: 0x467ba2f7, L:/127.0.0.1:64260 - R:localhost/127.0.0.1:64405]' for 'POST' to 'http://localhost:64405/session/86809c9cb53dc19f3b323e1f6f6fbcf4/execute/sync'
19:45:12.641 [Forwarding isElementDisplayed on session 86809c9cb53dc19f3b323e1f6f6fbcf4 to remote] DEBUG org.asynchttpclient.netty.request.NettyRequestSender - Using open Channel [id: 0x467ba2f7, L:/127.0.0.1:64260 - R:localhost/127.0.0.1:64405] for POST '/session/86809c9cb53dc19f3b323e1f6f6fbcf4/execute/sync'
19:45:12.650 [AsyncHttpClient-1-5] DEBUG org.asynchttpclient.netty.handler.HttpHandler - 

Request DefaultHttpRequest(decodeResult: success, version: HTTP/1.1)
POST /session/86809c9cb53dc19f3b323e1f6f6fbcf4/execute/sync HTTP/1.1
User-Agent: selenium/4.4.0 (java windows)
Content-Length: 48780
Content-Type: application/json; charset=utf-8
host: localhost:64405
accept: */*

Response DefaultHttpResponse(decodeResult: success, version: HTTP/1.1)
HTTP/1.1 200 OK
Content-Type: application/json; charset=utf-8
cache-control: no-cache
content-length: 14

19:45:12.650 [AsyncHttpClient-1-5] DEBUG org.asynchttpclient.netty.channel.ChannelManager - Adding key: http://localhost:64405 for channel [id: 0x467ba2f7, L:/127.0.0.1:64260 - R:localhost/127.0.0.1:64405]
19:45:12.651 [Forwarding clearElement on session 86809c9cb53dc19f3b323e1f6f6fbcf4 to remote] DEBUG org.asynchttpclient.netty.request.NettyRequestSender - Using pooled Channel '[id: 0x467ba2f7, L:/127.0.0.1:64260 - R:localhost/127.0.0.1:64405]' for 'POST' to 'http://localhost:64405/session/86809c9cb53dc19f3b323e1f6f6fbcf4/element/d30ac054-87ad-498a-9f82-4cec46d28d1c/clear'
19:45:12.651 [Forwarding clearElement on session 86809c9cb53dc19f3b323e1f6f6fbcf4 to remote] DEBUG org.asynchttpclient.netty.request.NettyRequestSender - Using open Channel [id: 0x467ba2f7, L:/127.0.0.1:64260 - R:localhost/127.0.0.1:64405] for POST '/session/86809c9cb53dc19f3b323e1f6f6fbcf4/element/d30ac054-87ad-498a-9f82-4cec46d28d1c/clear'
19:45:12.669 [AsyncHttpClient-1-5] DEBUG org.asynchttpclient.netty.handler.HttpHandler - 

Request DefaultHttpRequest(decodeResult: success, version: HTTP/1.1)
POST /session/86809c9cb53dc19f3b323e1f6f6fbcf4/element/d30ac054-87ad-498a-9f82-4cec46d28d1c/clear HTTP/1.1
User-Agent: selenium/4.4.0 (java windows)
Content-Length: 50
Content-Type: application/json; charset=utf-8
host: localhost:64405
accept: */*

Response DefaultHttpResponse(decodeResult: success, version: HTTP/1.1)
HTTP/1.1 200 OK
Content-Type: application/json; charset=utf-8
cache-control: no-cache
content-length: 14

19:45:12.670 [AsyncHttpClient-1-5] DEBUG org.asynchttpclient.netty.channel.ChannelManager - Adding key: http://localhost:64405 for channel [id: 0x467ba2f7, L:/127.0.0.1:64260 - R:localhost/127.0.0.1:64405]
19:45:12.671 [Forwarding sendKeysToElement on session 86809c9cb53dc19f3b323e1f6f6fbcf4 to remote] DEBUG org.asynchttpclient.netty.request.NettyRequestSender - Using pooled Channel '[id: 0x467ba2f7, L:/127.0.0.1:64260 - R:localhost/127.0.0.1:64405]' for 'POST' to 'http://localhost:64405/session/86809c9cb53dc19f3b323e1f6f6fbcf4/element/d30ac054-87ad-498a-9f82-4cec46d28d1c/value'
19:45:12.671 [Forwarding sendKeysToElement on session 86809c9cb53dc19f3b323e1f6f6fbcf4 to remote] DEBUG org.asynchttpclient.netty.request.NettyRequestSender - Using open Channel [id: 0x467ba2f7, L:/127.0.0.1:64260 - R:localhost/127.0.0.1:64405] for POST '/session/86809c9cb53dc19f3b323e1f6f6fbcf4/element/d30ac054-87ad-498a-9f82-4cec46d28d1c/value'
19:45:12.705 [AsyncHttpClient-1-5] DEBUG org.asynchttpclient.netty.handler.HttpHandler - 

Request DefaultHttpRequest(decodeResult: success, version: HTTP/1.1)
POST /session/86809c9cb53dc19f3b323e1f6f6fbcf4/element/d30ac054-87ad-498a-9f82-4cec46d28d1c/value HTTP/1.1
User-Agent: selenium/4.4.0 (java windows)
Content-Length: 161
Content-Type: application/json; charset=utf-8
host: localhost:64405
accept: */*

Response DefaultHttpResponse(decodeResult: success, version: HTTP/1.1)
HTTP/1.1 200 OK
Content-Type: application/json; charset=utf-8
cache-control: no-cache
content-length: 14

19:45:12.705 [AsyncHttpClient-1-5] DEBUG org.asynchttpclient.netty.channel.ChannelManager - Adding key: http://localhost:64405 for channel [id: 0x467ba2f7, L:/127.0.0.1:64260 - R:localhost/127.0.0.1:64405]
19:45:12.711 [Forwarding findElement on session 86809c9cb53dc19f3b323e1f6f6fbcf4 to remote] DEBUG org.asynchttpclient.netty.request.NettyRequestSender - Using pooled Channel '[id: 0x467ba2f7, L:/127.0.0.1:64260 - R:localhost/127.0.0.1:64405]' for 'POST' to 'http://localhost:64405/session/86809c9cb53dc19f3b323e1f6f6fbcf4/element'
19:45:12.711 [Forwarding findElement on session 86809c9cb53dc19f3b323e1f6f6fbcf4 to remote] DEBUG org.asynchttpclient.netty.request.NettyRequestSender - Using open Channel [id: 0x467ba2f7, L:/127.0.0.1:64260 - R:localhost/127.0.0.1:64405] for POST '/session/86809c9cb53dc19f3b323e1f6f6fbcf4/element'
19:45:12.718 [AsyncHttpClient-1-5] DEBUG org.asynchttpclient.netty.handler.HttpHandler - 

Request DefaultHttpRequest(decodeResult: success, version: HTTP/1.1)
POST /session/86809c9cb53dc19f3b323e1f6f6fbcf4/element HTTP/1.1
User-Agent: selenium/4.4.0 (java windows)
Content-Length: 69
Content-Type: application/json; charset=utf-8
host: localhost:64405
accept: */*

Response DefaultHttpResponse(decodeResult: success, version: HTTP/1.1)
HTTP/1.1 200 OK
Content-Type: application/json; charset=utf-8
cache-control: no-cache
content-length: 88

19:45:12.718 [AsyncHttpClient-1-5] DEBUG org.asynchttpclient.netty.channel.ChannelManager - Adding key: http://localhost:64405 for channel [id: 0x467ba2f7, L:/127.0.0.1:64260 - R:localhost/127.0.0.1:64405]
19:45:12.720 [Forwarding isElementDisplayed on session 86809c9cb53dc19f3b323e1f6f6fbcf4 to remote] DEBUG org.asynchttpclient.netty.request.NettyRequestSender - Using pooled Channel '[id: 0x467ba2f7, L:/127.0.0.1:64260 - R:localhost/127.0.0.1:64405]' for 'POST' to 'http://localhost:64405/session/86809c9cb53dc19f3b323e1f6f6fbcf4/execute/sync'
19:45:12.720 [Forwarding isElementDisplayed on session 86809c9cb53dc19f3b323e1f6f6fbcf4 to remote] DEBUG org.asynchttpclient.netty.request.NettyRequestSender - Using open Channel [id: 0x467ba2f7, L:/127.0.0.1:64260 - R:localhost/127.0.0.1:64405] for POST '/session/86809c9cb53dc19f3b323e1f6f6fbcf4/execute/sync'
19:45:12.728 [AsyncHttpClient-1-5] DEBUG org.asynchttpclient.netty.handler.HttpHandler - 

Request DefaultHttpRequest(decodeResult: success, version: HTTP/1.1)
POST /session/86809c9cb53dc19f3b323e1f6f6fbcf4/execute/sync HTTP/1.1
User-Agent: selenium/4.4.0 (java windows)
Content-Length: 48780
Content-Type: application/json; charset=utf-8
host: localhost:64405
accept: */*

Response DefaultHttpResponse(decodeResult: success, version: HTTP/1.1)
HTTP/1.1 200 OK
Content-Type: application/json; charset=utf-8
cache-control: no-cache
content-length: 14

19:45:12.729 [AsyncHttpClient-1-5] DEBUG org.asynchttpclient.netty.channel.ChannelManager - Adding key: http://localhost:64405 for channel [id: 0x467ba2f7, L:/127.0.0.1:64260 - R:localhost/127.0.0.1:64405]
19:45:12.730 [Forwarding getElementTagName on session 86809c9cb53dc19f3b323e1f6f6fbcf4 to remote] DEBUG org.asynchttpclient.netty.request.NettyRequestSender - Using pooled Channel '[id: 0x467ba2f7, L:/127.0.0.1:64260 - R:localhost/127.0.0.1:64405]' for 'GET' to 'http://localhost:64405/session/86809c9cb53dc19f3b323e1f6f6fbcf4/element/31d610e9-16ae-4c4b-8629-b1b7c232e21e/name'
19:45:12.730 [Forwarding getElementTagName on session 86809c9cb53dc19f3b323e1f6f6fbcf4 to remote] DEBUG org.asynchttpclient.netty.request.NettyRequestSender - Using open Channel [id: 0x467ba2f7, L:/127.0.0.1:64260 - R:localhost/127.0.0.1:64405] for GET '/session/86809c9cb53dc19f3b323e1f6f6fbcf4/element/31d610e9-16ae-4c4b-8629-b1b7c232e21e/name'
19:45:12.733 [AsyncHttpClient-1-5] DEBUG org.asynchttpclient.netty.handler.HttpHandler - 

Request DefaultFullHttpRequest(decodeResult: success, version: HTTP/1.1, content: EmptyByteBufBE)
GET /session/86809c9cb53dc19f3b323e1f6f6fbcf4/element/31d610e9-16ae-4c4b-8629-b1b7c232e21e/name HTTP/1.1
User-Agent: selenium/4.4.0 (java windows)
Cache-Control: no-cache
Content-Type: application/json; charset=utf-8
host: localhost:64405
accept: */*

Response DefaultHttpResponse(decodeResult: success, version: HTTP/1.1)
HTTP/1.1 200 OK
Content-Type: application/json; charset=utf-8
cache-control: no-cache
content-length: 18

19:45:12.734 [AsyncHttpClient-1-5] DEBUG org.asynchttpclient.netty.channel.ChannelManager - Adding key: http://localhost:64405 for channel [id: 0x467ba2f7, L:/127.0.0.1:64260 - R:localhost/127.0.0.1:64405]
19:45:12.735 [Forwarding getElementTagName on session 86809c9cb53dc19f3b323e1f6f6fbcf4 to remote] DEBUG org.asynchttpclient.netty.request.NettyRequestSender - Using pooled Channel '[id: 0x467ba2f7, L:/127.0.0.1:64260 - R:localhost/127.0.0.1:64405]' for 'GET' to 'http://localhost:64405/session/86809c9cb53dc19f3b323e1f6f6fbcf4/element/31d610e9-16ae-4c4b-8629-b1b7c232e21e/name'
19:45:12.735 [Forwarding getElementTagName on session 86809c9cb53dc19f3b323e1f6f6fbcf4 to remote] DEBUG org.asynchttpclient.netty.request.NettyRequestSender - Using open Channel [id: 0x467ba2f7, L:/127.0.0.1:64260 - R:localhost/127.0.0.1:64405] for GET '/session/86809c9cb53dc19f3b323e1f6f6fbcf4/element/31d610e9-16ae-4c4b-8629-b1b7c232e21e/name'
19:45:12.738 [AsyncHttpClient-1-5] DEBUG org.asynchttpclient.netty.handler.HttpHandler - 

Request DefaultFullHttpRequest(decodeResult: success, version: HTTP/1.1, content: EmptyByteBufBE)
GET /session/86809c9cb53dc19f3b323e1f6f6fbcf4/element/31d610e9-16ae-4c4b-8629-b1b7c232e21e/name HTTP/1.1
User-Agent: selenium/4.4.0 (java windows)
Cache-Control: no-cache
Content-Type: application/json; charset=utf-8
host: localhost:64405
accept: */*

Response DefaultHttpResponse(decodeResult: success, version: HTTP/1.1)
HTTP/1.1 200 OK
Content-Type: application/json; charset=utf-8
cache-control: no-cache
content-length: 18

19:45:12.739 [AsyncHttpClient-1-5] DEBUG org.asynchttpclient.netty.channel.ChannelManager - Adding key: http://localhost:64405 for channel [id: 0x467ba2f7, L:/127.0.0.1:64260 - R:localhost/127.0.0.1:64405]
19:45:12.740 [Forwarding isElementEnabled on session 86809c9cb53dc19f3b323e1f6f6fbcf4 to remote] DEBUG org.asynchttpclient.netty.request.NettyRequestSender - Using pooled Channel '[id: 0x467ba2f7, L:/127.0.0.1:64260 - R:localhost/127.0.0.1:64405]' for 'GET' to 'http://localhost:64405/session/86809c9cb53dc19f3b323e1f6f6fbcf4/element/31d610e9-16ae-4c4b-8629-b1b7c232e21e/enabled'
19:45:12.740 [Forwarding isElementEnabled on session 86809c9cb53dc19f3b323e1f6f6fbcf4 to remote] DEBUG org.asynchttpclient.netty.request.NettyRequestSender - Using open Channel [id: 0x467ba2f7, L:/127.0.0.1:64260 - R:localhost/127.0.0.1:64405] for GET '/session/86809c9cb53dc19f3b323e1f6f6fbcf4/element/31d610e9-16ae-4c4b-8629-b1b7c232e21e/enabled'
19:45:12.749 [AsyncHttpClient-1-5] DEBUG org.asynchttpclient.netty.handler.HttpHandler - 

Request DefaultFullHttpRequest(decodeResult: success, version: HTTP/1.1, content: EmptyByteBufBE)
GET /session/86809c9cb53dc19f3b323e1f6f6fbcf4/element/31d610e9-16ae-4c4b-8629-b1b7c232e21e/enabled HTTP/1.1
User-Agent: selenium/4.4.0 (java windows)
Cache-Control: no-cache
Content-Type: application/json; charset=utf-8
host: localhost:64405
accept: */*

Response DefaultHttpResponse(decodeResult: success, version: HTTP/1.1)
HTTP/1.1 200 OK
Content-Type: application/json; charset=utf-8
cache-control: no-cache
content-length: 14

19:45:12.749 [AsyncHttpClient-1-5] DEBUG org.asynchttpclient.netty.channel.ChannelManager - Adding key: http://localhost:64405 for channel [id: 0x467ba2f7, L:/127.0.0.1:64260 - R:localhost/127.0.0.1:64405]
19:45:12.750 [Forwarding isElementEnabled on session 86809c9cb53dc19f3b323e1f6f6fbcf4 to remote] DEBUG org.asynchttpclient.netty.request.NettyRequestSender - Using pooled Channel '[id: 0x467ba2f7, L:/127.0.0.1:64260 - R:localhost/127.0.0.1:64405]' for 'GET' to 'http://localhost:64405/session/86809c9cb53dc19f3b323e1f6f6fbcf4/element/31d610e9-16ae-4c4b-8629-b1b7c232e21e/enabled'
19:45:12.750 [Forwarding isElementEnabled on session 86809c9cb53dc19f3b323e1f6f6fbcf4 to remote] DEBUG org.asynchttpclient.netty.request.NettyRequestSender - Using open Channel [id: 0x467ba2f7, L:/127.0.0.1:64260 - R:localhost/127.0.0.1:64405] for GET '/session/86809c9cb53dc19f3b323e1f6f6fbcf4/element/31d610e9-16ae-4c4b-8629-b1b7c232e21e/enabled'
19:45:12.756 [AsyncHttpClient-1-5] DEBUG org.asynchttpclient.netty.handler.HttpHandler - 

Request DefaultFullHttpRequest(decodeResult: success, version: HTTP/1.1, content: EmptyByteBufBE)
GET /session/86809c9cb53dc19f3b323e1f6f6fbcf4/element/31d610e9-16ae-4c4b-8629-b1b7c232e21e/enabled HTTP/1.1
User-Agent: selenium/4.4.0 (java windows)
Cache-Control: no-cache
Content-Type: application/json; charset=utf-8
host: localhost:64405
accept: */*

Response DefaultHttpResponse(decodeResult: success, version: HTTP/1.1)
HTTP/1.1 200 OK
Content-Type: application/json; charset=utf-8
cache-control: no-cache
content-length: 14

19:45:12.756 [AsyncHttpClient-1-5] DEBUG org.asynchttpclient.netty.channel.ChannelManager - Adding key: http://localhost:64405 for channel [id: 0x467ba2f7, L:/127.0.0.1:64260 - R:localhost/127.0.0.1:64405]
19:45:12.758 [Forwarding findElement on session 86809c9cb53dc19f3b323e1f6f6fbcf4 to remote] DEBUG org.asynchttpclient.netty.request.NettyRequestSender - Using pooled Channel '[id: 0x467ba2f7, L:/127.0.0.1:64260 - R:localhost/127.0.0.1:64405]' for 'POST' to 'http://localhost:64405/session/86809c9cb53dc19f3b323e1f6f6fbcf4/element'
19:45:12.758 [Forwarding findElement on session 86809c9cb53dc19f3b323e1f6f6fbcf4 to remote] DEBUG org.asynchttpclient.netty.request.NettyRequestSender - Using open Channel [id: 0x467ba2f7, L:/127.0.0.1:64260 - R:localhost/127.0.0.1:64405] for POST '/session/86809c9cb53dc19f3b323e1f6f6fbcf4/element'
19:45:12.764 [AsyncHttpClient-1-5] DEBUG org.asynchttpclient.netty.handler.HttpHandler - 

Request DefaultHttpRequest(decodeResult: success, version: HTTP/1.1)
POST /session/86809c9cb53dc19f3b323e1f6f6fbcf4/element HTTP/1.1
User-Agent: selenium/4.4.0 (java windows)
Content-Length: 69
Content-Type: application/json; charset=utf-8
host: localhost:64405
accept: */*

Response DefaultHttpResponse(decodeResult: success, version: HTTP/1.1)
HTTP/1.1 200 OK
Content-Type: application/json; charset=utf-8
cache-control: no-cache
content-length: 88

19:45:12.764 [AsyncHttpClient-1-5] DEBUG org.asynchttpclient.netty.channel.ChannelManager - Adding key: http://localhost:64405 for channel [id: 0x467ba2f7, L:/127.0.0.1:64260 - R:localhost/127.0.0.1:64405]
19:45:12.768 [Forwarding isElementDisplayed on session 86809c9cb53dc19f3b323e1f6f6fbcf4 to remote] DEBUG org.asynchttpclient.netty.request.NettyRequestSender - Using pooled Channel '[id: 0x467ba2f7, L:/127.0.0.1:64260 - R:localhost/127.0.0.1:64405]' for 'POST' to 'http://localhost:64405/session/86809c9cb53dc19f3b323e1f6f6fbcf4/execute/sync'
19:45:12.768 [Forwarding isElementDisplayed on session 86809c9cb53dc19f3b323e1f6f6fbcf4 to remote] DEBUG org.asynchttpclient.netty.request.NettyRequestSender - Using open Channel [id: 0x467ba2f7, L:/127.0.0.1:64260 - R:localhost/127.0.0.1:64405] for POST '/session/86809c9cb53dc19f3b323e1f6f6fbcf4/execute/sync'
19:45:12.780 [AsyncHttpClient-1-5] DEBUG org.asynchttpclient.netty.handler.HttpHandler - 

Request DefaultHttpRequest(decodeResult: success, version: HTTP/1.1)
POST /session/86809c9cb53dc19f3b323e1f6f6fbcf4/execute/sync HTTP/1.1
User-Agent: selenium/4.4.0 (java windows)
Content-Length: 48780
Content-Type: application/json; charset=utf-8
host: localhost:64405
accept: */*

Response DefaultHttpResponse(decodeResult: success, version: HTTP/1.1)
HTTP/1.1 200 OK
Content-Type: application/json; charset=utf-8
cache-control: no-cache
content-length: 14

19:45:12.780 [AsyncHttpClient-1-5] DEBUG org.asynchttpclient.netty.channel.ChannelManager - Adding key: http://localhost:64405 for channel [id: 0x467ba2f7, L:/127.0.0.1:64260 - R:localhost/127.0.0.1:64405]
19:45:12.782 [Forwarding clickElement on session 86809c9cb53dc19f3b323e1f6f6fbcf4 to remote] DEBUG org.asynchttpclient.netty.request.NettyRequestSender - Using pooled Channel '[id: 0x467ba2f7, L:/127.0.0.1:64260 - R:localhost/127.0.0.1:64405]' for 'POST' to 'http://localhost:64405/session/86809c9cb53dc19f3b323e1f6f6fbcf4/element/31d610e9-16ae-4c4b-8629-b1b7c232e21e/click'
19:45:12.782 [Forwarding clickElement on session 86809c9cb53dc19f3b323e1f6f6fbcf4 to remote] DEBUG org.asynchttpclient.netty.request.NettyRequestSender - Using open Channel [id: 0x467ba2f7, L:/127.0.0.1:64260 - R:localhost/127.0.0.1:64405] for POST '/session/86809c9cb53dc19f3b323e1f6f6fbcf4/element/31d610e9-16ae-4c4b-8629-b1b7c232e21e/click'
19:45:12.957 [AsyncHttpClient-1-5] DEBUG org.asynchttpclient.netty.handler.HttpHandler - 

Request DefaultHttpRequest(decodeResult: success, version: HTTP/1.1)
POST /session/86809c9cb53dc19f3b323e1f6f6fbcf4/element/31d610e9-16ae-4c4b-8629-b1b7c232e21e/click HTTP/1.1
User-Agent: selenium/4.4.0 (java windows)
Content-Length: 50
Content-Type: application/json; charset=utf-8
host: localhost:64405
accept: */*

Response DefaultHttpResponse(decodeResult: success, version: HTTP/1.1)
HTTP/1.1 200 OK
Content-Type: application/json; charset=utf-8
cache-control: no-cache
content-length: 14

19:45:12.957 [AsyncHttpClient-1-5] DEBUG org.asynchttpclient.netty.channel.ChannelManager - Adding key: http://localhost:64405 for channel [id: 0x467ba2f7, L:/127.0.0.1:64260 - R:localhost/127.0.0.1:64405]
19:45:12.965 [Forwarding getCurrentWindowHandle on session 86809c9cb53dc19f3b323e1f6f6fbcf4 to remote] DEBUG org.asynchttpclient.netty.request.NettyRequestSender - Using pooled Channel '[id: 0x467ba2f7, L:/127.0.0.1:64260 - R:localhost/127.0.0.1:64405]' for 'GET' to 'http://localhost:64405/session/86809c9cb53dc19f3b323e1f6f6fbcf4/window'
19:45:12.965 [Forwarding getCurrentWindowHandle on session 86809c9cb53dc19f3b323e1f6f6fbcf4 to remote] DEBUG org.asynchttpclient.netty.request.NettyRequestSender - Using open Channel [id: 0x467ba2f7, L:/127.0.0.1:64260 - R:localhost/127.0.0.1:64405] for GET '/session/86809c9cb53dc19f3b323e1f6f6fbcf4/window'
19:45:12.966 [AsyncHttpClient-1-5] DEBUG org.asynchttpclient.netty.handler.HttpHandler - 

Request DefaultFullHttpRequest(decodeResult: success, version: HTTP/1.1, content: EmptyByteBufBE)
GET /session/86809c9cb53dc19f3b323e1f6f6fbcf4/window HTTP/1.1
User-Agent: selenium/4.4.0 (java windows)
Cache-Control: no-cache
Content-Type: application/json; charset=utf-8
host: localhost:64405
accept: */*

Response DefaultHttpResponse(decodeResult: success, version: HTTP/1.1)
HTTP/1.1 200 OK
Content-Type: application/json; charset=utf-8
cache-control: no-cache
content-length: 53

19:45:12.966 [AsyncHttpClient-1-5] DEBUG org.asynchttpclient.netty.channel.ChannelManager - Adding key: http://localhost:64405 for channel [id: 0x467ba2f7, L:/127.0.0.1:64260 - R:localhost/127.0.0.1:64405]
19:45:12.967 [Forwarding getAlertText on session 86809c9cb53dc19f3b323e1f6f6fbcf4 to remote] DEBUG org.asynchttpclient.netty.request.NettyRequestSender - Using pooled Channel '[id: 0x467ba2f7, L:/127.0.0.1:64260 - R:localhost/127.0.0.1:64405]' for 'GET' to 'http://localhost:64405/session/86809c9cb53dc19f3b323e1f6f6fbcf4/alert/text'
19:45:12.967 [Forwarding getAlertText on session 86809c9cb53dc19f3b323e1f6f6fbcf4 to remote] DEBUG org.asynchttpclient.netty.request.NettyRequestSender - Using open Channel [id: 0x467ba2f7, L:/127.0.0.1:64260 - R:localhost/127.0.0.1:64405] for GET '/session/86809c9cb53dc19f3b323e1f6f6fbcf4/alert/text'
19:45:12.969 [AsyncHttpClient-1-5] DEBUG org.asynchttpclient.netty.handler.HttpHandler - 

Request DefaultFullHttpRequest(decodeResult: success, version: HTTP/1.1, content: EmptyByteBufBE)
GET /session/86809c9cb53dc19f3b323e1f6f6fbcf4/alert/text HTTP/1.1
User-Agent: selenium/4.4.0 (java windows)
Cache-Control: no-cache
Content-Type: application/json; charset=utf-8
host: localhost:64405
accept: */*

Response DefaultHttpResponse(decodeResult: success, version: HTTP/1.1)
HTTP/1.1 404 Not Found
Content-Type: application/json; charset=utf-8
cache-control: no-cache
content-length: 815

19:45:12.970 [AsyncHttpClient-1-5] DEBUG org.asynchttpclient.netty.channel.ChannelManager - Adding key: http://localhost:64405 for channel [id: 0x467ba2f7, L:/127.0.0.1:64260 - R:localhost/127.0.0.1:64405]
19:45:12.972 [Forwarding switchToWindow on session 86809c9cb53dc19f3b323e1f6f6fbcf4 to remote] DEBUG org.asynchttpclient.netty.request.NettyRequestSender - Using pooled Channel '[id: 0x467ba2f7, L:/127.0.0.1:64260 - R:localhost/127.0.0.1:64405]' for 'POST' to 'http://localhost:64405/session/86809c9cb53dc19f3b323e1f6f6fbcf4/window'
19:45:12.972 [Forwarding switchToWindow on session 86809c9cb53dc19f3b323e1f6f6fbcf4 to remote] DEBUG org.asynchttpclient.netty.request.NettyRequestSender - Using open Channel [id: 0x467ba2f7, L:/127.0.0.1:64260 - R:localhost/127.0.0.1:64405] for POST '/session/86809c9cb53dc19f3b323e1f6f6fbcf4/window'
19:45:12.974 [AsyncHttpClient-1-5] DEBUG org.asynchttpclient.netty.handler.HttpHandler - 

Request DefaultHttpRequest(decodeResult: success, version: HTTP/1.1)
POST /session/86809c9cb53dc19f3b323e1f6f6fbcf4/window HTTP/1.1
User-Agent: selenium/4.4.0 (java windows)
Content-Length: 59
Content-Type: application/json; charset=utf-8
host: localhost:64405
accept: */*

Response DefaultHttpResponse(decodeResult: success, version: HTTP/1.1)
HTTP/1.1 200 OK
Content-Type: application/json; charset=utf-8
cache-control: no-cache
content-length: 14

19:45:12.974 [AsyncHttpClient-1-5] DEBUG org.asynchttpclient.netty.channel.ChannelManager - Adding key: http://localhost:64405 for channel [id: 0x467ba2f7, L:/127.0.0.1:64260 - R:localhost/127.0.0.1:64405]
19:45:12.975 [Forwarding getCurrentUrl on session 86809c9cb53dc19f3b323e1f6f6fbcf4 to remote] DEBUG org.asynchttpclient.netty.request.NettyRequestSender - Using pooled Channel '[id: 0x467ba2f7, L:/127.0.0.1:64260 - R:localhost/127.0.0.1:64405]' for 'GET' to 'http://localhost:64405/session/86809c9cb53dc19f3b323e1f6f6fbcf4/url'
19:45:12.975 [Forwarding getCurrentUrl on session 86809c9cb53dc19f3b323e1f6f6fbcf4 to remote] DEBUG org.asynchttpclient.netty.request.NettyRequestSender - Using open Channel [id: 0x467ba2f7, L:/127.0.0.1:64260 - R:localhost/127.0.0.1:64405] for GET '/session/86809c9cb53dc19f3b323e1f6f6fbcf4/url'
19:45:13.002 [AsyncHttpClient-1-5] DEBUG org.asynchttpclient.netty.handler.HttpHandler - 

Request DefaultFullHttpRequest(decodeResult: success, version: HTTP/1.1, content: EmptyByteBufBE)
GET /session/86809c9cb53dc19f3b323e1f6f6fbcf4/url HTTP/1.1
User-Agent: selenium/4.4.0 (java windows)
Cache-Control: no-cache
Content-Type: application/json; charset=utf-8
host: localhost:64405
accept: */*

Response DefaultHttpResponse(decodeResult: success, version: HTTP/1.1)
HTTP/1.1 200 OK
Content-Type: application/json; charset=utf-8
cache-control: no-cache
content-length: 75

19:45:13.002 [AsyncHttpClient-1-5] DEBUG org.asynchttpclient.netty.channel.ChannelManager - Adding key: http://localhost:64405 for channel [id: 0x467ba2f7, L:/127.0.0.1:64260 - R:localhost/127.0.0.1:64405]
19:45:13.003 [Forwarding screenshot on session 86809c9cb53dc19f3b323e1f6f6fbcf4 to remote] DEBUG org.asynchttpclient.netty.request.NettyRequestSender - Using pooled Channel '[id: 0x467ba2f7, L:/127.0.0.1:64260 - R:localhost/127.0.0.1:64405]' for 'GET' to 'http://localhost:64405/session/86809c9cb53dc19f3b323e1f6f6fbcf4/screenshot'
19:45:13.003 [Forwarding screenshot on session 86809c9cb53dc19f3b323e1f6f6fbcf4 to remote] DEBUG org.asynchttpclient.netty.request.NettyRequestSender - Using open Channel [id: 0x467ba2f7, L:/127.0.0.1:64260 - R:localhost/127.0.0.1:64405] for GET '/session/86809c9cb53dc19f3b323e1f6f6fbcf4/screenshot'
19:45:13.080 [AsyncHttpClient-1-5] DEBUG org.asynchttpclient.netty.handler.HttpHandler - 

Request DefaultFullHttpRequest(decodeResult: success, version: HTTP/1.1, content: EmptyByteBufBE)
GET /session/86809c9cb53dc19f3b323e1f6f6fbcf4/screenshot HTTP/1.1
User-Agent: selenium/4.4.0 (java windows)
Cache-Control: no-cache
Content-Type: application/json; charset=utf-8
host: localhost:64405
accept: */*

Response DefaultHttpResponse(decodeResult: success, version: HTTP/1.1)
HTTP/1.1 200 OK
Content-Type: application/json; charset=utf-8
cache-control: no-cache
content-length: 20836

19:45:13.080 [AsyncHttpClient-1-5] DEBUG org.asynchttpclient.netty.channel.ChannelManager - Adding key: http://localhost:64405 for channel [id: 0x467ba2f7, L:/127.0.0.1:64260 - R:localhost/127.0.0.1:64405]
19:45:13.081 [main] DEBUG net.serenitybdd.core.photography.Darkroom - Send negative for processing for target\site\serenity\2e8080a45945e725ba595bc8d56ec24cc43ee5580e1e3de9d70ccb8ba547b007.png
19:45:13.082 [Darkroom Processing Line] DEBUG net.serenitybdd.core.photography.DarkroomProcessingLine - Processing screenshot image in /var/screenshots/screenshot-9252289402348340615
19:45:13.082 [Darkroom Processing Line] DEBUG net.serenitybdd.core.photography.DarkroomProcessingLine - Saving screenshot to target\site\serenity\2e8080a45945e725ba595bc8d56ec24cc43ee5580e1e3de9d70ccb8ba547b007.png
19:45:13.087 [Forwarding getPageSource on session 86809c9cb53dc19f3b323e1f6f6fbcf4 to remote] DEBUG org.asynchttpclient.netty.request.NettyRequestSender - Using pooled Channel '[id: 0x467ba2f7, L:/127.0.0.1:64260 - R:localhost/127.0.0.1:64405]' for 'POST' to 'http://localhost:64405/session/86809c9cb53dc19f3b323e1f6f6fbcf4/execute/sync'
19:45:13.088 [Forwarding getPageSource on session 86809c9cb53dc19f3b323e1f6f6fbcf4 to remote] DEBUG org.asynchttpclient.netty.request.NettyRequestSender - Using open Channel [id: 0x467ba2f7, L:/127.0.0.1:64260 - R:localhost/127.0.0.1:64405] for POST '/session/86809c9cb53dc19f3b323e1f6f6fbcf4/execute/sync'
19:45:13.092 [AsyncHttpClient-1-5] DEBUG org.asynchttpclient.netty.handler.HttpHandler - 

Request DefaultHttpRequest(decodeResult: success, version: HTTP/1.1)
POST /session/86809c9cb53dc19f3b323e1f6f6fbcf4/execute/sync HTTP/1.1
User-Agent: selenium/4.4.0 (java windows)
Content-Length: 176
Content-Type: application/json; charset=utf-8
host: localhost:64405
accept: */*

Response DefaultHttpResponse(decodeResult: success, version: HTTP/1.1)
HTTP/1.1 200 OK
Content-Type: application/json; charset=utf-8
cache-control: no-cache
content-length: 8218

19:45:13.092 [AsyncHttpClient-1-5] DEBUG org.asynchttpclient.netty.channel.ChannelManager - Adding key: http://localhost:64405 for channel [id: 0x467ba2f7, L:/127.0.0.1:64260 - R:localhost/127.0.0.1:64405]
19:45:13.095 [Forwarding getCurrentUrl on session 86809c9cb53dc19f3b323e1f6f6fbcf4 to remote] DEBUG org.asynchttpclient.netty.request.NettyRequestSender - Using pooled Channel '[id: 0x467ba2f7, L:/127.0.0.1:64260 - R:localhost/127.0.0.1:64405]' for 'GET' to 'http://localhost:64405/session/86809c9cb53dc19f3b323e1f6f6fbcf4/url'
19:45:13.095 [Forwarding getCurrentUrl on session 86809c9cb53dc19f3b323e1f6f6fbcf4 to remote] DEBUG org.asynchttpclient.netty.request.NettyRequestSender - Using open Channel [id: 0x467ba2f7, L:/127.0.0.1:64260 - R:localhost/127.0.0.1:64405] for GET '/session/86809c9cb53dc19f3b323e1f6f6fbcf4/url'
19:45:13.098 [AsyncHttpClient-1-5] DEBUG org.asynchttpclient.netty.handler.HttpHandler - 

Request DefaultFullHttpRequest(decodeResult: success, version: HTTP/1.1, content: EmptyByteBufBE)
GET /session/86809c9cb53dc19f3b323e1f6f6fbcf4/url HTTP/1.1
User-Agent: selenium/4.4.0 (java windows)
Cache-Control: no-cache
Content-Type: application/json; charset=utf-8
host: localhost:64405
accept: */*

Response DefaultHttpResponse(decodeResult: success, version: HTTP/1.1)
HTTP/1.1 200 OK
Content-Type: application/json; charset=utf-8
cache-control: no-cache
content-length: 75

19:45:13.098 [AsyncHttpClient-1-5] DEBUG org.asynchttpclient.netty.channel.ChannelManager - Adding key: http://localhost:64405 for channel [id: 0x467ba2f7, L:/127.0.0.1:64260 - R:localhost/127.0.0.1:64405]
19:45:13.104 [Forwarding setTimeout on session 86809c9cb53dc19f3b323e1f6f6fbcf4 to remote] DEBUG org.asynchttpclient.netty.request.NettyRequestSender - Using pooled Channel '[id: 0x467ba2f7, L:/127.0.0.1:64260 - R:localhost/127.0.0.1:64405]' for 'POST' to 'http://localhost:64405/session/86809c9cb53dc19f3b323e1f6f6fbcf4/timeouts'
19:45:13.104 [Forwarding setTimeout on session 86809c9cb53dc19f3b323e1f6f6fbcf4 to remote] DEBUG org.asynchttpclient.netty.request.NettyRequestSender - Using open Channel [id: 0x467ba2f7, L:/127.0.0.1:64260 - R:localhost/127.0.0.1:64405] for POST '/session/86809c9cb53dc19f3b323e1f6f6fbcf4/timeouts'
19:45:13.105 [AsyncHttpClient-1-5] DEBUG org.asynchttpclient.netty.handler.HttpHandler - 

Request DefaultHttpRequest(decodeResult: success, version: HTTP/1.1)
POST /session/86809c9cb53dc19f3b323e1f6f6fbcf4/timeouts HTTP/1.1
User-Agent: selenium/4.4.0 (java windows)
Content-Length: 19
Content-Type: application/json; charset=utf-8
host: localhost:64405
accept: */*

Response DefaultHttpResponse(decodeResult: success, version: HTTP/1.1)
HTTP/1.1 200 OK
Content-Type: application/json; charset=utf-8
cache-control: no-cache
content-length: 14

19:45:13.105 [AsyncHttpClient-1-5] DEBUG org.asynchttpclient.netty.channel.ChannelManager - Adding key: http://localhost:64405 for channel [id: 0x467ba2f7, L:/127.0.0.1:64260 - R:localhost/127.0.0.1:64405]
19:45:13.107 [Forwarding findElement on session 86809c9cb53dc19f3b323e1f6f6fbcf4 to remote] DEBUG org.asynchttpclient.netty.request.NettyRequestSender - Using pooled Channel '[id: 0x467ba2f7, L:/127.0.0.1:64260 - R:localhost/127.0.0.1:64405]' for 'POST' to 'http://localhost:64405/session/86809c9cb53dc19f3b323e1f6f6fbcf4/element'
19:45:13.107 [Forwarding findElement on session 86809c9cb53dc19f3b323e1f6f6fbcf4 to remote] DEBUG org.asynchttpclient.netty.request.NettyRequestSender - Using open Channel [id: 0x467ba2f7, L:/127.0.0.1:64260 - R:localhost/127.0.0.1:64405] for POST '/session/86809c9cb53dc19f3b323e1f6f6fbcf4/element'
19:45:13.116 [AsyncHttpClient-1-5] DEBUG org.asynchttpclient.netty.handler.HttpHandler - 

Request DefaultHttpRequest(decodeResult: success, version: HTTP/1.1)
POST /session/86809c9cb53dc19f3b323e1f6f6fbcf4/element HTTP/1.1
User-Agent: selenium/4.4.0 (java windows)
Content-Length: 53
Content-Type: application/json; charset=utf-8
host: localhost:64405
accept: */*

Response DefaultHttpResponse(decodeResult: success, version: HTTP/1.1)
HTTP/1.1 200 OK
Content-Type: application/json; charset=utf-8
cache-control: no-cache
content-length: 88

19:45:13.116 [AsyncHttpClient-1-5] DEBUG org.asynchttpclient.netty.channel.ChannelManager - Adding key: http://localhost:64405 for channel [id: 0x467ba2f7, L:/127.0.0.1:64260 - R:localhost/127.0.0.1:64405]
19:45:13.118 [Forwarding setTimeout on session 86809c9cb53dc19f3b323e1f6f6fbcf4 to remote] DEBUG org.asynchttpclient.netty.request.NettyRequestSender - Using pooled Channel '[id: 0x467ba2f7, L:/127.0.0.1:64260 - R:localhost/127.0.0.1:64405]' for 'POST' to 'http://localhost:64405/session/86809c9cb53dc19f3b323e1f6f6fbcf4/timeouts'
19:45:13.118 [Forwarding setTimeout on session 86809c9cb53dc19f3b323e1f6f6fbcf4 to remote] DEBUG org.asynchttpclient.netty.request.NettyRequestSender - Using open Channel [id: 0x467ba2f7, L:/127.0.0.1:64260 - R:localhost/127.0.0.1:64405] for POST '/session/86809c9cb53dc19f3b323e1f6f6fbcf4/timeouts'
19:45:13.119 [AsyncHttpClient-1-5] DEBUG org.asynchttpclient.netty.handler.HttpHandler - 

Request DefaultHttpRequest(decodeResult: success, version: HTTP/1.1)
POST /session/86809c9cb53dc19f3b323e1f6f6fbcf4/timeouts HTTP/1.1
User-Agent: selenium/4.4.0 (java windows)
Content-Length: 22
Content-Type: application/json; charset=utf-8
host: localhost:64405
accept: */*

Response DefaultHttpResponse(decodeResult: success, version: HTTP/1.1)
HTTP/1.1 200 OK
Content-Type: application/json; charset=utf-8
cache-control: no-cache
content-length: 14

19:45:13.119 [AsyncHttpClient-1-5] DEBUG org.asynchttpclient.netty.channel.ChannelManager - Adding key: http://localhost:64405 for channel [id: 0x467ba2f7, L:/127.0.0.1:64260 - R:localhost/127.0.0.1:64405]
19:45:13.121 [Forwarding isElementDisplayed on session 86809c9cb53dc19f3b323e1f6f6fbcf4 to remote] DEBUG org.asynchttpclient.netty.request.NettyRequestSender - Using pooled Channel '[id: 0x467ba2f7, L:/127.0.0.1:64260 - R:localhost/127.0.0.1:64405]' for 'POST' to 'http://localhost:64405/session/86809c9cb53dc19f3b323e1f6f6fbcf4/execute/sync'
19:45:13.121 [Forwarding isElementDisplayed on session 86809c9cb53dc19f3b323e1f6f6fbcf4 to remote] DEBUG org.asynchttpclient.netty.request.NettyRequestSender - Using open Channel [id: 0x467ba2f7, L:/127.0.0.1:64260 - R:localhost/127.0.0.1:64405] for POST '/session/86809c9cb53dc19f3b323e1f6f6fbcf4/execute/sync'
19:45:13.130 [AsyncHttpClient-1-5] DEBUG org.asynchttpclient.netty.handler.HttpHandler - 

Request DefaultHttpRequest(decodeResult: success, version: HTTP/1.1)
POST /session/86809c9cb53dc19f3b323e1f6f6fbcf4/execute/sync HTTP/1.1
User-Agent: selenium/4.4.0 (java windows)
Content-Length: 48780
Content-Type: application/json; charset=utf-8
host: localhost:64405
accept: */*

Response DefaultHttpResponse(decodeResult: success, version: HTTP/1.1)
HTTP/1.1 200 OK
Content-Type: application/json; charset=utf-8
cache-control: no-cache
content-length: 14

19:45:13.130 [AsyncHttpClient-1-5] DEBUG org.asynchttpclient.netty.channel.ChannelManager - Adding key: http://localhost:64405 for channel [id: 0x467ba2f7, L:/127.0.0.1:64260 - R:localhost/127.0.0.1:64405]
19:45:13.135 [Forwarding findElement on session 86809c9cb53dc19f3b323e1f6f6fbcf4 to remote] DEBUG org.asynchttpclient.netty.request.NettyRequestSender - Using pooled Channel '[id: 0x467ba2f7, L:/127.0.0.1:64260 - R:localhost/127.0.0.1:64405]' for 'POST' to 'http://localhost:64405/session/86809c9cb53dc19f3b323e1f6f6fbcf4/element'
19:45:13.135 [Forwarding findElement on session 86809c9cb53dc19f3b323e1f6f6fbcf4 to remote] DEBUG org.asynchttpclient.netty.request.NettyRequestSender - Using open Channel [id: 0x467ba2f7, L:/127.0.0.1:64260 - R:localhost/127.0.0.1:64405] for POST '/session/86809c9cb53dc19f3b323e1f6f6fbcf4/element'
19:45:13.141 [AsyncHttpClient-1-5] DEBUG org.asynchttpclient.netty.handler.HttpHandler - 

Request DefaultHttpRequest(decodeResult: success, version: HTTP/1.1)
POST /session/86809c9cb53dc19f3b323e1f6f6fbcf4/element HTTP/1.1
User-Agent: selenium/4.4.0 (java windows)
Content-Length: 53
Content-Type: application/json; charset=utf-8
host: localhost:64405
accept: */*

Response DefaultHttpResponse(decodeResult: success, version: HTTP/1.1)
HTTP/1.1 200 OK
Content-Type: application/json; charset=utf-8
cache-control: no-cache
content-length: 88

19:45:13.141 [AsyncHttpClient-1-5] DEBUG org.asynchttpclient.netty.channel.ChannelManager - Adding key: http://localhost:64405 for channel [id: 0x467ba2f7, L:/127.0.0.1:64260 - R:localhost/127.0.0.1:64405]
19:45:13.143 [Forwarding isElementDisplayed on session 86809c9cb53dc19f3b323e1f6f6fbcf4 to remote] DEBUG org.asynchttpclient.netty.request.NettyRequestSender - Using pooled Channel '[id: 0x467ba2f7, L:/127.0.0.1:64260 - R:localhost/127.0.0.1:64405]' for 'POST' to 'http://localhost:64405/session/86809c9cb53dc19f3b323e1f6f6fbcf4/execute/sync'
19:45:13.143 [Forwarding isElementDisplayed on session 86809c9cb53dc19f3b323e1f6f6fbcf4 to remote] DEBUG org.asynchttpclient.netty.request.NettyRequestSender - Using open Channel [id: 0x467ba2f7, L:/127.0.0.1:64260 - R:localhost/127.0.0.1:64405] for POST '/session/86809c9cb53dc19f3b323e1f6f6fbcf4/execute/sync'
19:45:13.150 [AsyncHttpClient-1-5] DEBUG org.asynchttpclient.netty.handler.HttpHandler - 

Request DefaultHttpRequest(decodeResult: success, version: HTTP/1.1)
POST /session/86809c9cb53dc19f3b323e1f6f6fbcf4/execute/sync HTTP/1.1
User-Agent: selenium/4.4.0 (java windows)
Content-Length: 48780
Content-Type: application/json; charset=utf-8
host: localhost:64405
accept: */*

Response DefaultHttpResponse(decodeResult: success, version: HTTP/1.1)
HTTP/1.1 200 OK
Content-Type: application/json; charset=utf-8
cache-control: no-cache
content-length: 14

19:45:13.150 [AsyncHttpClient-1-5] DEBUG org.asynchttpclient.netty.channel.ChannelManager - Adding key: http://localhost:64405 for channel [id: 0x467ba2f7, L:/127.0.0.1:64260 - R:localhost/127.0.0.1:64405]
19:45:13.151 [Forwarding getElementText on session 86809c9cb53dc19f3b323e1f6f6fbcf4 to remote] DEBUG org.asynchttpclient.netty.request.NettyRequestSender - Using pooled Channel '[id: 0x467ba2f7, L:/127.0.0.1:64260 - R:localhost/127.0.0.1:64405]' for 'GET' to 'http://localhost:64405/session/86809c9cb53dc19f3b323e1f6f6fbcf4/element/fed63664-c908-44a2-890c-40f16d91bd6a/text'
19:45:13.151 [Forwarding getElementText on session 86809c9cb53dc19f3b323e1f6f6fbcf4 to remote] DEBUG org.asynchttpclient.netty.request.NettyRequestSender - Using open Channel [id: 0x467ba2f7, L:/127.0.0.1:64260 - R:localhost/127.0.0.1:64405] for GET '/session/86809c9cb53dc19f3b323e1f6f6fbcf4/element/fed63664-c908-44a2-890c-40f16d91bd6a/text'
19:45:13.160 [AsyncHttpClient-1-5] DEBUG org.asynchttpclient.netty.handler.HttpHandler - 

Request DefaultFullHttpRequest(decodeResult: success, version: HTTP/1.1, content: EmptyByteBufBE)
GET /session/86809c9cb53dc19f3b323e1f6f6fbcf4/element/fed63664-c908-44a2-890c-40f16d91bd6a/text HTTP/1.1
User-Agent: selenium/4.4.0 (java windows)
Cache-Control: no-cache
Content-Type: application/json; charset=utf-8
host: localhost:64405
accept: */*

Response DefaultHttpResponse(decodeResult: success, version: HTTP/1.1)
HTTP/1.1 200 OK
Content-Type: application/json; charset=utf-8
cache-control: no-cache
content-length: 43

19:45:13.160 [AsyncHttpClient-1-5] DEBUG org.asynchttpclient.netty.channel.ChannelManager - Adding key: http://localhost:64405 for channel [id: 0x467ba2f7, L:/127.0.0.1:64260 - R:localhost/127.0.0.1:64405]
19:45:13.162 [Forwarding findElement on session 86809c9cb53dc19f3b323e1f6f6fbcf4 to remote] DEBUG org.asynchttpclient.netty.request.NettyRequestSender - Using pooled Channel '[id: 0x467ba2f7, L:/127.0.0.1:64260 - R:localhost/127.0.0.1:64405]' for 'POST' to 'http://localhost:64405/session/86809c9cb53dc19f3b323e1f6f6fbcf4/element'
19:45:13.162 [Forwarding findElement on session 86809c9cb53dc19f3b323e1f6f6fbcf4 to remote] DEBUG org.asynchttpclient.netty.request.NettyRequestSender - Using open Channel [id: 0x467ba2f7, L:/127.0.0.1:64260 - R:localhost/127.0.0.1:64405] for POST '/session/86809c9cb53dc19f3b323e1f6f6fbcf4/element'
19:45:13.171 [AsyncHttpClient-1-5] DEBUG org.asynchttpclient.netty.handler.HttpHandler - 

Request DefaultHttpRequest(decodeResult: success, version: HTTP/1.1)
POST /session/86809c9cb53dc19f3b323e1f6f6fbcf4/element HTTP/1.1
User-Agent: selenium/4.4.0 (java windows)
Content-Length: 65
Content-Type: application/json; charset=utf-8
host: localhost:64405
accept: */*

Response DefaultHttpResponse(decodeResult: success, version: HTTP/1.1)
HTTP/1.1 200 OK
Content-Type: application/json; charset=utf-8
cache-control: no-cache
content-length: 88

19:45:13.171 [AsyncHttpClient-1-5] DEBUG org.asynchttpclient.netty.channel.ChannelManager - Adding key: http://localhost:64405 for channel [id: 0x467ba2f7, L:/127.0.0.1:64260 - R:localhost/127.0.0.1:64405]
19:45:13.173 [Forwarding isElementDisplayed on session 86809c9cb53dc19f3b323e1f6f6fbcf4 to remote] DEBUG org.asynchttpclient.netty.request.NettyRequestSender - Using pooled Channel '[id: 0x467ba2f7, L:/127.0.0.1:64260 - R:localhost/127.0.0.1:64405]' for 'POST' to 'http://localhost:64405/session/86809c9cb53dc19f3b323e1f6f6fbcf4/execute/sync'
19:45:13.173 [Forwarding isElementDisplayed on session 86809c9cb53dc19f3b323e1f6f6fbcf4 to remote] DEBUG org.asynchttpclient.netty.request.NettyRequestSender - Using open Channel [id: 0x467ba2f7, L:/127.0.0.1:64260 - R:localhost/127.0.0.1:64405] for POST '/session/86809c9cb53dc19f3b323e1f6f6fbcf4/execute/sync'
19:45:13.180 [AsyncHttpClient-1-5] DEBUG org.asynchttpclient.netty.handler.HttpHandler - 

Request DefaultHttpRequest(decodeResult: success, version: HTTP/1.1)
POST /session/86809c9cb53dc19f3b323e1f6f6fbcf4/execute/sync HTTP/1.1
User-Agent: selenium/4.4.0 (java windows)
Content-Length: 48780
Content-Type: application/json; charset=utf-8
host: localhost:64405
accept: */*

Response DefaultHttpResponse(decodeResult: success, version: HTTP/1.1)
HTTP/1.1 200 OK
Content-Type: application/json; charset=utf-8
cache-control: no-cache
content-length: 14

19:45:13.180 [AsyncHttpClient-1-5] DEBUG org.asynchttpclient.netty.channel.ChannelManager - Adding key: http://localhost:64405 for channel [id: 0x467ba2f7, L:/127.0.0.1:64260 - R:localhost/127.0.0.1:64405]
19:45:13.180 [Forwarding getElementText on session 86809c9cb53dc19f3b323e1f6f6fbcf4 to remote] DEBUG org.asynchttpclient.netty.request.NettyRequestSender - Using pooled Channel '[id: 0x467ba2f7, L:/127.0.0.1:64260 - R:localhost/127.0.0.1:64405]' for 'GET' to 'http://localhost:64405/session/86809c9cb53dc19f3b323e1f6f6fbcf4/element/82d5f08e-e202-4a90-8995-bbda2942a73e/text'
19:45:13.180 [Forwarding getElementText on session 86809c9cb53dc19f3b323e1f6f6fbcf4 to remote] DEBUG org.asynchttpclient.netty.request.NettyRequestSender - Using open Channel [id: 0x467ba2f7, L:/127.0.0.1:64260 - R:localhost/127.0.0.1:64405] for GET '/session/86809c9cb53dc19f3b323e1f6f6fbcf4/element/82d5f08e-e202-4a90-8995-bbda2942a73e/text'
19:45:13.189 [AsyncHttpClient-1-5] DEBUG org.asynchttpclient.netty.handler.HttpHandler - 

Request DefaultFullHttpRequest(decodeResult: success, version: HTTP/1.1, content: EmptyByteBufBE)
GET /session/86809c9cb53dc19f3b323e1f6f6fbcf4/element/82d5f08e-e202-4a90-8995-bbda2942a73e/text HTTP/1.1
User-Agent: selenium/4.4.0 (java windows)
Cache-Control: no-cache
Content-Type: application/json; charset=utf-8
host: localhost:64405
accept: */*

Response DefaultHttpResponse(decodeResult: success, version: HTTP/1.1)
HTTP/1.1 200 OK
Content-Type: application/json; charset=utf-8
cache-control: no-cache
content-length: 14

19:45:13.190 [AsyncHttpClient-1-5] DEBUG org.asynchttpclient.netty.channel.ChannelManager - Adding key: http://localhost:64405 for channel [id: 0x467ba2f7, L:/127.0.0.1:64260 - R:localhost/127.0.0.1:64405]
19:45:13.192 [Forwarding findElement on session 86809c9cb53dc19f3b323e1f6f6fbcf4 to remote] DEBUG org.asynchttpclient.netty.request.NettyRequestSender - Using pooled Channel '[id: 0x467ba2f7, L:/127.0.0.1:64260 - R:localhost/127.0.0.1:64405]' for 'POST' to 'http://localhost:64405/session/86809c9cb53dc19f3b323e1f6f6fbcf4/element'
19:45:13.192 [Forwarding findElement on session 86809c9cb53dc19f3b323e1f6f6fbcf4 to remote] DEBUG org.asynchttpclient.netty.request.NettyRequestSender - Using open Channel [id: 0x467ba2f7, L:/127.0.0.1:64260 - R:localhost/127.0.0.1:64405] for POST '/session/86809c9cb53dc19f3b323e1f6f6fbcf4/element'
19:45:13.200 [AsyncHttpClient-1-5] DEBUG org.asynchttpclient.netty.handler.HttpHandler - 

Request DefaultHttpRequest(decodeResult: success, version: HTTP/1.1)
POST /session/86809c9cb53dc19f3b323e1f6f6fbcf4/element HTTP/1.1
User-Agent: selenium/4.4.0 (java windows)
Content-Length: 52
Content-Type: application/json; charset=utf-8
host: localhost:64405
accept: */*

Response DefaultHttpResponse(decodeResult: success, version: HTTP/1.1)
HTTP/1.1 200 OK
Content-Type: application/json; charset=utf-8
cache-control: no-cache
content-length: 88

19:45:13.200 [AsyncHttpClient-1-5] DEBUG org.asynchttpclient.netty.channel.ChannelManager - Adding key: http://localhost:64405 for channel [id: 0x467ba2f7, L:/127.0.0.1:64260 - R:localhost/127.0.0.1:64405]
19:45:13.203 [Forwarding isElementDisplayed on session 86809c9cb53dc19f3b323e1f6f6fbcf4 to remote] DEBUG org.asynchttpclient.netty.request.NettyRequestSender - Using pooled Channel '[id: 0x467ba2f7, L:/127.0.0.1:64260 - R:localhost/127.0.0.1:64405]' for 'POST' to 'http://localhost:64405/session/86809c9cb53dc19f3b323e1f6f6fbcf4/execute/sync'
19:45:13.203 [Forwarding isElementDisplayed on session 86809c9cb53dc19f3b323e1f6f6fbcf4 to remote] DEBUG org.asynchttpclient.netty.request.NettyRequestSender - Using open Channel [id: 0x467ba2f7, L:/127.0.0.1:64260 - R:localhost/127.0.0.1:64405] for POST '/session/86809c9cb53dc19f3b323e1f6f6fbcf4/execute/sync'
19:45:13.210 [AsyncHttpClient-1-5] DEBUG org.asynchttpclient.netty.handler.HttpHandler - 

Request DefaultHttpRequest(decodeResult: success, version: HTTP/1.1)
POST /session/86809c9cb53dc19f3b323e1f6f6fbcf4/execute/sync HTTP/1.1
User-Agent: selenium/4.4.0 (java windows)
Content-Length: 48780
Content-Type: application/json; charset=utf-8
host: localhost:64405
accept: */*

Response DefaultHttpResponse(decodeResult: success, version: HTTP/1.1)
HTTP/1.1 200 OK
Content-Type: application/json; charset=utf-8
cache-control: no-cache
content-length: 14

19:45:13.210 [AsyncHttpClient-1-5] DEBUG org.asynchttpclient.netty.channel.ChannelManager - Adding key: http://localhost:64405 for channel [id: 0x467ba2f7, L:/127.0.0.1:64260 - R:localhost/127.0.0.1:64405]
19:45:13.210 [Forwarding getElementText on session 86809c9cb53dc19f3b323e1f6f6fbcf4 to remote] DEBUG org.asynchttpclient.netty.request.NettyRequestSender - Using pooled Channel '[id: 0x467ba2f7, L:/127.0.0.1:64260 - R:localhost/127.0.0.1:64405]' for 'GET' to 'http://localhost:64405/session/86809c9cb53dc19f3b323e1f6f6fbcf4/element/c30121f4-49ad-4a28-b9c6-fcca38db58a0/text'
19:45:13.210 [Forwarding getElementText on session 86809c9cb53dc19f3b323e1f6f6fbcf4 to remote] DEBUG org.asynchttpclient.netty.request.NettyRequestSender - Using open Channel [id: 0x467ba2f7, L:/127.0.0.1:64260 - R:localhost/127.0.0.1:64405] for GET '/session/86809c9cb53dc19f3b323e1f6f6fbcf4/element/c30121f4-49ad-4a28-b9c6-fcca38db58a0/text'
19:45:13.219 [AsyncHttpClient-1-5] DEBUG org.asynchttpclient.netty.handler.HttpHandler - 

Request DefaultFullHttpRequest(decodeResult: success, version: HTTP/1.1, content: EmptyByteBufBE)
GET /session/86809c9cb53dc19f3b323e1f6f6fbcf4/element/c30121f4-49ad-4a28-b9c6-fcca38db58a0/text HTTP/1.1
User-Agent: selenium/4.4.0 (java windows)
Cache-Control: no-cache
Content-Type: application/json; charset=utf-8
host: localhost:64405
accept: */*

Response DefaultHttpResponse(decodeResult: success, version: HTTP/1.1)
HTTP/1.1 200 OK
Content-Type: application/json; charset=utf-8
cache-control: no-cache
content-length: 20

19:45:13.219 [AsyncHttpClient-1-5] DEBUG org.asynchttpclient.netty.channel.ChannelManager - Adding key: http://localhost:64405 for channel [id: 0x467ba2f7, L:/127.0.0.1:64260 - R:localhost/127.0.0.1:64405]
19:45:13.222 [Forwarding findElement on session 86809c9cb53dc19f3b323e1f6f6fbcf4 to remote] DEBUG org.asynchttpclient.netty.request.NettyRequestSender - Using pooled Channel '[id: 0x467ba2f7, L:/127.0.0.1:64260 - R:localhost/127.0.0.1:64405]' for 'POST' to 'http://localhost:64405/session/86809c9cb53dc19f3b323e1f6f6fbcf4/element'
19:45:13.222 [Forwarding findElement on session 86809c9cb53dc19f3b323e1f6f6fbcf4 to remote] DEBUG org.asynchttpclient.netty.request.NettyRequestSender - Using open Channel [id: 0x467ba2f7, L:/127.0.0.1:64260 - R:localhost/127.0.0.1:64405] for POST '/session/86809c9cb53dc19f3b323e1f6f6fbcf4/element'
19:45:13.230 [AsyncHttpClient-1-5] DEBUG org.asynchttpclient.netty.handler.HttpHandler - 

Request DefaultHttpRequest(decodeResult: success, version: HTTP/1.1)
POST /session/86809c9cb53dc19f3b323e1f6f6fbcf4/element HTTP/1.1
User-Agent: selenium/4.4.0 (java windows)
Content-Length: 55
Content-Type: application/json; charset=utf-8
host: localhost:64405
accept: */*

Response DefaultHttpResponse(decodeResult: success, version: HTTP/1.1)
HTTP/1.1 200 OK
Content-Type: application/json; charset=utf-8
cache-control: no-cache
content-length: 88

19:45:13.231 [AsyncHttpClient-1-5] DEBUG org.asynchttpclient.netty.channel.ChannelManager - Adding key: http://localhost:64405 for channel [id: 0x467ba2f7, L:/127.0.0.1:64260 - R:localhost/127.0.0.1:64405]
19:45:13.233 [Forwarding isElementDisplayed on session 86809c9cb53dc19f3b323e1f6f6fbcf4 to remote] DEBUG org.asynchttpclient.netty.request.NettyRequestSender - Using pooled Channel '[id: 0x467ba2f7, L:/127.0.0.1:64260 - R:localhost/127.0.0.1:64405]' for 'POST' to 'http://localhost:64405/session/86809c9cb53dc19f3b323e1f6f6fbcf4/execute/sync'
19:45:13.233 [Forwarding isElementDisplayed on session 86809c9cb53dc19f3b323e1f6f6fbcf4 to remote] DEBUG org.asynchttpclient.netty.request.NettyRequestSender - Using open Channel [id: 0x467ba2f7, L:/127.0.0.1:64260 - R:localhost/127.0.0.1:64405] for POST '/session/86809c9cb53dc19f3b323e1f6f6fbcf4/execute/sync'
19:45:13.241 [AsyncHttpClient-1-5] DEBUG org.asynchttpclient.netty.handler.HttpHandler - 

Request DefaultHttpRequest(decodeResult: success, version: HTTP/1.1)
POST /session/86809c9cb53dc19f3b323e1f6f6fbcf4/execute/sync HTTP/1.1
User-Agent: selenium/4.4.0 (java windows)
Content-Length: 48780
Content-Type: application/json; charset=utf-8
host: localhost:64405
accept: */*

Response DefaultHttpResponse(decodeResult: success, version: HTTP/1.1)
HTTP/1.1 200 OK
Content-Type: application/json; charset=utf-8
cache-control: no-cache
content-length: 14

19:45:13.241 [AsyncHttpClient-1-5] DEBUG org.asynchttpclient.netty.channel.ChannelManager - Adding key: http://localhost:64405 for channel [id: 0x467ba2f7, L:/127.0.0.1:64260 - R:localhost/127.0.0.1:64405]
19:45:13.242 [Forwarding getElementText on session 86809c9cb53dc19f3b323e1f6f6fbcf4 to remote] DEBUG org.asynchttpclient.netty.request.NettyRequestSender - Using pooled Channel '[id: 0x467ba2f7, L:/127.0.0.1:64260 - R:localhost/127.0.0.1:64405]' for 'GET' to 'http://localhost:64405/session/86809c9cb53dc19f3b323e1f6f6fbcf4/element/3f67e8de-c7ac-4c7d-911b-c3100fb70856/text'
19:45:13.242 [Forwarding getElementText on session 86809c9cb53dc19f3b323e1f6f6fbcf4 to remote] DEBUG org.asynchttpclient.netty.request.NettyRequestSender - Using open Channel [id: 0x467ba2f7, L:/127.0.0.1:64260 - R:localhost/127.0.0.1:64405] for GET '/session/86809c9cb53dc19f3b323e1f6f6fbcf4/element/3f67e8de-c7ac-4c7d-911b-c3100fb70856/text'
19:45:13.250 [AsyncHttpClient-1-5] DEBUG org.asynchttpclient.netty.handler.HttpHandler - 

Request DefaultFullHttpRequest(decodeResult: success, version: HTTP/1.1, content: EmptyByteBufBE)
GET /session/86809c9cb53dc19f3b323e1f6f6fbcf4/element/3f67e8de-c7ac-4c7d-911b-c3100fb70856/text HTTP/1.1
User-Agent: selenium/4.4.0 (java windows)
Cache-Control: no-cache
Content-Type: application/json; charset=utf-8
host: localhost:64405
accept: */*

Response DefaultHttpResponse(decodeResult: success, version: HTTP/1.1)
HTTP/1.1 200 OK
Content-Type: application/json; charset=utf-8
cache-control: no-cache
content-length: 22

19:45:13.251 [AsyncHttpClient-1-5] DEBUG org.asynchttpclient.netty.channel.ChannelManager - Adding key: http://localhost:64405 for channel [id: 0x467ba2f7, L:/127.0.0.1:64260 - R:localhost/127.0.0.1:64405]
19:45:13.253 [Forwarding findElement on session 86809c9cb53dc19f3b323e1f6f6fbcf4 to remote] DEBUG org.asynchttpclient.netty.request.NettyRequestSender - Using pooled Channel '[id: 0x467ba2f7, L:/127.0.0.1:64260 - R:localhost/127.0.0.1:64405]' for 'POST' to 'http://localhost:64405/session/86809c9cb53dc19f3b323e1f6f6fbcf4/element'
19:45:13.253 [Forwarding findElement on session 86809c9cb53dc19f3b323e1f6f6fbcf4 to remote] DEBUG org.asynchttpclient.netty.request.NettyRequestSender - Using open Channel [id: 0x467ba2f7, L:/127.0.0.1:64260 - R:localhost/127.0.0.1:64405] for POST '/session/86809c9cb53dc19f3b323e1f6f6fbcf4/element'
19:45:13.260 [AsyncHttpClient-1-1] DEBUG org.asynchttpclient.netty.channel.DefaultChannelPool - Entry count for : http://localhost:64261 : 1
19:45:13.262 [AsyncHttpClient-1-5] DEBUG org.asynchttpclient.netty.handler.HttpHandler - 

Request DefaultHttpRequest(decodeResult: success, version: HTTP/1.1)
POST /session/86809c9cb53dc19f3b323e1f6f6fbcf4/element HTTP/1.1
User-Agent: selenium/4.4.0 (java windows)
Content-Length: 52
Content-Type: application/json; charset=utf-8
host: localhost:64405
accept: */*

Response DefaultHttpResponse(decodeResult: success, version: HTTP/1.1)
HTTP/1.1 200 OK
Content-Type: application/json; charset=utf-8
cache-control: no-cache
content-length: 88

19:45:13.262 [AsyncHttpClient-1-5] DEBUG org.asynchttpclient.netty.channel.ChannelManager - Adding key: http://localhost:64405 for channel [id: 0x467ba2f7, L:/127.0.0.1:64260 - R:localhost/127.0.0.1:64405]
19:45:13.264 [Forwarding isElementDisplayed on session 86809c9cb53dc19f3b323e1f6f6fbcf4 to remote] DEBUG org.asynchttpclient.netty.request.NettyRequestSender - Using pooled Channel '[id: 0x467ba2f7, L:/127.0.0.1:64260 - R:localhost/127.0.0.1:64405]' for 'POST' to 'http://localhost:64405/session/86809c9cb53dc19f3b323e1f6f6fbcf4/execute/sync'
19:45:13.264 [Forwarding isElementDisplayed on session 86809c9cb53dc19f3b323e1f6f6fbcf4 to remote] DEBUG org.asynchttpclient.netty.request.NettyRequestSender - Using open Channel [id: 0x467ba2f7, L:/127.0.0.1:64260 - R:localhost/127.0.0.1:64405] for POST '/session/86809c9cb53dc19f3b323e1f6f6fbcf4/execute/sync'
19:45:13.271 [AsyncHttpClient-1-5] DEBUG org.asynchttpclient.netty.handler.HttpHandler - 

Request DefaultHttpRequest(decodeResult: success, version: HTTP/1.1)
POST /session/86809c9cb53dc19f3b323e1f6f6fbcf4/execute/sync HTTP/1.1
User-Agent: selenium/4.4.0 (java windows)
Content-Length: 48780
Content-Type: application/json; charset=utf-8
host: localhost:64405
accept: */*

Response DefaultHttpResponse(decodeResult: success, version: HTTP/1.1)
HTTP/1.1 200 OK
Content-Type: application/json; charset=utf-8
cache-control: no-cache
content-length: 14

19:45:13.272 [AsyncHttpClient-1-5] DEBUG org.asynchttpclient.netty.channel.ChannelManager - Adding key: http://localhost:64405 for channel [id: 0x467ba2f7, L:/127.0.0.1:64260 - R:localhost/127.0.0.1:64405]
19:45:13.272 [Forwarding getElementText on session 86809c9cb53dc19f3b323e1f6f6fbcf4 to remote] DEBUG org.asynchttpclient.netty.request.NettyRequestSender - Using pooled Channel '[id: 0x467ba2f7, L:/127.0.0.1:64260 - R:localhost/127.0.0.1:64405]' for 'GET' to 'http://localhost:64405/session/86809c9cb53dc19f3b323e1f6f6fbcf4/element/1c5ea8c6-df51-47d9-a33e-9faa536e337c/text'
19:45:13.272 [Forwarding getElementText on session 86809c9cb53dc19f3b323e1f6f6fbcf4 to remote] DEBUG org.asynchttpclient.netty.request.NettyRequestSender - Using open Channel [id: 0x467ba2f7, L:/127.0.0.1:64260 - R:localhost/127.0.0.1:64405] for GET '/session/86809c9cb53dc19f3b323e1f6f6fbcf4/element/1c5ea8c6-df51-47d9-a33e-9faa536e337c/text'
19:45:13.281 [AsyncHttpClient-1-5] DEBUG org.asynchttpclient.netty.handler.HttpHandler - 

Request DefaultFullHttpRequest(decodeResult: success, version: HTTP/1.1, content: EmptyByteBufBE)
GET /session/86809c9cb53dc19f3b323e1f6f6fbcf4/element/1c5ea8c6-df51-47d9-a33e-9faa536e337c/text HTTP/1.1
User-Agent: selenium/4.4.0 (java windows)
Cache-Control: no-cache
Content-Type: application/json; charset=utf-8
host: localhost:64405
accept: */*

Response DefaultHttpResponse(decodeResult: success, version: HTTP/1.1)
HTTP/1.1 200 OK
Content-Type: application/json; charset=utf-8
cache-control: no-cache
content-length: 20

19:45:13.281 [AsyncHttpClient-1-5] DEBUG org.asynchttpclient.netty.channel.ChannelManager - Adding key: http://localhost:64405 for channel [id: 0x467ba2f7, L:/127.0.0.1:64260 - R:localhost/127.0.0.1:64405]
19:45:13.294 [Forwarding getCurrentWindowHandle on session 86809c9cb53dc19f3b323e1f6f6fbcf4 to remote] DEBUG org.asynchttpclient.netty.request.NettyRequestSender - Using pooled Channel '[id: 0x467ba2f7, L:/127.0.0.1:64260 - R:localhost/127.0.0.1:64405]' for 'GET' to 'http://localhost:64405/session/86809c9cb53dc19f3b323e1f6f6fbcf4/window'
19:45:13.294 [Forwarding getCurrentWindowHandle on session 86809c9cb53dc19f3b323e1f6f6fbcf4 to remote] DEBUG org.asynchttpclient.netty.request.NettyRequestSender - Using open Channel [id: 0x467ba2f7, L:/127.0.0.1:64260 - R:localhost/127.0.0.1:64405] for GET '/session/86809c9cb53dc19f3b323e1f6f6fbcf4/window'
19:45:13.295 [AsyncHttpClient-1-5] DEBUG org.asynchttpclient.netty.handler.HttpHandler - 

Request DefaultFullHttpRequest(decodeResult: success, version: HTTP/1.1, content: EmptyByteBufBE)
GET /session/86809c9cb53dc19f3b323e1f6f6fbcf4/window HTTP/1.1
User-Agent: selenium/4.4.0 (java windows)
Cache-Control: no-cache
Content-Type: application/json; charset=utf-8
host: localhost:64405
accept: */*

Response DefaultHttpResponse(decodeResult: success, version: HTTP/1.1)
HTTP/1.1 200 OK
Content-Type: application/json; charset=utf-8
cache-control: no-cache
content-length: 53

19:45:13.295 [AsyncHttpClient-1-5] DEBUG org.asynchttpclient.netty.channel.ChannelManager - Adding key: http://localhost:64405 for channel [id: 0x467ba2f7, L:/127.0.0.1:64260 - R:localhost/127.0.0.1:64405]
19:45:13.296 [Forwarding getAlertText on session 86809c9cb53dc19f3b323e1f6f6fbcf4 to remote] DEBUG org.asynchttpclient.netty.request.NettyRequestSender - Using pooled Channel '[id: 0x467ba2f7, L:/127.0.0.1:64260 - R:localhost/127.0.0.1:64405]' for 'GET' to 'http://localhost:64405/session/86809c9cb53dc19f3b323e1f6f6fbcf4/alert/text'
19:45:13.296 [Forwarding getAlertText on session 86809c9cb53dc19f3b323e1f6f6fbcf4 to remote] DEBUG org.asynchttpclient.netty.request.NettyRequestSender - Using open Channel [id: 0x467ba2f7, L:/127.0.0.1:64260 - R:localhost/127.0.0.1:64405] for GET '/session/86809c9cb53dc19f3b323e1f6f6fbcf4/alert/text'
19:45:13.298 [AsyncHttpClient-1-5] DEBUG org.asynchttpclient.netty.handler.HttpHandler - 

Request DefaultFullHttpRequest(decodeResult: success, version: HTTP/1.1, content: EmptyByteBufBE)
GET /session/86809c9cb53dc19f3b323e1f6f6fbcf4/alert/text HTTP/1.1
User-Agent: selenium/4.4.0 (java windows)
Cache-Control: no-cache
Content-Type: application/json; charset=utf-8
host: localhost:64405
accept: */*

Response DefaultHttpResponse(decodeResult: success, version: HTTP/1.1)
HTTP/1.1 404 Not Found
Content-Type: application/json; charset=utf-8
cache-control: no-cache
content-length: 815

19:45:13.298 [AsyncHttpClient-1-5] DEBUG org.asynchttpclient.netty.channel.ChannelManager - Adding key: http://localhost:64405 for channel [id: 0x467ba2f7, L:/127.0.0.1:64260 - R:localhost/127.0.0.1:64405]
19:45:13.300 [Forwarding switchToWindow on session 86809c9cb53dc19f3b323e1f6f6fbcf4 to remote] DEBUG org.asynchttpclient.netty.request.NettyRequestSender - Using pooled Channel '[id: 0x467ba2f7, L:/127.0.0.1:64260 - R:localhost/127.0.0.1:64405]' for 'POST' to 'http://localhost:64405/session/86809c9cb53dc19f3b323e1f6f6fbcf4/window'
19:45:13.300 [Forwarding switchToWindow on session 86809c9cb53dc19f3b323e1f6f6fbcf4 to remote] DEBUG org.asynchttpclient.netty.request.NettyRequestSender - Using open Channel [id: 0x467ba2f7, L:/127.0.0.1:64260 - R:localhost/127.0.0.1:64405] for POST '/session/86809c9cb53dc19f3b323e1f6f6fbcf4/window'
19:45:13.302 [AsyncHttpClient-1-5] DEBUG org.asynchttpclient.netty.handler.HttpHandler - 

Request DefaultHttpRequest(decodeResult: success, version: HTTP/1.1)
POST /session/86809c9cb53dc19f3b323e1f6f6fbcf4/window HTTP/1.1
User-Agent: selenium/4.4.0 (java windows)
Content-Length: 59
Content-Type: application/json; charset=utf-8
host: localhost:64405
accept: */*

Response DefaultHttpResponse(decodeResult: success, version: HTTP/1.1)
HTTP/1.1 200 OK
Content-Type: application/json; charset=utf-8
cache-control: no-cache
content-length: 14

19:45:13.302 [AsyncHttpClient-1-5] DEBUG org.asynchttpclient.netty.channel.ChannelManager - Adding key: http://localhost:64405 for channel [id: 0x467ba2f7, L:/127.0.0.1:64260 - R:localhost/127.0.0.1:64405]
19:45:13.302 [Forwarding getCurrentUrl on session 86809c9cb53dc19f3b323e1f6f6fbcf4 to remote] DEBUG org.asynchttpclient.netty.request.NettyRequestSender - Using pooled Channel '[id: 0x467ba2f7, L:/127.0.0.1:64260 - R:localhost/127.0.0.1:64405]' for 'GET' to 'http://localhost:64405/session/86809c9cb53dc19f3b323e1f6f6fbcf4/url'
19:45:13.302 [Forwarding getCurrentUrl on session 86809c9cb53dc19f3b323e1f6f6fbcf4 to remote] DEBUG org.asynchttpclient.netty.request.NettyRequestSender - Using open Channel [id: 0x467ba2f7, L:/127.0.0.1:64260 - R:localhost/127.0.0.1:64405] for GET '/session/86809c9cb53dc19f3b323e1f6f6fbcf4/url'
19:45:13.305 [AsyncHttpClient-1-5] DEBUG org.asynchttpclient.netty.handler.HttpHandler - 

Request DefaultFullHttpRequest(decodeResult: success, version: HTTP/1.1, content: EmptyByteBufBE)
GET /session/86809c9cb53dc19f3b323e1f6f6fbcf4/url HTTP/1.1
User-Agent: selenium/4.4.0 (java windows)
Cache-Control: no-cache
Content-Type: application/json; charset=utf-8
host: localhost:64405
accept: */*

Response DefaultHttpResponse(decodeResult: success, version: HTTP/1.1)
HTTP/1.1 200 OK
Content-Type: application/json; charset=utf-8
cache-control: no-cache
content-length: 75

19:45:13.305 [AsyncHttpClient-1-5] DEBUG org.asynchttpclient.netty.channel.ChannelManager - Adding key: http://localhost:64405 for channel [id: 0x467ba2f7, L:/127.0.0.1:64260 - R:localhost/127.0.0.1:64405]
19:45:13.306 [Forwarding screenshot on session 86809c9cb53dc19f3b323e1f6f6fbcf4 to remote] DEBUG org.asynchttpclient.netty.request.NettyRequestSender - Using pooled Channel '[id: 0x467ba2f7, L:/127.0.0.1:64260 - R:localhost/127.0.0.1:64405]' for 'GET' to 'http://localhost:64405/session/86809c9cb53dc19f3b323e1f6f6fbcf4/screenshot'
19:45:13.306 [Forwarding screenshot on session 86809c9cb53dc19f3b323e1f6f6fbcf4 to remote] DEBUG org.asynchttpclient.netty.request.NettyRequestSender - Using open Channel [id: 0x467ba2f7, L:/127.0.0.1:64260 - R:localhost/127.0.0.1:64405] for GET '/session/86809c9cb53dc19f3b323e1f6f6fbcf4/screenshot'
19:45:13.382 [AsyncHttpClient-1-5] DEBUG org.asynchttpclient.netty.handler.HttpHandler - 

Request DefaultFullHttpRequest(decodeResult: success, version: HTTP/1.1, content: EmptyByteBufBE)
GET /session/86809c9cb53dc19f3b323e1f6f6fbcf4/screenshot HTTP/1.1
User-Agent: selenium/4.4.0 (java windows)
Cache-Control: no-cache
Content-Type: application/json; charset=utf-8
host: localhost:64405
accept: */*

Response DefaultHttpResponse(decodeResult: success, version: HTTP/1.1)
HTTP/1.1 200 OK
Content-Type: application/json; charset=utf-8
cache-control: no-cache
content-length: 20996

19:45:13.382 [AsyncHttpClient-1-5] DEBUG org.asynchttpclient.netty.channel.ChannelManager - Adding key: http://localhost:64405 for channel [id: 0x467ba2f7, L:/127.0.0.1:64260 - R:localhost/127.0.0.1:64405]
19:45:13.383 [main] DEBUG net.serenitybdd.core.photography.Darkroom - Send negative for processing for target\site\serenity\e4db040bdd3e82566a663f0eefa5ee3e8453dc722f973084a275cdc69932e190.png
19:45:13.383 [Darkroom Processing Line] DEBUG net.serenitybdd.core.photography.DarkroomProcessingLine - Processing screenshot image in /var/screenshots/screenshot-11843093716562571455
19:45:13.383 [Darkroom Processing Line] DEBUG net.serenitybdd.core.photography.DarkroomProcessingLine - Saving screenshot to target\site\serenity\e4db040bdd3e82566a663f0eefa5ee3e8453dc722f973084a275cdc69932e190.png
19:45:13.384 [Forwarding getPageSource on session 86809c9cb53dc19f3b323e1f6f6fbcf4 to remote] DEBUG org.asynchttpclient.netty.request.NettyRequestSender - Using pooled Channel '[id: 0x467ba2f7, L:/127.0.0.1:64260 - R:localhost/127.0.0.1:64405]' for 'POST' to 'http://localhost:64405/session/86809c9cb53dc19f3b323e1f6f6fbcf4/execute/sync'
19:45:13.384 [Forwarding getPageSource on session 86809c9cb53dc19f3b323e1f6f6fbcf4 to remote] DEBUG org.asynchttpclient.netty.request.NettyRequestSender - Using open Channel [id: 0x467ba2f7, L:/127.0.0.1:64260 - R:localhost/127.0.0.1:64405] for POST '/session/86809c9cb53dc19f3b323e1f6f6fbcf4/execute/sync'
19:45:13.387 [AsyncHttpClient-1-5] DEBUG org.asynchttpclient.netty.handler.HttpHandler - 

Request DefaultHttpRequest(decodeResult: success, version: HTTP/1.1)
POST /session/86809c9cb53dc19f3b323e1f6f6fbcf4/execute/sync HTTP/1.1
User-Agent: selenium/4.4.0 (java windows)
Content-Length: 176
Content-Type: application/json; charset=utf-8
host: localhost:64405
accept: */*

Response DefaultHttpResponse(decodeResult: success, version: HTTP/1.1)
HTTP/1.1 200 OK
Content-Type: application/json; charset=utf-8
cache-control: no-cache
content-length: 8111

19:45:13.388 [AsyncHttpClient-1-5] DEBUG org.asynchttpclient.netty.channel.ChannelManager - Adding key: http://localhost:64405 for channel [id: 0x467ba2f7, L:/127.0.0.1:64260 - R:localhost/127.0.0.1:64405]
19:45:13.390 [Forwarding getCurrentUrl on session 86809c9cb53dc19f3b323e1f6f6fbcf4 to remote] DEBUG org.asynchttpclient.netty.request.NettyRequestSender - Using pooled Channel '[id: 0x467ba2f7, L:/127.0.0.1:64260 - R:localhost/127.0.0.1:64405]' for 'GET' to 'http://localhost:64405/session/86809c9cb53dc19f3b323e1f6f6fbcf4/url'
19:45:13.390 [Forwarding getCurrentUrl on session 86809c9cb53dc19f3b323e1f6f6fbcf4 to remote] DEBUG org.asynchttpclient.netty.request.NettyRequestSender - Using open Channel [id: 0x467ba2f7, L:/127.0.0.1:64260 - R:localhost/127.0.0.1:64405] for GET '/session/86809c9cb53dc19f3b323e1f6f6fbcf4/url'
19:45:13.393 [AsyncHttpClient-1-5] DEBUG org.asynchttpclient.netty.handler.HttpHandler - 

Request DefaultFullHttpRequest(decodeResult: success, version: HTTP/1.1, content: EmptyByteBufBE)
GET /session/86809c9cb53dc19f3b323e1f6f6fbcf4/url HTTP/1.1
User-Agent: selenium/4.4.0 (java windows)
Cache-Control: no-cache
Content-Type: application/json; charset=utf-8
host: localhost:64405
accept: */*

Response DefaultHttpResponse(decodeResult: success, version: HTTP/1.1)
HTTP/1.1 200 OK
Content-Type: application/json; charset=utf-8
cache-control: no-cache
content-length: 75

19:45:13.393 [AsyncHttpClient-1-5] DEBUG org.asynchttpclient.netty.channel.ChannelManager - Adding key: http://localhost:64405 for channel [id: 0x467ba2f7, L:/127.0.0.1:64260 - R:localhost/127.0.0.1:64405]
19:45:13.398 [Forwarding getPageSource on session 86809c9cb53dc19f3b323e1f6f6fbcf4 to remote] DEBUG org.asynchttpclient.netty.request.NettyRequestSender - Using pooled Channel '[id: 0x467ba2f7, L:/127.0.0.1:64260 - R:localhost/127.0.0.1:64405]' for 'POST' to 'http://localhost:64405/session/86809c9cb53dc19f3b323e1f6f6fbcf4/execute/sync'
19:45:13.398 [Forwarding getPageSource on session 86809c9cb53dc19f3b323e1f6f6fbcf4 to remote] DEBUG org.asynchttpclient.netty.request.NettyRequestSender - Using open Channel [id: 0x467ba2f7, L:/127.0.0.1:64260 - R:localhost/127.0.0.1:64405] for POST '/session/86809c9cb53dc19f3b323e1f6f6fbcf4/execute/sync'
19:45:13.402 [AsyncHttpClient-1-5] DEBUG org.asynchttpclient.netty.handler.HttpHandler - 

Request DefaultHttpRequest(decodeResult: success, version: HTTP/1.1)
POST /session/86809c9cb53dc19f3b323e1f6f6fbcf4/execute/sync HTTP/1.1
User-Agent: selenium/4.4.0 (java windows)
Content-Length: 176
Content-Type: application/json; charset=utf-8
host: localhost:64405
accept: */*

Response DefaultHttpResponse(decodeResult: success, version: HTTP/1.1)
HTTP/1.1 200 OK
Content-Type: application/json; charset=utf-8
cache-control: no-cache
content-length: 8111

19:45:13.402 [AsyncHttpClient-1-5] DEBUG org.asynchttpclient.netty.channel.ChannelManager - Adding key: http://localhost:64405 for channel [id: 0x467ba2f7, L:/127.0.0.1:64260 - R:localhost/127.0.0.1:64405]
19:45:13.405 [Forwarding getCurrentUrl on session 86809c9cb53dc19f3b323e1f6f6fbcf4 to remote] DEBUG org.asynchttpclient.netty.request.NettyRequestSender - Using pooled Channel '[id: 0x467ba2f7, L:/127.0.0.1:64260 - R:localhost/127.0.0.1:64405]' for 'GET' to 'http://localhost:64405/session/86809c9cb53dc19f3b323e1f6f6fbcf4/url'
19:45:13.405 [Forwarding getCurrentUrl on session 86809c9cb53dc19f3b323e1f6f6fbcf4 to remote] DEBUG org.asynchttpclient.netty.request.NettyRequestSender - Using open Channel [id: 0x467ba2f7, L:/127.0.0.1:64260 - R:localhost/127.0.0.1:64405] for GET '/session/86809c9cb53dc19f3b323e1f6f6fbcf4/url'
19:45:13.407 [AsyncHttpClient-1-5] DEBUG org.asynchttpclient.netty.handler.HttpHandler - 

Request DefaultFullHttpRequest(decodeResult: success, version: HTTP/1.1, content: EmptyByteBufBE)
GET /session/86809c9cb53dc19f3b323e1f6f6fbcf4/url HTTP/1.1
User-Agent: selenium/4.4.0 (java windows)
Cache-Control: no-cache
Content-Type: application/json; charset=utf-8
host: localhost:64405
accept: */*

Response DefaultHttpResponse(decodeResult: success, version: HTTP/1.1)
HTTP/1.1 200 OK
Content-Type: application/json; charset=utf-8
cache-control: no-cache
content-length: 75

19:45:13.407 [AsyncHttpClient-1-5] DEBUG org.asynchttpclient.netty.channel.ChannelManager - Adding key: http://localhost:64405 for channel [id: 0x467ba2f7, L:/127.0.0.1:64260 - R:localhost/127.0.0.1:64405]
19:45:13.431 [AsyncHttpClient-1-7] DEBUG org.asynchttpclient.netty.handler.WebSocketHandler - Channel Closed: [id: 0x6fa5d944, L:/127.0.0.1:64269 ! R:localhost/127.0.0.1:64261] with attribute NettyResponseFuture{currentRetry=0,
	isDone=1,
	isCancelled=0,
	asyncHandler=org.asynchttpclient.ws.WebSocketUpgradeHandler@48af9318,
	nettyRequest=org.asynchttpclient.netty.request.NettyRequest@dad0469,
	future=java.util.concurrent.CompletableFuture@70c4390c[Completed normally],
	uri=ws://localhost:64261/devtools/browser/79909a46-0b9c-4294-ae43-4f4cff1914de,
	keepAlive=true,
	redirectCount=0,
	timeoutsHolder=null,
	inAuth=0,
	touch=1673484309816}
19:45:13.431 [AsyncHttpClient-1-7] DEBUG org.asynchttpclient.netty.channel.ChannelManager - Closing Channel [id: 0x6fa5d944, L:/127.0.0.1:64269 ! R:localhost/127.0.0.1:64261] 
19:45:13.431 [Driver Command Executor] DEBUG org.asynchttpclient.netty.request.NettyRequestSender - Using pooled Channel '[id: 0x467ba2f7, L:/127.0.0.1:64260 - R:localhost/127.0.0.1:64405]' for 'DELETE' to 'http://localhost:64405/session/86809c9cb53dc19f3b323e1f6f6fbcf4'
19:45:13.431 [Driver Command Executor] DEBUG org.asynchttpclient.netty.request.NettyRequestSender - Using open Channel [id: 0x467ba2f7, L:/127.0.0.1:64260 - R:localhost/127.0.0.1:64405] for DELETE '/session/86809c9cb53dc19f3b323e1f6f6fbcf4'
19:45:13.449 [AsyncHttpClient-1-6] DEBUG org.asynchttpclient.netty.handler.HttpHandler - Unexpected I/O exception on channel [id: 0xec319552, L:/127.0.0.1:64268 - R:localhost/127.0.0.1:64261]
java.io.IOException: Se ha forzado la interrupción de una conexión existente por el host remoto
	at java.base/sun.nio.ch.SocketDispatcher.read0(Native Method)
	at java.base/sun.nio.ch.SocketDispatcher.read(SocketDispatcher.java:43)
	at java.base/sun.nio.ch.IOUtil.readIntoNativeBuffer(IOUtil.java:276)
	at java.base/sun.nio.ch.IOUtil.read(IOUtil.java:233)
	at java.base/sun.nio.ch.IOUtil.read(IOUtil.java:223)
	at java.base/sun.nio.ch.SocketChannelImpl.read(SocketChannelImpl.java:358)
	at io.netty.buffer.PooledByteBuf.setBytes(PooledByteBuf.java:258)
	at io.netty.buffer.AbstractByteBuf.writeBytes(AbstractByteBuf.java:1132)
	at io.netty.channel.socket.nio.NioSocketChannel.doReadBytes(NioSocketChannel.java:357)
	at io.netty.channel.nio.AbstractNioByteChannel$NioByteUnsafe.read(AbstractNioByteChannel.java:151)
	at io.netty.channel.nio.NioEventLoop.processSelectedKey(NioEventLoop.java:722)
	at io.netty.channel.nio.NioEventLoop.processSelectedKeysOptimized(NioEventLoop.java:658)
	at io.netty.channel.nio.NioEventLoop.processSelectedKeys(NioEventLoop.java:584)
	at io.netty.channel.nio.NioEventLoop.run(NioEventLoop.java:496)
	at io.netty.util.concurrent.SingleThreadEventExecutor$4.run(SingleThreadEventExecutor.java:997)
	at io.netty.util.internal.ThreadExecutorMap$2.run(ThreadExecutorMap.java:74)
	at io.netty.util.concurrent.FastThreadLocalRunnable.run(FastThreadLocalRunnable.java:30)
	at java.base/java.lang.Thread.run(Thread.java:834)
19:45:13.450 [AsyncHttpClient-1-6] DEBUG org.asynchttpclient.netty.channel.ChannelManager - Closing Channel [id: 0xec319552, L:/127.0.0.1:64268 - R:localhost/127.0.0.1:64261] 
19:45:13.450 [AsyncHttpClient-1-6] DEBUG org.asynchttpclient.netty.handler.HttpHandler - Channel Closed: [id: 0xec319552, L:/127.0.0.1:64268 ! R:localhost/127.0.0.1:64261] with attribute DISCARD
19:45:13.463 [AsyncHttpClient-1-5] DEBUG org.asynchttpclient.netty.handler.HttpHandler - 

Request DefaultFullHttpRequest(decodeResult: success, version: HTTP/1.1, content: EmptyByteBufBE)
DELETE /session/86809c9cb53dc19f3b323e1f6f6fbcf4 HTTP/1.1
User-Agent: selenium/4.4.0 (java windows)
Content-Type: application/json; charset=utf-8
host: localhost:64405
accept: */*

Response DefaultHttpResponse(decodeResult: success, version: HTTP/1.1)
HTTP/1.1 200 OK
Content-Type: application/json; charset=utf-8
cache-control: no-cache
content-length: 14

19:45:13.463 [AsyncHttpClient-1-5] DEBUG org.asynchttpclient.netty.channel.ChannelManager - Adding key: http://localhost:64405 for channel [id: 0x467ba2f7, L:/127.0.0.1:64260 - R:localhost/127.0.0.1:64405]
19:45:13.498 [AsyncHttpClient-1-5] DEBUG org.asynchttpclient.netty.handler.HttpHandler - Channel Closed: [id: 0x467ba2f7, L:/127.0.0.1:64260 ! R:localhost/127.0.0.1:64405] with attribute DISCARD
19:45:14.019 [main] ERROR  - 
  _____   ___   ___   _____     ___     _     ___   _      ___   ___  
 |_   _| | __| / __| |_   _|   | __|   /_\   |_ _| | |    | __| |   \ 
   | |   | _|  \__ \   | |     | _|   / _ \   | |  | |__  | _|  | |) |
   |_|   |___| |___/   |_|     |_|   /_/ \_\ |___| |____| |___| |___/ 

Validar que make appointment fue exitosa
-----------------------------------------------------------------------
19:45:14.021 [main] DEBUG  - RELATED ISSUES: 
19:45:14.022 [main] ERROR  -     Test failed at step: Validate data appointment: Hongkong CURA Healthcare Center, Nod, Medicare, 13/01/2023, cucumber
19:45:14.022 [main] ERROR  -     expected:<No[]> but was:<No[d]>
]]></system-out>
    <system-err><![CDATA[Starting ChromeDriver 108.0.5359.71 (1e0e3868ee06e91ad636a874420e3ca3ae3756ac-refs/branch-heads/5359@{#1016}) on port 64405
Only local connections are allowed.
Please see https://chromedriver.chromium.org/security-considerations for suggestions on keeping ChromeDriver safe.
ChromeDriver was started successfully.
ene. 11, 2023 7:45:09 P. M. org.openqa.selenium.remote.ProtocolHandshake createSession
INFO: Detected upstream dialect: W3C
ene. 11, 2023 7:45:09 P. M. org.openqa.selenium.devtools.CdpVersionFinder findNearestMatch
WARNING: Unable to find an exact match for CDP version 108, so returning the closest version found: 104
ene. 11, 2023 7:45:09 P. M. org.openqa.selenium.devtools.CdpVersionFinder findNearestMatch
INFO: Found CDP implementation for version 108 of 104
]]></system-err>
  </testcase>
</testsuite>